-- Found ament_cmake: 0.9.11 (/opt/ros/foxy/share/ament_cmake/cmake)
-- Using PYTHON_EXECUTABLE: /usr/bin/python3
-- Found rclpy: 1.0.11 (/opt/ros/foxy/share/rclpy/cmake)
-- Found hrdp_beta_actions: 0.0.0 (/home/r1mini/sungsik_ws/install/hrdp_beta_actions/share/hrdp_beta_actions/cmake)
-- Using all available rosidl_typesupport_c: rosidl_typesupport_fastrtps_c;rosidl_typesupport_introspection_c
-- Found rosidl_adapter: 1.3.0 (/opt/ros/foxy/share/rosidl_adapter/cmake)
-- Using all available rosidl_typesupport_cpp: rosidl_typesupport_fastrtps_cpp;rosidl_typesupport_introspection_cpp
-- Found sensor_msgs: 2.0.5 (/opt/ros/foxy/share/sensor_msgs/cmake)
-- Found ament_lint_auto: 0.9.7 (/opt/ros/foxy/share/ament_lint_auto/cmake)
-- Added test 'copyright' to check source files copyright and LICENSE
-- Added test 'flake8' to check Python code syntax and style conventions
-- Added test 'lint_cmake' to check CMake code style
-- Added test 'pep257' to check Python code against some of the style conventions in PEP 257
-- Added test 'xmllint' to check XML markup files
-- Configuring done
-- Generating done
-- Build files have been written to: /home/r1mini/sungsik_ws/build/hrdp_perception
-- Install configuration: ""
-- Installing: /home/r1mini/sungsik_ws/install/hrdp_perception/share/hrdp_perception/environment/pythonpath.sh
-- Installing: /home/r1mini/sungsik_ws/install/hrdp_perception/share/hrdp_perception/environment/pythonpath.dsv
-- Installing: /home/r1mini/sungsik_ws/install/hrdp_perception/lib/python3.8/site-packages/hrdp_perception
-- Installing: /home/r1mini/sungsik_ws/install/hrdp_perception/lib/python3.8/site-packages/hrdp_perception/__init__.py
Listing '/home/r1mini/sungsik_ws/install/hrdp_perception/lib/python3.8/site-packages/hrdp_perception'...
Compiling '/home/r1mini/sungsik_ws/install/hrdp_perception/lib/python3.8/site-packages/hrdp_perception/__init__.py'...
CMake Error at cmake_install.cmake:61 (file):
  file INSTALL cannot find
  "/home/r1mini/sungsik_ws/src/hrdp_perception/src/face_detection.py": No
  such file or directory.


