[2.759s] Invoking command in '/home/r1mini/sungsik_ws/build/hrdp_perception': CMAKE_PREFIX_PATH=${CMAKE_PREFIX_PATH}:/home/r1mini/ros2_ws/install/omo_r1mini_teleop:/home/r1mini/ros2_ws/install/omo_r1mini_bringup:/opt/ros/foxy /usr/bin/cmake --build /home/r1mini/sungsik_ws/build/hrdp_perception -- -j4 -l4
[4.501s] Invoked command in '/home/r1mini/sungsik_ws/build/hrdp_perception' returned '0': CMAKE_PREFIX_PATH=${CMAKE_PREFIX_PATH}:/home/r1mini/ros2_ws/install/omo_r1mini_teleop:/home/r1mini/ros2_ws/install/omo_r1mini_bringup:/opt/ros/foxy /usr/bin/cmake --build /home/r1mini/sungsik_ws/build/hrdp_perception -- -j4 -l4
[5.615s] Invoking command in '/home/r1mini/sungsik_ws/build/hrdp_perception': CMAKE_PREFIX_PATH=${CMAKE_PREFIX_PATH}:/home/r1mini/ros2_ws/install/omo_r1mini_teleop:/home/r1mini/ros2_ws/install/omo_r1mini_bringup:/opt/ros/foxy /usr/bin/cmake --install /home/r1mini/sungsik_ws/build/hrdp_perception
[6.158s] -- Install configuration: ""
[6.177s] -- Installing: /home/r1mini/sungsik_ws/install/hrdp_perception/share/ament_index/resource_index/package_run_dependencies/hrdp_perception
[6.203s] -- Up-to-date: /home/r1mini/sungsik_ws/install/hrdp_perception/share/ament_index/resource_index/parent_prefix_path/hrdp_perception
[6.214s] -- Up-to-date: /home/r1mini/sungsik_ws/install/hrdp_perception/share/hrdp_perception/environment/ament_prefix_path.sh
[6.223s] -- Installing: /home/r1mini/sungsik_ws/install/hrdp_perception/share/hrdp_perception/environment/ament_prefix_path.dsv
[6.250s] -- Up-to-date: /home/r1mini/sungsik_ws/install/hrdp_perception/share/hrdp_perception/environment/path.sh
[6.255s] -- Installing: /home/r1mini/sungsik_ws/install/hrdp_perception/share/hrdp_perception/environment/path.dsv
[6.304s] -- Up-to-date: /home/r1mini/sungsik_ws/install/hrdp_perception/share/hrdp_perception/local_setup.bash
[6.319s] -- Up-to-date: /home/r1mini/sungsik_ws/install/hrdp_perception/share/hrdp_perception/local_setup.sh
[6.345s] -- Up-to-date: /home/r1mini/sungsik_ws/install/hrdp_perception/share/hrdp_perception/local_setup.zsh
[6.350s] -- Installing: /home/r1mini/sungsik_ws/install/hrdp_perception/share/hrdp_perception/local_setup.dsv
[6.359s] -- Installing: /home/r1mini/sungsik_ws/install/hrdp_perception/share/hrdp_perception/package.dsv
[6.384s] -- Up-to-date: /home/r1mini/sungsik_ws/install/hrdp_perception/share/ament_index/resource_index/packages/hrdp_perception
[6.405s] -- Up-to-date: /home/r1mini/sungsik_ws/install/hrdp_perception/share/hrdp_perception/cmake/hrdp_perceptionConfig.cmake
[6.440s] -- Up-to-date: /home/r1mini/sungsik_ws/install/hrdp_perception/share/hrdp_perception/cmake/hrdp_perceptionConfig-version.cmake
[6.441s] -- Installing: /home/r1mini/sungsik_ws/install/hrdp_perception/share/hrdp_perception/package.xml
[6.593s] Invoked command in '/home/r1mini/sungsik_ws/build/hrdp_perception' returned '0': CMAKE_PREFIX_PATH=${CMAKE_PREFIX_PATH}:/home/r1mini/ros2_ws/install/omo_r1mini_teleop:/home/r1mini/ros2_ws/install/omo_r1mini_bringup:/opt/ros/foxy /usr/bin/cmake --install /home/r1mini/sungsik_ws/build/hrdp_perception
