[0.416s] Invoking command in '/home/r1mini/sungsik_ws/build/hrdp_beta_actions': CMAKE_PREFIX_PATH=${CMAKE_PREFIX_PATH}:/home/r1mini/sungsik_ws/install/py_pubsub:/home/r1mini/sungsik_ws/install/hrdp_beta_perception:/home/r1mini/ros2_ws/install/omo_r1mini_teleop:/home/r1mini/ros2_ws/install/omo_r1mini_bringup:/opt/ros/foxy /usr/bin/cmake /home/r1mini/sungsik_ws/src/hrdp_beta_actions -DAMENT_CMAKE_SYMLINK_INSTALL=1 -DCMAKE_INSTALL_PREFIX=/home/r1mini/sungsik_ws/install/hrdp_beta_actions
[0.909s] -- Found ament_cmake: 0.9.11 (/opt/ros/foxy/share/ament_cmake/cmake)
[1.379s] -- Found PythonInterp: /usr/bin/python3 (found suitable version "3.8.10", minimum required is "3") 
[1.397s] -- Using PYTHON_EXECUTABLE: /usr/bin/python3
[4.502s] -- Override CMake install command with custom implementation using symlinks instead of copying resources
[4.778s] -- Found rosidl_default_generators: 1.0.1 (/opt/ros/foxy/share/rosidl_default_generators/cmake)
[4.829s] -- Using all available rosidl_typesupport_c: rosidl_typesupport_fastrtps_c;rosidl_typesupport_introspection_c
[4.910s] -- Found rosidl_adapter: 1.3.0 (/opt/ros/foxy/share/rosidl_adapter/cmake)
[6.437s] -- Using all available rosidl_typesupport_cpp: rosidl_typesupport_fastrtps_cpp;rosidl_typesupport_introspection_cpp
[7.050s] -- Found PythonInterp: /usr/bin/python3 (found version "3.8.10") 
[9.746s] -- Found ament_cmake_ros: 0.9.2 (/opt/ros/foxy/share/ament_cmake_ros/cmake)
[11.238s] -- Using all available rosidl_typesupport_c: rosidl_typesupport_fastrtps_c;rosidl_typesupport_introspection_c
[11.515s] -- Using all available rosidl_typesupport_cpp: rosidl_typesupport_fastrtps_cpp;rosidl_typesupport_introspection_cpp
[11.980s] -- Found PythonInterp: /usr/bin/python3 (found suitable version "3.8.10", minimum required is "3.5") 
[11.987s] -- Found python_cmake_module: 0.8.1 (/opt/ros/foxy/share/python_cmake_module/cmake)
[12.498s] -- Using PYTHON_EXECUTABLE: /usr/bin/python3
[12.503s] -- Using PYTHON_INCLUDE_DIRS: /usr/include/python3.8
[12.523s] -- Using PYTHON_LIBRARIES: /usr/lib/aarch64-linux-gnu/libpython3.8.so
[13.079s] -- Found ament_lint_auto: 0.9.7 (/opt/ros/foxy/share/ament_lint_auto/cmake)
[13.389s] -- Added test 'copyright' to check source files copyright and LICENSE
[13.422s] -- Added test 'lint_cmake' to check CMake code style
[13.467s] -- Added test 'xmllint' to check XML markup files
[13.573s] -- Configuring done
[14.446s] -- Generating done
[14.505s] -- Build files have been written to: /home/r1mini/sungsik_ws/build/hrdp_beta_actions
[14.687s] Invoked command in '/home/r1mini/sungsik_ws/build/hrdp_beta_actions' returned '0': CMAKE_PREFIX_PATH=${CMAKE_PREFIX_PATH}:/home/r1mini/sungsik_ws/install/py_pubsub:/home/r1mini/sungsik_ws/install/hrdp_beta_perception:/home/r1mini/ros2_ws/install/omo_r1mini_teleop:/home/r1mini/ros2_ws/install/omo_r1mini_bringup:/opt/ros/foxy /usr/bin/cmake /home/r1mini/sungsik_ws/src/hrdp_beta_actions -DAMENT_CMAKE_SYMLINK_INSTALL=1 -DCMAKE_INSTALL_PREFIX=/home/r1mini/sungsik_ws/install/hrdp_beta_actions
[14.719s] Invoking command in '/home/r1mini/sungsik_ws/build/hrdp_beta_actions': CMAKE_PREFIX_PATH=${CMAKE_PREFIX_PATH}:/home/r1mini/sungsik_ws/install/py_pubsub:/home/r1mini/sungsik_ws/install/hrdp_beta_perception:/home/r1mini/ros2_ws/install/omo_r1mini_teleop:/home/r1mini/ros2_ws/install/omo_r1mini_bringup:/opt/ros/foxy /usr/bin/cmake --build /home/r1mini/sungsik_ws/build/hrdp_beta_actions -- -j4 -l4
[15.692s] [  2%] Built target hrdp_beta_actions__cpp
[15.776s] [ 12%] Built target hrdp_beta_actions__rosidl_generator_c
[16.306s] [ 23%] Built target hrdp_beta_actions__rosidl_typesupport_introspection_cpp
[16.493s] [ 33%] Built target hrdp_beta_actions__rosidl_typesupport_cpp
[16.656s] [ 43%] Built target hrdp_beta_actions__rosidl_typesupport_c
[16.671s] [ 46%] [32m[1mLinking CXX shared library libhrdp_beta_actions__rosidl_typesupport_fastrtps_cpp.so[0m
[16.855s] [ 56%] Built target hrdp_beta_actions__rosidl_typesupport_introspection_c
[18.456s] [ 64%] Built target hrdp_beta_actions__rosidl_typesupport_fastrtps_cpp
[18.725s] [ 66%] [32m[1mLinking CXX shared library libhrdp_beta_actions__rosidl_typesupport_fastrtps_c.so[0m
[20.052s] [ 74%] Built target hrdp_beta_actions__rosidl_typesupport_fastrtps_c
[20.253s] [ 74%] Built target hrdp_beta_actions
[20.443s] [ 76%] Built target hrdp_beta_actions__py
[20.780s] [ 79%] [32m[1mLinking C shared library rosidl_generator_py/hrdp_beta_actions/libhrdp_beta_actions__python.so[0m
[21.898s] [ 84%] Built target hrdp_beta_actions__python
[22.293s] [ 87%] [32m[1mLinking CXX shared library rosidl_generator_py/hrdp_beta_actions/hrdp_beta_actions_s__rosidl_typesupport_fastrtps_c.cpython-38-aarch64-linux-gnu.so[0m
[22.403s] [ 89%] [32m[1mLinking C shared library rosidl_generator_py/hrdp_beta_actions/hrdp_beta_actions_s__rosidl_typesupport_c.cpython-38-aarch64-linux-gnu.so[0m
[22.407s] [ 92%] [32m[1mLinking C shared library rosidl_generator_py/hrdp_beta_actions/hrdp_beta_actions_s__rosidl_typesupport_introspection_c.cpython-38-aarch64-linux-gnu.so[0m
[23.449s] [ 94%] Built target hrdp_beta_actions__rosidl_typesupport_c__pyext
[23.731s] [ 97%] Built target hrdp_beta_actions__rosidl_typesupport_introspection_c__pyext
[23.931s] [100%] Built target hrdp_beta_actions__rosidl_typesupport_fastrtps_c__pyext
[24.045s] Invoked command in '/home/r1mini/sungsik_ws/build/hrdp_beta_actions' returned '0': CMAKE_PREFIX_PATH=${CMAKE_PREFIX_PATH}:/home/r1mini/sungsik_ws/install/py_pubsub:/home/r1mini/sungsik_ws/install/hrdp_beta_perception:/home/r1mini/ros2_ws/install/omo_r1mini_teleop:/home/r1mini/ros2_ws/install/omo_r1mini_bringup:/opt/ros/foxy /usr/bin/cmake --build /home/r1mini/sungsik_ws/build/hrdp_beta_actions -- -j4 -l4
[24.788s] Invoking command in '/home/r1mini/sungsik_ws/build/hrdp_beta_actions': CMAKE_PREFIX_PATH=${CMAKE_PREFIX_PATH}:/home/r1mini/sungsik_ws/install/py_pubsub:/home/r1mini/sungsik_ws/install/hrdp_beta_perception:/home/r1mini/ros2_ws/install/omo_r1mini_teleop:/home/r1mini/ros2_ws/install/omo_r1mini_bringup:/opt/ros/foxy /usr/bin/cmake --install /home/r1mini/sungsik_ws/build/hrdp_beta_actions
[24.886s] -- Install configuration: ""
[24.890s] -- Execute custom install script
[24.893s] -- Symlinking: /home/r1mini/sungsik_ws/install/hrdp_beta_actions/share/ament_index/resource_index/rosidl_interfaces/hrdp_beta_actions
[24.993s] -- Symlinking: /home/r1mini/sungsik_ws/install/hrdp_beta_actions/include/hrdp_beta_actions/action/camera_rgb.h
[25.096s] -- Symlinking: /home/r1mini/sungsik_ws/install/hrdp_beta_actions/include/hrdp_beta_actions/action/detail/camera_rgb__functions.h
[25.200s] -- Symlinking: /home/r1mini/sungsik_ws/install/hrdp_beta_actions/include/hrdp_beta_actions/action/detail/camera_rgb__struct.h
[25.299s] -- Symlinking: /home/r1mini/sungsik_ws/install/hrdp_beta_actions/include/hrdp_beta_actions/action/detail/camera_rgb__type_support.h
[25.393s] -- Symlinking: /home/r1mini/sungsik_ws/install/hrdp_beta_actions/include/hrdp_beta_actions/action/detail/face_detection__functions.h
[25.498s] -- Symlinking: /home/r1mini/sungsik_ws/install/hrdp_beta_actions/include/hrdp_beta_actions/action/detail/face_detection__struct.h
[25.598s] -- Symlinking: /home/r1mini/sungsik_ws/install/hrdp_beta_actions/include/hrdp_beta_actions/action/detail/face_detection__type_support.h
[25.693s] -- Symlinking: /home/r1mini/sungsik_ws/install/hrdp_beta_actions/include/hrdp_beta_actions/action/detail/rgb_frame__functions.h
[25.792s] -- Symlinking: /home/r1mini/sungsik_ws/install/hrdp_beta_actions/include/hrdp_beta_actions/action/detail/rgb_frame__struct.h
[25.877s] -- Symlinking: /home/r1mini/sungsik_ws/install/hrdp_beta_actions/include/hrdp_beta_actions/action/detail/rgb_frame__type_support.h
[25.989s] -- Symlinking: /home/r1mini/sungsik_ws/install/hrdp_beta_actions/include/hrdp_beta_actions/action/face_detection.h
[26.087s] -- Symlinking: /home/r1mini/sungsik_ws/install/hrdp_beta_actions/include/hrdp_beta_actions/action/rgb_frame.h
[26.196s] -- Symlinking: /home/r1mini/sungsik_ws/install/hrdp_beta_actions/include/hrdp_beta_actions/msg/rosidl_generator_c__visibility_control.h
[26.308s] -- Symlinking: /home/r1mini/sungsik_ws/install/hrdp_beta_actions/share/hrdp_beta_actions/environment/library_path.sh
[26.407s] -- Symlinking: /home/r1mini/sungsik_ws/install/hrdp_beta_actions/share/hrdp_beta_actions/environment/library_path.dsv
[26.535s] -- Symlinking: /home/r1mini/sungsik_ws/install/hrdp_beta_actions/include/hrdp_beta_actions/action/detail/camera_rgb__rosidl_typesupport_fastrtps_c.h
[26.657s] -- Symlinking: /home/r1mini/sungsik_ws/install/hrdp_beta_actions/include/hrdp_beta_actions/action/detail/face_detection__rosidl_typesupport_fastrtps_c.h
[26.761s] -- Symlinking: /home/r1mini/sungsik_ws/install/hrdp_beta_actions/include/hrdp_beta_actions/action/detail/rgb_frame__rosidl_typesupport_fastrtps_c.h
[26.855s] -- Symlinking: /home/r1mini/sungsik_ws/install/hrdp_beta_actions/include/hrdp_beta_actions/msg/rosidl_typesupport_fastrtps_c__visibility_control.h
[26.982s] -- Symlinking: /home/r1mini/sungsik_ws/install/hrdp_beta_actions/lib/libhrdp_beta_actions__rosidl_typesupport_fastrtps_c.so
[27.083s] -- Symlinking: /home/r1mini/sungsik_ws/install/hrdp_beta_actions/include/hrdp_beta_actions/action/detail/camera_rgb__rosidl_typesupport_fastrtps_cpp.hpp
[27.183s] -- Symlinking: /home/r1mini/sungsik_ws/install/hrdp_beta_actions/include/hrdp_beta_actions/action/detail/face_detection__rosidl_typesupport_fastrtps_cpp.hpp
[27.289s] -- Symlinking: /home/r1mini/sungsik_ws/install/hrdp_beta_actions/include/hrdp_beta_actions/action/detail/rgb_frame__rosidl_typesupport_fastrtps_cpp.hpp
[27.371s] -- Symlinking: /home/r1mini/sungsik_ws/install/hrdp_beta_actions/include/hrdp_beta_actions/msg/rosidl_typesupport_fastrtps_cpp__visibility_control.h
[27.514s] -- Symlinking: /home/r1mini/sungsik_ws/install/hrdp_beta_actions/lib/libhrdp_beta_actions__rosidl_typesupport_fastrtps_cpp.so
[27.755s] -- Symlinking: /home/r1mini/sungsik_ws/install/hrdp_beta_actions/include/hrdp_beta_actions/action/detail/camera_rgb__rosidl_typesupport_introspection_c.h
[27.865s] -- Symlinking: /home/r1mini/sungsik_ws/install/hrdp_beta_actions/include/hrdp_beta_actions/action/detail/face_detection__rosidl_typesupport_introspection_c.h
[27.965s] -- Symlinking: /home/r1mini/sungsik_ws/install/hrdp_beta_actions/include/hrdp_beta_actions/action/detail/rgb_frame__rosidl_typesupport_introspection_c.h
[28.061s] -- Symlinking: /home/r1mini/sungsik_ws/install/hrdp_beta_actions/include/hrdp_beta_actions/msg/rosidl_typesupport_introspection_c__visibility_control.h
[28.172s] -- Symlinking: /home/r1mini/sungsik_ws/install/hrdp_beta_actions/include/hrdp_beta_actions/action/camera_rgb.hpp
[28.300s] -- Symlinking: /home/r1mini/sungsik_ws/install/hrdp_beta_actions/include/hrdp_beta_actions/action/detail/camera_rgb__builder.hpp
[28.414s] -- Symlinking: /home/r1mini/sungsik_ws/install/hrdp_beta_actions/include/hrdp_beta_actions/action/detail/camera_rgb__struct.hpp
[28.534s] -- Symlinking: /home/r1mini/sungsik_ws/install/hrdp_beta_actions/include/hrdp_beta_actions/action/detail/camera_rgb__traits.hpp
[28.640s] -- Symlinking: /home/r1mini/sungsik_ws/install/hrdp_beta_actions/include/hrdp_beta_actions/action/detail/face_detection__builder.hpp
[28.746s] -- Symlinking: /home/r1mini/sungsik_ws/install/hrdp_beta_actions/include/hrdp_beta_actions/action/detail/face_detection__struct.hpp
[28.849s] -- Symlinking: /home/r1mini/sungsik_ws/install/hrdp_beta_actions/include/hrdp_beta_actions/action/detail/face_detection__traits.hpp
[28.955s] -- Symlinking: /home/r1mini/sungsik_ws/install/hrdp_beta_actions/include/hrdp_beta_actions/action/detail/rgb_frame__builder.hpp
[29.151s] -- Symlinking: /home/r1mini/sungsik_ws/install/hrdp_beta_actions/include/hrdp_beta_actions/action/detail/rgb_frame__struct.hpp
[29.308s] -- Symlinking: /home/r1mini/sungsik_ws/install/hrdp_beta_actions/include/hrdp_beta_actions/action/detail/rgb_frame__traits.hpp
[29.441s] -- Symlinking: /home/r1mini/sungsik_ws/install/hrdp_beta_actions/include/hrdp_beta_actions/action/face_detection.hpp
[29.612s] -- Symlinking: /home/r1mini/sungsik_ws/install/hrdp_beta_actions/include/hrdp_beta_actions/action/rgb_frame.hpp
[29.770s] -- Symlinking: /home/r1mini/sungsik_ws/install/hrdp_beta_actions/include/hrdp_beta_actions/action/detail/camera_rgb__rosidl_typesupport_introspection_cpp.hpp
[30.084s] -- Symlinking: /home/r1mini/sungsik_ws/install/hrdp_beta_actions/include/hrdp_beta_actions/action/detail/face_detection__rosidl_typesupport_introspection_cpp.hpp
[30.318s] -- Symlinking: /home/r1mini/sungsik_ws/install/hrdp_beta_actions/include/hrdp_beta_actions/action/detail/rgb_frame__rosidl_typesupport_introspection_cpp.hpp
[30.436s] -- Symlinking: /home/r1mini/sungsik_ws/install/hrdp_beta_actions/share/hrdp_beta_actions/environment/pythonpath.sh
[30.529s] -- Symlinking: /home/r1mini/sungsik_ws/install/hrdp_beta_actions/share/hrdp_beta_actions/environment/pythonpath.dsv
[30.644s] -- Symlinking: /home/r1mini/sungsik_ws/install/hrdp_beta_actions/lib/python3.8/site-packages/hrdp_beta_actions/__init__.py
[30.754s] -- Symlinking: /home/r1mini/sungsik_ws/install/hrdp_beta_actions/lib/python3.8/site-packages/hrdp_beta_actions/action/__init__.py
[30.865s] -- Symlinking: /home/r1mini/sungsik_ws/install/hrdp_beta_actions/lib/python3.8/site-packages/hrdp_beta_actions/action/_camera_rgb.py
[30.960s] -- Symlinking: /home/r1mini/sungsik_ws/install/hrdp_beta_actions/lib/python3.8/site-packages/hrdp_beta_actions/action/_face_detection.py
[31.075s] -- Symlinking: /home/r1mini/sungsik_ws/install/hrdp_beta_actions/lib/python3.8/site-packages/hrdp_beta_actions/action/_rgb_frame.py
[31.194s] -- Symlinking: /home/r1mini/sungsik_ws/install/hrdp_beta_actions/lib/python3.8/site-packages/hrdp_beta_actions/hrdp_beta_actions_s__rosidl_typesupport_fastrtps_c.cpython-38-aarch64-linux-gnu.so
[31.306s] -- Symlinking: /home/r1mini/sungsik_ws/install/hrdp_beta_actions/lib/python3.8/site-packages/hrdp_beta_actions/hrdp_beta_actions_s__rosidl_typesupport_introspection_c.cpython-38-aarch64-linux-gnu.so
[31.403s] -- Symlinking: /home/r1mini/sungsik_ws/install/hrdp_beta_actions/lib/python3.8/site-packages/hrdp_beta_actions/hrdp_beta_actions_s__rosidl_typesupport_c.cpython-38-aarch64-linux-gnu.so
[31.503s] -- Symlinking: /home/r1mini/sungsik_ws/install/hrdp_beta_actions/lib/libhrdp_beta_actions__python.so
[31.603s] -- Symlinking: /home/r1mini/sungsik_ws/install/hrdp_beta_actions/share/hrdp_beta_actions/action/RGBFrame.idl
[31.700s] -- Symlinking: /home/r1mini/sungsik_ws/install/hrdp_beta_actions/share/hrdp_beta_actions/action/FaceDetection.idl
[31.801s] -- Symlinking: /home/r1mini/sungsik_ws/install/hrdp_beta_actions/share/hrdp_beta_actions/action/RGBFrame.action
[31.899s] -- Symlinking: /home/r1mini/sungsik_ws/install/hrdp_beta_actions/share/hrdp_beta_actions/action/FaceDetection.action
[32.015s] -- Symlinking: /home/r1mini/sungsik_ws/install/hrdp_beta_actions/share/ament_index/resource_index/package_run_dependencies/hrdp_beta_actions
[32.135s] -- Symlinking: /home/r1mini/sungsik_ws/install/hrdp_beta_actions/share/ament_index/resource_index/parent_prefix_path/hrdp_beta_actions
[32.251s] -- Symlinking: /home/r1mini/sungsik_ws/install/hrdp_beta_actions/share/hrdp_beta_actions/environment/ament_prefix_path.sh
[32.400s] -- Symlinking: /home/r1mini/sungsik_ws/install/hrdp_beta_actions/share/hrdp_beta_actions/environment/ament_prefix_path.dsv
[32.515s] -- Symlinking: /home/r1mini/sungsik_ws/install/hrdp_beta_actions/share/hrdp_beta_actions/environment/path.sh
[32.630s] -- Symlinking: /home/r1mini/sungsik_ws/install/hrdp_beta_actions/share/hrdp_beta_actions/environment/path.dsv
[32.746s] -- Symlinking: /home/r1mini/sungsik_ws/install/hrdp_beta_actions/share/hrdp_beta_actions/local_setup.bash
[32.841s] -- Symlinking: /home/r1mini/sungsik_ws/install/hrdp_beta_actions/share/hrdp_beta_actions/local_setup.sh
[32.942s] -- Symlinking: /home/r1mini/sungsik_ws/install/hrdp_beta_actions/share/hrdp_beta_actions/local_setup.zsh
[33.065s] -- Symlinking: /home/r1mini/sungsik_ws/install/hrdp_beta_actions/share/hrdp_beta_actions/local_setup.dsv
[33.203s] -- Symlinking: /home/r1mini/sungsik_ws/install/hrdp_beta_actions/share/hrdp_beta_actions/package.dsv
[33.344s] -- Symlinking: /home/r1mini/sungsik_ws/install/hrdp_beta_actions/share/ament_index/resource_index/packages/hrdp_beta_actions
[33.454s] -- Symlinking: /home/r1mini/sungsik_ws/install/hrdp_beta_actions/share/hrdp_beta_actions/cmake/rosidl_cmake-extras.cmake
[33.555s] -- Symlinking: /home/r1mini/sungsik_ws/install/hrdp_beta_actions/share/hrdp_beta_actions/cmake/ament_cmake_export_dependencies-extras.cmake
[33.687s] -- Symlinking: /home/r1mini/sungsik_ws/install/hrdp_beta_actions/share/hrdp_beta_actions/cmake/ament_cmake_export_libraries-extras.cmake
[33.792s] -- Symlinking: /home/r1mini/sungsik_ws/install/hrdp_beta_actions/share/hrdp_beta_actions/cmake/ament_cmake_export_targets-extras.cmake
[33.898s] -- Symlinking: /home/r1mini/sungsik_ws/install/hrdp_beta_actions/share/hrdp_beta_actions/cmake/ament_cmake_export_include_directories-extras.cmake
[34.002s] -- Symlinking: /home/r1mini/sungsik_ws/install/hrdp_beta_actions/share/hrdp_beta_actions/cmake/rosidl_cmake_export_typesupport_libraries-extras.cmake
[34.110s] -- Symlinking: /home/r1mini/sungsik_ws/install/hrdp_beta_actions/share/hrdp_beta_actions/cmake/rosidl_cmake_export_typesupport_targets-extras.cmake
[34.218s] -- Symlinking: /home/r1mini/sungsik_ws/install/hrdp_beta_actions/share/hrdp_beta_actions/cmake/hrdp_beta_actionsConfig.cmake
[34.332s] -- Symlinking: /home/r1mini/sungsik_ws/install/hrdp_beta_actions/share/hrdp_beta_actions/cmake/hrdp_beta_actionsConfig-version.cmake
[34.459s] -- Symlinking: /home/r1mini/sungsik_ws/install/hrdp_beta_actions/share/hrdp_beta_actions/package.xml
[34.589s] -- Up-to-date: /home/r1mini/sungsik_ws/install/hrdp_beta_actions/lib/libhrdp_beta_actions__rosidl_generator_c.so
[34.593s] -- Up-to-date: /home/r1mini/sungsik_ws/install/hrdp_beta_actions/lib/libhrdp_beta_actions__rosidl_typesupport_introspection_c.so
[34.599s] -- Up-to-date: /home/r1mini/sungsik_ws/install/hrdp_beta_actions/lib/libhrdp_beta_actions__rosidl_typesupport_c.so
[34.609s] -- Up-to-date: /home/r1mini/sungsik_ws/install/hrdp_beta_actions/lib/libhrdp_beta_actions__rosidl_typesupport_introspection_cpp.so
[34.613s] -- Up-to-date: /home/r1mini/sungsik_ws/install/hrdp_beta_actions/lib/libhrdp_beta_actions__rosidl_typesupport_cpp.so
[35.110s] Compiling '/home/r1mini/sungsik_ws/install/hrdp_beta_actions/lib/python3.8/site-packages/hrdp_beta_actions/__init__.py'...
[35.215s] -- Up-to-date: /home/r1mini/sungsik_ws/install/hrdp_beta_actions/share/hrdp_beta_actions/cmake/hrdp_beta_actions__rosidl_generator_cExport.cmake
[35.217s] -- Installing: /home/r1mini/sungsik_ws/install/hrdp_beta_actions/share/hrdp_beta_actions/cmake/hrdp_beta_actions__rosidl_generator_cExport-noconfig.cmake
[35.219s] -- Up-to-date: /home/r1mini/sungsik_ws/install/hrdp_beta_actions/share/hrdp_beta_actions/cmake/hrdp_beta_actions__rosidl_typesupport_introspection_cExport.cmake
[35.225s] -- Installing: /home/r1mini/sungsik_ws/install/hrdp_beta_actions/share/hrdp_beta_actions/cmake/hrdp_beta_actions__rosidl_typesupport_introspection_cExport-noconfig.cmake
[35.230s] -- Up-to-date: /home/r1mini/sungsik_ws/install/hrdp_beta_actions/share/hrdp_beta_actions/cmake/hrdp_beta_actions__rosidl_typesupport_cExport.cmake
[35.233s] -- Installing: /home/r1mini/sungsik_ws/install/hrdp_beta_actions/share/hrdp_beta_actions/cmake/hrdp_beta_actions__rosidl_typesupport_cExport-noconfig.cmake
[35.234s] -- Up-to-date: /home/r1mini/sungsik_ws/install/hrdp_beta_actions/share/hrdp_beta_actions/cmake/hrdp_beta_actions__rosidl_generator_cppExport.cmake
[35.238s] -- Up-to-date: /home/r1mini/sungsik_ws/install/hrdp_beta_actions/share/hrdp_beta_actions/cmake/hrdp_beta_actions__rosidl_typesupport_introspection_cppExport.cmake
[35.240s] -- Installing: /home/r1mini/sungsik_ws/install/hrdp_beta_actions/share/hrdp_beta_actions/cmake/hrdp_beta_actions__rosidl_typesupport_introspection_cppExport-noconfig.cmake
[35.242s] -- Up-to-date: /home/r1mini/sungsik_ws/install/hrdp_beta_actions/share/hrdp_beta_actions/cmake/hrdp_beta_actions__rosidl_typesupport_cppExport.cmake
[35.245s] -- Installing: /home/r1mini/sungsik_ws/install/hrdp_beta_actions/share/hrdp_beta_actions/cmake/hrdp_beta_actions__rosidl_typesupport_cppExport-noconfig.cmake
[35.258s] Invoked command in '/home/r1mini/sungsik_ws/build/hrdp_beta_actions' returned '0': CMAKE_PREFIX_PATH=${CMAKE_PREFIX_PATH}:/home/r1mini/sungsik_ws/install/py_pubsub:/home/r1mini/sungsik_ws/install/hrdp_beta_perception:/home/r1mini/ros2_ws/install/omo_r1mini_teleop:/home/r1mini/ros2_ws/install/omo_r1mini_bringup:/opt/ros/foxy /usr/bin/cmake --install /home/r1mini/sungsik_ws/build/hrdp_beta_actions
