[0.456s] Invoking command in '/home/r1mini/sungsik_ws/build/hrdp_beta_actions': CMAKE_PREFIX_PATH=${CMAKE_PREFIX_PATH}:/home/r1mini/ros2_ws/install/omo_r1mini_teleop:/home/r1mini/ros2_ws/install/omo_r1mini_bringup:/opt/ros/foxy /usr/bin/cmake --build /home/r1mini/sungsik_ws/build/hrdp_beta_actions -- -j4 -l4
[1.500s] [  5%] Built target hrdp_beta_actions__cpp
[1.502s] [ 12%] Built target hrdp_beta_actions__rosidl_generator_c
[1.956s] [ 23%] Built target hrdp_beta_actions__rosidl_typesupport_cpp
[1.963s] [ 33%] Built target hrdp_beta_actions__rosidl_typesupport_introspection_c
[2.028s] [ 43%] Built target hrdp_beta_actions__rosidl_typesupport_introspection_cpp
[2.064s] [ 53%] Built target hrdp_beta_actions__rosidl_typesupport_fastrtps_cpp
[2.278s] [ 64%] Built target hrdp_beta_actions__rosidl_typesupport_c
[2.377s] [ 74%] Built target hrdp_beta_actions__rosidl_typesupport_fastrtps_c
[2.556s] [ 74%] Built target hrdp_beta_actions
[2.742s] [ 76%] Built target hrdp_beta_actions__py
[2.967s] [ 84%] Built target hrdp_beta_actions__python
[3.208s] [ 94%] Built target hrdp_beta_actions__rosidl_typesupport_fastrtps_c__pyext
[3.211s] [ 94%] Built target hrdp_beta_actions__rosidl_typesupport_introspection_c__pyext
[3.215s] [100%] Built target hrdp_beta_actions__rosidl_typesupport_c__pyext
[3.322s] Invoked command in '/home/r1mini/sungsik_ws/build/hrdp_beta_actions' returned '0': CMAKE_PREFIX_PATH=${CMAKE_PREFIX_PATH}:/home/r1mini/ros2_ws/install/omo_r1mini_teleop:/home/r1mini/ros2_ws/install/omo_r1mini_bringup:/opt/ros/foxy /usr/bin/cmake --build /home/r1mini/sungsik_ws/build/hrdp_beta_actions -- -j4 -l4
[3.986s] Invoking command in '/home/r1mini/sungsik_ws/build/hrdp_beta_actions': CMAKE_PREFIX_PATH=${CMAKE_PREFIX_PATH}:/home/r1mini/ros2_ws/install/omo_r1mini_teleop:/home/r1mini/ros2_ws/install/omo_r1mini_bringup:/opt/ros/foxy /usr/bin/cmake --install /home/r1mini/sungsik_ws/build/hrdp_beta_actions
[4.081s] -- Install configuration: ""
[4.085s] -- Up-to-date: /home/r1mini/sungsik_ws/install/hrdp_beta_actions/share/ament_index/resource_index/rosidl_interfaces/hrdp_beta_actions
[4.086s] -- Up-to-date: /home/r1mini/sungsik_ws/install/hrdp_beta_actions/include/hrdp_beta_actions
[4.087s] -- Up-to-date: /home/r1mini/sungsik_ws/install/hrdp_beta_actions/include/hrdp_beta_actions/msg
[4.088s] -- Up-to-date: /home/r1mini/sungsik_ws/install/hrdp_beta_actions/include/hrdp_beta_actions/msg/rosidl_generator_c__visibility_control.h
[4.090s] -- Up-to-date: /home/r1mini/sungsik_ws/install/hrdp_beta_actions/include/hrdp_beta_actions/action
[4.093s] -- Up-to-date: /home/r1mini/sungsik_ws/install/hrdp_beta_actions/include/hrdp_beta_actions/action/detail
[4.095s] -- Up-to-date: /home/r1mini/sungsik_ws/install/hrdp_beta_actions/include/hrdp_beta_actions/action/detail/face_detection__functions.c
[4.095s] -- Up-to-date: /home/r1mini/sungsik_ws/install/hrdp_beta_actions/include/hrdp_beta_actions/action/detail/face_detection__struct.h
[4.097s] -- Up-to-date: /home/r1mini/sungsik_ws/install/hrdp_beta_actions/include/hrdp_beta_actions/action/detail/camera_rgb__type_support.h
[4.098s] -- Up-to-date: /home/r1mini/sungsik_ws/install/hrdp_beta_actions/include/hrdp_beta_actions/action/detail/rgb_frame__functions.h
[4.100s] -- Up-to-date: /home/r1mini/sungsik_ws/install/hrdp_beta_actions/include/hrdp_beta_actions/action/detail/rgb_frame__functions.c
[4.101s] -- Up-to-date: /home/r1mini/sungsik_ws/install/hrdp_beta_actions/include/hrdp_beta_actions/action/detail/camera_rgb__struct.h
[4.103s] -- Up-to-date: /home/r1mini/sungsik_ws/install/hrdp_beta_actions/include/hrdp_beta_actions/action/detail/camera_rgb__functions.h
[4.105s] -- Up-to-date: /home/r1mini/sungsik_ws/install/hrdp_beta_actions/include/hrdp_beta_actions/action/detail/rgb_frame__type_support.h
[4.106s] -- Up-to-date: /home/r1mini/sungsik_ws/install/hrdp_beta_actions/include/hrdp_beta_actions/action/detail/camera_rgb__functions.c
[4.107s] -- Up-to-date: /home/r1mini/sungsik_ws/install/hrdp_beta_actions/include/hrdp_beta_actions/action/detail/face_detection__functions.h
[4.110s] -- Up-to-date: /home/r1mini/sungsik_ws/install/hrdp_beta_actions/include/hrdp_beta_actions/action/detail/rgb_frame__struct.h
[4.112s] -- Up-to-date: /home/r1mini/sungsik_ws/install/hrdp_beta_actions/include/hrdp_beta_actions/action/detail/face_detection__type_support.h
[4.114s] -- Up-to-date: /home/r1mini/sungsik_ws/install/hrdp_beta_actions/include/hrdp_beta_actions/action/face_detection.h
[4.115s] -- Up-to-date: /home/r1mini/sungsik_ws/install/hrdp_beta_actions/include/hrdp_beta_actions/action/camera_rgb.h
[4.117s] -- Up-to-date: /home/r1mini/sungsik_ws/install/hrdp_beta_actions/include/hrdp_beta_actions/action/rgb_frame.h
[4.119s] -- Up-to-date: /home/r1mini/sungsik_ws/install/hrdp_beta_actions/share/hrdp_beta_actions/environment/library_path.sh
[4.125s] -- Up-to-date: /home/r1mini/sungsik_ws/install/hrdp_beta_actions/share/hrdp_beta_actions/environment/library_path.dsv
[4.139s] -- Up-to-date: /home/r1mini/sungsik_ws/install/hrdp_beta_actions/lib/libhrdp_beta_actions__rosidl_generator_c.so
[4.142s] -- Up-to-date: /home/r1mini/sungsik_ws/install/hrdp_beta_actions/include/hrdp_beta_actions
[4.144s] -- Up-to-date: /home/r1mini/sungsik_ws/install/hrdp_beta_actions/include/hrdp_beta_actions/msg
[4.147s] -- Up-to-date: /home/r1mini/sungsik_ws/install/hrdp_beta_actions/include/hrdp_beta_actions/msg/rosidl_typesupport_fastrtps_c__visibility_control.h
[4.149s] -- Up-to-date: /home/r1mini/sungsik_ws/install/hrdp_beta_actions/include/hrdp_beta_actions/action
[4.151s] -- Up-to-date: /home/r1mini/sungsik_ws/install/hrdp_beta_actions/include/hrdp_beta_actions/action/detail
[4.153s] -- Up-to-date: /home/r1mini/sungsik_ws/install/hrdp_beta_actions/include/hrdp_beta_actions/action/detail/camera_rgb__rosidl_typesupport_fastrtps_c.h
[4.155s] -- Up-to-date: /home/r1mini/sungsik_ws/install/hrdp_beta_actions/include/hrdp_beta_actions/action/detail/rgb_frame__rosidl_typesupport_fastrtps_c.h
[4.157s] -- Up-to-date: /home/r1mini/sungsik_ws/install/hrdp_beta_actions/include/hrdp_beta_actions/action/detail/face_detection__rosidl_typesupport_fastrtps_c.h
[4.160s] -- Up-to-date: /home/r1mini/sungsik_ws/install/hrdp_beta_actions/lib/libhrdp_beta_actions__rosidl_typesupport_fastrtps_c.so
[4.162s] -- Up-to-date: /home/r1mini/sungsik_ws/install/hrdp_beta_actions/include/hrdp_beta_actions
[4.165s] -- Up-to-date: /home/r1mini/sungsik_ws/install/hrdp_beta_actions/include/hrdp_beta_actions/msg
[4.166s] -- Up-to-date: /home/r1mini/sungsik_ws/install/hrdp_beta_actions/include/hrdp_beta_actions/msg/rosidl_typesupport_fastrtps_cpp__visibility_control.h
[4.167s] -- Up-to-date: /home/r1mini/sungsik_ws/install/hrdp_beta_actions/include/hrdp_beta_actions/action
[4.168s] -- Up-to-date: /home/r1mini/sungsik_ws/install/hrdp_beta_actions/include/hrdp_beta_actions/action/detail
[4.170s] -- Up-to-date: /home/r1mini/sungsik_ws/install/hrdp_beta_actions/include/hrdp_beta_actions/action/detail/rgb_frame__rosidl_typesupport_fastrtps_cpp.hpp
[4.171s] -- Up-to-date: /home/r1mini/sungsik_ws/install/hrdp_beta_actions/include/hrdp_beta_actions/action/detail/camera_rgb__rosidl_typesupport_fastrtps_cpp.hpp
[4.172s] -- Up-to-date: /home/r1mini/sungsik_ws/install/hrdp_beta_actions/include/hrdp_beta_actions/action/detail/dds_fastrtps
[4.173s] -- Up-to-date: /home/r1mini/sungsik_ws/install/hrdp_beta_actions/include/hrdp_beta_actions/action/detail/face_detection__rosidl_typesupport_fastrtps_cpp.hpp
[4.174s] -- Up-to-date: /home/r1mini/sungsik_ws/install/hrdp_beta_actions/lib/libhrdp_beta_actions__rosidl_typesupport_fastrtps_cpp.so
[4.175s] -- Up-to-date: /home/r1mini/sungsik_ws/install/hrdp_beta_actions/include/hrdp_beta_actions
[4.175s] -- Up-to-date: /home/r1mini/sungsik_ws/install/hrdp_beta_actions/include/hrdp_beta_actions/msg
[4.176s] -- Up-to-date: /home/r1mini/sungsik_ws/install/hrdp_beta_actions/include/hrdp_beta_actions/msg/rosidl_typesupport_introspection_c__visibility_control.h
[4.177s] -- Up-to-date: /home/r1mini/sungsik_ws/install/hrdp_beta_actions/include/hrdp_beta_actions/action
[4.179s] -- Up-to-date: /home/r1mini/sungsik_ws/install/hrdp_beta_actions/include/hrdp_beta_actions/action/detail
[4.180s] -- Up-to-date: /home/r1mini/sungsik_ws/install/hrdp_beta_actions/include/hrdp_beta_actions/action/detail/camera_rgb__rosidl_typesupport_introspection_c.h
[4.181s] -- Up-to-date: /home/r1mini/sungsik_ws/install/hrdp_beta_actions/include/hrdp_beta_actions/action/detail/face_detection__rosidl_typesupport_introspection_c.h
[4.183s] -- Up-to-date: /home/r1mini/sungsik_ws/install/hrdp_beta_actions/include/hrdp_beta_actions/action/detail/rgb_frame__type_support.c
[4.184s] -- Up-to-date: /home/r1mini/sungsik_ws/install/hrdp_beta_actions/include/hrdp_beta_actions/action/detail/camera_rgb__type_support.c
[4.186s] -- Up-to-date: /home/r1mini/sungsik_ws/install/hrdp_beta_actions/include/hrdp_beta_actions/action/detail/rgb_frame__rosidl_typesupport_introspection_c.h
[4.187s] -- Up-to-date: /home/r1mini/sungsik_ws/install/hrdp_beta_actions/include/hrdp_beta_actions/action/detail/face_detection__type_support.c
[4.188s] -- Up-to-date: /home/r1mini/sungsik_ws/install/hrdp_beta_actions/lib/libhrdp_beta_actions__rosidl_typesupport_introspection_c.so
[4.189s] -- Up-to-date: /home/r1mini/sungsik_ws/install/hrdp_beta_actions/lib/libhrdp_beta_actions__rosidl_typesupport_c.so
[4.190s] -- Up-to-date: /home/r1mini/sungsik_ws/install/hrdp_beta_actions/include/hrdp_beta_actions
[4.191s] -- Up-to-date: /home/r1mini/sungsik_ws/install/hrdp_beta_actions/include/hrdp_beta_actions/action
[4.193s] -- Up-to-date: /home/r1mini/sungsik_ws/install/hrdp_beta_actions/include/hrdp_beta_actions/action/rgb_frame.hpp
[4.195s] -- Up-to-date: /home/r1mini/sungsik_ws/install/hrdp_beta_actions/include/hrdp_beta_actions/action/detail
[4.196s] -- Up-to-date: /home/r1mini/sungsik_ws/install/hrdp_beta_actions/include/hrdp_beta_actions/action/detail/face_detection__struct.hpp
[4.197s] -- Up-to-date: /home/r1mini/sungsik_ws/install/hrdp_beta_actions/include/hrdp_beta_actions/action/detail/rgb_frame__traits.hpp
[4.198s] -- Up-to-date: /home/r1mini/sungsik_ws/install/hrdp_beta_actions/include/hrdp_beta_actions/action/detail/rgb_frame__struct.hpp
[4.199s] -- Up-to-date: /home/r1mini/sungsik_ws/install/hrdp_beta_actions/include/hrdp_beta_actions/action/detail/face_detection__builder.hpp
[4.199s] -- Up-to-date: /home/r1mini/sungsik_ws/install/hrdp_beta_actions/include/hrdp_beta_actions/action/detail/face_detection__traits.hpp
[4.201s] -- Up-to-date: /home/r1mini/sungsik_ws/install/hrdp_beta_actions/include/hrdp_beta_actions/action/detail/camera_rgb__struct.hpp
[4.202s] -- Up-to-date: /home/r1mini/sungsik_ws/install/hrdp_beta_actions/include/hrdp_beta_actions/action/detail/camera_rgb__builder.hpp
[4.202s] -- Up-to-date: /home/r1mini/sungsik_ws/install/hrdp_beta_actions/include/hrdp_beta_actions/action/detail/rgb_frame__builder.hpp
[4.203s] -- Up-to-date: /home/r1mini/sungsik_ws/install/hrdp_beta_actions/include/hrdp_beta_actions/action/detail/camera_rgb__traits.hpp
[4.204s] -- Up-to-date: /home/r1mini/sungsik_ws/install/hrdp_beta_actions/include/hrdp_beta_actions/action/camera_rgb.hpp
[4.204s] -- Up-to-date: /home/r1mini/sungsik_ws/install/hrdp_beta_actions/include/hrdp_beta_actions/action/face_detection.hpp
[4.205s] -- Up-to-date: /home/r1mini/sungsik_ws/install/hrdp_beta_actions/include/hrdp_beta_actions
[4.207s] -- Up-to-date: /home/r1mini/sungsik_ws/install/hrdp_beta_actions/include/hrdp_beta_actions/action
[4.208s] -- Up-to-date: /home/r1mini/sungsik_ws/install/hrdp_beta_actions/include/hrdp_beta_actions/action/detail
[4.210s] -- Up-to-date: /home/r1mini/sungsik_ws/install/hrdp_beta_actions/include/hrdp_beta_actions/action/detail/rgb_frame__rosidl_typesupport_introspection_cpp.hpp
[4.211s] -- Up-to-date: /home/r1mini/sungsik_ws/install/hrdp_beta_actions/include/hrdp_beta_actions/action/detail/rgb_frame__type_support.cpp
[4.213s] -- Up-to-date: /home/r1mini/sungsik_ws/install/hrdp_beta_actions/include/hrdp_beta_actions/action/detail/camera_rgb__type_support.cpp
[4.215s] -- Up-to-date: /home/r1mini/sungsik_ws/install/hrdp_beta_actions/include/hrdp_beta_actions/action/detail/face_detection__rosidl_typesupport_introspection_cpp.hpp
[4.216s] -- Up-to-date: /home/r1mini/sungsik_ws/install/hrdp_beta_actions/include/hrdp_beta_actions/action/detail/camera_rgb__rosidl_typesupport_introspection_cpp.hpp
[4.218s] -- Up-to-date: /home/r1mini/sungsik_ws/install/hrdp_beta_actions/include/hrdp_beta_actions/action/detail/face_detection__type_support.cpp
[4.220s] -- Up-to-date: /home/r1mini/sungsik_ws/install/hrdp_beta_actions/lib/libhrdp_beta_actions__rosidl_typesupport_introspection_cpp.so
[4.222s] -- Up-to-date: /home/r1mini/sungsik_ws/install/hrdp_beta_actions/lib/libhrdp_beta_actions__rosidl_typesupport_cpp.so
[4.224s] -- Up-to-date: /home/r1mini/sungsik_ws/install/hrdp_beta_actions/share/hrdp_beta_actions/environment/pythonpath.sh
[4.225s] -- Up-to-date: /home/r1mini/sungsik_ws/install/hrdp_beta_actions/share/hrdp_beta_actions/environment/pythonpath.dsv
[4.227s] -- Up-to-date: /home/r1mini/sungsik_ws/install/hrdp_beta_actions/lib/python3.8/site-packages/hrdp_beta_actions/__init__.py
[4.631s] -- Up-to-date: /home/r1mini/sungsik_ws/install/hrdp_beta_actions/lib/python3.8/site-packages/hrdp_beta_actions/action
[4.634s] -- Up-to-date: /home/r1mini/sungsik_ws/install/hrdp_beta_actions/lib/python3.8/site-packages/hrdp_beta_actions/action/_camera_rgb_s.c
[4.643s] -- Up-to-date: /home/r1mini/sungsik_ws/install/hrdp_beta_actions/lib/python3.8/site-packages/hrdp_beta_actions/action/_face_detection_s.c
[4.644s] -- Up-to-date: /home/r1mini/sungsik_ws/install/hrdp_beta_actions/lib/python3.8/site-packages/hrdp_beta_actions/action/__init__.py
[4.645s] -- Up-to-date: /home/r1mini/sungsik_ws/install/hrdp_beta_actions/lib/python3.8/site-packages/hrdp_beta_actions/action/_rgb_frame.py
[4.646s] -- Up-to-date: /home/r1mini/sungsik_ws/install/hrdp_beta_actions/lib/python3.8/site-packages/hrdp_beta_actions/action/_rgb_frame_s.c
[4.648s] -- Up-to-date: /home/r1mini/sungsik_ws/install/hrdp_beta_actions/lib/python3.8/site-packages/hrdp_beta_actions/action/_camera_rgb.py
[4.649s] -- Up-to-date: /home/r1mini/sungsik_ws/install/hrdp_beta_actions/lib/python3.8/site-packages/hrdp_beta_actions/action/_face_detection.py
[4.650s] -- Up-to-date: /home/r1mini/sungsik_ws/install/hrdp_beta_actions/lib/python3.8/site-packages/hrdp_beta_actions/hrdp_beta_actions_s__rosidl_typesupport_fastrtps_c.cpython-38-aarch64-linux-gnu.so
[4.656s] -- Up-to-date: /home/r1mini/sungsik_ws/install/hrdp_beta_actions/lib/python3.8/site-packages/hrdp_beta_actions/hrdp_beta_actions_s__rosidl_typesupport_introspection_c.cpython-38-aarch64-linux-gnu.so
[4.662s] -- Up-to-date: /home/r1mini/sungsik_ws/install/hrdp_beta_actions/lib/python3.8/site-packages/hrdp_beta_actions/hrdp_beta_actions_s__rosidl_typesupport_c.cpython-38-aarch64-linux-gnu.so
[4.666s] -- Up-to-date: /home/r1mini/sungsik_ws/install/hrdp_beta_actions/lib/libhrdp_beta_actions__python.so
[4.668s] -- Up-to-date: /home/r1mini/sungsik_ws/install/hrdp_beta_actions/share/hrdp_beta_actions/action/RGBFrame.idl
[4.670s] -- Up-to-date: /home/r1mini/sungsik_ws/install/hrdp_beta_actions/share/hrdp_beta_actions/action/FaceDetection.idl
[4.671s] -- Up-to-date: /home/r1mini/sungsik_ws/install/hrdp_beta_actions/share/hrdp_beta_actions/action/RGBFrame.action
[4.672s] -- Up-to-date: /home/r1mini/sungsik_ws/install/hrdp_beta_actions/share/hrdp_beta_actions/action/FaceDetection.action
[4.673s] -- Up-to-date: /home/r1mini/sungsik_ws/install/hrdp_beta_actions/share/ament_index/resource_index/package_run_dependencies/hrdp_beta_actions
[4.674s] -- Up-to-date: /home/r1mini/sungsik_ws/install/hrdp_beta_actions/share/ament_index/resource_index/parent_prefix_path/hrdp_beta_actions
[4.675s] -- Up-to-date: /home/r1mini/sungsik_ws/install/hrdp_beta_actions/share/hrdp_beta_actions/environment/ament_prefix_path.sh
[4.675s] -- Up-to-date: /home/r1mini/sungsik_ws/install/hrdp_beta_actions/share/hrdp_beta_actions/environment/ament_prefix_path.dsv
[4.676s] -- Up-to-date: /home/r1mini/sungsik_ws/install/hrdp_beta_actions/share/hrdp_beta_actions/environment/path.sh
[4.676s] -- Up-to-date: /home/r1mini/sungsik_ws/install/hrdp_beta_actions/share/hrdp_beta_actions/environment/path.dsv
[4.677s] -- Up-to-date: /home/r1mini/sungsik_ws/install/hrdp_beta_actions/share/hrdp_beta_actions/local_setup.bash
[4.678s] -- Up-to-date: /home/r1mini/sungsik_ws/install/hrdp_beta_actions/share/hrdp_beta_actions/local_setup.sh
[4.679s] -- Up-to-date: /home/r1mini/sungsik_ws/install/hrdp_beta_actions/share/hrdp_beta_actions/local_setup.zsh
[4.680s] -- Up-to-date: /home/r1mini/sungsik_ws/install/hrdp_beta_actions/share/hrdp_beta_actions/local_setup.dsv
[4.681s] -- Installing: /home/r1mini/sungsik_ws/install/hrdp_beta_actions/share/hrdp_beta_actions/package.dsv
[4.682s] -- Up-to-date: /home/r1mini/sungsik_ws/install/hrdp_beta_actions/share/ament_index/resource_index/packages/hrdp_beta_actions
[4.683s] -- Up-to-date: /home/r1mini/sungsik_ws/install/hrdp_beta_actions/share/hrdp_beta_actions/cmake/hrdp_beta_actions__rosidl_generator_cExport.cmake
[4.685s] -- Up-to-date: /home/r1mini/sungsik_ws/install/hrdp_beta_actions/share/hrdp_beta_actions/cmake/hrdp_beta_actions__rosidl_generator_cExport-noconfig.cmake
[4.688s] -- Up-to-date: /home/r1mini/sungsik_ws/install/hrdp_beta_actions/share/hrdp_beta_actions/cmake/hrdp_beta_actions__rosidl_typesupport_introspection_cExport.cmake
[4.689s] -- Up-to-date: /home/r1mini/sungsik_ws/install/hrdp_beta_actions/share/hrdp_beta_actions/cmake/hrdp_beta_actions__rosidl_typesupport_introspection_cExport-noconfig.cmake
[4.690s] -- Up-to-date: /home/r1mini/sungsik_ws/install/hrdp_beta_actions/share/hrdp_beta_actions/cmake/hrdp_beta_actions__rosidl_typesupport_cExport.cmake
[4.690s] -- Up-to-date: /home/r1mini/sungsik_ws/install/hrdp_beta_actions/share/hrdp_beta_actions/cmake/hrdp_beta_actions__rosidl_typesupport_cExport-noconfig.cmake
[4.691s] -- Up-to-date: /home/r1mini/sungsik_ws/install/hrdp_beta_actions/share/hrdp_beta_actions/cmake/hrdp_beta_actions__rosidl_generator_cppExport.cmake
[4.692s] -- Up-to-date: /home/r1mini/sungsik_ws/install/hrdp_beta_actions/share/hrdp_beta_actions/cmake/hrdp_beta_actions__rosidl_typesupport_introspection_cppExport.cmake
[4.693s] -- Up-to-date: /home/r1mini/sungsik_ws/install/hrdp_beta_actions/share/hrdp_beta_actions/cmake/hrdp_beta_actions__rosidl_typesupport_introspection_cppExport-noconfig.cmake
[4.695s] -- Up-to-date: /home/r1mini/sungsik_ws/install/hrdp_beta_actions/share/hrdp_beta_actions/cmake/hrdp_beta_actions__rosidl_typesupport_cppExport.cmake
[4.696s] -- Up-to-date: /home/r1mini/sungsik_ws/install/hrdp_beta_actions/share/hrdp_beta_actions/cmake/hrdp_beta_actions__rosidl_typesupport_cppExport-noconfig.cmake
[4.698s] -- Up-to-date: /home/r1mini/sungsik_ws/install/hrdp_beta_actions/share/hrdp_beta_actions/cmake/rosidl_cmake-extras.cmake
[4.699s] -- Up-to-date: /home/r1mini/sungsik_ws/install/hrdp_beta_actions/share/hrdp_beta_actions/cmake/ament_cmake_export_dependencies-extras.cmake
[4.701s] -- Up-to-date: /home/r1mini/sungsik_ws/install/hrdp_beta_actions/share/hrdp_beta_actions/cmake/ament_cmake_export_libraries-extras.cmake
[4.702s] -- Up-to-date: /home/r1mini/sungsik_ws/install/hrdp_beta_actions/share/hrdp_beta_actions/cmake/ament_cmake_export_targets-extras.cmake
[4.704s] -- Up-to-date: /home/r1mini/sungsik_ws/install/hrdp_beta_actions/share/hrdp_beta_actions/cmake/ament_cmake_export_include_directories-extras.cmake
[4.705s] -- Up-to-date: /home/r1mini/sungsik_ws/install/hrdp_beta_actions/share/hrdp_beta_actions/cmake/rosidl_cmake_export_typesupport_libraries-extras.cmake
[4.706s] -- Up-to-date: /home/r1mini/sungsik_ws/install/hrdp_beta_actions/share/hrdp_beta_actions/cmake/rosidl_cmake_export_typesupport_targets-extras.cmake
[4.707s] -- Up-to-date: /home/r1mini/sungsik_ws/install/hrdp_beta_actions/share/hrdp_beta_actions/cmake/hrdp_beta_actionsConfig.cmake
[4.708s] -- Up-to-date: /home/r1mini/sungsik_ws/install/hrdp_beta_actions/share/hrdp_beta_actions/cmake/hrdp_beta_actionsConfig-version.cmake
[4.710s] -- Up-to-date: /home/r1mini/sungsik_ws/install/hrdp_beta_actions/share/hrdp_beta_actions/package.xml
[4.753s] Invoked command in '/home/r1mini/sungsik_ws/build/hrdp_beta_actions' returned '0': CMAKE_PREFIX_PATH=${CMAKE_PREFIX_PATH}:/home/r1mini/ros2_ws/install/omo_r1mini_teleop:/home/r1mini/ros2_ws/install/omo_r1mini_bringup:/opt/ros/foxy /usr/bin/cmake --install /home/r1mini/sungsik_ws/build/hrdp_beta_actions
