[0.244s] Invoking command in '/home/r1mini/sungsik_ws/build/hrdp_beta_actions': CMAKE_PREFIX_PATH=${CMAKE_PREFIX_PATH}:/home/r1mini/ros2_ws/install/omo_r1mini_teleop:/home/r1mini/ros2_ws/install/omo_r1mini_bringup:/opt/ros/foxy /usr/bin/cmake --build /home/r1mini/sungsik_ws/build/hrdp_beta_actions -- -j4 -l4
[0.692s] [  9%] Built target hrdp_beta_actions__cpp
[0.703s] [ 12%] Built target hrdp_beta_actions__rosidl_generator_c
[0.942s] [ 22%] Built target hrdp_beta_actions__rosidl_typesupport_cpp
[1.087s] [ 32%] Built target hrdp_beta_actions__rosidl_typesupport_introspection_cpp
[1.187s] [ 41%] Built target hrdp_beta_actions__rosidl_typesupport_introspection_c
[1.231s] [ 51%] Built target hrdp_beta_actions__rosidl_typesupport_fastrtps_cpp
[1.295s] [ 61%] Built target hrdp_beta_actions__rosidl_typesupport_c
[1.491s] [ 70%] Built target hrdp_beta_actions__rosidl_typesupport_fastrtps_c
[1.699s] [ 70%] Built target hrdp_beta_actions
[1.890s] [ 74%] Built target hrdp_beta_actions__py
[2.108s] [ 80%] Built target hrdp_beta_actions__python
[2.327s] [100%] Built target hrdp_beta_actions__rosidl_typesupport_introspection_c__pyext
[2.328s] [100%] Built target hrdp_beta_actions__rosidl_typesupport_fastrtps_c__pyext
[2.330s] [100%] Built target hrdp_beta_actions__rosidl_typesupport_c__pyext
[2.426s] Invoked command in '/home/r1mini/sungsik_ws/build/hrdp_beta_actions' returned '0': CMAKE_PREFIX_PATH=${CMAKE_PREFIX_PATH}:/home/r1mini/ros2_ws/install/omo_r1mini_teleop:/home/r1mini/ros2_ws/install/omo_r1mini_bringup:/opt/ros/foxy /usr/bin/cmake --build /home/r1mini/sungsik_ws/build/hrdp_beta_actions -- -j4 -l4
[2.768s] Invoking command in '/home/r1mini/sungsik_ws/build/hrdp_beta_actions': CMAKE_PREFIX_PATH=${CMAKE_PREFIX_PATH}:/home/r1mini/ros2_ws/install/omo_r1mini_teleop:/home/r1mini/ros2_ws/install/omo_r1mini_bringup:/opt/ros/foxy /usr/bin/cmake --install /home/r1mini/sungsik_ws/build/hrdp_beta_actions
[2.835s] -- Install configuration: ""
[2.836s] -- Up-to-date: /home/r1mini/sungsik_ws/install/hrdp_beta_actions/share/ament_index/resource_index/rosidl_interfaces/hrdp_beta_actions
[2.837s] -- Up-to-date: /home/r1mini/sungsik_ws/install/hrdp_beta_actions/include/hrdp_beta_actions
[2.838s] -- Up-to-date: /home/r1mini/sungsik_ws/install/hrdp_beta_actions/include/hrdp_beta_actions/msg
[2.841s] -- Up-to-date: /home/r1mini/sungsik_ws/install/hrdp_beta_actions/include/hrdp_beta_actions/msg/rosidl_generator_c__visibility_control.h
[2.843s] -- Up-to-date: /home/r1mini/sungsik_ws/install/hrdp_beta_actions/include/hrdp_beta_actions/action
[2.846s] -- Up-to-date: /home/r1mini/sungsik_ws/install/hrdp_beta_actions/include/hrdp_beta_actions/action/detail
[2.848s] -- Up-to-date: /home/r1mini/sungsik_ws/install/hrdp_beta_actions/include/hrdp_beta_actions/action/detail/camera_rgb__type_support.h
[2.850s] -- Up-to-date: /home/r1mini/sungsik_ws/install/hrdp_beta_actions/include/hrdp_beta_actions/action/detail/camera_rgb__struct.h
[2.852s] -- Up-to-date: /home/r1mini/sungsik_ws/install/hrdp_beta_actions/include/hrdp_beta_actions/action/detail/camera_rgb__functions.h
[2.853s] -- Up-to-date: /home/r1mini/sungsik_ws/install/hrdp_beta_actions/include/hrdp_beta_actions/action/detail/camera_rgb__functions.c
[2.854s] -- Up-to-date: /home/r1mini/sungsik_ws/install/hrdp_beta_actions/include/hrdp_beta_actions/action/camera_rgb.h
[2.854s] -- Up-to-date: /home/r1mini/sungsik_ws/install/hrdp_beta_actions/share/hrdp_beta_actions/environment/library_path.sh
[2.855s] -- Up-to-date: /home/r1mini/sungsik_ws/install/hrdp_beta_actions/share/hrdp_beta_actions/environment/library_path.dsv
[2.856s] -- Up-to-date: /home/r1mini/sungsik_ws/install/hrdp_beta_actions/lib/libhrdp_beta_actions__rosidl_generator_c.so
[2.857s] -- Up-to-date: /home/r1mini/sungsik_ws/install/hrdp_beta_actions/include/hrdp_beta_actions
[2.858s] -- Up-to-date: /home/r1mini/sungsik_ws/install/hrdp_beta_actions/include/hrdp_beta_actions/msg
[2.859s] -- Up-to-date: /home/r1mini/sungsik_ws/install/hrdp_beta_actions/include/hrdp_beta_actions/msg/rosidl_typesupport_fastrtps_c__visibility_control.h
[2.859s] -- Up-to-date: /home/r1mini/sungsik_ws/install/hrdp_beta_actions/include/hrdp_beta_actions/action
[2.860s] -- Up-to-date: /home/r1mini/sungsik_ws/install/hrdp_beta_actions/include/hrdp_beta_actions/action/detail
[2.861s] -- Up-to-date: /home/r1mini/sungsik_ws/install/hrdp_beta_actions/include/hrdp_beta_actions/action/detail/camera_rgb__rosidl_typesupport_fastrtps_c.h
[2.862s] -- Up-to-date: /home/r1mini/sungsik_ws/install/hrdp_beta_actions/lib/libhrdp_beta_actions__rosidl_typesupport_fastrtps_c.so
[2.863s] -- Up-to-date: /home/r1mini/sungsik_ws/install/hrdp_beta_actions/include/hrdp_beta_actions
[2.865s] -- Up-to-date: /home/r1mini/sungsik_ws/install/hrdp_beta_actions/include/hrdp_beta_actions/msg
[2.866s] -- Up-to-date: /home/r1mini/sungsik_ws/install/hrdp_beta_actions/include/hrdp_beta_actions/msg/rosidl_typesupport_fastrtps_cpp__visibility_control.h
[2.867s] -- Up-to-date: /home/r1mini/sungsik_ws/install/hrdp_beta_actions/include/hrdp_beta_actions/action
[2.868s] -- Up-to-date: /home/r1mini/sungsik_ws/install/hrdp_beta_actions/include/hrdp_beta_actions/action/detail
[2.868s] -- Up-to-date: /home/r1mini/sungsik_ws/install/hrdp_beta_actions/include/hrdp_beta_actions/action/detail/camera_rgb__rosidl_typesupport_fastrtps_cpp.hpp
[2.869s] -- Up-to-date: /home/r1mini/sungsik_ws/install/hrdp_beta_actions/include/hrdp_beta_actions/action/detail/dds_fastrtps
[2.870s] -- Up-to-date: /home/r1mini/sungsik_ws/install/hrdp_beta_actions/lib/libhrdp_beta_actions__rosidl_typesupport_fastrtps_cpp.so
[2.870s] -- Up-to-date: /home/r1mini/sungsik_ws/install/hrdp_beta_actions/include/hrdp_beta_actions
[2.871s] -- Up-to-date: /home/r1mini/sungsik_ws/install/hrdp_beta_actions/include/hrdp_beta_actions/msg
[2.871s] -- Up-to-date: /home/r1mini/sungsik_ws/install/hrdp_beta_actions/include/hrdp_beta_actions/msg/rosidl_typesupport_introspection_c__visibility_control.h
[2.872s] -- Up-to-date: /home/r1mini/sungsik_ws/install/hrdp_beta_actions/include/hrdp_beta_actions/action
[2.872s] -- Up-to-date: /home/r1mini/sungsik_ws/install/hrdp_beta_actions/include/hrdp_beta_actions/action/detail
[2.873s] -- Up-to-date: /home/r1mini/sungsik_ws/install/hrdp_beta_actions/include/hrdp_beta_actions/action/detail/camera_rgb__rosidl_typesupport_introspection_c.h
[2.874s] -- Up-to-date: /home/r1mini/sungsik_ws/install/hrdp_beta_actions/include/hrdp_beta_actions/action/detail/camera_rgb__type_support.c
[2.875s] -- Up-to-date: /home/r1mini/sungsik_ws/install/hrdp_beta_actions/lib/libhrdp_beta_actions__rosidl_typesupport_introspection_c.so
[2.875s] -- Up-to-date: /home/r1mini/sungsik_ws/install/hrdp_beta_actions/lib/libhrdp_beta_actions__rosidl_typesupport_c.so
[2.876s] -- Up-to-date: /home/r1mini/sungsik_ws/install/hrdp_beta_actions/include/hrdp_beta_actions
[2.879s] -- Up-to-date: /home/r1mini/sungsik_ws/install/hrdp_beta_actions/include/hrdp_beta_actions/action
[2.880s] -- Up-to-date: /home/r1mini/sungsik_ws/install/hrdp_beta_actions/include/hrdp_beta_actions/action/detail
[2.881s] -- Up-to-date: /home/r1mini/sungsik_ws/install/hrdp_beta_actions/include/hrdp_beta_actions/action/detail/camera_rgb__struct.hpp
[2.882s] -- Up-to-date: /home/r1mini/sungsik_ws/install/hrdp_beta_actions/include/hrdp_beta_actions/action/detail/camera_rgb__builder.hpp
[2.883s] -- Up-to-date: /home/r1mini/sungsik_ws/install/hrdp_beta_actions/include/hrdp_beta_actions/action/detail/camera_rgb__traits.hpp
[2.883s] -- Up-to-date: /home/r1mini/sungsik_ws/install/hrdp_beta_actions/include/hrdp_beta_actions/action/camera_rgb.hpp
[2.884s] -- Up-to-date: /home/r1mini/sungsik_ws/install/hrdp_beta_actions/include/hrdp_beta_actions
[2.885s] -- Up-to-date: /home/r1mini/sungsik_ws/install/hrdp_beta_actions/include/hrdp_beta_actions/action
[2.885s] -- Up-to-date: /home/r1mini/sungsik_ws/install/hrdp_beta_actions/include/hrdp_beta_actions/action/detail
[2.886s] -- Up-to-date: /home/r1mini/sungsik_ws/install/hrdp_beta_actions/include/hrdp_beta_actions/action/detail/camera_rgb__type_support.cpp
[2.887s] -- Up-to-date: /home/r1mini/sungsik_ws/install/hrdp_beta_actions/include/hrdp_beta_actions/action/detail/camera_rgb__rosidl_typesupport_introspection_cpp.hpp
[2.887s] -- Up-to-date: /home/r1mini/sungsik_ws/install/hrdp_beta_actions/lib/libhrdp_beta_actions__rosidl_typesupport_introspection_cpp.so
[2.888s] -- Up-to-date: /home/r1mini/sungsik_ws/install/hrdp_beta_actions/lib/libhrdp_beta_actions__rosidl_typesupport_cpp.so
[2.889s] -- Up-to-date: /home/r1mini/sungsik_ws/install/hrdp_beta_actions/share/hrdp_beta_actions/environment/pythonpath.sh
[2.889s] -- Up-to-date: /home/r1mini/sungsik_ws/install/hrdp_beta_actions/share/hrdp_beta_actions/environment/pythonpath.dsv
[2.890s] -- Up-to-date: /home/r1mini/sungsik_ws/install/hrdp_beta_actions/lib/python3.8/site-packages/hrdp_beta_actions/__init__.py
[3.196s] -- Up-to-date: /home/r1mini/sungsik_ws/install/hrdp_beta_actions/lib/python3.8/site-packages/hrdp_beta_actions/action
[3.198s] -- Up-to-date: /home/r1mini/sungsik_ws/install/hrdp_beta_actions/lib/python3.8/site-packages/hrdp_beta_actions/action/_camera_rgb_s.c
[3.199s] -- Up-to-date: /home/r1mini/sungsik_ws/install/hrdp_beta_actions/lib/python3.8/site-packages/hrdp_beta_actions/action/__init__.py
[3.200s] -- Up-to-date: /home/r1mini/sungsik_ws/install/hrdp_beta_actions/lib/python3.8/site-packages/hrdp_beta_actions/action/_camera_rgb.py
[3.202s] -- Up-to-date: /home/r1mini/sungsik_ws/install/hrdp_beta_actions/lib/python3.8/site-packages/hrdp_beta_actions/hrdp_beta_actions_s__rosidl_typesupport_fastrtps_c.cpython-38-aarch64-linux-gnu.so
[3.204s] -- Up-to-date: /home/r1mini/sungsik_ws/install/hrdp_beta_actions/lib/python3.8/site-packages/hrdp_beta_actions/hrdp_beta_actions_s__rosidl_typesupport_introspection_c.cpython-38-aarch64-linux-gnu.so
[3.205s] -- Up-to-date: /home/r1mini/sungsik_ws/install/hrdp_beta_actions/lib/python3.8/site-packages/hrdp_beta_actions/hrdp_beta_actions_s__rosidl_typesupport_c.cpython-38-aarch64-linux-gnu.so
[3.206s] -- Up-to-date: /home/r1mini/sungsik_ws/install/hrdp_beta_actions/lib/libhrdp_beta_actions__python.so
[3.207s] -- Up-to-date: /home/r1mini/sungsik_ws/install/hrdp_beta_actions/share/hrdp_beta_actions/action/CameraRGB.idl
[3.208s] -- Up-to-date: /home/r1mini/sungsik_ws/install/hrdp_beta_actions/share/hrdp_beta_actions/action/CameraRGB.action
[3.209s] -- Up-to-date: /home/r1mini/sungsik_ws/install/hrdp_beta_actions/share/ament_index/resource_index/package_run_dependencies/hrdp_beta_actions
[3.210s] -- Up-to-date: /home/r1mini/sungsik_ws/install/hrdp_beta_actions/share/ament_index/resource_index/parent_prefix_path/hrdp_beta_actions
[3.211s] -- Up-to-date: /home/r1mini/sungsik_ws/install/hrdp_beta_actions/share/hrdp_beta_actions/environment/ament_prefix_path.sh
[3.212s] -- Up-to-date: /home/r1mini/sungsik_ws/install/hrdp_beta_actions/share/hrdp_beta_actions/environment/ament_prefix_path.dsv
[3.213s] -- Up-to-date: /home/r1mini/sungsik_ws/install/hrdp_beta_actions/share/hrdp_beta_actions/environment/path.sh
[3.215s] -- Up-to-date: /home/r1mini/sungsik_ws/install/hrdp_beta_actions/share/hrdp_beta_actions/environment/path.dsv
[3.216s] -- Up-to-date: /home/r1mini/sungsik_ws/install/hrdp_beta_actions/share/hrdp_beta_actions/local_setup.bash
[3.216s] -- Up-to-date: /home/r1mini/sungsik_ws/install/hrdp_beta_actions/share/hrdp_beta_actions/local_setup.sh
[3.217s] -- Up-to-date: /home/r1mini/sungsik_ws/install/hrdp_beta_actions/share/hrdp_beta_actions/local_setup.zsh
[3.218s] -- Up-to-date: /home/r1mini/sungsik_ws/install/hrdp_beta_actions/share/hrdp_beta_actions/local_setup.dsv
[3.218s] -- Installing: /home/r1mini/sungsik_ws/install/hrdp_beta_actions/share/hrdp_beta_actions/package.dsv
[3.219s] -- Up-to-date: /home/r1mini/sungsik_ws/install/hrdp_beta_actions/share/ament_index/resource_index/packages/hrdp_beta_actions
[3.220s] -- Up-to-date: /home/r1mini/sungsik_ws/install/hrdp_beta_actions/share/hrdp_beta_actions/cmake/hrdp_beta_actions__rosidl_generator_cExport.cmake
[3.220s] -- Up-to-date: /home/r1mini/sungsik_ws/install/hrdp_beta_actions/share/hrdp_beta_actions/cmake/hrdp_beta_actions__rosidl_generator_cExport-noconfig.cmake
[3.221s] -- Up-to-date: /home/r1mini/sungsik_ws/install/hrdp_beta_actions/share/hrdp_beta_actions/cmake/hrdp_beta_actions__rosidl_typesupport_introspection_cExport.cmake
[3.221s] -- Up-to-date: /home/r1mini/sungsik_ws/install/hrdp_beta_actions/share/hrdp_beta_actions/cmake/hrdp_beta_actions__rosidl_typesupport_introspection_cExport-noconfig.cmake
[3.222s] -- Up-to-date: /home/r1mini/sungsik_ws/install/hrdp_beta_actions/share/hrdp_beta_actions/cmake/hrdp_beta_actions__rosidl_typesupport_cExport.cmake
[3.223s] -- Up-to-date: /home/r1mini/sungsik_ws/install/hrdp_beta_actions/share/hrdp_beta_actions/cmake/hrdp_beta_actions__rosidl_typesupport_cExport-noconfig.cmake
[3.223s] -- Up-to-date: /home/r1mini/sungsik_ws/install/hrdp_beta_actions/share/hrdp_beta_actions/cmake/hrdp_beta_actions__rosidl_generator_cppExport.cmake
[3.224s] -- Up-to-date: /home/r1mini/sungsik_ws/install/hrdp_beta_actions/share/hrdp_beta_actions/cmake/hrdp_beta_actions__rosidl_typesupport_introspection_cppExport.cmake
[3.224s] -- Up-to-date: /home/r1mini/sungsik_ws/install/hrdp_beta_actions/share/hrdp_beta_actions/cmake/hrdp_beta_actions__rosidl_typesupport_introspection_cppExport-noconfig.cmake
[3.225s] -- Up-to-date: /home/r1mini/sungsik_ws/install/hrdp_beta_actions/share/hrdp_beta_actions/cmake/hrdp_beta_actions__rosidl_typesupport_cppExport.cmake
[3.226s] -- Up-to-date: /home/r1mini/sungsik_ws/install/hrdp_beta_actions/share/hrdp_beta_actions/cmake/hrdp_beta_actions__rosidl_typesupport_cppExport-noconfig.cmake
[3.227s] -- Up-to-date: /home/r1mini/sungsik_ws/install/hrdp_beta_actions/share/hrdp_beta_actions/cmake/rosidl_cmake-extras.cmake
[3.228s] -- Up-to-date: /home/r1mini/sungsik_ws/install/hrdp_beta_actions/share/hrdp_beta_actions/cmake/ament_cmake_export_dependencies-extras.cmake
[3.229s] -- Up-to-date: /home/r1mini/sungsik_ws/install/hrdp_beta_actions/share/hrdp_beta_actions/cmake/ament_cmake_export_libraries-extras.cmake
[3.230s] -- Up-to-date: /home/r1mini/sungsik_ws/install/hrdp_beta_actions/share/hrdp_beta_actions/cmake/ament_cmake_export_targets-extras.cmake
[3.230s] -- Up-to-date: /home/r1mini/sungsik_ws/install/hrdp_beta_actions/share/hrdp_beta_actions/cmake/ament_cmake_export_include_directories-extras.cmake
[3.231s] -- Up-to-date: /home/r1mini/sungsik_ws/install/hrdp_beta_actions/share/hrdp_beta_actions/cmake/rosidl_cmake_export_typesupport_libraries-extras.cmake
[3.232s] -- Up-to-date: /home/r1mini/sungsik_ws/install/hrdp_beta_actions/share/hrdp_beta_actions/cmake/rosidl_cmake_export_typesupport_targets-extras.cmake
[3.232s] -- Up-to-date: /home/r1mini/sungsik_ws/install/hrdp_beta_actions/share/hrdp_beta_actions/cmake/hrdp_beta_actionsConfig.cmake
[3.233s] -- Up-to-date: /home/r1mini/sungsik_ws/install/hrdp_beta_actions/share/hrdp_beta_actions/cmake/hrdp_beta_actionsConfig-version.cmake
[3.234s] -- Up-to-date: /home/r1mini/sungsik_ws/install/hrdp_beta_actions/share/hrdp_beta_actions/package.xml
[3.252s] Invoked command in '/home/r1mini/sungsik_ws/build/hrdp_beta_actions' returned '0': CMAKE_PREFIX_PATH=${CMAKE_PREFIX_PATH}:/home/r1mini/ros2_ws/install/omo_r1mini_teleop:/home/r1mini/ros2_ws/install/omo_r1mini_bringup:/opt/ros/foxy /usr/bin/cmake --install /home/r1mini/sungsik_ws/build/hrdp_beta_actions
