[1.738s] DEBUG:colcon:Command line arguments: ['/usr/bin/colcon', 'build', '--symlink-install', '--packages-select', 'hrdp_perception_beta']
[1.739s] DEBUG:colcon:Parsed command line arguments: Namespace(allow_overriding=[], ament_cmake_args=None, base_paths=['.'], build_base='build', catkin_cmake_args=None, catkin_skip_building_tests=False, cmake_args=None, cmake_clean_cache=False, cmake_clean_first=False, cmake_force_configure=False, cmake_target=None, cmake_target_skip_unavailable=False, continue_on_error=False, event_handlers=None, executor='parallel', ignore_user_meta=False, install_base='install', log_base=None, log_level=None, main=<bound method BuildVerb.main of <colcon_core.verb.build.BuildVerb object at 0x7fb37df0a0>>, merge_install=False, metas=['./colcon.meta'], packages_above=None, packages_above_and_dependencies=None, packages_above_depth=None, packages_end=None, packages_ignore=None, packages_ignore_regex=None, packages_select=['hrdp_perception_beta'], packages_select_build_failed=False, packages_select_by_dep=None, packages_select_regex=None, packages_select_test_failures=False, packages_skip=None, packages_skip_build_finished=False, packages_skip_by_dep=None, packages_skip_regex=None, packages_skip_test_passed=False, packages_skip_up_to=None, packages_start=None, packages_up_to=None, packages_up_to_regex=None, parallel_workers=4, paths=None, symlink_install=True, test_result_base=None, verb_extension=<colcon_core.verb.build.BuildVerb object at 0x7fb37df0a0>, verb_name='build', verb_parser=<colcon_defaults.argument_parser.defaults.DefaultArgumentsDecorator object at 0x7fb37df5e0>)
[2.215s] Level 1:colcon.colcon_core.package_discovery:discover_packages(colcon_meta) check parameters
[2.216s] Level 1:colcon.colcon_core.package_discovery:discover_packages(recursive) check parameters
[2.217s] Level 1:colcon.colcon_core.package_discovery:discover_packages(ignore) check parameters
[2.217s] Level 1:colcon.colcon_core.package_discovery:discover_packages(path) check parameters
[2.217s] Level 1:colcon.colcon_core.package_discovery:discover_packages(colcon_meta) discover
[2.218s] Level 1:colcon.colcon_core.package_discovery:discover_packages(recursive) discover
[2.219s] INFO:colcon.colcon_core.package_discovery:Crawling recursively for packages in '/home/r1mini/sungsik_ws'
[2.220s] Level 1:colcon.colcon_core.package_identification:_identify(.) by extensions ['ignore', 'ignore_ament_install']
[2.221s] Level 1:colcon.colcon_core.package_identification:_identify(.) by extension 'ignore'
[2.221s] Level 1:colcon.colcon_core.package_identification:_identify(.) by extension 'ignore_ament_install'
[2.222s] Level 1:colcon.colcon_core.package_identification:_identify(.) by extensions ['colcon_pkg']
[2.222s] Level 1:colcon.colcon_core.package_identification:_identify(.) by extension 'colcon_pkg'
[2.222s] Level 1:colcon.colcon_core.package_identification:_identify(.) by extensions ['colcon_meta']
[2.223s] Level 1:colcon.colcon_core.package_identification:_identify(.) by extension 'colcon_meta'
[2.223s] Level 1:colcon.colcon_core.package_identification:_identify(.) by extensions ['ros']
[2.223s] Level 1:colcon.colcon_core.package_identification:_identify(.) by extension 'ros'
[2.351s] Level 1:colcon.colcon_core.package_identification:_identify(.) by extensions ['cmake', 'python']
[2.353s] Level 1:colcon.colcon_core.package_identification:_identify(.) by extension 'cmake'
[2.356s] Level 1:colcon.colcon_core.package_identification:_identify(.) by extension 'python'
[2.358s] Level 1:colcon.colcon_core.package_identification:_identify(.) by extensions ['python_setup_py']
[2.360s] Level 1:colcon.colcon_core.package_identification:_identify(.) by extension 'python_setup_py'
[2.362s] Level 1:colcon.colcon_core.package_identification:_identify(build) by extensions ['ignore', 'ignore_ament_install']
[2.364s] Level 1:colcon.colcon_core.package_identification:_identify(build) by extension 'ignore'
[2.366s] Level 1:colcon.colcon_core.package_identification:_identify(build) ignored
[2.368s] Level 1:colcon.colcon_core.package_identification:_identify(install) by extensions ['ignore', 'ignore_ament_install']
[2.370s] Level 1:colcon.colcon_core.package_identification:_identify(install) by extension 'ignore'
[2.372s] Level 1:colcon.colcon_core.package_identification:_identify(install) ignored
[2.374s] Level 1:colcon.colcon_core.package_identification:_identify(log) by extensions ['ignore', 'ignore_ament_install']
[2.377s] Level 1:colcon.colcon_core.package_identification:_identify(log) by extension 'ignore'
[2.378s] Level 1:colcon.colcon_core.package_identification:_identify(log) ignored
[2.380s] Level 1:colcon.colcon_core.package_identification:_identify(src) by extensions ['ignore', 'ignore_ament_install']
[2.382s] Level 1:colcon.colcon_core.package_identification:_identify(src) by extension 'ignore'
[2.384s] Level 1:colcon.colcon_core.package_identification:_identify(src) by extension 'ignore_ament_install'
[2.386s] Level 1:colcon.colcon_core.package_identification:_identify(src) by extensions ['colcon_pkg']
[2.387s] Level 1:colcon.colcon_core.package_identification:_identify(src) by extension 'colcon_pkg'
[2.388s] Level 1:colcon.colcon_core.package_identification:_identify(src) by extensions ['colcon_meta']
[2.389s] Level 1:colcon.colcon_core.package_identification:_identify(src) by extension 'colcon_meta'
[2.390s] Level 1:colcon.colcon_core.package_identification:_identify(src) by extensions ['ros']
[2.391s] Level 1:colcon.colcon_core.package_identification:_identify(src) by extension 'ros'
[2.394s] Level 1:colcon.colcon_core.package_identification:_identify(src) by extensions ['cmake', 'python']
[2.395s] Level 1:colcon.colcon_core.package_identification:_identify(src) by extension 'cmake'
[2.396s] Level 1:colcon.colcon_core.package_identification:_identify(src) by extension 'python'
[2.398s] Level 1:colcon.colcon_core.package_identification:_identify(src) by extensions ['python_setup_py']
[2.399s] Level 1:colcon.colcon_core.package_identification:_identify(src) by extension 'python_setup_py'
[2.401s] Level 1:colcon.colcon_core.package_identification:_identify(src/hrdp_actuators) by extensions ['ignore', 'ignore_ament_install']
[2.403s] Level 1:colcon.colcon_core.package_identification:_identify(src/hrdp_actuators) by extension 'ignore'
[2.405s] Level 1:colcon.colcon_core.package_identification:_identify(src/hrdp_actuators) by extension 'ignore_ament_install'
[2.407s] Level 1:colcon.colcon_core.package_identification:_identify(src/hrdp_actuators) by extensions ['colcon_pkg']
[2.409s] Level 1:colcon.colcon_core.package_identification:_identify(src/hrdp_actuators) by extension 'colcon_pkg'
[2.410s] Level 1:colcon.colcon_core.package_identification:_identify(src/hrdp_actuators) by extensions ['colcon_meta']
[2.411s] Level 1:colcon.colcon_core.package_identification:_identify(src/hrdp_actuators) by extension 'colcon_meta'
[2.413s] Level 1:colcon.colcon_core.package_identification:_identify(src/hrdp_actuators) by extensions ['ros']
[2.414s] Level 1:colcon.colcon_core.package_identification:_identify(src/hrdp_actuators) by extension 'ros'
[2.505s] DEBUG:colcon.colcon_core.package_identification:Package 'src/hrdp_actuators' with type 'ros.ament_cmake' and name 'hrdp_actuators'
[2.513s] Level 1:colcon.colcon_core.package_identification:_identify(src/hrdp_beta_actions) by extensions ['ignore', 'ignore_ament_install']
[2.518s] Level 1:colcon.colcon_core.package_identification:_identify(src/hrdp_beta_actions) by extension 'ignore'
[2.521s] Level 1:colcon.colcon_core.package_identification:_identify(src/hrdp_beta_actions) by extension 'ignore_ament_install'
[2.523s] Level 1:colcon.colcon_core.package_identification:_identify(src/hrdp_beta_actions) by extensions ['colcon_pkg']
[2.524s] Level 1:colcon.colcon_core.package_identification:_identify(src/hrdp_beta_actions) by extension 'colcon_pkg'
[2.527s] Level 1:colcon.colcon_core.package_identification:_identify(src/hrdp_beta_actions) by extensions ['colcon_meta']
[2.528s] Level 1:colcon.colcon_core.package_identification:_identify(src/hrdp_beta_actions) by extension 'colcon_meta'
[2.529s] Level 1:colcon.colcon_core.package_identification:_identify(src/hrdp_beta_actions) by extensions ['ros']
[2.530s] Level 1:colcon.colcon_core.package_identification:_identify(src/hrdp_beta_actions) by extension 'ros'
[2.544s] DEBUG:colcon.colcon_core.package_identification:Package 'src/hrdp_beta_actions' with type 'ros.ament_cmake' and name 'hrdp_beta_actions'
[2.546s] Level 1:colcon.colcon_core.package_identification:_identify(src/hrdp_beta_perception) by extensions ['ignore', 'ignore_ament_install']
[2.548s] Level 1:colcon.colcon_core.package_identification:_identify(src/hrdp_beta_perception) by extension 'ignore'
[2.549s] Level 1:colcon.colcon_core.package_identification:_identify(src/hrdp_beta_perception) by extension 'ignore_ament_install'
[2.550s] Level 1:colcon.colcon_core.package_identification:_identify(src/hrdp_beta_perception) by extensions ['colcon_pkg']
[2.551s] Level 1:colcon.colcon_core.package_identification:_identify(src/hrdp_beta_perception) by extension 'colcon_pkg'
[2.552s] Level 1:colcon.colcon_core.package_identification:_identify(src/hrdp_beta_perception) by extensions ['colcon_meta']
[2.552s] Level 1:colcon.colcon_core.package_identification:_identify(src/hrdp_beta_perception) by extension 'colcon_meta'
[2.553s] Level 1:colcon.colcon_core.package_identification:_identify(src/hrdp_beta_perception) by extensions ['ros']
[2.553s] Level 1:colcon.colcon_core.package_identification:_identify(src/hrdp_beta_perception) by extension 'ros'
[2.559s] DEBUG:colcon.colcon_core.package_identification:Package 'src/hrdp_beta_perception' with type 'ros.ament_python' and name 'hrdp_beta_perception'
[2.561s] Level 1:colcon.colcon_core.package_identification:_identify(src/hrdp_human_interfaces) by extensions ['ignore', 'ignore_ament_install']
[2.563s] Level 1:colcon.colcon_core.package_identification:_identify(src/hrdp_human_interfaces) by extension 'ignore'
[2.565s] Level 1:colcon.colcon_core.package_identification:_identify(src/hrdp_human_interfaces) by extension 'ignore_ament_install'
[2.566s] Level 1:colcon.colcon_core.package_identification:_identify(src/hrdp_human_interfaces) by extensions ['colcon_pkg']
[2.567s] Level 1:colcon.colcon_core.package_identification:_identify(src/hrdp_human_interfaces) by extension 'colcon_pkg'
[2.568s] Level 1:colcon.colcon_core.package_identification:_identify(src/hrdp_human_interfaces) by extensions ['colcon_meta']
[2.569s] Level 1:colcon.colcon_core.package_identification:_identify(src/hrdp_human_interfaces) by extension 'colcon_meta'
[2.570s] Level 1:colcon.colcon_core.package_identification:_identify(src/hrdp_human_interfaces) by extensions ['ros']
[2.572s] Level 1:colcon.colcon_core.package_identification:_identify(src/hrdp_human_interfaces) by extension 'ros'
[2.586s] DEBUG:colcon.colcon_core.package_identification:Package 'src/hrdp_human_interfaces' with type 'ros.ament_cmake' and name 'hrdp_human_interfaces'
[2.589s] Level 1:colcon.colcon_core.package_identification:_identify(src/hrdp_perception) by extensions ['ignore', 'ignore_ament_install']
[2.592s] Level 1:colcon.colcon_core.package_identification:_identify(src/hrdp_perception) by extension 'ignore'
[2.594s] Level 1:colcon.colcon_core.package_identification:_identify(src/hrdp_perception) by extension 'ignore_ament_install'
[2.596s] Level 1:colcon.colcon_core.package_identification:_identify(src/hrdp_perception) by extensions ['colcon_pkg']
[2.597s] Level 1:colcon.colcon_core.package_identification:_identify(src/hrdp_perception) by extension 'colcon_pkg'
[2.598s] Level 1:colcon.colcon_core.package_identification:_identify(src/hrdp_perception) by extensions ['colcon_meta']
[2.598s] Level 1:colcon.colcon_core.package_identification:_identify(src/hrdp_perception) by extension 'colcon_meta'
[2.600s] Level 1:colcon.colcon_core.package_identification:_identify(src/hrdp_perception) by extensions ['ros']
[2.600s] Level 1:colcon.colcon_core.package_identification:_identify(src/hrdp_perception) by extension 'ros'
[2.612s] DEBUG:colcon.colcon_core.package_identification:Package 'src/hrdp_perception' with type 'ros.ament_cmake' and name 'hrdp_perception'
[2.636s] Level 1:colcon.colcon_core.package_identification:_identify(src/hrdp_perception_beta) by extensions ['ignore', 'ignore_ament_install']
[2.638s] Level 1:colcon.colcon_core.package_identification:_identify(src/hrdp_perception_beta) by extension 'ignore'
[2.639s] Level 1:colcon.colcon_core.package_identification:_identify(src/hrdp_perception_beta) by extension 'ignore_ament_install'
[2.640s] Level 1:colcon.colcon_core.package_identification:_identify(src/hrdp_perception_beta) by extensions ['colcon_pkg']
[2.641s] Level 1:colcon.colcon_core.package_identification:_identify(src/hrdp_perception_beta) by extension 'colcon_pkg'
[2.642s] Level 1:colcon.colcon_core.package_identification:_identify(src/hrdp_perception_beta) by extensions ['colcon_meta']
[2.643s] Level 1:colcon.colcon_core.package_identification:_identify(src/hrdp_perception_beta) by extension 'colcon_meta'
[2.644s] Level 1:colcon.colcon_core.package_identification:_identify(src/hrdp_perception_beta) by extensions ['ros']
[2.645s] Level 1:colcon.colcon_core.package_identification:_identify(src/hrdp_perception_beta) by extension 'ros'
[2.670s] DEBUG:colcon.colcon_core.package_identification:Package 'src/hrdp_perception_beta' with type 'ros.ament_python' and name 'hrdp_perception_beta'
[2.680s] Level 1:colcon.colcon_core.package_identification:_identify(src/hrdp_sensors) by extensions ['ignore', 'ignore_ament_install']
[2.682s] Level 1:colcon.colcon_core.package_identification:_identify(src/hrdp_sensors) by extension 'ignore'
[2.684s] Level 1:colcon.colcon_core.package_identification:_identify(src/hrdp_sensors) by extension 'ignore_ament_install'
[2.686s] Level 1:colcon.colcon_core.package_identification:_identify(src/hrdp_sensors) by extensions ['colcon_pkg']
[2.694s] Level 1:colcon.colcon_core.package_identification:_identify(src/hrdp_sensors) by extension 'colcon_pkg'
[2.696s] Level 1:colcon.colcon_core.package_identification:_identify(src/hrdp_sensors) by extensions ['colcon_meta']
[2.698s] Level 1:colcon.colcon_core.package_identification:_identify(src/hrdp_sensors) by extension 'colcon_meta'
[2.699s] Level 1:colcon.colcon_core.package_identification:_identify(src/hrdp_sensors) by extensions ['ros']
[2.700s] Level 1:colcon.colcon_core.package_identification:_identify(src/hrdp_sensors) by extension 'ros'
[2.711s] DEBUG:colcon.colcon_core.package_identification:Package 'src/hrdp_sensors' with type 'ros.ament_cmake' and name 'hrdp_sensors'
[2.721s] Level 1:colcon.colcon_core.package_identification:_identify(src/my_cpp_py_pkg) by extensions ['ignore', 'ignore_ament_install']
[2.724s] Level 1:colcon.colcon_core.package_identification:_identify(src/my_cpp_py_pkg) by extension 'ignore'
[2.732s] Level 1:colcon.colcon_core.package_identification:_identify(src/my_cpp_py_pkg) by extension 'ignore_ament_install'
[2.734s] Level 1:colcon.colcon_core.package_identification:_identify(src/my_cpp_py_pkg) by extensions ['colcon_pkg']
[2.734s] Level 1:colcon.colcon_core.package_identification:_identify(src/my_cpp_py_pkg) by extension 'colcon_pkg'
[2.736s] Level 1:colcon.colcon_core.package_identification:_identify(src/my_cpp_py_pkg) by extensions ['colcon_meta']
[2.736s] Level 1:colcon.colcon_core.package_identification:_identify(src/my_cpp_py_pkg) by extension 'colcon_meta'
[2.737s] Level 1:colcon.colcon_core.package_identification:_identify(src/my_cpp_py_pkg) by extensions ['ros']
[2.738s] Level 1:colcon.colcon_core.package_identification:_identify(src/my_cpp_py_pkg) by extension 'ros'
[2.766s] DEBUG:colcon.colcon_core.package_identification:Package 'src/my_cpp_py_pkg' with type 'ros.ament_cmake' and name 'my_cpp_py_pkg'
[2.768s] Level 1:colcon.colcon_core.package_identification:_identify(src/py_pubsub) by extensions ['ignore', 'ignore_ament_install']
[2.770s] Level 1:colcon.colcon_core.package_identification:_identify(src/py_pubsub) by extension 'ignore'
[2.771s] Level 1:colcon.colcon_core.package_identification:_identify(src/py_pubsub) by extension 'ignore_ament_install'
[2.772s] Level 1:colcon.colcon_core.package_identification:_identify(src/py_pubsub) by extensions ['colcon_pkg']
[2.773s] Level 1:colcon.colcon_core.package_identification:_identify(src/py_pubsub) by extension 'colcon_pkg'
[2.774s] Level 1:colcon.colcon_core.package_identification:_identify(src/py_pubsub) by extensions ['colcon_meta']
[2.776s] Level 1:colcon.colcon_core.package_identification:_identify(src/py_pubsub) by extension 'colcon_meta'
[2.777s] Level 1:colcon.colcon_core.package_identification:_identify(src/py_pubsub) by extensions ['ros']
[2.778s] Level 1:colcon.colcon_core.package_identification:_identify(src/py_pubsub) by extension 'ros'
[2.790s] DEBUG:colcon.colcon_core.package_identification:Package 'src/py_pubsub' with type 'ros.ament_python' and name 'py_pubsub'
[2.793s] Level 1:colcon.colcon_core.package_discovery:discover_packages(recursive) using defaults
[2.797s] Level 1:colcon.colcon_core.package_discovery:discover_packages(ignore) discover
[2.801s] Level 1:colcon.colcon_core.package_discovery:discover_packages(ignore) using defaults
[2.807s] Level 1:colcon.colcon_core.package_discovery:discover_packages(path) discover
[2.809s] Level 1:colcon.colcon_core.package_discovery:discover_packages(path) using defaults
[3.263s] INFO:colcon.colcon_core.package_selection:Skipping not selected package 'hrdp_actuators' in 'src/hrdp_actuators'
[3.264s] INFO:colcon.colcon_core.package_selection:Skipping not selected package 'hrdp_beta_actions' in 'src/hrdp_beta_actions'
[3.265s] INFO:colcon.colcon_core.package_selection:Skipping not selected package 'hrdp_human_interfaces' in 'src/hrdp_human_interfaces'
[3.266s] INFO:colcon.colcon_core.package_selection:Skipping not selected package 'hrdp_sensors' in 'src/hrdp_sensors'
[3.266s] INFO:colcon.colcon_core.package_selection:Skipping not selected package 'my_cpp_py_pkg' in 'src/my_cpp_py_pkg'
[3.267s] INFO:colcon.colcon_core.package_selection:Skipping not selected package 'py_pubsub' in 'src/py_pubsub'
[3.268s] INFO:colcon.colcon_core.package_selection:Skipping not selected package 'hrdp_beta_perception' in 'src/hrdp_beta_perception'
[3.270s] INFO:colcon.colcon_core.package_selection:Skipping not selected package 'hrdp_perception' in 'src/hrdp_perception'
[3.322s] Level 1:colcon.colcon_core.package_discovery:discover_packages(prefix_path) check parameters
[3.324s] Level 1:colcon.colcon_core.package_discovery:discover_packages(prefix_path) discover
[3.481s] DEBUG:colcon.colcon_installed_package_information.package_discovery:Found 10 installed packages in /home/r1mini/sungsik_ws/install
[3.520s] DEBUG:colcon.colcon_installed_package_information.package_discovery:Found 9 installed packages in /home/r1mini/ros2_ws/install
[3.538s] DEBUG:colcon.colcon_installed_package_information.package_discovery:Found 270 installed packages in /opt/ros/foxy
[3.549s] Level 1:colcon.colcon_core.package_discovery:discover_packages(prefix_path) using defaults
[4.663s] Level 5:colcon.colcon_core.verb:set package 'hrdp_perception_beta' build argument 'cmake_args' from command line to 'None'
[4.664s] Level 5:colcon.colcon_core.verb:set package 'hrdp_perception_beta' build argument 'cmake_target' from command line to 'None'
[4.664s] Level 5:colcon.colcon_core.verb:set package 'hrdp_perception_beta' build argument 'cmake_target_skip_unavailable' from command line to 'False'
[4.665s] Level 5:colcon.colcon_core.verb:set package 'hrdp_perception_beta' build argument 'cmake_clean_cache' from command line to 'False'
[4.665s] Level 5:colcon.colcon_core.verb:set package 'hrdp_perception_beta' build argument 'cmake_clean_first' from command line to 'False'
[4.665s] Level 5:colcon.colcon_core.verb:set package 'hrdp_perception_beta' build argument 'cmake_force_configure' from command line to 'False'
[4.666s] Level 5:colcon.colcon_core.verb:set package 'hrdp_perception_beta' build argument 'ament_cmake_args' from command line to 'None'
[4.666s] Level 5:colcon.colcon_core.verb:set package 'hrdp_perception_beta' build argument 'catkin_cmake_args' from command line to 'None'
[4.666s] Level 5:colcon.colcon_core.verb:set package 'hrdp_perception_beta' build argument 'catkin_skip_building_tests' from command line to 'False'
[4.667s] DEBUG:colcon.colcon_core.verb:Building package 'hrdp_perception_beta' with the following arguments: {'ament_cmake_args': None, 'build_base': '/home/r1mini/sungsik_ws/build/hrdp_perception_beta', 'catkin_cmake_args': None, 'catkin_skip_building_tests': False, 'cmake_args': None, 'cmake_clean_cache': False, 'cmake_clean_first': False, 'cmake_force_configure': False, 'cmake_target': None, 'cmake_target_skip_unavailable': False, 'install_base': '/home/r1mini/sungsik_ws/install/hrdp_perception_beta', 'merge_install': False, 'path': '/home/r1mini/sungsik_ws/src/hrdp_perception_beta', 'symlink_install': True, 'test_result_base': None}
[4.676s] INFO:colcon.colcon_core.executor:Executing jobs using 'parallel' executor
[4.727s] DEBUG:colcon.colcon_parallel_executor.executor.parallel:run_until_complete
[4.730s] INFO:colcon.colcon_ros.task.ament_python.build:Building ROS package in '/home/r1mini/sungsik_ws/src/hrdp_perception_beta' with build type 'ament_python'
[4.732s] Level 1:colcon.colcon_core.shell:create_environment_hook('hrdp_perception_beta', 'ament_prefix_path')
[4.822s] INFO:colcon.colcon_core.plugin_system:Skipping extension 'colcon_core.shell.bat': Not used on non-Windows systems
[4.825s] INFO:colcon.colcon_core.shell:Creating environment hook '/home/r1mini/sungsik_ws/install/hrdp_perception_beta/share/hrdp_perception_beta/hook/ament_prefix_path.ps1'
[4.833s] INFO:colcon.colcon_core.shell:Creating environment descriptor '/home/r1mini/sungsik_ws/install/hrdp_perception_beta/share/hrdp_perception_beta/hook/ament_prefix_path.dsv'
[4.841s] INFO:colcon.colcon_core.shell:Creating environment hook '/home/r1mini/sungsik_ws/install/hrdp_perception_beta/share/hrdp_perception_beta/hook/ament_prefix_path.sh'
[4.876s] INFO:colcon.colcon_core.shell:Skip shell extension 'powershell' for command environment: Not usable outside of PowerShell
[4.878s] DEBUG:colcon.colcon_core.shell:Skip shell extension 'dsv' for command environment
[9.047s] INFO:colcon.colcon_core.task.python.build:Building Python package in '/home/r1mini/sungsik_ws/src/hrdp_perception_beta'
[9.065s] INFO:colcon.colcon_core.shell:Skip shell extension 'powershell' for command environment: Not usable outside of PowerShell
[9.066s] DEBUG:colcon.colcon_core.shell:Skip shell extension 'dsv' for command environment
[15.656s] DEBUG:colcon.colcon_core.event_handler.log_command:Invoking command in '/home/r1mini/sungsik_ws/build/hrdp_perception_beta': PYTHONPATH=/home/r1mini/sungsik_ws/build/hrdp_perception_beta/prefix_override:/home/r1mini/sungsik_ws/install/hrdp_perception_beta/lib/python3.8/site-packages:${PYTHONPATH} /usr/bin/python3 setup.py develop --editable --build-directory /home/r1mini/sungsik_ws/build/hrdp_perception_beta/build --no-deps install_data
[21.113s] Level 1:colcon.colcon_core.shell:create_environment_hook('hrdp_perception_beta', 'pythonpath_develop')
[21.129s] INFO:colcon.colcon_core.shell:Creating environment hook '/home/r1mini/sungsik_ws/build/hrdp_perception_beta/share/hrdp_perception_beta/hook/pythonpath_develop.ps1'
[21.130s] DEBUG:colcon.colcon_core.event_handler.log_command:Invoked command in '/home/r1mini/sungsik_ws/build/hrdp_perception_beta' returned '0': PYTHONPATH=/home/r1mini/sungsik_ws/build/hrdp_perception_beta/prefix_override:/home/r1mini/sungsik_ws/install/hrdp_perception_beta/lib/python3.8/site-packages:${PYTHONPATH} /usr/bin/python3 setup.py develop --editable --build-directory /home/r1mini/sungsik_ws/build/hrdp_perception_beta/build --no-deps install_data
[21.136s] INFO:colcon.colcon_core.shell:Creating environment descriptor '/home/r1mini/sungsik_ws/build/hrdp_perception_beta/share/hrdp_perception_beta/hook/pythonpath_develop.dsv'
[21.139s] INFO:colcon.colcon_core.shell:Creating environment hook '/home/r1mini/sungsik_ws/build/hrdp_perception_beta/share/hrdp_perception_beta/hook/pythonpath_develop.sh'
[21.230s] Level 1:colcon.colcon_core.environment:checking '/home/r1mini/sungsik_ws/install/hrdp_perception_beta' for CMake module files
[21.234s] Level 1:colcon.colcon_core.environment:checking '/home/r1mini/sungsik_ws/install/hrdp_perception_beta' for CMake config files
[21.239s] Level 1:colcon.colcon_core.environment:checking '/home/r1mini/sungsik_ws/install/hrdp_perception_beta/lib'
[21.241s] Level 1:colcon.colcon_core.environment:checking '/home/r1mini/sungsik_ws/install/hrdp_perception_beta/bin'
[21.241s] Level 1:colcon.colcon_core.environment:checking '/home/r1mini/sungsik_ws/install/hrdp_perception_beta/lib/pkgconfig/hrdp_perception_beta.pc'
[21.243s] Level 1:colcon.colcon_core.environment:checking '/home/r1mini/sungsik_ws/install/hrdp_perception_beta/lib/python3.8/site-packages'
[21.244s] Level 1:colcon.colcon_core.shell:create_environment_hook('hrdp_perception_beta', 'pythonpath')
[21.257s] INFO:colcon.colcon_core.shell:Creating environment hook '/home/r1mini/sungsik_ws/install/hrdp_perception_beta/share/hrdp_perception_beta/hook/pythonpath.ps1'
[21.268s] INFO:colcon.colcon_core.shell:Creating environment descriptor '/home/r1mini/sungsik_ws/install/hrdp_perception_beta/share/hrdp_perception_beta/hook/pythonpath.dsv'
[21.272s] INFO:colcon.colcon_core.shell:Creating environment hook '/home/r1mini/sungsik_ws/install/hrdp_perception_beta/share/hrdp_perception_beta/hook/pythonpath.sh'
[21.278s] Level 1:colcon.colcon_core.environment:checking '/home/r1mini/sungsik_ws/install/hrdp_perception_beta/bin'
[21.279s] Level 1:colcon.colcon_core.environment:create_environment_scripts_only(hrdp_perception_beta)
[21.296s] INFO:colcon.colcon_core.shell:Creating package script '/home/r1mini/sungsik_ws/install/hrdp_perception_beta/share/hrdp_perception_beta/package.ps1'
[21.310s] INFO:colcon.colcon_core.shell:Creating package descriptor '/home/r1mini/sungsik_ws/install/hrdp_perception_beta/share/hrdp_perception_beta/package.dsv'
[21.316s] INFO:colcon.colcon_core.shell:Creating package script '/home/r1mini/sungsik_ws/install/hrdp_perception_beta/share/hrdp_perception_beta/package.sh'
[21.323s] INFO:colcon.colcon_core.shell:Creating package script '/home/r1mini/sungsik_ws/install/hrdp_perception_beta/share/hrdp_perception_beta/package.bash'
[21.329s] INFO:colcon.colcon_core.shell:Creating package script '/home/r1mini/sungsik_ws/install/hrdp_perception_beta/share/hrdp_perception_beta/package.zsh'
[21.334s] Level 1:colcon.colcon_core.environment:create_file_with_runtime_dependencies(/home/r1mini/sungsik_ws/install/hrdp_perception_beta/share/colcon-core/packages/hrdp_perception_beta)
[21.338s] DEBUG:colcon.colcon_parallel_executor.executor.parallel:closing loop
[21.341s] DEBUG:colcon.colcon_parallel_executor.executor.parallel:loop closed
[21.342s] DEBUG:colcon.colcon_parallel_executor.executor.parallel:run_until_complete finished with '0'
[21.342s] DEBUG:colcon.colcon_core.event_reactor:joining thread
[21.468s] INFO:colcon.colcon_core.plugin_system:Skipping extension 'colcon_notification.desktop_notification.terminal_notifier': Not used on non-Darwin systems
[21.470s] INFO:colcon.colcon_core.plugin_system:Skipping extension 'colcon_notification.desktop_notification.win32': Not used on non-Windows systems
[21.471s] INFO:colcon.colcon_notification.desktop_notification:Sending desktop notification using 'notify2'
[21.900s] DEBUG:colcon.colcon_core.event_reactor:joined thread
[21.948s] INFO:colcon.colcon_core.shell:Creating prefix script '/home/r1mini/sungsik_ws/install/local_setup.ps1'
[21.973s] INFO:colcon.colcon_core.shell:Creating prefix util module '/home/r1mini/sungsik_ws/install/_local_setup_util_ps1.py'
[22.006s] INFO:colcon.colcon_core.shell:Creating prefix chain script '/home/r1mini/sungsik_ws/install/setup.ps1'
[22.028s] INFO:colcon.colcon_core.shell:Creating prefix script '/home/r1mini/sungsik_ws/install/local_setup.sh'
[22.034s] INFO:colcon.colcon_core.shell:Creating prefix util module '/home/r1mini/sungsik_ws/install/_local_setup_util_sh.py'
[22.039s] INFO:colcon.colcon_core.shell:Creating prefix chain script '/home/r1mini/sungsik_ws/install/setup.sh'
[22.059s] INFO:colcon.colcon_core.shell:Creating prefix script '/home/r1mini/sungsik_ws/install/local_setup.bash'
[22.065s] INFO:colcon.colcon_core.shell:Creating prefix chain script '/home/r1mini/sungsik_ws/install/setup.bash'
[22.086s] INFO:colcon.colcon_core.shell:Creating prefix script '/home/r1mini/sungsik_ws/install/local_setup.zsh'
[22.092s] INFO:colcon.colcon_core.shell:Creating prefix chain script '/home/r1mini/sungsik_ws/install/setup.zsh'
