[0.240s] Invoking command in '/home/r1mini/sungsik_ws/build/hrdp_beta_actions': CMAKE_PREFIX_PATH=${CMAKE_PREFIX_PATH}:/home/r1mini/ros2_ws/install/omo_r1mini_teleop:/home/r1mini/ros2_ws/install/omo_r1mini_bringup:/opt/ros/foxy /usr/bin/cmake /home/r1mini/sungsik_ws/src/hrdp_beta_actions -DCMAKE_INSTALL_PREFIX=/home/r1mini/sungsik_ws/install/hrdp_beta_actions
[0.373s] -- Found ament_cmake: 0.9.11 (/opt/ros/foxy/share/ament_cmake/cmake)
[0.680s] -- Found PythonInterp: /usr/bin/python3 (found suitable version "3.8.10", minimum required is "3") 
[0.685s] -- Using PYTHON_EXECUTABLE: /usr/bin/python3
[2.392s] -- Found rosidl_default_generators: 1.0.1 (/opt/ros/foxy/share/rosidl_default_generators/cmake)
[2.416s] -- Using all available rosidl_typesupport_c: rosidl_typesupport_fastrtps_c;rosidl_typesupport_introspection_c
[2.438s] -- Found rosidl_adapter: 1.3.0 (/opt/ros/foxy/share/rosidl_adapter/cmake)
[3.710s] -- Using all available rosidl_typesupport_cpp: rosidl_typesupport_fastrtps_cpp;rosidl_typesupport_introspection_cpp
[4.239s] -- Found PythonInterp: /usr/bin/python3 (found version "3.8.10") 
[6.077s] CMake Error at /opt/ros/foxy/share/rosidl_adapter/cmake/rosidl_adapt_interfaces.cmake:60 (message):
[6.078s]   execute_process(/usr/bin/python3 -m rosidl_adapter --package-name
[6.078s]   hrdp_beta_actions --arguments-file
[6.079s]   /home/r1mini/sungsik_ws/build/hrdp_beta_actions/rosidl_adapter__arguments__hrdp_beta_actions.json
[6.079s]   --output-dir
[6.080s]   /home/r1mini/sungsik_ws/build/hrdp_beta_actions/rosidl_adapter/hrdp_beta_actions
[6.081s]   --output-file
[6.081s]   /home/r1mini/sungsik_ws/build/hrdp_beta_actions/rosidl_adapter/hrdp_beta_actions.idls)
[6.082s]   returned error code 1:
[6.082s] 
[6.083s]   Traceback (most recent call last):
[6.083s] 
[6.084s]     File "/usr/lib/python3.8/runpy.py", line 194, in _run_module_as_main
[6.085s]       return _run_code(code, main_globals, None,
[6.085s]     File "/usr/lib/python3.8/runpy.py", line 87, in _run_code
[6.086s]       exec(code, run_globals)
[6.087s]     File "/opt/ros/foxy/lib/python3.8/site-packages/rosidl_adapter/__main__.py", line 19, in <module>
[6.087s]       sys.exit(main())
[6.088s]     File "/opt/ros/foxy/lib/python3.8/site-packages/rosidl_adapter/main.py", line 53, in main
[6.088s]       abs_idl_file = convert_to_idl(
[6.089s]     File "/opt/ros/foxy/lib/python3.8/site-packages/rosidl_adapter/__init__.py", line 29, in convert_to_idl
[6.090s]       return convert_action_to_idl(
[6.090s]     File "/opt/ros/foxy/lib/python3.8/site-packages/rosidl_adapter/action/__init__.py", line 28, in convert_action_to_idl
[6.091s]       action = parse_action_string(package_name, input_file.stem, content)
[6.091s]     File "/opt/ros/foxy/lib/python3.8/site-packages/rosidl_adapter/parser.py", line 892, in parse_action_string
[6.091s]       goal_message = parse_message_string(
[6.092s]     File "/opt/ros/foxy/lib/python3.8/site-packages/rosidl_adapter/parser.py", line 540, in parse_message_string
[6.093s]       msg = MessageSpecification(pkg_name, msg_name, fields, constants)
[6.093s]     File "/opt/ros/foxy/lib/python3.8/site-packages/rosidl_adapter/parser.py", line 387, in __init__
[6.094s]       self.base_type = BaseType(
[6.094s]     File "/opt/ros/foxy/lib/python3.8/site-packages/rosidl_adapter/parser.py", line 204, in __init__
[6.095s]       raise InvalidResourceName(
[6.095s] 
[6.095s]   rosidl_adapter.parser.InvalidResourceName: 'camera_rgb_Goal' is an invalid
[6.096s]   message name.  It should have the pattern '^[A-Z][A-Za-z0-9]*$'
[6.096s] 
[6.097s] Call Stack (most recent call first):
[6.098s]   /opt/ros/foxy/share/rosidl_cmake/cmake/rosidl_generate_interfaces.cmake:130 (rosidl_adapt_interfaces)
[6.098s]   CMakeLists.txt:24 (rosidl_generate_interfaces)
[6.099s] 
[6.099s] 
[6.100s] -- Configuring incomplete, errors occurred!
[6.100s] See also "/home/r1mini/sungsik_ws/build/hrdp_beta_actions/CMakeFiles/CMakeOutput.log".
[6.174s] Invoked command in '/home/r1mini/sungsik_ws/build/hrdp_beta_actions' returned '1': CMAKE_PREFIX_PATH=${CMAKE_PREFIX_PATH}:/home/r1mini/ros2_ws/install/omo_r1mini_teleop:/home/r1mini/ros2_ws/install/omo_r1mini_bringup:/opt/ros/foxy /usr/bin/cmake /home/r1mini/sungsik_ws/src/hrdp_beta_actions -DCMAKE_INSTALL_PREFIX=/home/r1mini/sungsik_ws/install/hrdp_beta_actions
