[1.435s] DEBUG:colcon:Command line arguments: ['/usr/bin/colcon', 'build']
[1.436s] DEBUG:colcon:Parsed command line arguments: Namespace(allow_overriding=[], ament_cmake_args=None, base_paths=['.'], build_base='build', catkin_cmake_args=None, catkin_skip_building_tests=False, cmake_args=None, cmake_clean_cache=False, cmake_clean_first=False, cmake_force_configure=False, cmake_target=None, cmake_target_skip_unavailable=False, continue_on_error=False, event_handlers=None, executor='parallel', ignore_user_meta=False, install_base='install', log_base=None, log_level=None, main=<bound method BuildVerb.main of <colcon_core.verb.build.BuildVerb object at 0x7f79338640>>, merge_install=False, metas=['./colcon.meta'], packages_above=None, packages_above_and_dependencies=None, packages_above_depth=None, packages_end=None, packages_ignore=None, packages_ignore_regex=None, packages_select=None, packages_select_build_failed=False, packages_select_by_dep=None, packages_select_regex=None, packages_select_test_failures=False, packages_skip=None, packages_skip_build_finished=False, packages_skip_by_dep=None, packages_skip_regex=None, packages_skip_test_passed=False, packages_skip_up_to=None, packages_start=None, packages_up_to=None, packages_up_to_regex=None, parallel_workers=4, paths=None, symlink_install=False, test_result_base=None, verb_extension=<colcon_core.verb.build.BuildVerb object at 0x7f79338640>, verb_name='build', verb_parser=<colcon_defaults.argument_parser.defaults.DefaultArgumentsDecorator object at 0x7f79338b80>)
[1.702s] Level 1:colcon.colcon_core.package_discovery:discover_packages(colcon_meta) check parameters
[1.704s] Level 1:colcon.colcon_core.package_discovery:discover_packages(recursive) check parameters
[1.710s] Level 1:colcon.colcon_core.package_discovery:discover_packages(ignore) check parameters
[1.710s] Level 1:colcon.colcon_core.package_discovery:discover_packages(path) check parameters
[1.711s] Level 1:colcon.colcon_core.package_discovery:discover_packages(colcon_meta) discover
[1.711s] Level 1:colcon.colcon_core.package_discovery:discover_packages(recursive) discover
[1.712s] INFO:colcon.colcon_core.package_discovery:Crawling recursively for packages in '/home/r1mini/sungsik_ws'
[1.712s] Level 1:colcon.colcon_core.package_identification:_identify(.) by extensions ['ignore', 'ignore_ament_install']
[1.713s] Level 1:colcon.colcon_core.package_identification:_identify(.) by extension 'ignore'
[1.714s] Level 1:colcon.colcon_core.package_identification:_identify(.) by extension 'ignore_ament_install'
[1.714s] Level 1:colcon.colcon_core.package_identification:_identify(.) by extensions ['colcon_pkg']
[1.714s] Level 1:colcon.colcon_core.package_identification:_identify(.) by extension 'colcon_pkg'
[1.715s] Level 1:colcon.colcon_core.package_identification:_identify(.) by extensions ['colcon_meta']
[1.715s] Level 1:colcon.colcon_core.package_identification:_identify(.) by extension 'colcon_meta'
[1.715s] Level 1:colcon.colcon_core.package_identification:_identify(.) by extensions ['ros']
[1.715s] Level 1:colcon.colcon_core.package_identification:_identify(.) by extension 'ros'
[1.820s] Level 1:colcon.colcon_core.package_identification:_identify(.) by extensions ['cmake', 'python']
[1.822s] Level 1:colcon.colcon_core.package_identification:_identify(.) by extension 'cmake'
[1.822s] Level 1:colcon.colcon_core.package_identification:_identify(.) by extension 'python'
[1.823s] Level 1:colcon.colcon_core.package_identification:_identify(.) by extensions ['python_setup_py']
[1.823s] Level 1:colcon.colcon_core.package_identification:_identify(.) by extension 'python_setup_py'
[1.824s] Level 1:colcon.colcon_core.package_identification:_identify(build) by extensions ['ignore', 'ignore_ament_install']
[1.825s] Level 1:colcon.colcon_core.package_identification:_identify(build) by extension 'ignore'
[1.825s] Level 1:colcon.colcon_core.package_identification:_identify(build) ignored
[1.827s] Level 1:colcon.colcon_core.package_identification:_identify(install) by extensions ['ignore', 'ignore_ament_install']
[1.828s] Level 1:colcon.colcon_core.package_identification:_identify(install) by extension 'ignore'
[1.828s] Level 1:colcon.colcon_core.package_identification:_identify(install) ignored
[1.830s] Level 1:colcon.colcon_core.package_identification:_identify(log) by extensions ['ignore', 'ignore_ament_install']
[1.831s] Level 1:colcon.colcon_core.package_identification:_identify(log) by extension 'ignore'
[1.832s] Level 1:colcon.colcon_core.package_identification:_identify(log) ignored
[1.832s] Level 1:colcon.colcon_core.package_identification:_identify(src) by extensions ['ignore', 'ignore_ament_install']
[1.833s] Level 1:colcon.colcon_core.package_identification:_identify(src) by extension 'ignore'
[1.833s] Level 1:colcon.colcon_core.package_identification:_identify(src) by extension 'ignore_ament_install'
[1.834s] Level 1:colcon.colcon_core.package_identification:_identify(src) by extensions ['colcon_pkg']
[1.834s] Level 1:colcon.colcon_core.package_identification:_identify(src) by extension 'colcon_pkg'
[1.834s] Level 1:colcon.colcon_core.package_identification:_identify(src) by extensions ['colcon_meta']
[1.835s] Level 1:colcon.colcon_core.package_identification:_identify(src) by extension 'colcon_meta'
[1.835s] Level 1:colcon.colcon_core.package_identification:_identify(src) by extensions ['ros']
[1.835s] Level 1:colcon.colcon_core.package_identification:_identify(src) by extension 'ros'
[1.836s] Level 1:colcon.colcon_core.package_identification:_identify(src) by extensions ['cmake', 'python']
[1.836s] Level 1:colcon.colcon_core.package_identification:_identify(src) by extension 'cmake'
[1.836s] Level 1:colcon.colcon_core.package_identification:_identify(src) by extension 'python'
[1.837s] Level 1:colcon.colcon_core.package_identification:_identify(src) by extensions ['python_setup_py']
[1.837s] Level 1:colcon.colcon_core.package_identification:_identify(src) by extension 'python_setup_py'
[1.838s] Level 1:colcon.colcon_core.package_identification:_identify(src/hrdp_actuators) by extensions ['ignore', 'ignore_ament_install']
[1.838s] Level 1:colcon.colcon_core.package_identification:_identify(src/hrdp_actuators) by extension 'ignore'
[1.839s] Level 1:colcon.colcon_core.package_identification:_identify(src/hrdp_actuators) by extension 'ignore_ament_install'
[1.839s] Level 1:colcon.colcon_core.package_identification:_identify(src/hrdp_actuators) by extensions ['colcon_pkg']
[1.839s] Level 1:colcon.colcon_core.package_identification:_identify(src/hrdp_actuators) by extension 'colcon_pkg'
[1.840s] Level 1:colcon.colcon_core.package_identification:_identify(src/hrdp_actuators) by extensions ['colcon_meta']
[1.840s] Level 1:colcon.colcon_core.package_identification:_identify(src/hrdp_actuators) by extension 'colcon_meta'
[1.840s] Level 1:colcon.colcon_core.package_identification:_identify(src/hrdp_actuators) by extensions ['ros']
[1.840s] Level 1:colcon.colcon_core.package_identification:_identify(src/hrdp_actuators) by extension 'ros'
[1.871s] DEBUG:colcon.colcon_core.package_identification:Package 'src/hrdp_actuators' with type 'ros.ament_cmake' and name 'hrdp_actuators'
[1.873s] Level 1:colcon.colcon_core.package_identification:_identify(src/hrdp_beta) by extensions ['ignore', 'ignore_ament_install']
[1.875s] Level 1:colcon.colcon_core.package_identification:_identify(src/hrdp_beta) by extension 'ignore'
[1.875s] Level 1:colcon.colcon_core.package_identification:_identify(src/hrdp_beta) by extension 'ignore_ament_install'
[1.876s] Level 1:colcon.colcon_core.package_identification:_identify(src/hrdp_beta) by extensions ['colcon_pkg']
[1.876s] Level 1:colcon.colcon_core.package_identification:_identify(src/hrdp_beta) by extension 'colcon_pkg'
[1.877s] Level 1:colcon.colcon_core.package_identification:_identify(src/hrdp_beta) by extensions ['colcon_meta']
[1.877s] Level 1:colcon.colcon_core.package_identification:_identify(src/hrdp_beta) by extension 'colcon_meta'
[1.877s] Level 1:colcon.colcon_core.package_identification:_identify(src/hrdp_beta) by extensions ['ros']
[1.878s] Level 1:colcon.colcon_core.package_identification:_identify(src/hrdp_beta) by extension 'ros'
[1.888s] DEBUG:colcon.colcon_core.package_identification:Package 'src/hrdp_beta' with type 'ros.ament_cmake' and name 'hrdp_beta'
[1.890s] Level 1:colcon.colcon_core.package_identification:_identify(src/hrdp_beta_actions) by extensions ['ignore', 'ignore_ament_install']
[1.891s] Level 1:colcon.colcon_core.package_identification:_identify(src/hrdp_beta_actions) by extension 'ignore'
[1.891s] Level 1:colcon.colcon_core.package_identification:_identify(src/hrdp_beta_actions) by extension 'ignore_ament_install'
[1.892s] Level 1:colcon.colcon_core.package_identification:_identify(src/hrdp_beta_actions) by extensions ['colcon_pkg']
[1.892s] Level 1:colcon.colcon_core.package_identification:_identify(src/hrdp_beta_actions) by extension 'colcon_pkg'
[1.892s] Level 1:colcon.colcon_core.package_identification:_identify(src/hrdp_beta_actions) by extensions ['colcon_meta']
[1.893s] Level 1:colcon.colcon_core.package_identification:_identify(src/hrdp_beta_actions) by extension 'colcon_meta'
[1.893s] Level 1:colcon.colcon_core.package_identification:_identify(src/hrdp_beta_actions) by extensions ['ros']
[1.893s] Level 1:colcon.colcon_core.package_identification:_identify(src/hrdp_beta_actions) by extension 'ros'
[1.901s] DEBUG:colcon.colcon_core.package_identification:Package 'src/hrdp_beta_actions' with type 'ros.ament_cmake' and name 'hrdp_beta_actions'
[1.903s] Level 1:colcon.colcon_core.package_identification:_identify(src/hrdp_human_interfaces) by extensions ['ignore', 'ignore_ament_install']
[1.904s] Level 1:colcon.colcon_core.package_identification:_identify(src/hrdp_human_interfaces) by extension 'ignore'
[1.904s] Level 1:colcon.colcon_core.package_identification:_identify(src/hrdp_human_interfaces) by extension 'ignore_ament_install'
[1.905s] Level 1:colcon.colcon_core.package_identification:_identify(src/hrdp_human_interfaces) by extensions ['colcon_pkg']
[1.905s] Level 1:colcon.colcon_core.package_identification:_identify(src/hrdp_human_interfaces) by extension 'colcon_pkg'
[1.905s] Level 1:colcon.colcon_core.package_identification:_identify(src/hrdp_human_interfaces) by extensions ['colcon_meta']
[1.906s] Level 1:colcon.colcon_core.package_identification:_identify(src/hrdp_human_interfaces) by extension 'colcon_meta'
[1.906s] Level 1:colcon.colcon_core.package_identification:_identify(src/hrdp_human_interfaces) by extensions ['ros']
[1.906s] Level 1:colcon.colcon_core.package_identification:_identify(src/hrdp_human_interfaces) by extension 'ros'
[1.913s] DEBUG:colcon.colcon_core.package_identification:Package 'src/hrdp_human_interfaces' with type 'ros.ament_cmake' and name 'hrdp_human_interfaces'
[1.914s] Level 1:colcon.colcon_core.package_identification:_identify(src/hrdp_perception) by extensions ['ignore', 'ignore_ament_install']
[1.915s] Level 1:colcon.colcon_core.package_identification:_identify(src/hrdp_perception) by extension 'ignore'
[1.916s] Level 1:colcon.colcon_core.package_identification:_identify(src/hrdp_perception) by extension 'ignore_ament_install'
[1.916s] Level 1:colcon.colcon_core.package_identification:_identify(src/hrdp_perception) by extensions ['colcon_pkg']
[1.916s] Level 1:colcon.colcon_core.package_identification:_identify(src/hrdp_perception) by extension 'colcon_pkg'
[1.917s] Level 1:colcon.colcon_core.package_identification:_identify(src/hrdp_perception) by extensions ['colcon_meta']
[1.917s] Level 1:colcon.colcon_core.package_identification:_identify(src/hrdp_perception) by extension 'colcon_meta'
[1.917s] Level 1:colcon.colcon_core.package_identification:_identify(src/hrdp_perception) by extensions ['ros']
[1.917s] Level 1:colcon.colcon_core.package_identification:_identify(src/hrdp_perception) by extension 'ros'
[1.940s] DEBUG:colcon.colcon_core.package_identification:Package 'src/hrdp_perception' with type 'ros.ament_cmake' and name 'hrdp_perception'
[1.942s] Level 1:colcon.colcon_core.package_identification:_identify(src/hrdp_sensors) by extensions ['ignore', 'ignore_ament_install']
[1.943s] Level 1:colcon.colcon_core.package_identification:_identify(src/hrdp_sensors) by extension 'ignore'
[1.944s] Level 1:colcon.colcon_core.package_identification:_identify(src/hrdp_sensors) by extension 'ignore_ament_install'
[1.944s] Level 1:colcon.colcon_core.package_identification:_identify(src/hrdp_sensors) by extensions ['colcon_pkg']
[1.945s] Level 1:colcon.colcon_core.package_identification:_identify(src/hrdp_sensors) by extension 'colcon_pkg'
[1.945s] Level 1:colcon.colcon_core.package_identification:_identify(src/hrdp_sensors) by extensions ['colcon_meta']
[1.945s] Level 1:colcon.colcon_core.package_identification:_identify(src/hrdp_sensors) by extension 'colcon_meta'
[1.946s] Level 1:colcon.colcon_core.package_identification:_identify(src/hrdp_sensors) by extensions ['ros']
[1.946s] Level 1:colcon.colcon_core.package_identification:_identify(src/hrdp_sensors) by extension 'ros'
[1.950s] DEBUG:colcon.colcon_core.package_identification:Package 'src/hrdp_sensors' with type 'ros.ament_cmake' and name 'hrdp_sensors'
[1.951s] Level 1:colcon.colcon_core.package_discovery:discover_packages(recursive) using defaults
[1.952s] Level 1:colcon.colcon_core.package_discovery:discover_packages(ignore) discover
[1.952s] Level 1:colcon.colcon_core.package_discovery:discover_packages(ignore) using defaults
[1.952s] Level 1:colcon.colcon_core.package_discovery:discover_packages(path) discover
[1.953s] Level 1:colcon.colcon_core.package_discovery:discover_packages(path) using defaults
[2.394s] Level 1:colcon.colcon_core.package_discovery:discover_packages(prefix_path) check parameters
[2.396s] Level 1:colcon.colcon_core.package_discovery:discover_packages(prefix_path) discover
[2.494s] DEBUG:colcon.colcon_installed_package_information.package_discovery:Found 9 installed packages in /home/r1mini/ros2_ws/install
[2.515s] DEBUG:colcon.colcon_installed_package_information.package_discovery:Found 270 installed packages in /opt/ros/foxy
[2.539s] Level 1:colcon.colcon_core.package_discovery:discover_packages(prefix_path) using defaults
[3.551s] Level 5:colcon.colcon_core.verb:set package 'hrdp_actuators' build argument 'cmake_args' from command line to 'None'
[3.553s] Level 5:colcon.colcon_core.verb:set package 'hrdp_actuators' build argument 'cmake_target' from command line to 'None'
[3.554s] Level 5:colcon.colcon_core.verb:set package 'hrdp_actuators' build argument 'cmake_target_skip_unavailable' from command line to 'False'
[3.555s] Level 5:colcon.colcon_core.verb:set package 'hrdp_actuators' build argument 'cmake_clean_cache' from command line to 'False'
[3.556s] Level 5:colcon.colcon_core.verb:set package 'hrdp_actuators' build argument 'cmake_clean_first' from command line to 'False'
[3.556s] Level 5:colcon.colcon_core.verb:set package 'hrdp_actuators' build argument 'cmake_force_configure' from command line to 'False'
[3.557s] Level 5:colcon.colcon_core.verb:set package 'hrdp_actuators' build argument 'ament_cmake_args' from command line to 'None'
[3.558s] Level 5:colcon.colcon_core.verb:set package 'hrdp_actuators' build argument 'catkin_cmake_args' from command line to 'None'
[3.559s] Level 5:colcon.colcon_core.verb:set package 'hrdp_actuators' build argument 'catkin_skip_building_tests' from command line to 'False'
[3.560s] DEBUG:colcon.colcon_core.verb:Building package 'hrdp_actuators' with the following arguments: {'ament_cmake_args': None, 'build_base': '/home/r1mini/sungsik_ws/build/hrdp_actuators', 'catkin_cmake_args': None, 'catkin_skip_building_tests': False, 'cmake_args': None, 'cmake_clean_cache': False, 'cmake_clean_first': False, 'cmake_force_configure': False, 'cmake_target': None, 'cmake_target_skip_unavailable': False, 'install_base': '/home/r1mini/sungsik_ws/install/hrdp_actuators', 'merge_install': False, 'path': '/home/r1mini/sungsik_ws/src/hrdp_actuators', 'symlink_install': False, 'test_result_base': None}
[3.572s] Level 5:colcon.colcon_core.verb:set package 'hrdp_beta' build argument 'cmake_args' from command line to 'None'
[3.574s] Level 5:colcon.colcon_core.verb:set package 'hrdp_beta' build argument 'cmake_target' from command line to 'None'
[3.575s] Level 5:colcon.colcon_core.verb:set package 'hrdp_beta' build argument 'cmake_target_skip_unavailable' from command line to 'False'
[3.576s] Level 5:colcon.colcon_core.verb:set package 'hrdp_beta' build argument 'cmake_clean_cache' from command line to 'False'
[3.577s] Level 5:colcon.colcon_core.verb:set package 'hrdp_beta' build argument 'cmake_clean_first' from command line to 'False'
[3.578s] Level 5:colcon.colcon_core.verb:set package 'hrdp_beta' build argument 'cmake_force_configure' from command line to 'False'
[3.579s] Level 5:colcon.colcon_core.verb:set package 'hrdp_beta' build argument 'ament_cmake_args' from command line to 'None'
[3.580s] Level 5:colcon.colcon_core.verb:set package 'hrdp_beta' build argument 'catkin_cmake_args' from command line to 'None'
[3.580s] Level 5:colcon.colcon_core.verb:set package 'hrdp_beta' build argument 'catkin_skip_building_tests' from command line to 'False'
[3.581s] DEBUG:colcon.colcon_core.verb:Building package 'hrdp_beta' with the following arguments: {'ament_cmake_args': None, 'build_base': '/home/r1mini/sungsik_ws/build/hrdp_beta', 'catkin_cmake_args': None, 'catkin_skip_building_tests': False, 'cmake_args': None, 'cmake_clean_cache': False, 'cmake_clean_first': False, 'cmake_force_configure': False, 'cmake_target': None, 'cmake_target_skip_unavailable': False, 'install_base': '/home/r1mini/sungsik_ws/install/hrdp_beta', 'merge_install': False, 'path': '/home/r1mini/sungsik_ws/src/hrdp_beta', 'symlink_install': False, 'test_result_base': None}
[3.596s] Level 5:colcon.colcon_core.verb:set package 'hrdp_beta_actions' build argument 'cmake_args' from command line to 'None'
[3.598s] Level 5:colcon.colcon_core.verb:set package 'hrdp_beta_actions' build argument 'cmake_target' from command line to 'None'
[3.599s] Level 5:colcon.colcon_core.verb:set package 'hrdp_beta_actions' build argument 'cmake_target_skip_unavailable' from command line to 'False'
[3.600s] Level 5:colcon.colcon_core.verb:set package 'hrdp_beta_actions' build argument 'cmake_clean_cache' from command line to 'False'
[3.601s] Level 5:colcon.colcon_core.verb:set package 'hrdp_beta_actions' build argument 'cmake_clean_first' from command line to 'False'
[3.602s] Level 5:colcon.colcon_core.verb:set package 'hrdp_beta_actions' build argument 'cmake_force_configure' from command line to 'False'
[3.603s] Level 5:colcon.colcon_core.verb:set package 'hrdp_beta_actions' build argument 'ament_cmake_args' from command line to 'None'
[3.604s] Level 5:colcon.colcon_core.verb:set package 'hrdp_beta_actions' build argument 'catkin_cmake_args' from command line to 'None'
[3.604s] Level 5:colcon.colcon_core.verb:set package 'hrdp_beta_actions' build argument 'catkin_skip_building_tests' from command line to 'False'
[3.605s] DEBUG:colcon.colcon_core.verb:Building package 'hrdp_beta_actions' with the following arguments: {'ament_cmake_args': None, 'build_base': '/home/r1mini/sungsik_ws/build/hrdp_beta_actions', 'catkin_cmake_args': None, 'catkin_skip_building_tests': False, 'cmake_args': None, 'cmake_clean_cache': False, 'cmake_clean_first': False, 'cmake_force_configure': False, 'cmake_target': None, 'cmake_target_skip_unavailable': False, 'install_base': '/home/r1mini/sungsik_ws/install/hrdp_beta_actions', 'merge_install': False, 'path': '/home/r1mini/sungsik_ws/src/hrdp_beta_actions', 'symlink_install': False, 'test_result_base': None}
[3.616s] Level 5:colcon.colcon_core.verb:set package 'hrdp_human_interfaces' build argument 'cmake_args' from command line to 'None'
[3.617s] Level 5:colcon.colcon_core.verb:set package 'hrdp_human_interfaces' build argument 'cmake_target' from command line to 'None'
[3.617s] Level 5:colcon.colcon_core.verb:set package 'hrdp_human_interfaces' build argument 'cmake_target_skip_unavailable' from command line to 'False'
[3.618s] Level 5:colcon.colcon_core.verb:set package 'hrdp_human_interfaces' build argument 'cmake_clean_cache' from command line to 'False'
[3.618s] Level 5:colcon.colcon_core.verb:set package 'hrdp_human_interfaces' build argument 'cmake_clean_first' from command line to 'False'
[3.618s] Level 5:colcon.colcon_core.verb:set package 'hrdp_human_interfaces' build argument 'cmake_force_configure' from command line to 'False'
[3.618s] Level 5:colcon.colcon_core.verb:set package 'hrdp_human_interfaces' build argument 'ament_cmake_args' from command line to 'None'
[3.619s] Level 5:colcon.colcon_core.verb:set package 'hrdp_human_interfaces' build argument 'catkin_cmake_args' from command line to 'None'
[3.619s] Level 5:colcon.colcon_core.verb:set package 'hrdp_human_interfaces' build argument 'catkin_skip_building_tests' from command line to 'False'
[3.619s] DEBUG:colcon.colcon_core.verb:Building package 'hrdp_human_interfaces' with the following arguments: {'ament_cmake_args': None, 'build_base': '/home/r1mini/sungsik_ws/build/hrdp_human_interfaces', 'catkin_cmake_args': None, 'catkin_skip_building_tests': False, 'cmake_args': None, 'cmake_clean_cache': False, 'cmake_clean_first': False, 'cmake_force_configure': False, 'cmake_target': None, 'cmake_target_skip_unavailable': False, 'install_base': '/home/r1mini/sungsik_ws/install/hrdp_human_interfaces', 'merge_install': False, 'path': '/home/r1mini/sungsik_ws/src/hrdp_human_interfaces', 'symlink_install': False, 'test_result_base': None}
[3.630s] Level 5:colcon.colcon_core.verb:set package 'hrdp_perception' build argument 'cmake_args' from command line to 'None'
[3.631s] Level 5:colcon.colcon_core.verb:set package 'hrdp_perception' build argument 'cmake_target' from command line to 'None'
[3.632s] Level 5:colcon.colcon_core.verb:set package 'hrdp_perception' build argument 'cmake_target_skip_unavailable' from command line to 'False'
[3.633s] Level 5:colcon.colcon_core.verb:set package 'hrdp_perception' build argument 'cmake_clean_cache' from command line to 'False'
[3.633s] Level 5:colcon.colcon_core.verb:set package 'hrdp_perception' build argument 'cmake_clean_first' from command line to 'False'
[3.633s] Level 5:colcon.colcon_core.verb:set package 'hrdp_perception' build argument 'cmake_force_configure' from command line to 'False'
[3.634s] Level 5:colcon.colcon_core.verb:set package 'hrdp_perception' build argument 'ament_cmake_args' from command line to 'None'
[3.634s] Level 5:colcon.colcon_core.verb:set package 'hrdp_perception' build argument 'catkin_cmake_args' from command line to 'None'
[3.634s] Level 5:colcon.colcon_core.verb:set package 'hrdp_perception' build argument 'catkin_skip_building_tests' from command line to 'False'
[3.635s] DEBUG:colcon.colcon_core.verb:Building package 'hrdp_perception' with the following arguments: {'ament_cmake_args': None, 'build_base': '/home/r1mini/sungsik_ws/build/hrdp_perception', 'catkin_cmake_args': None, 'catkin_skip_building_tests': False, 'cmake_args': None, 'cmake_clean_cache': False, 'cmake_clean_first': False, 'cmake_force_configure': False, 'cmake_target': None, 'cmake_target_skip_unavailable': False, 'install_base': '/home/r1mini/sungsik_ws/install/hrdp_perception', 'merge_install': False, 'path': '/home/r1mini/sungsik_ws/src/hrdp_perception', 'symlink_install': False, 'test_result_base': None}
[3.646s] Level 5:colcon.colcon_core.verb:set package 'hrdp_sensors' build argument 'cmake_args' from command line to 'None'
[3.647s] Level 5:colcon.colcon_core.verb:set package 'hrdp_sensors' build argument 'cmake_target' from command line to 'None'
[3.647s] Level 5:colcon.colcon_core.verb:set package 'hrdp_sensors' build argument 'cmake_target_skip_unavailable' from command line to 'False'
[3.648s] Level 5:colcon.colcon_core.verb:set package 'hrdp_sensors' build argument 'cmake_clean_cache' from command line to 'False'
[3.648s] Level 5:colcon.colcon_core.verb:set package 'hrdp_sensors' build argument 'cmake_clean_first' from command line to 'False'
[3.648s] Level 5:colcon.colcon_core.verb:set package 'hrdp_sensors' build argument 'cmake_force_configure' from command line to 'False'
[3.649s] Level 5:colcon.colcon_core.verb:set package 'hrdp_sensors' build argument 'ament_cmake_args' from command line to 'None'
[3.649s] Level 5:colcon.colcon_core.verb:set package 'hrdp_sensors' build argument 'catkin_cmake_args' from command line to 'None'
[3.649s] Level 5:colcon.colcon_core.verb:set package 'hrdp_sensors' build argument 'catkin_skip_building_tests' from command line to 'False'
[3.650s] DEBUG:colcon.colcon_core.verb:Building package 'hrdp_sensors' with the following arguments: {'ament_cmake_args': None, 'build_base': '/home/r1mini/sungsik_ws/build/hrdp_sensors', 'catkin_cmake_args': None, 'catkin_skip_building_tests': False, 'cmake_args': None, 'cmake_clean_cache': False, 'cmake_clean_first': False, 'cmake_force_configure': False, 'cmake_target': None, 'cmake_target_skip_unavailable': False, 'install_base': '/home/r1mini/sungsik_ws/install/hrdp_sensors', 'merge_install': False, 'path': '/home/r1mini/sungsik_ws/src/hrdp_sensors', 'symlink_install': False, 'test_result_base': None}
[3.658s] INFO:colcon.colcon_core.executor:Executing jobs using 'parallel' executor
[3.697s] DEBUG:colcon.colcon_parallel_executor.executor.parallel:run_until_complete
[3.702s] INFO:colcon.colcon_ros.task.ament_cmake.build:Building ROS package in '/home/r1mini/sungsik_ws/src/hrdp_actuators' with build type 'ament_cmake'
[3.705s] INFO:colcon.colcon_cmake.task.cmake.build:Building CMake package in '/home/r1mini/sungsik_ws/src/hrdp_actuators'
[3.801s] INFO:colcon.colcon_core.plugin_system:Skipping extension 'colcon_core.shell.bat': Not used on non-Windows systems
[3.804s] INFO:colcon.colcon_core.shell:Skip shell extension 'powershell' for command environment: Not usable outside of PowerShell
[3.804s] DEBUG:colcon.colcon_core.shell:Skip shell extension 'dsv' for command environment
[3.908s] INFO:colcon.colcon_ros.task.ament_cmake.build:Building ROS package in '/home/r1mini/sungsik_ws/src/hrdp_beta' with build type 'ament_cmake'
[3.911s] INFO:colcon.colcon_cmake.task.cmake.build:Building CMake package in '/home/r1mini/sungsik_ws/src/hrdp_beta'
[3.954s] INFO:colcon.colcon_core.shell:Skip shell extension 'powershell' for command environment: Not usable outside of PowerShell
[3.956s] DEBUG:colcon.colcon_core.shell:Skip shell extension 'dsv' for command environment
[4.110s] INFO:colcon.colcon_ros.task.ament_cmake.build:Building ROS package in '/home/r1mini/sungsik_ws/src/hrdp_beta_actions' with build type 'ament_cmake'
[4.113s] INFO:colcon.colcon_cmake.task.cmake.build:Building CMake package in '/home/r1mini/sungsik_ws/src/hrdp_beta_actions'
[4.149s] INFO:colcon.colcon_core.shell:Skip shell extension 'powershell' for command environment: Not usable outside of PowerShell
[4.151s] DEBUG:colcon.colcon_core.shell:Skip shell extension 'dsv' for command environment
[4.283s] INFO:colcon.colcon_ros.task.ament_cmake.build:Building ROS package in '/home/r1mini/sungsik_ws/src/hrdp_human_interfaces' with build type 'ament_cmake'
[4.289s] INFO:colcon.colcon_cmake.task.cmake.build:Building CMake package in '/home/r1mini/sungsik_ws/src/hrdp_human_interfaces'
[4.343s] INFO:colcon.colcon_core.shell:Skip shell extension 'powershell' for command environment: Not usable outside of PowerShell
[4.345s] DEBUG:colcon.colcon_core.shell:Skip shell extension 'dsv' for command environment
[4.592s] DEBUG:colcon.colcon_core.event_handler.log_command:Invoking command in '/home/r1mini/sungsik_ws/build/hrdp_actuators': CMAKE_PREFIX_PATH=${CMAKE_PREFIX_PATH}:/home/r1mini/ros2_ws/install/omo_r1mini_teleop:/home/r1mini/ros2_ws/install/omo_r1mini_bringup:/opt/ros/foxy /usr/bin/cmake --build /home/r1mini/sungsik_ws/build/hrdp_actuators -- -j4 -l4
[4.676s] DEBUG:colcon.colcon_core.event_handler.log_command:Invoking command in '/home/r1mini/sungsik_ws/build/hrdp_beta': CMAKE_PREFIX_PATH=${CMAKE_PREFIX_PATH}:/home/r1mini/ros2_ws/install/omo_r1mini_teleop:/home/r1mini/ros2_ws/install/omo_r1mini_bringup:/opt/ros/foxy /usr/bin/cmake --build /home/r1mini/sungsik_ws/build/hrdp_beta -- -j4 -l4
[4.771s] DEBUG:colcon.colcon_core.event_handler.log_command:Invoking command in '/home/r1mini/sungsik_ws/build/hrdp_beta_actions': CMAKE_PREFIX_PATH=${CMAKE_PREFIX_PATH}:/home/r1mini/ros2_ws/install/omo_r1mini_teleop:/home/r1mini/ros2_ws/install/omo_r1mini_bringup:/opt/ros/foxy /usr/bin/cmake --build /home/r1mini/sungsik_ws/build/hrdp_beta_actions -- -j4 -l4
[4.972s] DEBUG:colcon.colcon_core.event_handler.log_command:Invoking command in '/home/r1mini/sungsik_ws/build/hrdp_human_interfaces': CMAKE_PREFIX_PATH=${CMAKE_PREFIX_PATH}:/home/r1mini/ros2_ws/install/omo_r1mini_teleop:/home/r1mini/ros2_ws/install/omo_r1mini_bringup:/opt/ros/foxy /usr/bin/cmake --build /home/r1mini/sungsik_ws/build/hrdp_human_interfaces -- -j4 -l4
[6.043s] DEBUG:colcon.colcon_core.event_handler.log_command:Invoked command in '/home/r1mini/sungsik_ws/build/hrdp_actuators' returned '0': CMAKE_PREFIX_PATH=${CMAKE_PREFIX_PATH}:/home/r1mini/ros2_ws/install/omo_r1mini_teleop:/home/r1mini/ros2_ws/install/omo_r1mini_bringup:/opt/ros/foxy /usr/bin/cmake --build /home/r1mini/sungsik_ws/build/hrdp_actuators -- -j4 -l4
[6.137s] DEBUG:colcon.colcon_core.event_handler.log_command:Invoked command in '/home/r1mini/sungsik_ws/build/hrdp_beta' returned '0': CMAKE_PREFIX_PATH=${CMAKE_PREFIX_PATH}:/home/r1mini/ros2_ws/install/omo_r1mini_teleop:/home/r1mini/ros2_ws/install/omo_r1mini_bringup:/opt/ros/foxy /usr/bin/cmake --build /home/r1mini/sungsik_ws/build/hrdp_beta -- -j4 -l4
[6.969s] DEBUG:colcon.colcon_core.event_handler.log_command:Invoking command in '/home/r1mini/sungsik_ws/build/hrdp_actuators': CMAKE_PREFIX_PATH=${CMAKE_PREFIX_PATH}:/home/r1mini/ros2_ws/install/omo_r1mini_teleop:/home/r1mini/ros2_ws/install/omo_r1mini_bringup:/opt/ros/foxy /usr/bin/cmake --install /home/r1mini/sungsik_ws/build/hrdp_actuators
[7.099s] DEBUG:colcon.colcon_core.event_handler.log_command:Invoking command in '/home/r1mini/sungsik_ws/build/hrdp_beta': CMAKE_PREFIX_PATH=${CMAKE_PREFIX_PATH}:/home/r1mini/ros2_ws/install/omo_r1mini_teleop:/home/r1mini/ros2_ws/install/omo_r1mini_bringup:/opt/ros/foxy /usr/bin/cmake --install /home/r1mini/sungsik_ws/build/hrdp_beta
[7.358s] Level 1:colcon.colcon_core.environment:create_environment_scripts_only(hrdp_actuators)
[7.377s] DEBUG:colcon.colcon_core.event_handler.log_command:Invoked command in '/home/r1mini/sungsik_ws/build/hrdp_actuators' returned '0': CMAKE_PREFIX_PATH=${CMAKE_PREFIX_PATH}:/home/r1mini/ros2_ws/install/omo_r1mini_teleop:/home/r1mini/ros2_ws/install/omo_r1mini_bringup:/opt/ros/foxy /usr/bin/cmake --install /home/r1mini/sungsik_ws/build/hrdp_actuators
[7.635s] Level 1:colcon.colcon_core.environment:checking '/home/r1mini/sungsik_ws/install/hrdp_actuators' for CMake module files
[7.646s] Level 1:colcon.colcon_core.environment:checking '/home/r1mini/sungsik_ws/install/hrdp_actuators' for CMake config files
[7.648s] Level 1:colcon.colcon_core.shell:create_environment_hook('hrdp_actuators', 'cmake_prefix_path')
[7.694s] INFO:colcon.colcon_core.shell:Creating environment hook '/home/r1mini/sungsik_ws/install/hrdp_actuators/share/hrdp_actuators/hook/cmake_prefix_path.ps1'
[7.732s] INFO:colcon.colcon_core.shell:Creating environment descriptor '/home/r1mini/sungsik_ws/install/hrdp_actuators/share/hrdp_actuators/hook/cmake_prefix_path.dsv'
[7.751s] INFO:colcon.colcon_core.shell:Creating environment hook '/home/r1mini/sungsik_ws/install/hrdp_actuators/share/hrdp_actuators/hook/cmake_prefix_path.sh'
[7.777s] Level 1:colcon.colcon_core.environment:checking '/home/r1mini/sungsik_ws/install/hrdp_actuators/bin'
[7.778s] Level 1:colcon.colcon_core.environment:checking '/home/r1mini/sungsik_ws/install/hrdp_actuators/lib/pkgconfig/hrdp_actuators.pc'
[7.781s] Level 1:colcon.colcon_core.environment:checking '/home/r1mini/sungsik_ws/install/hrdp_actuators/lib/python3.8/site-packages'
[7.783s] Level 1:colcon.colcon_core.environment:checking '/home/r1mini/sungsik_ws/install/hrdp_actuators/bin'
[7.827s] INFO:colcon.colcon_core.shell:Creating package script '/home/r1mini/sungsik_ws/install/hrdp_actuators/share/hrdp_actuators/package.ps1'
[7.866s] INFO:colcon.colcon_core.shell:Creating package descriptor '/home/r1mini/sungsik_ws/install/hrdp_actuators/share/hrdp_actuators/package.dsv'
[7.886s] INFO:colcon.colcon_core.shell:Creating package script '/home/r1mini/sungsik_ws/install/hrdp_actuators/share/hrdp_actuators/package.sh'
[7.902s] INFO:colcon.colcon_core.shell:Creating package script '/home/r1mini/sungsik_ws/install/hrdp_actuators/share/hrdp_actuators/package.bash'
[7.939s] INFO:colcon.colcon_core.shell:Creating package script '/home/r1mini/sungsik_ws/install/hrdp_actuators/share/hrdp_actuators/package.zsh'
[7.960s] Level 1:colcon.colcon_core.environment:create_file_with_runtime_dependencies(/home/r1mini/sungsik_ws/install/hrdp_actuators/share/colcon-core/packages/hrdp_actuators)
[8.060s] Level 1:colcon.colcon_core.environment:create_environment_scripts_only(hrdp_beta)
[8.085s] DEBUG:colcon.colcon_core.event_handler.log_command:Invoked command in '/home/r1mini/sungsik_ws/build/hrdp_beta' returned '0': CMAKE_PREFIX_PATH=${CMAKE_PREFIX_PATH}:/home/r1mini/ros2_ws/install/omo_r1mini_teleop:/home/r1mini/ros2_ws/install/omo_r1mini_bringup:/opt/ros/foxy /usr/bin/cmake --install /home/r1mini/sungsik_ws/build/hrdp_beta
[8.182s] Level 1:colcon.colcon_core.environment:checking '/home/r1mini/sungsik_ws/install/hrdp_beta' for CMake module files
[8.197s] Level 1:colcon.colcon_core.environment:checking '/home/r1mini/sungsik_ws/install/hrdp_beta' for CMake config files
[8.213s] Level 1:colcon.colcon_core.shell:create_environment_hook('hrdp_beta', 'cmake_prefix_path')
[8.247s] INFO:colcon.colcon_core.shell:Creating environment hook '/home/r1mini/sungsik_ws/install/hrdp_beta/share/hrdp_beta/hook/cmake_prefix_path.ps1'
[8.272s] INFO:colcon.colcon_core.shell:Creating environment descriptor '/home/r1mini/sungsik_ws/install/hrdp_beta/share/hrdp_beta/hook/cmake_prefix_path.dsv'
[8.314s] INFO:colcon.colcon_core.shell:Creating environment hook '/home/r1mini/sungsik_ws/install/hrdp_beta/share/hrdp_beta/hook/cmake_prefix_path.sh'
[8.330s] Level 1:colcon.colcon_core.environment:checking '/home/r1mini/sungsik_ws/install/hrdp_beta/bin'
[8.332s] Level 1:colcon.colcon_core.environment:checking '/home/r1mini/sungsik_ws/install/hrdp_beta/lib/pkgconfig/hrdp_beta.pc'
[8.335s] Level 1:colcon.colcon_core.environment:checking '/home/r1mini/sungsik_ws/install/hrdp_beta/lib/python3.8/site-packages'
[8.349s] Level 1:colcon.colcon_core.environment:checking '/home/r1mini/sungsik_ws/install/hrdp_beta/bin'
[8.409s] INFO:colcon.colcon_core.shell:Creating package script '/home/r1mini/sungsik_ws/install/hrdp_beta/share/hrdp_beta/package.ps1'
[8.431s] INFO:colcon.colcon_core.shell:Creating package descriptor '/home/r1mini/sungsik_ws/install/hrdp_beta/share/hrdp_beta/package.dsv'
[8.452s] INFO:colcon.colcon_core.shell:Creating package script '/home/r1mini/sungsik_ws/install/hrdp_beta/share/hrdp_beta/package.sh'
[8.459s] INFO:colcon.colcon_core.shell:Creating package script '/home/r1mini/sungsik_ws/install/hrdp_beta/share/hrdp_beta/package.bash'
[8.465s] INFO:colcon.colcon_core.shell:Creating package script '/home/r1mini/sungsik_ws/install/hrdp_beta/share/hrdp_beta/package.zsh'
[8.483s] Level 1:colcon.colcon_core.environment:create_file_with_runtime_dependencies(/home/r1mini/sungsik_ws/install/hrdp_beta/share/colcon-core/packages/hrdp_beta)
[8.624s] Level 1:colcon.colcon_core.environment:create_environment_scripts_only(hrdp_actuators)
[8.650s] Level 1:colcon.colcon_core.environment:checking '/home/r1mini/sungsik_ws/install/hrdp_actuators' for CMake module files
[8.656s] Level 1:colcon.colcon_core.environment:checking '/home/r1mini/sungsik_ws/install/hrdp_actuators' for CMake config files
[8.659s] Level 1:colcon.colcon_core.shell:create_environment_hook('hrdp_actuators', 'cmake_prefix_path')
[8.676s] INFO:colcon.colcon_core.shell:Creating environment hook '/home/r1mini/sungsik_ws/install/hrdp_actuators/share/hrdp_actuators/hook/cmake_prefix_path.ps1'
[8.683s] INFO:colcon.colcon_core.shell:Creating environment descriptor '/home/r1mini/sungsik_ws/install/hrdp_actuators/share/hrdp_actuators/hook/cmake_prefix_path.dsv'
[8.689s] INFO:colcon.colcon_core.shell:Creating environment hook '/home/r1mini/sungsik_ws/install/hrdp_actuators/share/hrdp_actuators/hook/cmake_prefix_path.sh'
[8.702s] Level 1:colcon.colcon_core.environment:checking '/home/r1mini/sungsik_ws/install/hrdp_actuators/bin'
[8.704s] Level 1:colcon.colcon_core.environment:checking '/home/r1mini/sungsik_ws/install/hrdp_actuators/lib/pkgconfig/hrdp_actuators.pc'
[8.708s] Level 1:colcon.colcon_core.environment:checking '/home/r1mini/sungsik_ws/install/hrdp_actuators/lib/python3.8/site-packages'
[8.711s] Level 1:colcon.colcon_core.environment:checking '/home/r1mini/sungsik_ws/install/hrdp_actuators/bin'
[8.728s] INFO:colcon.colcon_core.shell:Creating package script '/home/r1mini/sungsik_ws/install/hrdp_actuators/share/hrdp_actuators/package.ps1'
[8.736s] INFO:colcon.colcon_core.shell:Creating package descriptor '/home/r1mini/sungsik_ws/install/hrdp_actuators/share/hrdp_actuators/package.dsv'
[8.742s] INFO:colcon.colcon_core.shell:Creating package script '/home/r1mini/sungsik_ws/install/hrdp_actuators/share/hrdp_actuators/package.sh'
[8.748s] INFO:colcon.colcon_core.shell:Creating package script '/home/r1mini/sungsik_ws/install/hrdp_actuators/share/hrdp_actuators/package.bash'
[8.755s] INFO:colcon.colcon_core.shell:Creating package script '/home/r1mini/sungsik_ws/install/hrdp_actuators/share/hrdp_actuators/package.zsh'
[8.761s] Level 1:colcon.colcon_core.environment:create_file_with_runtime_dependencies(/home/r1mini/sungsik_ws/install/hrdp_actuators/share/colcon-core/packages/hrdp_actuators)
[8.772s] INFO:colcon.colcon_ros.task.ament_cmake.build:Building ROS package in '/home/r1mini/sungsik_ws/src/hrdp_perception' with build type 'ament_cmake'
[8.775s] INFO:colcon.colcon_cmake.task.cmake.build:Building CMake package in '/home/r1mini/sungsik_ws/src/hrdp_perception'
[8.790s] INFO:colcon.colcon_core.shell:Skip shell extension 'powershell' for command environment: Not usable outside of PowerShell
[8.791s] DEBUG:colcon.colcon_core.shell:Skip shell extension 'dsv' for command environment
[8.989s] DEBUG:colcon.colcon_core.event_handler.log_command:Invoking command in '/home/r1mini/sungsik_ws/build/hrdp_perception': CMAKE_PREFIX_PATH=${CMAKE_PREFIX_PATH}:/home/r1mini/ros2_ws/install/omo_r1mini_teleop:/home/r1mini/ros2_ws/install/omo_r1mini_bringup:/opt/ros/foxy /usr/bin/cmake --build /home/r1mini/sungsik_ws/build/hrdp_perception -- -j4 -l4
[9.140s] Level 1:colcon.colcon_core.environment:create_environment_scripts_only(hrdp_beta)
[9.194s] Level 1:colcon.colcon_core.environment:checking '/home/r1mini/sungsik_ws/install/hrdp_beta' for CMake module files
[9.213s] Level 1:colcon.colcon_core.environment:checking '/home/r1mini/sungsik_ws/install/hrdp_beta' for CMake config files
[9.219s] Level 1:colcon.colcon_core.shell:create_environment_hook('hrdp_beta', 'cmake_prefix_path')
[9.242s] INFO:colcon.colcon_core.shell:Creating environment hook '/home/r1mini/sungsik_ws/install/hrdp_beta/share/hrdp_beta/hook/cmake_prefix_path.ps1'
[9.264s] INFO:colcon.colcon_core.shell:Creating environment descriptor '/home/r1mini/sungsik_ws/install/hrdp_beta/share/hrdp_beta/hook/cmake_prefix_path.dsv'
[9.282s] INFO:colcon.colcon_core.shell:Creating environment hook '/home/r1mini/sungsik_ws/install/hrdp_beta/share/hrdp_beta/hook/cmake_prefix_path.sh'
[9.292s] Level 1:colcon.colcon_core.environment:checking '/home/r1mini/sungsik_ws/install/hrdp_beta/bin'
[9.306s] Level 1:colcon.colcon_core.environment:checking '/home/r1mini/sungsik_ws/install/hrdp_beta/lib/pkgconfig/hrdp_beta.pc'
[9.311s] Level 1:colcon.colcon_core.environment:checking '/home/r1mini/sungsik_ws/install/hrdp_beta/lib/python3.8/site-packages'
[9.316s] Level 1:colcon.colcon_core.environment:checking '/home/r1mini/sungsik_ws/install/hrdp_beta/bin'
[9.345s] INFO:colcon.colcon_core.shell:Creating package script '/home/r1mini/sungsik_ws/install/hrdp_beta/share/hrdp_beta/package.ps1'
[9.354s] INFO:colcon.colcon_core.shell:Creating package descriptor '/home/r1mini/sungsik_ws/install/hrdp_beta/share/hrdp_beta/package.dsv'
[9.362s] INFO:colcon.colcon_core.shell:Creating package script '/home/r1mini/sungsik_ws/install/hrdp_beta/share/hrdp_beta/package.sh'
[9.370s] INFO:colcon.colcon_core.shell:Creating package script '/home/r1mini/sungsik_ws/install/hrdp_beta/share/hrdp_beta/package.bash'
[9.380s] INFO:colcon.colcon_core.shell:Creating package script '/home/r1mini/sungsik_ws/install/hrdp_beta/share/hrdp_beta/package.zsh'
[9.389s] Level 1:colcon.colcon_core.environment:create_file_with_runtime_dependencies(/home/r1mini/sungsik_ws/install/hrdp_beta/share/colcon-core/packages/hrdp_beta)
[9.401s] INFO:colcon.colcon_ros.task.ament_cmake.build:Building ROS package in '/home/r1mini/sungsik_ws/src/hrdp_sensors' with build type 'ament_cmake'
[9.405s] INFO:colcon.colcon_cmake.task.cmake.build:Building CMake package in '/home/r1mini/sungsik_ws/src/hrdp_sensors'
[9.425s] INFO:colcon.colcon_core.shell:Skip shell extension 'powershell' for command environment: Not usable outside of PowerShell
[9.426s] DEBUG:colcon.colcon_core.shell:Skip shell extension 'dsv' for command environment
[9.666s] DEBUG:colcon.colcon_core.event_handler.log_command:Invoking command in '/home/r1mini/sungsik_ws/build/hrdp_sensors': CMAKE_PREFIX_PATH=${CMAKE_PREFIX_PATH}:/home/r1mini/ros2_ws/install/omo_r1mini_teleop:/home/r1mini/ros2_ws/install/omo_r1mini_bringup:/opt/ros/foxy /usr/bin/cmake --build /home/r1mini/sungsik_ws/build/hrdp_sensors -- -j4 -l4
[9.895s] DEBUG:colcon.colcon_core.event_handler.log_command:Invoked command in '/home/r1mini/sungsik_ws/build/hrdp_perception' returned '0': CMAKE_PREFIX_PATH=${CMAKE_PREFIX_PATH}:/home/r1mini/ros2_ws/install/omo_r1mini_teleop:/home/r1mini/ros2_ws/install/omo_r1mini_bringup:/opt/ros/foxy /usr/bin/cmake --build /home/r1mini/sungsik_ws/build/hrdp_perception -- -j4 -l4
[10.517s] DEBUG:colcon.colcon_core.event_handler.log_command:Invoking command in '/home/r1mini/sungsik_ws/build/hrdp_perception': CMAKE_PREFIX_PATH=${CMAKE_PREFIX_PATH}:/home/r1mini/ros2_ws/install/omo_r1mini_teleop:/home/r1mini/ros2_ws/install/omo_r1mini_bringup:/opt/ros/foxy /usr/bin/cmake --install /home/r1mini/sungsik_ws/build/hrdp_perception
[10.754s] DEBUG:colcon.colcon_core.event_handler.log_command:Invoked command in '/home/r1mini/sungsik_ws/build/hrdp_beta_actions' returned '0': CMAKE_PREFIX_PATH=${CMAKE_PREFIX_PATH}:/home/r1mini/ros2_ws/install/omo_r1mini_teleop:/home/r1mini/ros2_ws/install/omo_r1mini_bringup:/opt/ros/foxy /usr/bin/cmake --build /home/r1mini/sungsik_ws/build/hrdp_beta_actions -- -j4 -l4
[10.846s] Level 1:colcon.colcon_core.environment:create_environment_scripts_only(hrdp_perception)
[10.852s] DEBUG:colcon.colcon_core.event_handler.log_command:Invoked command in '/home/r1mini/sungsik_ws/build/hrdp_perception' returned '0': CMAKE_PREFIX_PATH=${CMAKE_PREFIX_PATH}:/home/r1mini/ros2_ws/install/omo_r1mini_teleop:/home/r1mini/ros2_ws/install/omo_r1mini_bringup:/opt/ros/foxy /usr/bin/cmake --install /home/r1mini/sungsik_ws/build/hrdp_perception
[10.975s] Level 1:colcon.colcon_core.environment:checking '/home/r1mini/sungsik_ws/install/hrdp_perception' for CMake module files
[10.987s] Level 1:colcon.colcon_core.environment:checking '/home/r1mini/sungsik_ws/install/hrdp_perception' for CMake config files
[11.004s] Level 1:colcon.colcon_core.shell:create_environment_hook('hrdp_perception', 'cmake_prefix_path')
[11.040s] INFO:colcon.colcon_core.shell:Creating environment hook '/home/r1mini/sungsik_ws/install/hrdp_perception/share/hrdp_perception/hook/cmake_prefix_path.ps1'
[11.064s] INFO:colcon.colcon_core.shell:Creating environment descriptor '/home/r1mini/sungsik_ws/install/hrdp_perception/share/hrdp_perception/hook/cmake_prefix_path.dsv'
[11.070s] INFO:colcon.colcon_core.shell:Creating environment hook '/home/r1mini/sungsik_ws/install/hrdp_perception/share/hrdp_perception/hook/cmake_prefix_path.sh'
[11.083s] Level 1:colcon.colcon_core.environment:checking '/home/r1mini/sungsik_ws/install/hrdp_perception/bin'
[11.085s] Level 1:colcon.colcon_core.environment:checking '/home/r1mini/sungsik_ws/install/hrdp_perception/lib/pkgconfig/hrdp_perception.pc'
[11.088s] Level 1:colcon.colcon_core.environment:checking '/home/r1mini/sungsik_ws/install/hrdp_perception/lib/python3.8/site-packages'
[11.091s] Level 1:colcon.colcon_core.environment:checking '/home/r1mini/sungsik_ws/install/hrdp_perception/bin'
[11.136s] INFO:colcon.colcon_core.shell:Creating package script '/home/r1mini/sungsik_ws/install/hrdp_perception/share/hrdp_perception/package.ps1'
[11.153s] INFO:colcon.colcon_core.shell:Creating package descriptor '/home/r1mini/sungsik_ws/install/hrdp_perception/share/hrdp_perception/package.dsv'
[11.159s] INFO:colcon.colcon_core.shell:Creating package script '/home/r1mini/sungsik_ws/install/hrdp_perception/share/hrdp_perception/package.sh'
[11.166s] INFO:colcon.colcon_core.shell:Creating package script '/home/r1mini/sungsik_ws/install/hrdp_perception/share/hrdp_perception/package.bash'
[11.172s] INFO:colcon.colcon_core.shell:Creating package script '/home/r1mini/sungsik_ws/install/hrdp_perception/share/hrdp_perception/package.zsh'
[11.178s] Level 1:colcon.colcon_core.environment:create_file_with_runtime_dependencies(/home/r1mini/sungsik_ws/install/hrdp_perception/share/colcon-core/packages/hrdp_perception)
[11.926s] Level 1:colcon.colcon_core.environment:create_environment_scripts_only(hrdp_perception)
[12.033s] Level 1:colcon.colcon_core.environment:checking '/home/r1mini/sungsik_ws/install/hrdp_perception' for CMake module files
[12.053s] Level 1:colcon.colcon_core.environment:checking '/home/r1mini/sungsik_ws/install/hrdp_perception' for CMake config files
[12.057s] Level 1:colcon.colcon_core.shell:create_environment_hook('hrdp_perception', 'cmake_prefix_path')
[12.138s] INFO:colcon.colcon_core.shell:Creating environment hook '/home/r1mini/sungsik_ws/install/hrdp_perception/share/hrdp_perception/hook/cmake_prefix_path.ps1'
[12.152s] INFO:colcon.colcon_core.shell:Creating environment descriptor '/home/r1mini/sungsik_ws/install/hrdp_perception/share/hrdp_perception/hook/cmake_prefix_path.dsv'
[12.159s] INFO:colcon.colcon_core.shell:Creating environment hook '/home/r1mini/sungsik_ws/install/hrdp_perception/share/hrdp_perception/hook/cmake_prefix_path.sh'
[12.201s] Level 1:colcon.colcon_core.environment:checking '/home/r1mini/sungsik_ws/install/hrdp_perception/bin'
[12.203s] Level 1:colcon.colcon_core.environment:checking '/home/r1mini/sungsik_ws/install/hrdp_perception/lib/pkgconfig/hrdp_perception.pc'
[12.207s] Level 1:colcon.colcon_core.environment:checking '/home/r1mini/sungsik_ws/install/hrdp_perception/lib/python3.8/site-packages'
[12.209s] Level 1:colcon.colcon_core.environment:checking '/home/r1mini/sungsik_ws/install/hrdp_perception/bin'
[12.225s] INFO:colcon.colcon_core.shell:Creating package script '/home/r1mini/sungsik_ws/install/hrdp_perception/share/hrdp_perception/package.ps1'
[12.247s] INFO:colcon.colcon_core.shell:Creating package descriptor '/home/r1mini/sungsik_ws/install/hrdp_perception/share/hrdp_perception/package.dsv'
[12.267s] INFO:colcon.colcon_core.shell:Creating package script '/home/r1mini/sungsik_ws/install/hrdp_perception/share/hrdp_perception/package.sh'
[12.283s] INFO:colcon.colcon_core.shell:Creating package script '/home/r1mini/sungsik_ws/install/hrdp_perception/share/hrdp_perception/package.bash'
[12.308s] INFO:colcon.colcon_core.shell:Creating package script '/home/r1mini/sungsik_ws/install/hrdp_perception/share/hrdp_perception/package.zsh'
[12.322s] Level 1:colcon.colcon_core.environment:create_file_with_runtime_dependencies(/home/r1mini/sungsik_ws/install/hrdp_perception/share/colcon-core/packages/hrdp_perception)
[12.396s] DEBUG:colcon.colcon_core.event_handler.log_command:Invoking command in '/home/r1mini/sungsik_ws/build/hrdp_beta_actions': CMAKE_PREFIX_PATH=${CMAKE_PREFIX_PATH}:/home/r1mini/ros2_ws/install/omo_r1mini_teleop:/home/r1mini/ros2_ws/install/omo_r1mini_bringup:/opt/ros/foxy /usr/bin/cmake --install /home/r1mini/sungsik_ws/build/hrdp_beta_actions
[13.756s] Level 1:colcon.colcon_core.environment:create_environment_scripts_only(hrdp_beta_actions)
[13.805s] DEBUG:colcon.colcon_core.event_handler.log_command:Invoked command in '/home/r1mini/sungsik_ws/build/hrdp_beta_actions' returned '0': CMAKE_PREFIX_PATH=${CMAKE_PREFIX_PATH}:/home/r1mini/ros2_ws/install/omo_r1mini_teleop:/home/r1mini/ros2_ws/install/omo_r1mini_bringup:/opt/ros/foxy /usr/bin/cmake --install /home/r1mini/sungsik_ws/build/hrdp_beta_actions
[13.796s] Level 1:colcon.colcon_core.environment:checking '/home/r1mini/sungsik_ws/install/hrdp_beta_actions' for CMake module files
[13.819s] Level 1:colcon.colcon_core.environment:checking '/home/r1mini/sungsik_ws/install/hrdp_beta_actions' for CMake config files
[13.844s] Level 1:colcon.colcon_core.shell:create_environment_hook('hrdp_beta_actions', 'cmake_prefix_path')
[13.870s] INFO:colcon.colcon_core.shell:Creating environment hook '/home/r1mini/sungsik_ws/install/hrdp_beta_actions/share/hrdp_beta_actions/hook/cmake_prefix_path.ps1'
[13.897s] INFO:colcon.colcon_core.shell:Creating environment descriptor '/home/r1mini/sungsik_ws/install/hrdp_beta_actions/share/hrdp_beta_actions/hook/cmake_prefix_path.dsv'
[13.914s] INFO:colcon.colcon_core.shell:Creating environment hook '/home/r1mini/sungsik_ws/install/hrdp_beta_actions/share/hrdp_beta_actions/hook/cmake_prefix_path.sh'
[13.936s] Level 1:colcon.colcon_core.environment:checking '/home/r1mini/sungsik_ws/install/hrdp_beta_actions/lib'
[13.950s] Level 1:colcon.colcon_core.shell:create_environment_hook('hrdp_beta_actions', 'ld_library_path_lib')
[13.974s] INFO:colcon.colcon_core.shell:Creating environment hook '/home/r1mini/sungsik_ws/install/hrdp_beta_actions/share/hrdp_beta_actions/hook/ld_library_path_lib.ps1'
[13.983s] INFO:colcon.colcon_core.shell:Creating environment descriptor '/home/r1mini/sungsik_ws/install/hrdp_beta_actions/share/hrdp_beta_actions/hook/ld_library_path_lib.dsv'
[13.997s] INFO:colcon.colcon_core.shell:Creating environment hook '/home/r1mini/sungsik_ws/install/hrdp_beta_actions/share/hrdp_beta_actions/hook/ld_library_path_lib.sh'
[14.026s] Level 1:colcon.colcon_core.environment:checking '/home/r1mini/sungsik_ws/install/hrdp_beta_actions/bin'
[14.031s] Level 1:colcon.colcon_core.environment:checking '/home/r1mini/sungsik_ws/install/hrdp_beta_actions/lib/pkgconfig/hrdp_beta_actions.pc'
[14.035s] Level 1:colcon.colcon_core.environment:checking '/home/r1mini/sungsik_ws/install/hrdp_beta_actions/lib/python3.8/site-packages'
[14.043s] Level 1:colcon.colcon_core.shell:create_environment_hook('hrdp_beta_actions', 'pythonpath')
[14.074s] INFO:colcon.colcon_core.shell:Creating environment hook '/home/r1mini/sungsik_ws/install/hrdp_beta_actions/share/hrdp_beta_actions/hook/pythonpath.ps1'
[14.089s] INFO:colcon.colcon_core.shell:Creating environment descriptor '/home/r1mini/sungsik_ws/install/hrdp_beta_actions/share/hrdp_beta_actions/hook/pythonpath.dsv'
[14.102s] INFO:colcon.colcon_core.shell:Creating environment hook '/home/r1mini/sungsik_ws/install/hrdp_beta_actions/share/hrdp_beta_actions/hook/pythonpath.sh'
[14.109s] Level 1:colcon.colcon_core.environment:checking '/home/r1mini/sungsik_ws/install/hrdp_beta_actions/bin'
[14.165s] INFO:colcon.colcon_core.shell:Creating package script '/home/r1mini/sungsik_ws/install/hrdp_beta_actions/share/hrdp_beta_actions/package.ps1'
[14.193s] INFO:colcon.colcon_core.shell:Creating package descriptor '/home/r1mini/sungsik_ws/install/hrdp_beta_actions/share/hrdp_beta_actions/package.dsv'
[14.220s] INFO:colcon.colcon_core.shell:Creating package script '/home/r1mini/sungsik_ws/install/hrdp_beta_actions/share/hrdp_beta_actions/package.sh'
[14.244s] INFO:colcon.colcon_core.shell:Creating package script '/home/r1mini/sungsik_ws/install/hrdp_beta_actions/share/hrdp_beta_actions/package.bash'
[14.257s] INFO:colcon.colcon_core.shell:Creating package script '/home/r1mini/sungsik_ws/install/hrdp_beta_actions/share/hrdp_beta_actions/package.zsh'
[14.263s] Level 1:colcon.colcon_core.environment:create_file_with_runtime_dependencies(/home/r1mini/sungsik_ws/install/hrdp_beta_actions/share/colcon-core/packages/hrdp_beta_actions)
[16.258s] Level 1:colcon.colcon_core.environment:create_environment_scripts_only(hrdp_beta_actions)
[16.308s] Level 1:colcon.colcon_core.environment:checking '/home/r1mini/sungsik_ws/install/hrdp_beta_actions' for CMake module files
[16.321s] Level 1:colcon.colcon_core.environment:checking '/home/r1mini/sungsik_ws/install/hrdp_beta_actions' for CMake config files
[16.327s] Level 1:colcon.colcon_core.shell:create_environment_hook('hrdp_beta_actions', 'cmake_prefix_path')
[16.342s] INFO:colcon.colcon_core.shell:Creating environment hook '/home/r1mini/sungsik_ws/install/hrdp_beta_actions/share/hrdp_beta_actions/hook/cmake_prefix_path.ps1'
[16.352s] INFO:colcon.colcon_core.shell:Creating environment descriptor '/home/r1mini/sungsik_ws/install/hrdp_beta_actions/share/hrdp_beta_actions/hook/cmake_prefix_path.dsv'
[16.359s] INFO:colcon.colcon_core.shell:Creating environment hook '/home/r1mini/sungsik_ws/install/hrdp_beta_actions/share/hrdp_beta_actions/hook/cmake_prefix_path.sh'
[16.368s] Level 1:colcon.colcon_core.environment:checking '/home/r1mini/sungsik_ws/install/hrdp_beta_actions/lib'
[16.370s] Level 1:colcon.colcon_core.shell:create_environment_hook('hrdp_beta_actions', 'ld_library_path_lib')
[16.410s] INFO:colcon.colcon_core.shell:Creating environment hook '/home/r1mini/sungsik_ws/install/hrdp_beta_actions/share/hrdp_beta_actions/hook/ld_library_path_lib.ps1'
[16.419s] INFO:colcon.colcon_core.shell:Creating environment descriptor '/home/r1mini/sungsik_ws/install/hrdp_beta_actions/share/hrdp_beta_actions/hook/ld_library_path_lib.dsv'
[16.424s] INFO:colcon.colcon_core.shell:Creating environment hook '/home/r1mini/sungsik_ws/install/hrdp_beta_actions/share/hrdp_beta_actions/hook/ld_library_path_lib.sh'
[16.430s] Level 1:colcon.colcon_core.environment:checking '/home/r1mini/sungsik_ws/install/hrdp_beta_actions/bin'
[16.431s] Level 1:colcon.colcon_core.environment:checking '/home/r1mini/sungsik_ws/install/hrdp_beta_actions/lib/pkgconfig/hrdp_beta_actions.pc'
[16.434s] Level 1:colcon.colcon_core.environment:checking '/home/r1mini/sungsik_ws/install/hrdp_beta_actions/lib/python3.8/site-packages'
[16.435s] Level 1:colcon.colcon_core.shell:create_environment_hook('hrdp_beta_actions', 'pythonpath')
[16.450s] INFO:colcon.colcon_core.shell:Creating environment hook '/home/r1mini/sungsik_ws/install/hrdp_beta_actions/share/hrdp_beta_actions/hook/pythonpath.ps1'
[16.466s] INFO:colcon.colcon_core.shell:Creating environment descriptor '/home/r1mini/sungsik_ws/install/hrdp_beta_actions/share/hrdp_beta_actions/hook/pythonpath.dsv'
[16.471s] INFO:colcon.colcon_core.shell:Creating environment hook '/home/r1mini/sungsik_ws/install/hrdp_beta_actions/share/hrdp_beta_actions/hook/pythonpath.sh'
[16.479s] Level 1:colcon.colcon_core.environment:checking '/home/r1mini/sungsik_ws/install/hrdp_beta_actions/bin'
[16.509s] INFO:colcon.colcon_core.shell:Creating package script '/home/r1mini/sungsik_ws/install/hrdp_beta_actions/share/hrdp_beta_actions/package.ps1'
[16.518s] INFO:colcon.colcon_core.shell:Creating package descriptor '/home/r1mini/sungsik_ws/install/hrdp_beta_actions/share/hrdp_beta_actions/package.dsv'
[16.528s] INFO:colcon.colcon_core.shell:Creating package script '/home/r1mini/sungsik_ws/install/hrdp_beta_actions/share/hrdp_beta_actions/package.sh'
[16.537s] INFO:colcon.colcon_core.shell:Creating package script '/home/r1mini/sungsik_ws/install/hrdp_beta_actions/share/hrdp_beta_actions/package.bash'
[16.544s] INFO:colcon.colcon_core.shell:Creating package script '/home/r1mini/sungsik_ws/install/hrdp_beta_actions/share/hrdp_beta_actions/package.zsh'
[16.552s] Level 1:colcon.colcon_core.environment:create_file_with_runtime_dependencies(/home/r1mini/sungsik_ws/install/hrdp_beta_actions/share/colcon-core/packages/hrdp_beta_actions)
[19.937s] DEBUG:colcon.colcon_core.event_handler.log_command:Invoked command in '/home/r1mini/sungsik_ws/build/hrdp_human_interfaces' returned '0': CMAKE_PREFIX_PATH=${CMAKE_PREFIX_PATH}:/home/r1mini/ros2_ws/install/omo_r1mini_teleop:/home/r1mini/ros2_ws/install/omo_r1mini_bringup:/opt/ros/foxy /usr/bin/cmake --build /home/r1mini/sungsik_ws/build/hrdp_human_interfaces -- -j4 -l4
[20.210s] DEBUG:colcon.colcon_core.event_handler.log_command:Invoking command in '/home/r1mini/sungsik_ws/build/hrdp_human_interfaces': CMAKE_PREFIX_PATH=${CMAKE_PREFIX_PATH}:/home/r1mini/ros2_ws/install/omo_r1mini_teleop:/home/r1mini/ros2_ws/install/omo_r1mini_bringup:/opt/ros/foxy /usr/bin/cmake --install /home/r1mini/sungsik_ws/build/hrdp_human_interfaces
[20.316s] Level 1:colcon.colcon_core.environment:create_environment_scripts_only(hrdp_human_interfaces)
[20.357s] Level 1:colcon.colcon_core.environment:checking '/home/r1mini/sungsik_ws/install/hrdp_human_interfaces' for CMake module files
[20.376s] Level 1:colcon.colcon_core.environment:checking '/home/r1mini/sungsik_ws/install/hrdp_human_interfaces' for CMake config files
[20.385s] Level 1:colcon.colcon_core.shell:create_environment_hook('hrdp_human_interfaces', 'cmake_prefix_path')
[20.404s] INFO:colcon.colcon_core.shell:Creating environment hook '/home/r1mini/sungsik_ws/install/hrdp_human_interfaces/share/hrdp_human_interfaces/hook/cmake_prefix_path.ps1'
[20.421s] INFO:colcon.colcon_core.shell:Creating environment descriptor '/home/r1mini/sungsik_ws/install/hrdp_human_interfaces/share/hrdp_human_interfaces/hook/cmake_prefix_path.dsv'
[20.427s] INFO:colcon.colcon_core.shell:Creating environment hook '/home/r1mini/sungsik_ws/install/hrdp_human_interfaces/share/hrdp_human_interfaces/hook/cmake_prefix_path.sh'
[20.439s] Level 1:colcon.colcon_core.environment:checking '/home/r1mini/sungsik_ws/install/hrdp_human_interfaces/bin'
[20.441s] Level 1:colcon.colcon_core.environment:checking '/home/r1mini/sungsik_ws/install/hrdp_human_interfaces/lib/pkgconfig/hrdp_human_interfaces.pc'
[20.444s] Level 1:colcon.colcon_core.environment:checking '/home/r1mini/sungsik_ws/install/hrdp_human_interfaces/lib/python3.8/site-packages'
[20.446s] Level 1:colcon.colcon_core.environment:checking '/home/r1mini/sungsik_ws/install/hrdp_human_interfaces/bin'
[20.463s] DEBUG:colcon.colcon_core.event_handler.log_command:Invoked command in '/home/r1mini/sungsik_ws/build/hrdp_human_interfaces' returned '0': CMAKE_PREFIX_PATH=${CMAKE_PREFIX_PATH}:/home/r1mini/ros2_ws/install/omo_r1mini_teleop:/home/r1mini/ros2_ws/install/omo_r1mini_bringup:/opt/ros/foxy /usr/bin/cmake --install /home/r1mini/sungsik_ws/build/hrdp_human_interfaces
[20.468s] INFO:colcon.colcon_core.shell:Creating package script '/home/r1mini/sungsik_ws/install/hrdp_human_interfaces/share/hrdp_human_interfaces/package.ps1'
[20.476s] INFO:colcon.colcon_core.shell:Creating package descriptor '/home/r1mini/sungsik_ws/install/hrdp_human_interfaces/share/hrdp_human_interfaces/package.dsv'
[20.482s] INFO:colcon.colcon_core.shell:Creating package script '/home/r1mini/sungsik_ws/install/hrdp_human_interfaces/share/hrdp_human_interfaces/package.sh'
[20.488s] INFO:colcon.colcon_core.shell:Creating package script '/home/r1mini/sungsik_ws/install/hrdp_human_interfaces/share/hrdp_human_interfaces/package.bash'
[20.493s] INFO:colcon.colcon_core.shell:Creating package script '/home/r1mini/sungsik_ws/install/hrdp_human_interfaces/share/hrdp_human_interfaces/package.zsh'
[20.498s] Level 1:colcon.colcon_core.environment:create_file_with_runtime_dependencies(/home/r1mini/sungsik_ws/install/hrdp_human_interfaces/share/colcon-core/packages/hrdp_human_interfaces)
[20.780s] Level 1:colcon.colcon_core.environment:create_environment_scripts_only(hrdp_human_interfaces)
[20.823s] Level 1:colcon.colcon_core.environment:checking '/home/r1mini/sungsik_ws/install/hrdp_human_interfaces' for CMake module files
[20.830s] Level 1:colcon.colcon_core.environment:checking '/home/r1mini/sungsik_ws/install/hrdp_human_interfaces' for CMake config files
[20.833s] Level 1:colcon.colcon_core.shell:create_environment_hook('hrdp_human_interfaces', 'cmake_prefix_path')
[20.925s] INFO:colcon.colcon_core.shell:Creating environment hook '/home/r1mini/sungsik_ws/install/hrdp_human_interfaces/share/hrdp_human_interfaces/hook/cmake_prefix_path.ps1'
[20.939s] INFO:colcon.colcon_core.shell:Creating environment descriptor '/home/r1mini/sungsik_ws/install/hrdp_human_interfaces/share/hrdp_human_interfaces/hook/cmake_prefix_path.dsv'
[20.948s] INFO:colcon.colcon_core.shell:Creating environment hook '/home/r1mini/sungsik_ws/install/hrdp_human_interfaces/share/hrdp_human_interfaces/hook/cmake_prefix_path.sh'
[20.957s] Level 1:colcon.colcon_core.environment:checking '/home/r1mini/sungsik_ws/install/hrdp_human_interfaces/bin'
[20.959s] Level 1:colcon.colcon_core.environment:checking '/home/r1mini/sungsik_ws/install/hrdp_human_interfaces/lib/pkgconfig/hrdp_human_interfaces.pc'
[20.962s] Level 1:colcon.colcon_core.environment:checking '/home/r1mini/sungsik_ws/install/hrdp_human_interfaces/lib/python3.8/site-packages'
[20.966s] Level 1:colcon.colcon_core.environment:checking '/home/r1mini/sungsik_ws/install/hrdp_human_interfaces/bin'
[20.992s] INFO:colcon.colcon_core.shell:Creating package script '/home/r1mini/sungsik_ws/install/hrdp_human_interfaces/share/hrdp_human_interfaces/package.ps1'
[21.009s] INFO:colcon.colcon_core.shell:Creating package descriptor '/home/r1mini/sungsik_ws/install/hrdp_human_interfaces/share/hrdp_human_interfaces/package.dsv'
[21.020s] INFO:colcon.colcon_core.shell:Creating package script '/home/r1mini/sungsik_ws/install/hrdp_human_interfaces/share/hrdp_human_interfaces/package.sh'
[21.030s] INFO:colcon.colcon_core.shell:Creating package script '/home/r1mini/sungsik_ws/install/hrdp_human_interfaces/share/hrdp_human_interfaces/package.bash'
[21.040s] INFO:colcon.colcon_core.shell:Creating package script '/home/r1mini/sungsik_ws/install/hrdp_human_interfaces/share/hrdp_human_interfaces/package.zsh'
[21.049s] Level 1:colcon.colcon_core.environment:create_file_with_runtime_dependencies(/home/r1mini/sungsik_ws/install/hrdp_human_interfaces/share/colcon-core/packages/hrdp_human_interfaces)
[21.371s] DEBUG:colcon.colcon_core.event_handler.log_command:Invoked command in '/home/r1mini/sungsik_ws/build/hrdp_sensors' returned '0': CMAKE_PREFIX_PATH=${CMAKE_PREFIX_PATH}:/home/r1mini/ros2_ws/install/omo_r1mini_teleop:/home/r1mini/ros2_ws/install/omo_r1mini_bringup:/opt/ros/foxy /usr/bin/cmake --build /home/r1mini/sungsik_ws/build/hrdp_sensors -- -j4 -l4
[21.868s] DEBUG:colcon.colcon_core.event_handler.log_command:Invoking command in '/home/r1mini/sungsik_ws/build/hrdp_sensors': CMAKE_PREFIX_PATH=${CMAKE_PREFIX_PATH}:/home/r1mini/ros2_ws/install/omo_r1mini_teleop:/home/r1mini/ros2_ws/install/omo_r1mini_bringup:/opt/ros/foxy /usr/bin/cmake --install /home/r1mini/sungsik_ws/build/hrdp_sensors
[22.000s] Level 1:colcon.colcon_core.environment:create_environment_scripts_only(hrdp_sensors)
[22.055s] Level 1:colcon.colcon_core.environment:checking '/home/r1mini/sungsik_ws/install/hrdp_sensors' for CMake module files
[22.073s] DEBUG:colcon.colcon_core.event_handler.log_command:Invoked command in '/home/r1mini/sungsik_ws/build/hrdp_sensors' returned '0': CMAKE_PREFIX_PATH=${CMAKE_PREFIX_PATH}:/home/r1mini/ros2_ws/install/omo_r1mini_teleop:/home/r1mini/ros2_ws/install/omo_r1mini_bringup:/opt/ros/foxy /usr/bin/cmake --install /home/r1mini/sungsik_ws/build/hrdp_sensors
[22.074s] Level 1:colcon.colcon_core.environment:checking '/home/r1mini/sungsik_ws/install/hrdp_sensors' for CMake config files
[22.077s] Level 1:colcon.colcon_core.shell:create_environment_hook('hrdp_sensors', 'cmake_prefix_path')
[22.094s] INFO:colcon.colcon_core.shell:Creating environment hook '/home/r1mini/sungsik_ws/install/hrdp_sensors/share/hrdp_sensors/hook/cmake_prefix_path.ps1'
[22.103s] INFO:colcon.colcon_core.shell:Creating environment descriptor '/home/r1mini/sungsik_ws/install/hrdp_sensors/share/hrdp_sensors/hook/cmake_prefix_path.dsv'
[22.109s] INFO:colcon.colcon_core.shell:Creating environment hook '/home/r1mini/sungsik_ws/install/hrdp_sensors/share/hrdp_sensors/hook/cmake_prefix_path.sh'
[22.116s] Level 1:colcon.colcon_core.environment:checking '/home/r1mini/sungsik_ws/install/hrdp_sensors/bin'
[22.117s] Level 1:colcon.colcon_core.environment:checking '/home/r1mini/sungsik_ws/install/hrdp_sensors/lib/pkgconfig/hrdp_sensors.pc'
[22.120s] Level 1:colcon.colcon_core.environment:checking '/home/r1mini/sungsik_ws/install/hrdp_sensors/lib/python3.8/site-packages'
[22.123s] Level 1:colcon.colcon_core.environment:checking '/home/r1mini/sungsik_ws/install/hrdp_sensors/bin'
[22.149s] INFO:colcon.colcon_core.shell:Creating package script '/home/r1mini/sungsik_ws/install/hrdp_sensors/share/hrdp_sensors/package.ps1'
[22.156s] INFO:colcon.colcon_core.shell:Creating package descriptor '/home/r1mini/sungsik_ws/install/hrdp_sensors/share/hrdp_sensors/package.dsv'
[22.162s] INFO:colcon.colcon_core.shell:Creating package script '/home/r1mini/sungsik_ws/install/hrdp_sensors/share/hrdp_sensors/package.sh'
[22.168s] INFO:colcon.colcon_core.shell:Creating package script '/home/r1mini/sungsik_ws/install/hrdp_sensors/share/hrdp_sensors/package.bash'
[22.173s] INFO:colcon.colcon_core.shell:Creating package script '/home/r1mini/sungsik_ws/install/hrdp_sensors/share/hrdp_sensors/package.zsh'
[22.178s] Level 1:colcon.colcon_core.environment:create_file_with_runtime_dependencies(/home/r1mini/sungsik_ws/install/hrdp_sensors/share/colcon-core/packages/hrdp_sensors)
[22.389s] Level 1:colcon.colcon_core.environment:create_environment_scripts_only(hrdp_sensors)
[22.403s] Level 1:colcon.colcon_core.environment:checking '/home/r1mini/sungsik_ws/install/hrdp_sensors' for CMake module files
[22.408s] Level 1:colcon.colcon_core.environment:checking '/home/r1mini/sungsik_ws/install/hrdp_sensors' for CMake config files
[22.410s] Level 1:colcon.colcon_core.shell:create_environment_hook('hrdp_sensors', 'cmake_prefix_path')
[22.421s] INFO:colcon.colcon_core.shell:Creating environment hook '/home/r1mini/sungsik_ws/install/hrdp_sensors/share/hrdp_sensors/hook/cmake_prefix_path.ps1'
[22.427s] INFO:colcon.colcon_core.shell:Creating environment descriptor '/home/r1mini/sungsik_ws/install/hrdp_sensors/share/hrdp_sensors/hook/cmake_prefix_path.dsv'
[22.431s] INFO:colcon.colcon_core.shell:Creating environment hook '/home/r1mini/sungsik_ws/install/hrdp_sensors/share/hrdp_sensors/hook/cmake_prefix_path.sh'
[22.439s] Level 1:colcon.colcon_core.environment:checking '/home/r1mini/sungsik_ws/install/hrdp_sensors/bin'
[22.440s] Level 1:colcon.colcon_core.environment:checking '/home/r1mini/sungsik_ws/install/hrdp_sensors/lib/pkgconfig/hrdp_sensors.pc'
[22.444s] Level 1:colcon.colcon_core.environment:checking '/home/r1mini/sungsik_ws/install/hrdp_sensors/lib/python3.8/site-packages'
[22.447s] Level 1:colcon.colcon_core.environment:checking '/home/r1mini/sungsik_ws/install/hrdp_sensors/bin'
[22.462s] INFO:colcon.colcon_core.shell:Creating package script '/home/r1mini/sungsik_ws/install/hrdp_sensors/share/hrdp_sensors/package.ps1'
[22.468s] INFO:colcon.colcon_core.shell:Creating package descriptor '/home/r1mini/sungsik_ws/install/hrdp_sensors/share/hrdp_sensors/package.dsv'
[22.473s] INFO:colcon.colcon_core.shell:Creating package script '/home/r1mini/sungsik_ws/install/hrdp_sensors/share/hrdp_sensors/package.sh'
[22.477s] INFO:colcon.colcon_core.shell:Creating package script '/home/r1mini/sungsik_ws/install/hrdp_sensors/share/hrdp_sensors/package.bash'
[22.481s] INFO:colcon.colcon_core.shell:Creating package script '/home/r1mini/sungsik_ws/install/hrdp_sensors/share/hrdp_sensors/package.zsh'
[22.485s] Level 1:colcon.colcon_core.environment:create_file_with_runtime_dependencies(/home/r1mini/sungsik_ws/install/hrdp_sensors/share/colcon-core/packages/hrdp_sensors)
[22.488s] DEBUG:colcon.colcon_parallel_executor.executor.parallel:closing loop
[22.491s] DEBUG:colcon.colcon_parallel_executor.executor.parallel:loop closed
[22.492s] DEBUG:colcon.colcon_parallel_executor.executor.parallel:run_until_complete finished with '0'
[22.492s] DEBUG:colcon.colcon_core.event_reactor:joining thread
[22.631s] INFO:colcon.colcon_core.plugin_system:Skipping extension 'colcon_notification.desktop_notification.terminal_notifier': Not used on non-Darwin systems
[22.633s] INFO:colcon.colcon_core.plugin_system:Skipping extension 'colcon_notification.desktop_notification.win32': Not used on non-Windows systems
[22.633s] INFO:colcon.colcon_notification.desktop_notification:Sending desktop notification using 'notify2'
[22.662s] DEBUG:colcon.colcon_core.event_reactor:joined thread
[22.678s] INFO:colcon.colcon_core.shell:Creating prefix script '/home/r1mini/sungsik_ws/install/local_setup.ps1'
[22.695s] INFO:colcon.colcon_core.shell:Creating prefix util module '/home/r1mini/sungsik_ws/install/_local_setup_util_ps1.py'
[22.710s] INFO:colcon.colcon_core.shell:Creating prefix chain script '/home/r1mini/sungsik_ws/install/setup.ps1'
[22.733s] INFO:colcon.colcon_core.shell:Creating prefix script '/home/r1mini/sungsik_ws/install/local_setup.sh'
[22.739s] INFO:colcon.colcon_core.shell:Creating prefix util module '/home/r1mini/sungsik_ws/install/_local_setup_util_sh.py'
[22.744s] INFO:colcon.colcon_core.shell:Creating prefix chain script '/home/r1mini/sungsik_ws/install/setup.sh'
[22.761s] INFO:colcon.colcon_core.shell:Creating prefix script '/home/r1mini/sungsik_ws/install/local_setup.bash'
[22.767s] INFO:colcon.colcon_core.shell:Creating prefix chain script '/home/r1mini/sungsik_ws/install/setup.bash'
[22.786s] INFO:colcon.colcon_core.shell:Creating prefix script '/home/r1mini/sungsik_ws/install/local_setup.zsh'
[22.792s] INFO:colcon.colcon_core.shell:Creating prefix chain script '/home/r1mini/sungsik_ws/install/setup.zsh'
