[1.052s] Invoking command in '/home/r1mini/sungsik_ws/build/hrdp_human_interfaces': CMAKE_PREFIX_PATH=${CMAKE_PREFIX_PATH}:/home/r1mini/ros2_ws/install/omo_r1mini_teleop:/home/r1mini/ros2_ws/install/omo_r1mini_bringup:/opt/ros/foxy /usr/bin/cmake --build /home/r1mini/sungsik_ws/build/hrdp_human_interfaces -- -j4 -l4
[3.037s] Invoked command in '/home/r1mini/sungsik_ws/build/hrdp_human_interfaces' returned '0': CMAKE_PREFIX_PATH=${CMAKE_PREFIX_PATH}:/home/r1mini/ros2_ws/install/omo_r1mini_teleop:/home/r1mini/ros2_ws/install/omo_r1mini_bringup:/opt/ros/foxy /usr/bin/cmake --build /home/r1mini/sungsik_ws/build/hrdp_human_interfaces -- -j4 -l4
[4.522s] Invoking command in '/home/r1mini/sungsik_ws/build/hrdp_human_interfaces': CMAKE_PREFIX_PATH=${CMAKE_PREFIX_PATH}:/home/r1mini/ros2_ws/install/omo_r1mini_teleop:/home/r1mini/ros2_ws/install/omo_r1mini_bringup:/opt/ros/foxy /usr/bin/cmake --install /home/r1mini/sungsik_ws/build/hrdp_human_interfaces
[4.855s] -- Install configuration: ""
[4.860s] -- Up-to-date: /home/r1mini/sungsik_ws/install/hrdp_human_interfaces/share/ament_index/resource_index/package_run_dependencies/hrdp_human_interfaces
[4.865s] -- Up-to-date: /home/r1mini/sungsik_ws/install/hrdp_human_interfaces/share/ament_index/resource_index/parent_prefix_path/hrdp_human_interfaces
[4.880s] -- Up-to-date: /home/r1mini/sungsik_ws/install/hrdp_human_interfaces/share/hrdp_human_interfaces/environment/ament_prefix_path.sh
[4.891s] -- Up-to-date: /home/r1mini/sungsik_ws/install/hrdp_human_interfaces/share/hrdp_human_interfaces/environment/ament_prefix_path.dsv
[4.937s] -- Up-to-date: /home/r1mini/sungsik_ws/install/hrdp_human_interfaces/share/hrdp_human_interfaces/environment/path.sh
[4.939s] -- Up-to-date: /home/r1mini/sungsik_ws/install/hrdp_human_interfaces/share/hrdp_human_interfaces/environment/path.dsv
[4.975s] -- Up-to-date: /home/r1mini/sungsik_ws/install/hrdp_human_interfaces/share/hrdp_human_interfaces/local_setup.bash
[4.986s] -- Up-to-date: /home/r1mini/sungsik_ws/install/hrdp_human_interfaces/share/hrdp_human_interfaces/local_setup.sh
[4.998s] -- Up-to-date: /home/r1mini/sungsik_ws/install/hrdp_human_interfaces/share/hrdp_human_interfaces/local_setup.zsh
[5.002s] -- Up-to-date: /home/r1mini/sungsik_ws/install/hrdp_human_interfaces/share/hrdp_human_interfaces/local_setup.dsv
[5.004s] -- Installing: /home/r1mini/sungsik_ws/install/hrdp_human_interfaces/share/hrdp_human_interfaces/package.dsv
[5.006s] -- Up-to-date: /home/r1mini/sungsik_ws/install/hrdp_human_interfaces/share/ament_index/resource_index/packages/hrdp_human_interfaces
[5.008s] -- Up-to-date: /home/r1mini/sungsik_ws/install/hrdp_human_interfaces/share/hrdp_human_interfaces/cmake/hrdp_human_interfacesConfig.cmake
[5.031s] -- Up-to-date: /home/r1mini/sungsik_ws/install/hrdp_human_interfaces/share/hrdp_human_interfaces/cmake/hrdp_human_interfacesConfig-version.cmake
[5.032s] -- Up-to-date: /home/r1mini/sungsik_ws/install/hrdp_human_interfaces/share/hrdp_human_interfaces/package.xml
[5.912s] Invoked command in '/home/r1mini/sungsik_ws/build/hrdp_human_interfaces' returned '0': CMAKE_PREFIX_PATH=${CMAKE_PREFIX_PATH}:/home/r1mini/ros2_ws/install/omo_r1mini_teleop:/home/r1mini/ros2_ws/install/omo_r1mini_bringup:/opt/ros/foxy /usr/bin/cmake --install /home/r1mini/sungsik_ws/build/hrdp_human_interfaces
