[0.843s] Invoking command in '/home/r1mini/sungsik_ws/build/hrdp_actuators': CMAKE_PREFIX_PATH=${CMAKE_PREFIX_PATH}:/home/r1mini/sungsik_ws/install/hrdp_human_interface_beta:/home/r1mini/sungsik_ws/install/hrdp_sensors_beta:/home/r1mini/sungsik_ws/install/py_pubsub:/home/r1mini/sungsik_ws/install/hrdp_perception_beta:/home/r1mini/sungsik_ws/install/hrdp_beta_perception:/home/r1mini/ros2_ws/install/omo_r1mini_teleop:/home/r1mini/ros2_ws/install/omo_r1mini_bringup:/opt/ros/foxy /usr/bin/cmake --build /home/r1mini/sungsik_ws/build/hrdp_actuators -- -j4 -l4
[5.937s] Invoked command in '/home/r1mini/sungsik_ws/build/hrdp_actuators' returned '0': CMAKE_PREFIX_PATH=${CMAKE_PREFIX_PATH}:/home/r1mini/sungsik_ws/install/hrdp_human_interface_beta:/home/r1mini/sungsik_ws/install/hrdp_sensors_beta:/home/r1mini/sungsik_ws/install/py_pubsub:/home/r1mini/sungsik_ws/install/hrdp_perception_beta:/home/r1mini/sungsik_ws/install/hrdp_beta_perception:/home/r1mini/ros2_ws/install/omo_r1mini_teleop:/home/r1mini/ros2_ws/install/omo_r1mini_bringup:/opt/ros/foxy /usr/bin/cmake --build /home/r1mini/sungsik_ws/build/hrdp_actuators -- -j4 -l4
[9.913s] Invoking command in '/home/r1mini/sungsik_ws/build/hrdp_actuators': CMAKE_PREFIX_PATH=${CMAKE_PREFIX_PATH}:/home/r1mini/sungsik_ws/install/hrdp_human_interface_beta:/home/r1mini/sungsik_ws/install/hrdp_sensors_beta:/home/r1mini/sungsik_ws/install/py_pubsub:/home/r1mini/sungsik_ws/install/hrdp_perception_beta:/home/r1mini/sungsik_ws/install/hrdp_beta_perception:/home/r1mini/ros2_ws/install/omo_r1mini_teleop:/home/r1mini/ros2_ws/install/omo_r1mini_bringup:/opt/ros/foxy /usr/bin/cmake --install /home/r1mini/sungsik_ws/build/hrdp_actuators
[10.173s] -- Install configuration: ""
[10.177s] -- Execute custom install script
[10.182s] -- Up-to-date symlink: /home/r1mini/sungsik_ws/install/hrdp_actuators/share/ament_index/resource_index/package_run_dependencies/hrdp_actuators
[10.186s] -- Up-to-date symlink: /home/r1mini/sungsik_ws/install/hrdp_actuators/share/ament_index/resource_index/parent_prefix_path/hrdp_actuators
[10.194s] -- Up-to-date symlink: /home/r1mini/sungsik_ws/install/hrdp_actuators/share/hrdp_actuators/environment/ament_prefix_path.sh
[10.207s] -- Up-to-date symlink: /home/r1mini/sungsik_ws/install/hrdp_actuators/share/hrdp_actuators/environment/ament_prefix_path.dsv
[10.215s] -- Up-to-date symlink: /home/r1mini/sungsik_ws/install/hrdp_actuators/share/hrdp_actuators/environment/path.sh
[10.217s] -- Up-to-date symlink: /home/r1mini/sungsik_ws/install/hrdp_actuators/share/hrdp_actuators/environment/path.dsv
[10.219s] -- Up-to-date symlink: /home/r1mini/sungsik_ws/install/hrdp_actuators/share/hrdp_actuators/local_setup.bash
[10.220s] -- Up-to-date symlink: /home/r1mini/sungsik_ws/install/hrdp_actuators/share/hrdp_actuators/local_setup.sh
[10.230s] -- Up-to-date symlink: /home/r1mini/sungsik_ws/install/hrdp_actuators/share/hrdp_actuators/local_setup.zsh
[10.239s] -- Up-to-date symlink: /home/r1mini/sungsik_ws/install/hrdp_actuators/share/hrdp_actuators/local_setup.dsv
[10.253s] -- Symlinking: /home/r1mini/sungsik_ws/install/hrdp_actuators/share/hrdp_actuators/package.dsv
[10.426s] -- Up-to-date symlink: /home/r1mini/sungsik_ws/install/hrdp_actuators/share/ament_index/resource_index/packages/hrdp_actuators
[10.428s] -- Up-to-date symlink: /home/r1mini/sungsik_ws/install/hrdp_actuators/share/hrdp_actuators/cmake/hrdp_actuatorsConfig.cmake
[10.436s] -- Up-to-date symlink: /home/r1mini/sungsik_ws/install/hrdp_actuators/share/hrdp_actuators/cmake/hrdp_actuatorsConfig-version.cmake
[10.439s] -- Up-to-date symlink: /home/r1mini/sungsik_ws/install/hrdp_actuators/share/hrdp_actuators/package.xml
[10.497s] Invoked command in '/home/r1mini/sungsik_ws/build/hrdp_actuators' returned '0': CMAKE_PREFIX_PATH=${CMAKE_PREFIX_PATH}:/home/r1mini/sungsik_ws/install/hrdp_human_interface_beta:/home/r1mini/sungsik_ws/install/hrdp_sensors_beta:/home/r1mini/sungsik_ws/install/py_pubsub:/home/r1mini/sungsik_ws/install/hrdp_perception_beta:/home/r1mini/sungsik_ws/install/hrdp_beta_perception:/home/r1mini/ros2_ws/install/omo_r1mini_teleop:/home/r1mini/ros2_ws/install/omo_r1mini_bringup:/opt/ros/foxy /usr/bin/cmake --install /home/r1mini/sungsik_ws/build/hrdp_actuators
