[0.235s] Invoking command in '/home/r1mini/sungsik_ws/build/hrdp_beta_actions': CMAKE_PREFIX_PATH=${CMAKE_PREFIX_PATH}:/home/r1mini/ros2_ws/install/omo_r1mini_teleop:/home/r1mini/ros2_ws/install/omo_r1mini_bringup:/opt/ros/foxy /usr/bin/cmake /home/r1mini/sungsik_ws/src/hrdp_beta_actions -DCMAKE_INSTALL_PREFIX=/home/r1mini/sungsik_ws/install/hrdp_beta_actions
[0.356s] -- Found ament_cmake: 0.9.11 (/opt/ros/foxy/share/ament_cmake/cmake)
[0.656s] -- Found PythonInterp: /usr/bin/python3 (found suitable version "3.8.10", minimum required is "3") 
[0.658s] -- Using PYTHON_EXECUTABLE: /usr/bin/python3
[2.331s] -- Found rosidl_default_generators: 1.0.1 (/opt/ros/foxy/share/rosidl_default_generators/cmake)
[2.355s] -- Using all available rosidl_typesupport_c: rosidl_typesupport_fastrtps_c;rosidl_typesupport_introspection_c
[2.377s] -- Found rosidl_adapter: 1.3.0 (/opt/ros/foxy/share/rosidl_adapter/cmake)
[3.597s] -- Using all available rosidl_typesupport_cpp: rosidl_typesupport_fastrtps_cpp;rosidl_typesupport_introspection_cpp
[3.963s] -- Found PythonInterp: /usr/bin/python3 (found version "3.8.10") 
[5.710s] CMake Error at /opt/ros/foxy/share/rosidl_adapter/cmake/rosidl_adapt_interfaces.cmake:60 (message):
[5.712s]   execute_process(/usr/bin/python3 -m rosidl_adapter --package-name
[5.713s]   hrdp_beta_actions --arguments-file
[5.714s]   /home/r1mini/sungsik_ws/build/hrdp_beta_actions/rosidl_adapter__arguments__hrdp_beta_actions.json
[5.716s]   --output-dir
[5.718s]   /home/r1mini/sungsik_ws/build/hrdp_beta_actions/rosidl_adapter/hrdp_beta_actions
[5.720s]   --output-file
[5.721s]   /home/r1mini/sungsik_ws/build/hrdp_beta_actions/rosidl_adapter/hrdp_beta_actions.idls)
[5.723s]   returned error code 1:
[5.724s] 
[5.725s]   Traceback (most recent call last):
[5.726s] 
[5.727s]     File "/usr/lib/python3.8/runpy.py", line 194, in _run_module_as_main
[5.728s]       return _run_code(code, main_globals, None,
[5.729s]     File "/usr/lib/python3.8/runpy.py", line 87, in _run_code
[5.731s]       exec(code, run_globals)
[5.734s]     File "/opt/ros/foxy/lib/python3.8/site-packages/rosidl_adapter/__main__.py", line 19, in <module>
[5.735s]       sys.exit(main())
[5.737s]     File "/opt/ros/foxy/lib/python3.8/site-packages/rosidl_adapter/main.py", line 53, in main
[5.737s]       abs_idl_file = convert_to_idl(
[5.738s]     File "/opt/ros/foxy/lib/python3.8/site-packages/rosidl_adapter/__init__.py", line 29, in convert_to_idl
[5.739s]       return convert_action_to_idl(
[5.739s]     File "/opt/ros/foxy/lib/python3.8/site-packages/rosidl_adapter/action/__init__.py", line 28, in convert_action_to_idl
[5.739s]       action = parse_action_string(package_name, input_file.stem, content)
[5.740s]     File "/opt/ros/foxy/lib/python3.8/site-packages/rosidl_adapter/parser.py", line 892, in parse_action_string
[5.740s]       goal_message = parse_message_string(
[5.741s]     File "/opt/ros/foxy/lib/python3.8/site-packages/rosidl_adapter/parser.py", line 540, in parse_message_string
[5.741s]       msg = MessageSpecification(pkg_name, msg_name, fields, constants)
[5.742s]     File "/opt/ros/foxy/lib/python3.8/site-packages/rosidl_adapter/parser.py", line 387, in __init__
[5.743s]       self.base_type = BaseType(
[5.744s]     File "/opt/ros/foxy/lib/python3.8/site-packages/rosidl_adapter/parser.py", line 204, in __init__
[5.744s]       raise InvalidResourceName(
[5.745s] 
[5.745s]   rosidl_adapter.parser.InvalidResourceName: 'camera_rgb_Goal' is an invalid
[5.746s]   message name.  It should have the pattern '^[A-Z][A-Za-z0-9]*$'
[5.747s] 
[5.747s] Call Stack (most recent call first):
[5.748s]   /opt/ros/foxy/share/rosidl_cmake/cmake/rosidl_generate_interfaces.cmake:130 (rosidl_adapt_interfaces)
[5.748s]   CMakeLists.txt:24 (rosidl_generate_interfaces)
[5.748s] 
[5.749s] 
[5.750s] -- Configuring incomplete, errors occurred!
[5.750s] See also "/home/r1mini/sungsik_ws/build/hrdp_beta_actions/CMakeFiles/CMakeOutput.log".
