[0.511s] Invoking command in '/home/r1mini/sungsik_ws/build/my_cpp_py_pkg': CMAKE_PREFIX_PATH=${CMAKE_PREFIX_PATH}:/home/r1mini/sungsik_ws/install/hrdp_beta_perception:/home/r1mini/ros2_ws/install/omo_r1mini_teleop:/home/r1mini/ros2_ws/install/omo_r1mini_bringup:/opt/ros/foxy /usr/bin/cmake --build /home/r1mini/sungsik_ws/build/my_cpp_py_pkg -- -j4 -l4
[1.135s] -- Found ament_cmake: 0.9.11 (/opt/ros/foxy/share/ament_cmake/cmake)
[1.791s] -- Using PYTHON_EXECUTABLE: /usr/bin/python3
[5.564s] -- Override CMake install command with custom implementation using symlinks instead of copying resources
[5.897s] -- Found rclcpp: 2.4.2 (/opt/ros/foxy/share/rclcpp/cmake)
[6.385s] -- Using all available rosidl_typesupport_c: rosidl_typesupport_fastrtps_c;rosidl_typesupport_introspection_c
[6.440s] -- Found rosidl_adapter: 1.3.0 (/opt/ros/foxy/share/rosidl_adapter/cmake)
[8.033s] -- Using all available rosidl_typesupport_cpp: rosidl_typesupport_fastrtps_cpp;rosidl_typesupport_introspection_cpp
[8.586s] -- Found rmw_implementation_cmake: 1.0.3 (/opt/ros/foxy/share/rmw_implementation_cmake/cmake)
[8.605s] -- Using RMW implementation 'rmw_fastrtps_cpp' as default
[9.938s] -- Found rclpy: 1.0.11 (/opt/ros/foxy/share/rclpy/cmake)
[9.969s] -- Found ament_lint_auto: 0.9.7 (/opt/ros/foxy/share/ament_lint_auto/cmake)
[11.163s] -- Added test 'copyright' to check source files copyright and LICENSE
[11.173s] -- Added test 'cppcheck' to perform static code analysis on C / C++ code
[11.176s] -- Configured cppcheck include dirs: 
[11.177s] -- Configured cppcheck exclude dirs and/or files: 
[11.185s] -- Added test 'cpplint' to check C / C++ code against the Google style
[11.187s] -- Configured cpplint exclude dirs and/or files: 
[11.188s] -- Added test 'flake8' to check Python code syntax and style conventions
[11.193s] -- Added test 'lint_cmake' to check CMake code style
[11.206s] -- Added test 'pep257' to check Python code against some of the style conventions in PEP 257
[11.208s] -- Added test 'uncrustify' to check C / C++ code style
[11.211s] -- Configured uncrustify additional arguments: 
[11.220s] -- Added test 'xmllint' to check XML markup files
[11.267s] -- Configuring done
[11.320s] -- Generating done
[11.336s] -- Build files have been written to: /home/r1mini/sungsik_ws/build/my_cpp_py_pkg
[11.707s] Invoked command in '/home/r1mini/sungsik_ws/build/my_cpp_py_pkg' returned '0': CMAKE_PREFIX_PATH=${CMAKE_PREFIX_PATH}:/home/r1mini/sungsik_ws/install/hrdp_beta_perception:/home/r1mini/ros2_ws/install/omo_r1mini_teleop:/home/r1mini/ros2_ws/install/omo_r1mini_bringup:/opt/ros/foxy /usr/bin/cmake --build /home/r1mini/sungsik_ws/build/my_cpp_py_pkg -- -j4 -l4
[12.214s] Invoking command in '/home/r1mini/sungsik_ws/build/my_cpp_py_pkg': CMAKE_PREFIX_PATH=${CMAKE_PREFIX_PATH}:/home/r1mini/sungsik_ws/install/hrdp_beta_perception:/home/r1mini/ros2_ws/install/omo_r1mini_teleop:/home/r1mini/ros2_ws/install/omo_r1mini_bringup:/opt/ros/foxy /usr/bin/cmake --install /home/r1mini/sungsik_ws/build/my_cpp_py_pkg
[12.401s] -- Install configuration: ""
[12.411s] -- Execute custom install script
[12.424s] -- Up-to-date symlink: /home/r1mini/sungsik_ws/install/my_cpp_py_pkg/share/my_cpp_py_pkg/environment/pythonpath.sh
[12.434s] -- Up-to-date symlink: /home/r1mini/sungsik_ws/install/my_cpp_py_pkg/share/my_cpp_py_pkg/environment/pythonpath.dsv
[12.453s] -- Up-to-date symlink: /home/r1mini/sungsik_ws/install/my_cpp_py_pkg/lib/python3.8/site-packages/my_cpp_py_pkg/__init__.py
[12.474s] -- Up-to-date symlink: /home/r1mini/sungsik_ws/install/my_cpp_py_pkg/lib/python3.8/site-packages/my_cpp_py_pkg/module_to_import.py
[12.481s] -- Up-to-date symlink: /home/r1mini/sungsik_ws/install/my_cpp_py_pkg/lib//py_node.py
[12.488s] -- Up-to-date symlink: /home/r1mini/sungsik_ws/install/my_cpp_py_pkg/share/ament_index/resource_index/package_run_dependencies/my_cpp_py_pkg
[12.497s] -- Up-to-date symlink: /home/r1mini/sungsik_ws/install/my_cpp_py_pkg/share/ament_index/resource_index/parent_prefix_path/my_cpp_py_pkg
[12.502s] -- Up-to-date symlink: /home/r1mini/sungsik_ws/install/my_cpp_py_pkg/share/my_cpp_py_pkg/environment/ament_prefix_path.sh
[12.506s] -- Up-to-date symlink: /home/r1mini/sungsik_ws/install/my_cpp_py_pkg/share/my_cpp_py_pkg/environment/ament_prefix_path.dsv
[12.511s] -- Up-to-date symlink: /home/r1mini/sungsik_ws/install/my_cpp_py_pkg/share/my_cpp_py_pkg/environment/path.sh
[12.524s] -- Up-to-date symlink: /home/r1mini/sungsik_ws/install/my_cpp_py_pkg/share/my_cpp_py_pkg/environment/path.dsv
[12.526s] -- Up-to-date symlink: /home/r1mini/sungsik_ws/install/my_cpp_py_pkg/share/my_cpp_py_pkg/local_setup.bash
[12.527s] -- Up-to-date symlink: /home/r1mini/sungsik_ws/install/my_cpp_py_pkg/share/my_cpp_py_pkg/local_setup.sh
[12.529s] -- Up-to-date symlink: /home/r1mini/sungsik_ws/install/my_cpp_py_pkg/share/my_cpp_py_pkg/local_setup.zsh
[12.531s] -- Up-to-date symlink: /home/r1mini/sungsik_ws/install/my_cpp_py_pkg/share/my_cpp_py_pkg/local_setup.dsv
[12.533s] -- Symlinking: /home/r1mini/sungsik_ws/install/my_cpp_py_pkg/share/my_cpp_py_pkg/package.dsv
[12.670s] -- Up-to-date symlink: /home/r1mini/sungsik_ws/install/my_cpp_py_pkg/share/ament_index/resource_index/packages/my_cpp_py_pkg
[12.697s] -- Up-to-date symlink: /home/r1mini/sungsik_ws/install/my_cpp_py_pkg/share/my_cpp_py_pkg/cmake/my_cpp_py_pkgConfig.cmake
[12.715s] -- Up-to-date symlink: /home/r1mini/sungsik_ws/install/my_cpp_py_pkg/share/my_cpp_py_pkg/cmake/my_cpp_py_pkgConfig-version.cmake
[12.721s] -- Up-to-date symlink: /home/r1mini/sungsik_ws/install/my_cpp_py_pkg/share/my_cpp_py_pkg/package.xml
[13.205s] Listing '/home/r1mini/sungsik_ws/install/my_cpp_py_pkg/lib/python3.8/site-packages/my_cpp_py_pkg'...
[13.333s] Invoked command in '/home/r1mini/sungsik_ws/build/my_cpp_py_pkg' returned '0': CMAKE_PREFIX_PATH=${CMAKE_PREFIX_PATH}:/home/r1mini/sungsik_ws/install/hrdp_beta_perception:/home/r1mini/ros2_ws/install/omo_r1mini_teleop:/home/r1mini/ros2_ws/install/omo_r1mini_bringup:/opt/ros/foxy /usr/bin/cmake --install /home/r1mini/sungsik_ws/build/my_cpp_py_pkg
