[0.634s] Invoking command in '/home/r1mini/sungsik_ws/build/hrdp_human_interfaces': CMAKE_PREFIX_PATH=${CMAKE_PREFIX_PATH}:/home/r1mini/ros2_ws/install/omo_r1mini_teleop:/home/r1mini/ros2_ws/install/omo_r1mini_bringup:/opt/ros/foxy /usr/bin/cmake --build /home/r1mini/sungsik_ws/build/hrdp_human_interfaces -- -j4 -l4
[1.741s] Invoked command in '/home/r1mini/sungsik_ws/build/hrdp_human_interfaces' returned '0': CMAKE_PREFIX_PATH=${CMAKE_PREFIX_PATH}:/home/r1mini/ros2_ws/install/omo_r1mini_teleop:/home/r1mini/ros2_ws/install/omo_r1mini_bringup:/opt/ros/foxy /usr/bin/cmake --build /home/r1mini/sungsik_ws/build/hrdp_human_interfaces -- -j4 -l4
[2.506s] Invoking command in '/home/r1mini/sungsik_ws/build/hrdp_human_interfaces': CMAKE_PREFIX_PATH=${CMAKE_PREFIX_PATH}:/home/r1mini/ros2_ws/install/omo_r1mini_teleop:/home/r1mini/ros2_ws/install/omo_r1mini_bringup:/opt/ros/foxy /usr/bin/cmake --install /home/r1mini/sungsik_ws/build/hrdp_human_interfaces
[2.771s] -- Install configuration: ""
[2.774s] -- Up-to-date: /home/r1mini/sungsik_ws/install/hrdp_human_interfaces/share/ament_index/resource_index/package_run_dependencies/hrdp_human_interfaces
[2.790s] -- Up-to-date: /home/r1mini/sungsik_ws/install/hrdp_human_interfaces/share/ament_index/resource_index/parent_prefix_path/hrdp_human_interfaces
[2.804s] -- Up-to-date: /home/r1mini/sungsik_ws/install/hrdp_human_interfaces/share/hrdp_human_interfaces/environment/ament_prefix_path.sh
[2.806s] -- Up-to-date: /home/r1mini/sungsik_ws/install/hrdp_human_interfaces/share/hrdp_human_interfaces/environment/ament_prefix_path.dsv
[2.807s] -- Up-to-date: /home/r1mini/sungsik_ws/install/hrdp_human_interfaces/share/hrdp_human_interfaces/environment/path.sh
[2.809s] -- Up-to-date: /home/r1mini/sungsik_ws/install/hrdp_human_interfaces/share/hrdp_human_interfaces/environment/path.dsv
[2.826s] -- Up-to-date: /home/r1mini/sungsik_ws/install/hrdp_human_interfaces/share/hrdp_human_interfaces/local_setup.bash
[2.831s] -- Up-to-date: /home/r1mini/sungsik_ws/install/hrdp_human_interfaces/share/hrdp_human_interfaces/local_setup.sh
[2.832s] -- Up-to-date: /home/r1mini/sungsik_ws/install/hrdp_human_interfaces/share/hrdp_human_interfaces/local_setup.zsh
[2.833s] -- Up-to-date: /home/r1mini/sungsik_ws/install/hrdp_human_interfaces/share/hrdp_human_interfaces/local_setup.dsv
[2.839s] -- Installing: /home/r1mini/sungsik_ws/install/hrdp_human_interfaces/share/hrdp_human_interfaces/package.dsv
[2.842s] -- Up-to-date: /home/r1mini/sungsik_ws/install/hrdp_human_interfaces/share/ament_index/resource_index/packages/hrdp_human_interfaces
[2.844s] -- Up-to-date: /home/r1mini/sungsik_ws/install/hrdp_human_interfaces/share/hrdp_human_interfaces/cmake/hrdp_human_interfacesConfig.cmake
[2.845s] -- Up-to-date: /home/r1mini/sungsik_ws/install/hrdp_human_interfaces/share/hrdp_human_interfaces/cmake/hrdp_human_interfacesConfig-version.cmake
[2.846s] -- Up-to-date: /home/r1mini/sungsik_ws/install/hrdp_human_interfaces/share/hrdp_human_interfaces/package.xml
[3.566s] Invoked command in '/home/r1mini/sungsik_ws/build/hrdp_human_interfaces' returned '0': CMAKE_PREFIX_PATH=${CMAKE_PREFIX_PATH}:/home/r1mini/ros2_ws/install/omo_r1mini_teleop:/home/r1mini/ros2_ws/install/omo_r1mini_bringup:/opt/ros/foxy /usr/bin/cmake --install /home/r1mini/sungsik_ws/build/hrdp_human_interfaces
