[0.333s] Invoking command in '/home/r1mini/sungsik_ws/build/hrdp_perception': CMAKE_PREFIX_PATH=/home/r1mini/sungsik_ws/install/hrdp_beta_actions:/home/r1mini/sungsik_ws/install/hrdp_sensors:/home/r1mini/sungsik_ws/install/hrdp_perception:/home/r1mini/sungsik_ws/install/hrdp_human_interfaces:/home/r1mini/sungsik_ws/install/hrdp_beta:/home/r1mini/sungsik_ws/install/hrdp_actuators:/home/r1mini/ros2_ws/install/ydlidar_sdk:/home/r1mini/ros2_ws/install/ydlidar_ros2_driver:/home/r1mini/ros2_ws/install/omo_r1mini:/home/r1mini/ros2_ws/install/omo_r1mini_navigation2:/home/r1mini/ros2_ws/install/omo_r1mini_gazebo:/home/r1mini/ros2_ws/install/omo_r1mini_description:/home/r1mini/ros2_ws/install/omo_r1mini_cartographer:/home/r1mini/ros2_ws/install/omo_r1mini_teleop:/home/r1mini/ros2_ws/install/omo_r1mini_bringup:/opt/ros/foxy /usr/bin/cmake --build /home/r1mini/sungsik_ws/build/hrdp_perception -- -j4 -l4
[0.889s] Invoked command in '/home/r1mini/sungsik_ws/build/hrdp_perception' returned '0': CMAKE_PREFIX_PATH=/home/r1mini/sungsik_ws/install/hrdp_beta_actions:/home/r1mini/sungsik_ws/install/hrdp_sensors:/home/r1mini/sungsik_ws/install/hrdp_perception:/home/r1mini/sungsik_ws/install/hrdp_human_interfaces:/home/r1mini/sungsik_ws/install/hrdp_beta:/home/r1mini/sungsik_ws/install/hrdp_actuators:/home/r1mini/ros2_ws/install/ydlidar_sdk:/home/r1mini/ros2_ws/install/ydlidar_ros2_driver:/home/r1mini/ros2_ws/install/omo_r1mini:/home/r1mini/ros2_ws/install/omo_r1mini_navigation2:/home/r1mini/ros2_ws/install/omo_r1mini_gazebo:/home/r1mini/ros2_ws/install/omo_r1mini_description:/home/r1mini/ros2_ws/install/omo_r1mini_cartographer:/home/r1mini/ros2_ws/install/omo_r1mini_teleop:/home/r1mini/ros2_ws/install/omo_r1mini_bringup:/opt/ros/foxy /usr/bin/cmake --build /home/r1mini/sungsik_ws/build/hrdp_perception -- -j4 -l4
[1.237s] Invoking command in '/home/r1mini/sungsik_ws/build/hrdp_perception': CMAKE_PREFIX_PATH=/home/r1mini/sungsik_ws/install/hrdp_beta_actions:/home/r1mini/sungsik_ws/install/hrdp_sensors:/home/r1mini/sungsik_ws/install/hrdp_perception:/home/r1mini/sungsik_ws/install/hrdp_human_interfaces:/home/r1mini/sungsik_ws/install/hrdp_beta:/home/r1mini/sungsik_ws/install/hrdp_actuators:/home/r1mini/ros2_ws/install/ydlidar_sdk:/home/r1mini/ros2_ws/install/ydlidar_ros2_driver:/home/r1mini/ros2_ws/install/omo_r1mini:/home/r1mini/ros2_ws/install/omo_r1mini_navigation2:/home/r1mini/ros2_ws/install/omo_r1mini_gazebo:/home/r1mini/ros2_ws/install/omo_r1mini_description:/home/r1mini/ros2_ws/install/omo_r1mini_cartographer:/home/r1mini/ros2_ws/install/omo_r1mini_teleop:/home/r1mini/ros2_ws/install/omo_r1mini_bringup:/opt/ros/foxy /usr/bin/cmake --install /home/r1mini/sungsik_ws/build/hrdp_perception
[1.341s] -- Install configuration: ""
[1.342s] -- Up-to-date: /home/r1mini/sungsik_ws/install/hrdp_perception/share/hrdp_perception/environment/pythonpath.sh
[1.343s] -- Up-to-date: /home/r1mini/sungsik_ws/install/hrdp_perception/share/hrdp_perception/environment/pythonpath.dsv
[1.345s] -- Up-to-date: /home/r1mini/sungsik_ws/install/hrdp_perception/lib/python3.8/site-packages/hrdp_perception
[1.346s] -- Up-to-date: /home/r1mini/sungsik_ws/install/hrdp_perception/lib/python3.8/site-packages/hrdp_perception/__init__.py
[1.703s] Listing '/home/r1mini/sungsik_ws/install/hrdp_perception/lib/python3.8/site-packages/hrdp_perception'...
[1.791s] -- Installing: /home/r1mini/sungsik_ws/install/hrdp_perception/lib/hrdp_perception/face_detection.py
[1.801s] -- Up-to-date: /home/r1mini/sungsik_ws/install/hrdp_perception/share/ament_index/resource_index/package_run_dependencies/hrdp_perception
[1.805s] -- Up-to-date: /home/r1mini/sungsik_ws/install/hrdp_perception/share/ament_index/resource_index/parent_prefix_path/hrdp_perception
[1.808s] -- Up-to-date: /home/r1mini/sungsik_ws/install/hrdp_perception/share/hrdp_perception/environment/ament_prefix_path.sh
[1.813s] -- Up-to-date: /home/r1mini/sungsik_ws/install/hrdp_perception/share/hrdp_perception/environment/ament_prefix_path.dsv
[1.814s] -- Up-to-date: /home/r1mini/sungsik_ws/install/hrdp_perception/share/hrdp_perception/environment/path.sh
[1.815s] -- Up-to-date: /home/r1mini/sungsik_ws/install/hrdp_perception/share/hrdp_perception/environment/path.dsv
[1.817s] -- Up-to-date: /home/r1mini/sungsik_ws/install/hrdp_perception/share/hrdp_perception/local_setup.bash
[1.818s] -- Up-to-date: /home/r1mini/sungsik_ws/install/hrdp_perception/share/hrdp_perception/local_setup.sh
[1.819s] -- Up-to-date: /home/r1mini/sungsik_ws/install/hrdp_perception/share/hrdp_perception/local_setup.zsh
[1.820s] -- Up-to-date: /home/r1mini/sungsik_ws/install/hrdp_perception/share/hrdp_perception/local_setup.dsv
[1.821s] -- Installing: /home/r1mini/sungsik_ws/install/hrdp_perception/share/hrdp_perception/package.dsv
[1.822s] -- Up-to-date: /home/r1mini/sungsik_ws/install/hrdp_perception/share/ament_index/resource_index/packages/hrdp_perception
[1.823s] -- Up-to-date: /home/r1mini/sungsik_ws/install/hrdp_perception/share/hrdp_perception/cmake/hrdp_perceptionConfig.cmake
[1.824s] -- Up-to-date: /home/r1mini/sungsik_ws/install/hrdp_perception/share/hrdp_perception/cmake/hrdp_perceptionConfig-version.cmake
[1.825s] -- Up-to-date: /home/r1mini/sungsik_ws/install/hrdp_perception/share/hrdp_perception/package.xml
[1.850s] Invoked command in '/home/r1mini/sungsik_ws/build/hrdp_perception' returned '0': CMAKE_PREFIX_PATH=/home/r1mini/sungsik_ws/install/hrdp_beta_actions:/home/r1mini/sungsik_ws/install/hrdp_sensors:/home/r1mini/sungsik_ws/install/hrdp_perception:/home/r1mini/sungsik_ws/install/hrdp_human_interfaces:/home/r1mini/sungsik_ws/install/hrdp_beta:/home/r1mini/sungsik_ws/install/hrdp_actuators:/home/r1mini/ros2_ws/install/ydlidar_sdk:/home/r1mini/ros2_ws/install/ydlidar_ros2_driver:/home/r1mini/ros2_ws/install/omo_r1mini:/home/r1mini/ros2_ws/install/omo_r1mini_navigation2:/home/r1mini/ros2_ws/install/omo_r1mini_gazebo:/home/r1mini/ros2_ws/install/omo_r1mini_description:/home/r1mini/ros2_ws/install/omo_r1mini_cartographer:/home/r1mini/ros2_ws/install/omo_r1mini_teleop:/home/r1mini/ros2_ws/install/omo_r1mini_bringup:/opt/ros/foxy /usr/bin/cmake --install /home/r1mini/sungsik_ws/build/hrdp_perception
