[1.512s] Invoking command in '/home/r1mini/sungsik_ws/build/hrdp_actuators': CMAKE_PREFIX_PATH=${CMAKE_PREFIX_PATH}:/home/r1mini/ros2_ws/install/omo_r1mini_teleop:/home/r1mini/ros2_ws/install/omo_r1mini_bringup:/opt/ros/foxy /usr/bin/cmake --build /home/r1mini/sungsik_ws/build/hrdp_actuators -- -j4 -l4
[3.766s] Invoked command in '/home/r1mini/sungsik_ws/build/hrdp_actuators' returned '0': CMAKE_PREFIX_PATH=${CMAKE_PREFIX_PATH}:/home/r1mini/ros2_ws/install/omo_r1mini_teleop:/home/r1mini/ros2_ws/install/omo_r1mini_bringup:/opt/ros/foxy /usr/bin/cmake --build /home/r1mini/sungsik_ws/build/hrdp_actuators -- -j4 -l4
[5.439s] Invoking command in '/home/r1mini/sungsik_ws/build/hrdp_actuators': CMAKE_PREFIX_PATH=${CMAKE_PREFIX_PATH}:/home/r1mini/ros2_ws/install/omo_r1mini_teleop:/home/r1mini/ros2_ws/install/omo_r1mini_bringup:/opt/ros/foxy /usr/bin/cmake --install /home/r1mini/sungsik_ws/build/hrdp_actuators
[5.683s] -- Install configuration: ""
[5.687s] -- Up-to-date: /home/r1mini/sungsik_ws/install/hrdp_actuators/share/ament_index/resource_index/package_run_dependencies/hrdp_actuators
[5.691s] -- Up-to-date: /home/r1mini/sungsik_ws/install/hrdp_actuators/share/ament_index/resource_index/parent_prefix_path/hrdp_actuators
[5.695s] -- Up-to-date: /home/r1mini/sungsik_ws/install/hrdp_actuators/share/hrdp_actuators/environment/ament_prefix_path.sh
[5.700s] -- Up-to-date: /home/r1mini/sungsik_ws/install/hrdp_actuators/share/hrdp_actuators/environment/ament_prefix_path.dsv
[5.703s] -- Up-to-date: /home/r1mini/sungsik_ws/install/hrdp_actuators/share/hrdp_actuators/environment/path.sh
[5.711s] -- Up-to-date: /home/r1mini/sungsik_ws/install/hrdp_actuators/share/hrdp_actuators/environment/path.dsv
[5.713s] -- Up-to-date: /home/r1mini/sungsik_ws/install/hrdp_actuators/share/hrdp_actuators/local_setup.bash
[5.715s] -- Up-to-date: /home/r1mini/sungsik_ws/install/hrdp_actuators/share/hrdp_actuators/local_setup.sh
[5.716s] -- Up-to-date: /home/r1mini/sungsik_ws/install/hrdp_actuators/share/hrdp_actuators/local_setup.zsh
[5.717s] -- Up-to-date: /home/r1mini/sungsik_ws/install/hrdp_actuators/share/hrdp_actuators/local_setup.dsv
[5.719s] -- Installing: /home/r1mini/sungsik_ws/install/hrdp_actuators/share/hrdp_actuators/package.dsv
[5.721s] -- Up-to-date: /home/r1mini/sungsik_ws/install/hrdp_actuators/share/ament_index/resource_index/packages/hrdp_actuators
[5.723s] -- Up-to-date: /home/r1mini/sungsik_ws/install/hrdp_actuators/share/hrdp_actuators/cmake/hrdp_actuatorsConfig.cmake
[5.724s] -- Up-to-date: /home/r1mini/sungsik_ws/install/hrdp_actuators/share/hrdp_actuators/cmake/hrdp_actuatorsConfig-version.cmake
[5.727s] -- Up-to-date: /home/r1mini/sungsik_ws/install/hrdp_actuators/share/hrdp_actuators/package.xml
[5.751s] Invoked command in '/home/r1mini/sungsik_ws/build/hrdp_actuators' returned '0': CMAKE_PREFIX_PATH=${CMAKE_PREFIX_PATH}:/home/r1mini/ros2_ws/install/omo_r1mini_teleop:/home/r1mini/ros2_ws/install/omo_r1mini_bringup:/opt/ros/foxy /usr/bin/cmake --install /home/r1mini/sungsik_ws/build/hrdp_actuators
