[0.627s] Invoking command in '/home/r1mini/sungsik_ws/build/hrdp_perception': CMAKE_PREFIX_PATH=${CMAKE_PREFIX_PATH}:/home/r1mini/ros2_ws/install/omo_r1mini_teleop:/home/r1mini/ros2_ws/install/omo_r1mini_bringup:/opt/ros/foxy /usr/bin/cmake --build /home/r1mini/sungsik_ws/build/hrdp_perception -- -j4 -l4
[1.537s] Invoked command in '/home/r1mini/sungsik_ws/build/hrdp_perception' returned '0': CMAKE_PREFIX_PATH=${CMAKE_PREFIX_PATH}:/home/r1mini/ros2_ws/install/omo_r1mini_teleop:/home/r1mini/ros2_ws/install/omo_r1mini_bringup:/opt/ros/foxy /usr/bin/cmake --build /home/r1mini/sungsik_ws/build/hrdp_perception -- -j4 -l4
[2.201s] Invoking command in '/home/r1mini/sungsik_ws/build/hrdp_perception': CMAKE_PREFIX_PATH=${CMAKE_PREFIX_PATH}:/home/r1mini/ros2_ws/install/omo_r1mini_teleop:/home/r1mini/ros2_ws/install/omo_r1mini_bringup:/opt/ros/foxy /usr/bin/cmake --install /home/r1mini/sungsik_ws/build/hrdp_perception
[2.450s] -- Install configuration: ""
[2.451s] -- Up-to-date: /home/r1mini/sungsik_ws/install/hrdp_perception/share/ament_index/resource_index/package_run_dependencies/hrdp_perception
[2.469s] -- Up-to-date: /home/r1mini/sungsik_ws/install/hrdp_perception/share/ament_index/resource_index/parent_prefix_path/hrdp_perception
[2.487s] -- Up-to-date: /home/r1mini/sungsik_ws/install/hrdp_perception/share/hrdp_perception/environment/ament_prefix_path.sh
[2.491s] -- Up-to-date: /home/r1mini/sungsik_ws/install/hrdp_perception/share/hrdp_perception/environment/ament_prefix_path.dsv
[2.496s] -- Up-to-date: /home/r1mini/sungsik_ws/install/hrdp_perception/share/hrdp_perception/environment/path.sh
[2.501s] -- Up-to-date: /home/r1mini/sungsik_ws/install/hrdp_perception/share/hrdp_perception/environment/path.dsv
[2.526s] -- Up-to-date: /home/r1mini/sungsik_ws/install/hrdp_perception/share/hrdp_perception/local_setup.bash
[2.534s] -- Up-to-date: /home/r1mini/sungsik_ws/install/hrdp_perception/share/hrdp_perception/local_setup.sh
[2.536s] -- Up-to-date: /home/r1mini/sungsik_ws/install/hrdp_perception/share/hrdp_perception/local_setup.zsh
[2.539s] -- Up-to-date: /home/r1mini/sungsik_ws/install/hrdp_perception/share/hrdp_perception/local_setup.dsv
[2.540s] -- Installing: /home/r1mini/sungsik_ws/install/hrdp_perception/share/hrdp_perception/package.dsv
[2.542s] -- Up-to-date: /home/r1mini/sungsik_ws/install/hrdp_perception/share/ament_index/resource_index/packages/hrdp_perception
[2.544s] -- Up-to-date: /home/r1mini/sungsik_ws/install/hrdp_perception/share/hrdp_perception/cmake/hrdp_perceptionConfig.cmake
[2.545s] -- Up-to-date: /home/r1mini/sungsik_ws/install/hrdp_perception/share/hrdp_perception/cmake/hrdp_perceptionConfig-version.cmake
[2.546s] -- Up-to-date: /home/r1mini/sungsik_ws/install/hrdp_perception/share/hrdp_perception/package.xml
[2.806s] Invoked command in '/home/r1mini/sungsik_ws/build/hrdp_perception' returned '0': CMAKE_PREFIX_PATH=${CMAKE_PREFIX_PATH}:/home/r1mini/ros2_ws/install/omo_r1mini_teleop:/home/r1mini/ros2_ws/install/omo_r1mini_bringup:/opt/ros/foxy /usr/bin/cmake --install /home/r1mini/sungsik_ws/build/hrdp_perception
