[0.378s] Invoking command in '/home/r1mini/sungsik_ws/build/hrdp_beta': CMAKE_PREFIX_PATH=${CMAKE_PREFIX_PATH}:/home/r1mini/ros2_ws/install/omo_r1mini_teleop:/home/r1mini/ros2_ws/install/omo_r1mini_bringup:/opt/ros/foxy /usr/bin/cmake --build /home/r1mini/sungsik_ws/build/hrdp_beta -- -j4 -l4
[0.726s] -- Found ament_cmake: 0.9.11 (/opt/ros/foxy/share/ament_cmake/cmake)
[1.094s] -- Using PYTHON_EXECUTABLE: /usr/bin/python3
[3.868s] -- Found rclpy: 1.0.11 (/opt/ros/foxy/share/rclpy/cmake)
[4.098s] CMake Error at CMakeLists.txt:21 (find_package):
[4.101s]   By not providing "Findhrdp_beta_actions.cmake" in CMAKE_MODULE_PATH this
[4.104s]   project has asked CMake to find a package configuration file provided by
[4.105s]   "hrdp_beta_actions", but CMake did not find one.
[4.107s] 
[4.116s]   Could not find a package configuration file provided by "hrdp_beta_actions"
[4.118s]   with any of the following names:
[4.119s] 
[4.120s]     hrdp_beta_actionsConfig.cmake
[4.121s]     hrdp_beta_actions-config.cmake
[4.146s] 
[4.149s]   Add the installation prefix of "hrdp_beta_actions" to CMAKE_PREFIX_PATH or
[4.171s]   set "hrdp_beta_actions_DIR" to a directory containing one of the above
[4.181s]   files.  If "hrdp_beta_actions" provides a separate development package or
[4.183s]   SDK, be sure it has been installed.
[4.212s] 
[4.250s] 
[4.252s] -- Configuring incomplete, errors occurred!
[4.253s] See also "/home/r1mini/sungsik_ws/build/hrdp_beta/CMakeFiles/CMakeOutput.log".
[4.256s] make: *** [Makefile:222: cmake_check_build_system] Error 1
[4.275s] Invoked command in '/home/r1mini/sungsik_ws/build/hrdp_beta' returned '2': CMAKE_PREFIX_PATH=${CMAKE_PREFIX_PATH}:/home/r1mini/ros2_ws/install/omo_r1mini_teleop:/home/r1mini/ros2_ws/install/omo_r1mini_bringup:/opt/ros/foxy /usr/bin/cmake --build /home/r1mini/sungsik_ws/build/hrdp_beta -- -j4 -l4
