[0.800s] Invoking command in '/home/r1mini/sungsik_ws/build/hrdp_beta': CMAKE_PREFIX_PATH=${CMAKE_PREFIX_PATH}:/home/r1mini/ros2_ws/install/omo_r1mini_teleop:/home/r1mini/ros2_ws/install/omo_r1mini_bringup:/opt/ros/foxy /usr/bin/cmake --build /home/r1mini/sungsik_ws/build/hrdp_beta -- -j4 -l4
[1.955s] Invoked command in '/home/r1mini/sungsik_ws/build/hrdp_beta' returned '0': CMAKE_PREFIX_PATH=${CMAKE_PREFIX_PATH}:/home/r1mini/ros2_ws/install/omo_r1mini_teleop:/home/r1mini/ros2_ws/install/omo_r1mini_bringup:/opt/ros/foxy /usr/bin/cmake --build /home/r1mini/sungsik_ws/build/hrdp_beta -- -j4 -l4
[3.075s] Invoking command in '/home/r1mini/sungsik_ws/build/hrdp_beta': CMAKE_PREFIX_PATH=${CMAKE_PREFIX_PATH}:/home/r1mini/ros2_ws/install/omo_r1mini_teleop:/home/r1mini/ros2_ws/install/omo_r1mini_bringup:/opt/ros/foxy /usr/bin/cmake --install /home/r1mini/sungsik_ws/build/hrdp_beta
[3.339s] -- Install configuration: ""
[3.348s] -- Up-to-date: /home/r1mini/sungsik_ws/install/hrdp_beta/share/ament_index/resource_index/package_run_dependencies/hrdp_beta
[3.354s] -- Up-to-date: /home/r1mini/sungsik_ws/install/hrdp_beta/share/ament_index/resource_index/parent_prefix_path/hrdp_beta
[3.356s] -- Up-to-date: /home/r1mini/sungsik_ws/install/hrdp_beta/share/hrdp_beta/environment/ament_prefix_path.sh
[3.398s] -- Up-to-date: /home/r1mini/sungsik_ws/install/hrdp_beta/share/hrdp_beta/environment/ament_prefix_path.dsv
[3.400s] -- Up-to-date: /home/r1mini/sungsik_ws/install/hrdp_beta/share/hrdp_beta/environment/path.sh
[3.403s] -- Up-to-date: /home/r1mini/sungsik_ws/install/hrdp_beta/share/hrdp_beta/environment/path.dsv
[3.404s] -- Up-to-date: /home/r1mini/sungsik_ws/install/hrdp_beta/share/hrdp_beta/local_setup.bash
[3.405s] -- Up-to-date: /home/r1mini/sungsik_ws/install/hrdp_beta/share/hrdp_beta/local_setup.sh
[3.407s] -- Up-to-date: /home/r1mini/sungsik_ws/install/hrdp_beta/share/hrdp_beta/local_setup.zsh
[3.408s] -- Up-to-date: /home/r1mini/sungsik_ws/install/hrdp_beta/share/hrdp_beta/local_setup.dsv
[3.440s] -- Installing: /home/r1mini/sungsik_ws/install/hrdp_beta/share/hrdp_beta/package.dsv
[3.442s] -- Up-to-date: /home/r1mini/sungsik_ws/install/hrdp_beta/share/ament_index/resource_index/packages/hrdp_beta
[3.444s] -- Up-to-date: /home/r1mini/sungsik_ws/install/hrdp_beta/share/hrdp_beta/cmake/hrdp_betaConfig.cmake
[3.445s] -- Up-to-date: /home/r1mini/sungsik_ws/install/hrdp_beta/share/hrdp_beta/cmake/hrdp_betaConfig-version.cmake
[3.463s] -- Up-to-date: /home/r1mini/sungsik_ws/install/hrdp_beta/share/hrdp_beta/package.xml
[3.482s] Invoked command in '/home/r1mini/sungsik_ws/build/hrdp_beta' returned '0': CMAKE_PREFIX_PATH=${CMAKE_PREFIX_PATH}:/home/r1mini/ros2_ws/install/omo_r1mini_teleop:/home/r1mini/ros2_ws/install/omo_r1mini_bringup:/opt/ros/foxy /usr/bin/cmake --install /home/r1mini/sungsik_ws/build/hrdp_beta
