[0.313s] Invoking command in '/home/r1mini/sungsik_ws/build/hrdp_perception': CMAKE_PREFIX_PATH=/home/r1mini/sungsik_ws/install/hrdp_beta_actions:/home/r1mini/sungsik_ws/install/hrdp_sensors:/home/r1mini/sungsik_ws/install/hrdp_perception:/home/r1mini/sungsik_ws/install/hrdp_human_interfaces:/home/r1mini/sungsik_ws/install/hrdp_beta:/home/r1mini/sungsik_ws/install/hrdp_actuators:/home/r1mini/ros2_ws/install/ydlidar_sdk:/home/r1mini/ros2_ws/install/ydlidar_ros2_driver:/home/r1mini/ros2_ws/install/omo_r1mini:/home/r1mini/ros2_ws/install/omo_r1mini_navigation2:/home/r1mini/ros2_ws/install/omo_r1mini_gazebo:/home/r1mini/ros2_ws/install/omo_r1mini_description:/home/r1mini/ros2_ws/install/omo_r1mini_cartographer:/home/r1mini/sungsik_ws/install/hrdp_beta_perception:/home/r1mini/ros2_ws/install/omo_r1mini_teleop:/home/r1mini/ros2_ws/install/omo_r1mini_bringup:/opt/ros/foxy LD_LIBRARY_PATH=/home/r1mini/sungsik_ws/install/hrdp_beta_actions/lib:/usr/local/cuda/lib64:/usr/lib/aarch64-linux-gnu/gazebo-11/plugins:/opt/ros/foxy/opt/yaml_cpp_vendor/lib:/opt/ros/foxy/opt/rviz_ogre_vendor/lib:/opt/ros/foxy/lib/aarch64-linux-gnu:/opt/ros/foxy/lib PYTHONPATH=/home/r1mini/sungsik_ws/install/hrdp_beta_actions/lib/python3.8/site-packages:/home/r1mini/sungsik_ws/install/hrdp_perception/lib/python3.8/site-packages:/home/r1mini/sungsik_ws/install/hrdp_beta_perception/lib/python3.8/site-packages:/home/r1mini/ros2_ws/build/omo_r1mini_teleop:/home/r1mini/ros2_ws/install/omo_r1mini_teleop/lib/python3.8/site-packages:/home/r1mini/ros2_ws/build/omo_r1mini_bringup:/home/r1mini/ros2_ws/install/omo_r1mini_bringup/lib/python3.8/site-packages:/opt/ros/foxy/lib/python3.8/site-packages /usr/bin/cmake --build /home/r1mini/sungsik_ws/build/hrdp_perception -- -j4 -l4
[0.621s] -- Found ament_cmake: 0.9.11 (/opt/ros/foxy/share/ament_cmake/cmake)
[0.990s] -- Using PYTHON_EXECUTABLE: /usr/bin/python3
[3.595s] -- Override CMake install command with custom implementation using symlinks instead of copying resources
[3.667s] -- Found rclpy: 1.0.11 (/opt/ros/foxy/share/rclpy/cmake)
[3.671s] -- Found hrdp_beta_actions: 0.0.0 (/home/r1mini/sungsik_ws/install/hrdp_beta_actions/share/hrdp_beta_actions/cmake)
[3.862s] -- Using all available rosidl_typesupport_c: rosidl_typesupport_fastrtps_c;rosidl_typesupport_introspection_c
[3.890s] -- Found rosidl_adapter: 1.3.0 (/opt/ros/foxy/share/rosidl_adapter/cmake)
[5.293s] -- Using all available rosidl_typesupport_cpp: rosidl_typesupport_fastrtps_cpp;rosidl_typesupport_introspection_cpp
[6.303s] -- Found sensor_msgs: 2.0.5 (/opt/ros/foxy/share/sensor_msgs/cmake)
[7.397s] CMake Error at /opt/ros/foxy/share/ament_cmake_target_dependencies/cmake/ament_target_dependencies.cmake:42 (message):
[7.406s]   ament_target_dependencies() the first argument must be a valid target name
[7.414s] Call Stack (most recent call first):
[7.416s]   CMakeLists.txt:36 (ament_target_dependencies)
[7.420s] 
[7.424s] 
[7.438s] -- Configuring incomplete, errors occurred!
[7.445s] See also "/home/r1mini/sungsik_ws/build/hrdp_perception/CMakeFiles/CMakeOutput.log".
[7.512s] make: *** [Makefile:236: cmake_check_build_system] Error 1
[7.537s] Invoked command in '/home/r1mini/sungsik_ws/build/hrdp_perception' returned '2': CMAKE_PREFIX_PATH=/home/r1mini/sungsik_ws/install/hrdp_beta_actions:/home/r1mini/sungsik_ws/install/hrdp_sensors:/home/r1mini/sungsik_ws/install/hrdp_perception:/home/r1mini/sungsik_ws/install/hrdp_human_interfaces:/home/r1mini/sungsik_ws/install/hrdp_beta:/home/r1mini/sungsik_ws/install/hrdp_actuators:/home/r1mini/ros2_ws/install/ydlidar_sdk:/home/r1mini/ros2_ws/install/ydlidar_ros2_driver:/home/r1mini/ros2_ws/install/omo_r1mini:/home/r1mini/ros2_ws/install/omo_r1mini_navigation2:/home/r1mini/ros2_ws/install/omo_r1mini_gazebo:/home/r1mini/ros2_ws/install/omo_r1mini_description:/home/r1mini/ros2_ws/install/omo_r1mini_cartographer:/home/r1mini/sungsik_ws/install/hrdp_beta_perception:/home/r1mini/ros2_ws/install/omo_r1mini_teleop:/home/r1mini/ros2_ws/install/omo_r1mini_bringup:/opt/ros/foxy LD_LIBRARY_PATH=/home/r1mini/sungsik_ws/install/hrdp_beta_actions/lib:/usr/local/cuda/lib64:/usr/lib/aarch64-linux-gnu/gazebo-11/plugins:/opt/ros/foxy/opt/yaml_cpp_vendor/lib:/opt/ros/foxy/opt/rviz_ogre_vendor/lib:/opt/ros/foxy/lib/aarch64-linux-gnu:/opt/ros/foxy/lib PYTHONPATH=/home/r1mini/sungsik_ws/install/hrdp_beta_actions/lib/python3.8/site-packages:/home/r1mini/sungsik_ws/install/hrdp_perception/lib/python3.8/site-packages:/home/r1mini/sungsik_ws/install/hrdp_beta_perception/lib/python3.8/site-packages:/home/r1mini/ros2_ws/build/omo_r1mini_teleop:/home/r1mini/ros2_ws/install/omo_r1mini_teleop/lib/python3.8/site-packages:/home/r1mini/ros2_ws/build/omo_r1mini_bringup:/home/r1mini/ros2_ws/install/omo_r1mini_bringup/lib/python3.8/site-packages:/opt/ros/foxy/lib/python3.8/site-packages /usr/bin/cmake --build /home/r1mini/sungsik_ws/build/hrdp_perception -- -j4 -l4
