[1.634s] DEBUG:colcon:Command line arguments: ['/usr/bin/colcon', 'build', '--symlink-install', '--packages-select', 'hrdp_perception_beta']
[1.635s] DEBUG:colcon:Parsed command line arguments: Namespace(allow_overriding=[], ament_cmake_args=None, base_paths=['.'], build_base='build', catkin_cmake_args=None, catkin_skip_building_tests=False, cmake_args=None, cmake_clean_cache=False, cmake_clean_first=False, cmake_force_configure=False, cmake_target=None, cmake_target_skip_unavailable=False, continue_on_error=False, event_handlers=None, executor='parallel', ignore_user_meta=False, install_base='install', log_base=None, log_level=None, main=<bound method BuildVerb.main of <colcon_core.verb.build.BuildVerb object at 0x7f88c21490>>, merge_install=False, metas=['./colcon.meta'], packages_above=None, packages_above_and_dependencies=None, packages_above_depth=None, packages_end=None, packages_ignore=None, packages_ignore_regex=None, packages_select=['hrdp_perception_beta'], packages_select_build_failed=False, packages_select_by_dep=None, packages_select_regex=None, packages_select_test_failures=False, packages_skip=None, packages_skip_build_finished=False, packages_skip_by_dep=None, packages_skip_regex=None, packages_skip_test_passed=False, packages_skip_up_to=None, packages_start=None, packages_up_to=None, packages_up_to_regex=None, parallel_workers=4, paths=None, symlink_install=True, test_result_base=None, verb_extension=<colcon_core.verb.build.BuildVerb object at 0x7f88c21490>, verb_name='build', verb_parser=<colcon_defaults.argument_parser.defaults.DefaultArgumentsDecorator object at 0x7f88c219d0>)
[2.055s] Level 1:colcon.colcon_core.package_discovery:discover_packages(colcon_meta) check parameters
[2.057s] Level 1:colcon.colcon_core.package_discovery:discover_packages(recursive) check parameters
[2.058s] Level 1:colcon.colcon_core.package_discovery:discover_packages(ignore) check parameters
[2.058s] Level 1:colcon.colcon_core.package_discovery:discover_packages(path) check parameters
[2.058s] Level 1:colcon.colcon_core.package_discovery:discover_packages(colcon_meta) discover
[2.059s] Level 1:colcon.colcon_core.package_discovery:discover_packages(recursive) discover
[2.059s] INFO:colcon.colcon_core.package_discovery:Crawling recursively for packages in '/home/r1mini/sungsik_ws'
[2.060s] Level 1:colcon.colcon_core.package_identification:_identify(.) by extensions ['ignore', 'ignore_ament_install']
[2.061s] Level 1:colcon.colcon_core.package_identification:_identify(.) by extension 'ignore'
[2.062s] Level 1:colcon.colcon_core.package_identification:_identify(.) by extension 'ignore_ament_install'
[2.062s] Level 1:colcon.colcon_core.package_identification:_identify(.) by extensions ['colcon_pkg']
[2.062s] Level 1:colcon.colcon_core.package_identification:_identify(.) by extension 'colcon_pkg'
[2.063s] Level 1:colcon.colcon_core.package_identification:_identify(.) by extensions ['colcon_meta']
[2.063s] Level 1:colcon.colcon_core.package_identification:_identify(.) by extension 'colcon_meta'
[2.063s] Level 1:colcon.colcon_core.package_identification:_identify(.) by extensions ['ros']
[2.063s] Level 1:colcon.colcon_core.package_identification:_identify(.) by extension 'ros'
[2.189s] Level 1:colcon.colcon_core.package_identification:_identify(.) by extensions ['cmake', 'python']
[2.190s] Level 1:colcon.colcon_core.package_identification:_identify(.) by extension 'cmake'
[2.191s] Level 1:colcon.colcon_core.package_identification:_identify(.) by extension 'python'
[2.192s] Level 1:colcon.colcon_core.package_identification:_identify(.) by extensions ['python_setup_py']
[2.192s] Level 1:colcon.colcon_core.package_identification:_identify(.) by extension 'python_setup_py'
[2.194s] Level 1:colcon.colcon_core.package_identification:_identify(build) by extensions ['ignore', 'ignore_ament_install']
[2.195s] Level 1:colcon.colcon_core.package_identification:_identify(build) by extension 'ignore'
[2.195s] Level 1:colcon.colcon_core.package_identification:_identify(build) ignored
[2.197s] Level 1:colcon.colcon_core.package_identification:_identify(install) by extensions ['ignore', 'ignore_ament_install']
[2.199s] Level 1:colcon.colcon_core.package_identification:_identify(install) by extension 'ignore'
[2.200s] Level 1:colcon.colcon_core.package_identification:_identify(install) ignored
[2.203s] Level 1:colcon.colcon_core.package_identification:_identify(log) by extensions ['ignore', 'ignore_ament_install']
[2.205s] Level 1:colcon.colcon_core.package_identification:_identify(log) by extension 'ignore'
[2.206s] Level 1:colcon.colcon_core.package_identification:_identify(log) ignored
[2.208s] Level 1:colcon.colcon_core.package_identification:_identify(res) by extensions ['ignore', 'ignore_ament_install']
[2.210s] Level 1:colcon.colcon_core.package_identification:_identify(res) by extension 'ignore'
[2.211s] Level 1:colcon.colcon_core.package_identification:_identify(res) by extension 'ignore_ament_install'
[2.212s] Level 1:colcon.colcon_core.package_identification:_identify(res) by extensions ['colcon_pkg']
[2.212s] Level 1:colcon.colcon_core.package_identification:_identify(res) by extension 'colcon_pkg'
[2.214s] Level 1:colcon.colcon_core.package_identification:_identify(res) by extensions ['colcon_meta']
[2.215s] Level 1:colcon.colcon_core.package_identification:_identify(res) by extension 'colcon_meta'
[2.216s] Level 1:colcon.colcon_core.package_identification:_identify(res) by extensions ['ros']
[2.217s] Level 1:colcon.colcon_core.package_identification:_identify(res) by extension 'ros'
[2.219s] Level 1:colcon.colcon_core.package_identification:_identify(res) by extensions ['cmake', 'python']
[2.220s] Level 1:colcon.colcon_core.package_identification:_identify(res) by extension 'cmake'
[2.221s] Level 1:colcon.colcon_core.package_identification:_identify(res) by extension 'python'
[2.222s] Level 1:colcon.colcon_core.package_identification:_identify(res) by extensions ['python_setup_py']
[2.222s] Level 1:colcon.colcon_core.package_identification:_identify(res) by extension 'python_setup_py'
[2.224s] Level 1:colcon.colcon_core.package_identification:_identify(src) by extensions ['ignore', 'ignore_ament_install']
[2.225s] Level 1:colcon.colcon_core.package_identification:_identify(src) by extension 'ignore'
[2.226s] Level 1:colcon.colcon_core.package_identification:_identify(src) by extension 'ignore_ament_install'
[2.228s] Level 1:colcon.colcon_core.package_identification:_identify(src) by extensions ['colcon_pkg']
[2.228s] Level 1:colcon.colcon_core.package_identification:_identify(src) by extension 'colcon_pkg'
[2.230s] Level 1:colcon.colcon_core.package_identification:_identify(src) by extensions ['colcon_meta']
[2.231s] Level 1:colcon.colcon_core.package_identification:_identify(src) by extension 'colcon_meta'
[2.232s] Level 1:colcon.colcon_core.package_identification:_identify(src) by extensions ['ros']
[2.232s] Level 1:colcon.colcon_core.package_identification:_identify(src) by extension 'ros'
[2.234s] Level 1:colcon.colcon_core.package_identification:_identify(src) by extensions ['cmake', 'python']
[2.235s] Level 1:colcon.colcon_core.package_identification:_identify(src) by extension 'cmake'
[2.236s] Level 1:colcon.colcon_core.package_identification:_identify(src) by extension 'python'
[2.237s] Level 1:colcon.colcon_core.package_identification:_identify(src) by extensions ['python_setup_py']
[2.237s] Level 1:colcon.colcon_core.package_identification:_identify(src) by extension 'python_setup_py'
[2.239s] Level 1:colcon.colcon_core.package_identification:_identify(src/hrdp_actuators_beta) by extensions ['ignore', 'ignore_ament_install']
[2.241s] Level 1:colcon.colcon_core.package_identification:_identify(src/hrdp_actuators_beta) by extension 'ignore'
[2.242s] Level 1:colcon.colcon_core.package_identification:_identify(src/hrdp_actuators_beta) by extension 'ignore_ament_install'
[2.243s] Level 1:colcon.colcon_core.package_identification:_identify(src/hrdp_actuators_beta) by extensions ['colcon_pkg']
[2.244s] Level 1:colcon.colcon_core.package_identification:_identify(src/hrdp_actuators_beta) by extension 'colcon_pkg'
[2.245s] Level 1:colcon.colcon_core.package_identification:_identify(src/hrdp_actuators_beta) by extensions ['colcon_meta']
[2.245s] Level 1:colcon.colcon_core.package_identification:_identify(src/hrdp_actuators_beta) by extension 'colcon_meta'
[2.246s] Level 1:colcon.colcon_core.package_identification:_identify(src/hrdp_actuators_beta) by extensions ['ros']
[2.247s] Level 1:colcon.colcon_core.package_identification:_identify(src/hrdp_actuators_beta) by extension 'ros'
[2.291s] DEBUG:colcon.colcon_core.package_identification:Package 'src/hrdp_actuators_beta' with type 'ros.ament_python' and name 'hrdp_actuators_beta'
[2.293s] Level 1:colcon.colcon_core.package_identification:_identify(src/hrdp_human_interface_beta) by extensions ['ignore', 'ignore_ament_install']
[2.295s] Level 1:colcon.colcon_core.package_identification:_identify(src/hrdp_human_interface_beta) by extension 'ignore'
[2.296s] Level 1:colcon.colcon_core.package_identification:_identify(src/hrdp_human_interface_beta) by extension 'ignore_ament_install'
[2.298s] Level 1:colcon.colcon_core.package_identification:_identify(src/hrdp_human_interface_beta) by extensions ['colcon_pkg']
[2.298s] Level 1:colcon.colcon_core.package_identification:_identify(src/hrdp_human_interface_beta) by extension 'colcon_pkg'
[2.299s] Level 1:colcon.colcon_core.package_identification:_identify(src/hrdp_human_interface_beta) by extensions ['colcon_meta']
[2.300s] Level 1:colcon.colcon_core.package_identification:_identify(src/hrdp_human_interface_beta) by extension 'colcon_meta'
[2.301s] Level 1:colcon.colcon_core.package_identification:_identify(src/hrdp_human_interface_beta) by extensions ['ros']
[2.301s] Level 1:colcon.colcon_core.package_identification:_identify(src/hrdp_human_interface_beta) by extension 'ros'
[2.308s] DEBUG:colcon.colcon_core.package_identification:Package 'src/hrdp_human_interface_beta' with type 'ros.ament_python' and name 'hrdp_human_interface_beta'
[2.311s] Level 1:colcon.colcon_core.package_identification:_identify(src/hrdp_perception_beta) by extensions ['ignore', 'ignore_ament_install']
[2.313s] Level 1:colcon.colcon_core.package_identification:_identify(src/hrdp_perception_beta) by extension 'ignore'
[2.314s] Level 1:colcon.colcon_core.package_identification:_identify(src/hrdp_perception_beta) by extension 'ignore_ament_install'
[2.315s] Level 1:colcon.colcon_core.package_identification:_identify(src/hrdp_perception_beta) by extensions ['colcon_pkg']
[2.316s] Level 1:colcon.colcon_core.package_identification:_identify(src/hrdp_perception_beta) by extension 'colcon_pkg'
[2.317s] Level 1:colcon.colcon_core.package_identification:_identify(src/hrdp_perception_beta) by extensions ['colcon_meta']
[2.318s] Level 1:colcon.colcon_core.package_identification:_identify(src/hrdp_perception_beta) by extension 'colcon_meta'
[2.320s] Level 1:colcon.colcon_core.package_identification:_identify(src/hrdp_perception_beta) by extensions ['ros']
[2.320s] Level 1:colcon.colcon_core.package_identification:_identify(src/hrdp_perception_beta) by extension 'ros'
[2.327s] DEBUG:colcon.colcon_core.package_identification:Package 'src/hrdp_perception_beta' with type 'ros.ament_python' and name 'hrdp_perception_beta'
[2.330s] Level 1:colcon.colcon_core.package_identification:_identify(src/hrdp_sensors_beta) by extensions ['ignore', 'ignore_ament_install']
[2.332s] Level 1:colcon.colcon_core.package_identification:_identify(src/hrdp_sensors_beta) by extension 'ignore'
[2.333s] Level 1:colcon.colcon_core.package_identification:_identify(src/hrdp_sensors_beta) by extension 'ignore_ament_install'
[2.334s] Level 1:colcon.colcon_core.package_identification:_identify(src/hrdp_sensors_beta) by extensions ['colcon_pkg']
[2.336s] Level 1:colcon.colcon_core.package_identification:_identify(src/hrdp_sensors_beta) by extension 'colcon_pkg'
[2.337s] Level 1:colcon.colcon_core.package_identification:_identify(src/hrdp_sensors_beta) by extensions ['colcon_meta']
[2.338s] Level 1:colcon.colcon_core.package_identification:_identify(src/hrdp_sensors_beta) by extension 'colcon_meta'
[2.338s] Level 1:colcon.colcon_core.package_identification:_identify(src/hrdp_sensors_beta) by extensions ['ros']
[2.339s] Level 1:colcon.colcon_core.package_identification:_identify(src/hrdp_sensors_beta) by extension 'ros'
[2.347s] DEBUG:colcon.colcon_core.package_identification:Package 'src/hrdp_sensors_beta' with type 'ros.ament_python' and name 'hrdp_sensors_beta'
[2.348s] Level 1:colcon.colcon_core.package_discovery:discover_packages(recursive) using defaults
[2.349s] Level 1:colcon.colcon_core.package_discovery:discover_packages(ignore) discover
[2.350s] Level 1:colcon.colcon_core.package_discovery:discover_packages(ignore) using defaults
[2.350s] Level 1:colcon.colcon_core.package_discovery:discover_packages(path) discover
[2.351s] Level 1:colcon.colcon_core.package_discovery:discover_packages(path) using defaults
[2.721s] INFO:colcon.colcon_core.package_selection:Skipping not selected package 'hrdp_actuators_beta' in 'src/hrdp_actuators_beta'
[2.722s] INFO:colcon.colcon_core.package_selection:Skipping not selected package 'hrdp_human_interface_beta' in 'src/hrdp_human_interface_beta'
[2.723s] INFO:colcon.colcon_core.package_selection:Skipping not selected package 'hrdp_sensors_beta' in 'src/hrdp_sensors_beta'
[2.733s] Level 1:colcon.colcon_core.package_discovery:discover_packages(prefix_path) check parameters
[2.734s] Level 1:colcon.colcon_core.package_discovery:discover_packages(prefix_path) discover
[2.795s] DEBUG:colcon.colcon_installed_package_information.package_discovery:Found 13 installed packages in /home/r1mini/sungsik_ws/install
[2.817s] DEBUG:colcon.colcon_installed_package_information.package_discovery:Found 9 installed packages in /home/r1mini/ros2_ws/install
[2.840s] DEBUG:colcon.colcon_installed_package_information.package_discovery:Found 309 installed packages in /opt/ros/foxy
[2.858s] Level 1:colcon.colcon_core.package_discovery:discover_packages(prefix_path) using defaults
[4.424s] Level 5:colcon.colcon_core.verb:set package 'hrdp_perception_beta' build argument 'cmake_args' from command line to 'None'
[4.425s] Level 5:colcon.colcon_core.verb:set package 'hrdp_perception_beta' build argument 'cmake_target' from command line to 'None'
[4.426s] Level 5:colcon.colcon_core.verb:set package 'hrdp_perception_beta' build argument 'cmake_target_skip_unavailable' from command line to 'False'
[4.426s] Level 5:colcon.colcon_core.verb:set package 'hrdp_perception_beta' build argument 'cmake_clean_cache' from command line to 'False'
[4.426s] Level 5:colcon.colcon_core.verb:set package 'hrdp_perception_beta' build argument 'cmake_clean_first' from command line to 'False'
[4.426s] Level 5:colcon.colcon_core.verb:set package 'hrdp_perception_beta' build argument 'cmake_force_configure' from command line to 'False'
[4.426s] Level 5:colcon.colcon_core.verb:set package 'hrdp_perception_beta' build argument 'ament_cmake_args' from command line to 'None'
[4.427s] Level 5:colcon.colcon_core.verb:set package 'hrdp_perception_beta' build argument 'catkin_cmake_args' from command line to 'None'
[4.427s] Level 5:colcon.colcon_core.verb:set package 'hrdp_perception_beta' build argument 'catkin_skip_building_tests' from command line to 'False'
[4.427s] DEBUG:colcon.colcon_core.verb:Building package 'hrdp_perception_beta' with the following arguments: {'ament_cmake_args': None, 'build_base': '/home/r1mini/sungsik_ws/build/hrdp_perception_beta', 'catkin_cmake_args': None, 'catkin_skip_building_tests': False, 'cmake_args': None, 'cmake_clean_cache': False, 'cmake_clean_first': False, 'cmake_force_configure': False, 'cmake_target': None, 'cmake_target_skip_unavailable': False, 'install_base': '/home/r1mini/sungsik_ws/install/hrdp_perception_beta', 'merge_install': False, 'path': '/home/r1mini/sungsik_ws/src/hrdp_perception_beta', 'symlink_install': True, 'test_result_base': None}
[4.435s] INFO:colcon.colcon_core.executor:Executing jobs using 'parallel' executor
[4.474s] DEBUG:colcon.colcon_parallel_executor.executor.parallel:run_until_complete
[4.478s] INFO:colcon.colcon_ros.task.ament_python.build:Building ROS package in '/home/r1mini/sungsik_ws/src/hrdp_perception_beta' with build type 'ament_python'
[4.479s] Level 1:colcon.colcon_core.shell:create_environment_hook('hrdp_perception_beta', 'ament_prefix_path')
[4.585s] INFO:colcon.colcon_core.plugin_system:Skipping extension 'colcon_core.shell.bat': Not used on non-Windows systems
[4.588s] INFO:colcon.colcon_core.shell:Creating environment hook '/home/r1mini/sungsik_ws/install/hrdp_perception_beta/share/hrdp_perception_beta/hook/ament_prefix_path.ps1'
[4.599s] INFO:colcon.colcon_core.shell:Creating environment descriptor '/home/r1mini/sungsik_ws/install/hrdp_perception_beta/share/hrdp_perception_beta/hook/ament_prefix_path.dsv'
[4.608s] INFO:colcon.colcon_core.shell:Creating environment hook '/home/r1mini/sungsik_ws/install/hrdp_perception_beta/share/hrdp_perception_beta/hook/ament_prefix_path.sh'
[4.639s] INFO:colcon.colcon_core.shell:Skip shell extension 'powershell' for command environment: Not usable outside of PowerShell
[4.641s] DEBUG:colcon.colcon_core.shell:Skip shell extension 'dsv' for command environment
[8.945s] INFO:colcon.colcon_core.task.python.build:Building Python package in '/home/r1mini/sungsik_ws/src/hrdp_perception_beta'
[8.971s] INFO:colcon.colcon_core.shell:Skip shell extension 'powershell' for command environment: Not usable outside of PowerShell
[8.972s] DEBUG:colcon.colcon_core.shell:Skip shell extension 'dsv' for command environment
[15.711s] DEBUG:colcon.colcon_core.event_handler.log_command:Invoking command in '/home/r1mini/sungsik_ws/build/hrdp_perception_beta': PYTHONPATH=/home/r1mini/sungsik_ws/build/hrdp_perception_beta/prefix_override:/home/r1mini/sungsik_ws/install/hrdp_perception_beta/lib/python3.8/site-packages:${PYTHONPATH} /usr/bin/python3 setup.py develop --editable --build-directory /home/r1mini/sungsik_ws/build/hrdp_perception_beta/build --no-deps install_data
[22.312s] Level 1:colcon.colcon_core.shell:create_environment_hook('hrdp_perception_beta', 'pythonpath_develop')
[22.328s] DEBUG:colcon.colcon_core.event_handler.log_command:Invoked command in '/home/r1mini/sungsik_ws/build/hrdp_perception_beta' returned '0': PYTHONPATH=/home/r1mini/sungsik_ws/build/hrdp_perception_beta/prefix_override:/home/r1mini/sungsik_ws/install/hrdp_perception_beta/lib/python3.8/site-packages:${PYTHONPATH} /usr/bin/python3 setup.py develop --editable --build-directory /home/r1mini/sungsik_ws/build/hrdp_perception_beta/build --no-deps install_data
[22.355s] INFO:colcon.colcon_core.shell:Creating environment hook '/home/r1mini/sungsik_ws/build/hrdp_perception_beta/share/hrdp_perception_beta/hook/pythonpath_develop.ps1'
[22.366s] INFO:colcon.colcon_core.shell:Creating environment descriptor '/home/r1mini/sungsik_ws/build/hrdp_perception_beta/share/hrdp_perception_beta/hook/pythonpath_develop.dsv'
[22.372s] INFO:colcon.colcon_core.shell:Creating environment hook '/home/r1mini/sungsik_ws/build/hrdp_perception_beta/share/hrdp_perception_beta/hook/pythonpath_develop.sh'
[22.475s] Level 1:colcon.colcon_core.environment:checking '/home/r1mini/sungsik_ws/install/hrdp_perception_beta' for CMake module files
[22.480s] Level 1:colcon.colcon_core.environment:checking '/home/r1mini/sungsik_ws/install/hrdp_perception_beta' for CMake config files
[22.487s] Level 1:colcon.colcon_core.environment:checking '/home/r1mini/sungsik_ws/install/hrdp_perception_beta/lib'
[22.489s] Level 1:colcon.colcon_core.environment:checking '/home/r1mini/sungsik_ws/install/hrdp_perception_beta/bin'
[22.490s] Level 1:colcon.colcon_core.environment:checking '/home/r1mini/sungsik_ws/install/hrdp_perception_beta/lib/pkgconfig/hrdp_perception_beta.pc'
[22.492s] Level 1:colcon.colcon_core.environment:checking '/home/r1mini/sungsik_ws/install/hrdp_perception_beta/lib/python3.8/site-packages'
[22.492s] Level 1:colcon.colcon_core.shell:create_environment_hook('hrdp_perception_beta', 'pythonpath')
[22.507s] INFO:colcon.colcon_core.shell:Creating environment hook '/home/r1mini/sungsik_ws/install/hrdp_perception_beta/share/hrdp_perception_beta/hook/pythonpath.ps1'
[22.515s] INFO:colcon.colcon_core.shell:Creating environment descriptor '/home/r1mini/sungsik_ws/install/hrdp_perception_beta/share/hrdp_perception_beta/hook/pythonpath.dsv'
[22.520s] INFO:colcon.colcon_core.shell:Creating environment hook '/home/r1mini/sungsik_ws/install/hrdp_perception_beta/share/hrdp_perception_beta/hook/pythonpath.sh'
[22.526s] Level 1:colcon.colcon_core.environment:checking '/home/r1mini/sungsik_ws/install/hrdp_perception_beta/bin'
[22.527s] Level 1:colcon.colcon_core.environment:create_environment_scripts_only(hrdp_perception_beta)
[22.547s] INFO:colcon.colcon_core.shell:Creating package script '/home/r1mini/sungsik_ws/install/hrdp_perception_beta/share/hrdp_perception_beta/package.ps1'
[22.567s] INFO:colcon.colcon_core.shell:Creating package descriptor '/home/r1mini/sungsik_ws/install/hrdp_perception_beta/share/hrdp_perception_beta/package.dsv'
[22.576s] INFO:colcon.colcon_core.shell:Creating package script '/home/r1mini/sungsik_ws/install/hrdp_perception_beta/share/hrdp_perception_beta/package.sh'
[22.585s] INFO:colcon.colcon_core.shell:Creating package script '/home/r1mini/sungsik_ws/install/hrdp_perception_beta/share/hrdp_perception_beta/package.bash'
[22.593s] INFO:colcon.colcon_core.shell:Creating package script '/home/r1mini/sungsik_ws/install/hrdp_perception_beta/share/hrdp_perception_beta/package.zsh'
[22.602s] Level 1:colcon.colcon_core.environment:create_file_with_runtime_dependencies(/home/r1mini/sungsik_ws/install/hrdp_perception_beta/share/colcon-core/packages/hrdp_perception_beta)
[22.607s] DEBUG:colcon.colcon_parallel_executor.executor.parallel:closing loop
[22.610s] DEBUG:colcon.colcon_parallel_executor.executor.parallel:loop closed
[22.611s] DEBUG:colcon.colcon_parallel_executor.executor.parallel:run_until_complete finished with '0'
[22.612s] DEBUG:colcon.colcon_core.event_reactor:joining thread
[22.779s] INFO:colcon.colcon_core.plugin_system:Skipping extension 'colcon_notification.desktop_notification.terminal_notifier': Not used on non-Darwin systems
[22.782s] INFO:colcon.colcon_core.plugin_system:Skipping extension 'colcon_notification.desktop_notification.win32': Not used on non-Windows systems
[22.783s] INFO:colcon.colcon_notification.desktop_notification:Sending desktop notification using 'notify2'
[22.829s] DEBUG:colcon.colcon_core.event_reactor:joined thread
[22.856s] INFO:colcon.colcon_core.shell:Creating prefix script '/home/r1mini/sungsik_ws/install/local_setup.ps1'
[22.872s] INFO:colcon.colcon_core.shell:Creating prefix util module '/home/r1mini/sungsik_ws/install/_local_setup_util_ps1.py'
[22.897s] INFO:colcon.colcon_core.shell:Creating prefix chain script '/home/r1mini/sungsik_ws/install/setup.ps1'
[22.936s] INFO:colcon.colcon_core.shell:Creating prefix script '/home/r1mini/sungsik_ws/install/local_setup.sh'
[22.943s] INFO:colcon.colcon_core.shell:Creating prefix util module '/home/r1mini/sungsik_ws/install/_local_setup_util_sh.py'
[22.949s] INFO:colcon.colcon_core.shell:Creating prefix chain script '/home/r1mini/sungsik_ws/install/setup.sh'
[22.975s] INFO:colcon.colcon_core.shell:Creating prefix script '/home/r1mini/sungsik_ws/install/local_setup.bash'
[22.981s] INFO:colcon.colcon_core.shell:Creating prefix chain script '/home/r1mini/sungsik_ws/install/setup.bash'
[23.006s] INFO:colcon.colcon_core.shell:Creating prefix script '/home/r1mini/sungsik_ws/install/local_setup.zsh'
[23.012s] INFO:colcon.colcon_core.shell:Creating prefix chain script '/home/r1mini/sungsik_ws/install/setup.zsh'
