[1.103s] DEBUG:colcon:Command line arguments: ['/usr/bin/colcon', 'build', '--symlink-install']
[1.104s] DEBUG:colcon:Parsed command line arguments: Namespace(allow_overriding=[], ament_cmake_args=None, base_paths=['.'], build_base='build', catkin_cmake_args=None, catkin_skip_building_tests=False, cmake_args=None, cmake_clean_cache=False, cmake_clean_first=False, cmake_force_configure=False, cmake_target=None, cmake_target_skip_unavailable=False, continue_on_error=False, event_handlers=None, executor='parallel', ignore_user_meta=False, install_base='install', log_base=None, log_level=None, main=<bound method BuildVerb.main of <colcon_core.verb.build.BuildVerb object at 0x7fb0d33a00>>, merge_install=False, metas=['./colcon.meta'], packages_above=None, packages_above_and_dependencies=None, packages_above_depth=None, packages_end=None, packages_ignore=None, packages_ignore_regex=None, packages_select=None, packages_select_build_failed=False, packages_select_by_dep=None, packages_select_regex=None, packages_select_test_failures=False, packages_skip=None, packages_skip_build_finished=False, packages_skip_by_dep=None, packages_skip_regex=None, packages_skip_test_passed=False, packages_skip_up_to=None, packages_start=None, packages_up_to=None, packages_up_to_regex=None, parallel_workers=4, paths=None, symlink_install=True, test_result_base=None, verb_extension=<colcon_core.verb.build.BuildVerb object at 0x7fb0d33a00>, verb_name='build', verb_parser=<colcon_defaults.argument_parser.defaults.DefaultArgumentsDecorator object at 0x7fb0d33f70>)
[1.386s] Level 1:colcon.colcon_core.package_discovery:discover_packages(colcon_meta) check parameters
[1.387s] Level 1:colcon.colcon_core.package_discovery:discover_packages(recursive) check parameters
[1.387s] Level 1:colcon.colcon_core.package_discovery:discover_packages(ignore) check parameters
[1.387s] Level 1:colcon.colcon_core.package_discovery:discover_packages(path) check parameters
[1.388s] Level 1:colcon.colcon_core.package_discovery:discover_packages(colcon_meta) discover
[1.388s] Level 1:colcon.colcon_core.package_discovery:discover_packages(recursive) discover
[1.388s] INFO:colcon.colcon_core.package_discovery:Crawling recursively for packages in '/home/r1mini/sungsik_ws'
[1.389s] Level 1:colcon.colcon_core.package_identification:_identify(.) by extensions ['ignore', 'ignore_ament_install']
[1.390s] Level 1:colcon.colcon_core.package_identification:_identify(.) by extension 'ignore'
[1.390s] Level 1:colcon.colcon_core.package_identification:_identify(.) by extension 'ignore_ament_install'
[1.391s] Level 1:colcon.colcon_core.package_identification:_identify(.) by extensions ['colcon_pkg']
[1.391s] Level 1:colcon.colcon_core.package_identification:_identify(.) by extension 'colcon_pkg'
[1.391s] Level 1:colcon.colcon_core.package_identification:_identify(.) by extensions ['colcon_meta']
[1.391s] Level 1:colcon.colcon_core.package_identification:_identify(.) by extension 'colcon_meta'
[1.391s] Level 1:colcon.colcon_core.package_identification:_identify(.) by extensions ['ros']
[1.391s] Level 1:colcon.colcon_core.package_identification:_identify(.) by extension 'ros'
[1.463s] Level 1:colcon.colcon_core.package_identification:_identify(.) by extensions ['cmake', 'python']
[1.464s] Level 1:colcon.colcon_core.package_identification:_identify(.) by extension 'cmake'
[1.465s] Level 1:colcon.colcon_core.package_identification:_identify(.) by extension 'python'
[1.465s] Level 1:colcon.colcon_core.package_identification:_identify(.) by extensions ['python_setup_py']
[1.465s] Level 1:colcon.colcon_core.package_identification:_identify(.) by extension 'python_setup_py'
[1.466s] Level 1:colcon.colcon_core.package_identification:_identify(build) by extensions ['ignore', 'ignore_ament_install']
[1.467s] Level 1:colcon.colcon_core.package_identification:_identify(build) by extension 'ignore'
[1.467s] Level 1:colcon.colcon_core.package_identification:_identify(build) ignored
[1.468s] Level 1:colcon.colcon_core.package_identification:_identify(install) by extensions ['ignore', 'ignore_ament_install']
[1.469s] Level 1:colcon.colcon_core.package_identification:_identify(install) by extension 'ignore'
[1.469s] Level 1:colcon.colcon_core.package_identification:_identify(install) ignored
[1.469s] Level 1:colcon.colcon_core.package_identification:_identify(log) by extensions ['ignore', 'ignore_ament_install']
[1.470s] Level 1:colcon.colcon_core.package_identification:_identify(log) by extension 'ignore'
[1.470s] Level 1:colcon.colcon_core.package_identification:_identify(log) ignored
[1.470s] Level 1:colcon.colcon_core.package_identification:_identify(res) by extensions ['ignore', 'ignore_ament_install']
[1.471s] Level 1:colcon.colcon_core.package_identification:_identify(res) by extension 'ignore'
[1.471s] Level 1:colcon.colcon_core.package_identification:_identify(res) by extension 'ignore_ament_install'
[1.471s] Level 1:colcon.colcon_core.package_identification:_identify(res) by extensions ['colcon_pkg']
[1.471s] Level 1:colcon.colcon_core.package_identification:_identify(res) by extension 'colcon_pkg'
[1.472s] Level 1:colcon.colcon_core.package_identification:_identify(res) by extensions ['colcon_meta']
[1.472s] Level 1:colcon.colcon_core.package_identification:_identify(res) by extension 'colcon_meta'
[1.472s] Level 1:colcon.colcon_core.package_identification:_identify(res) by extensions ['ros']
[1.472s] Level 1:colcon.colcon_core.package_identification:_identify(res) by extension 'ros'
[1.472s] Level 1:colcon.colcon_core.package_identification:_identify(res) by extensions ['cmake', 'python']
[1.473s] Level 1:colcon.colcon_core.package_identification:_identify(res) by extension 'cmake'
[1.473s] Level 1:colcon.colcon_core.package_identification:_identify(res) by extension 'python'
[1.473s] Level 1:colcon.colcon_core.package_identification:_identify(res) by extensions ['python_setup_py']
[1.473s] Level 1:colcon.colcon_core.package_identification:_identify(res) by extension 'python_setup_py'
[1.474s] Level 1:colcon.colcon_core.package_identification:_identify(src) by extensions ['ignore', 'ignore_ament_install']
[1.474s] Level 1:colcon.colcon_core.package_identification:_identify(src) by extension 'ignore'
[1.474s] Level 1:colcon.colcon_core.package_identification:_identify(src) by extension 'ignore_ament_install'
[1.474s] Level 1:colcon.colcon_core.package_identification:_identify(src) by extensions ['colcon_pkg']
[1.474s] Level 1:colcon.colcon_core.package_identification:_identify(src) by extension 'colcon_pkg'
[1.475s] Level 1:colcon.colcon_core.package_identification:_identify(src) by extensions ['colcon_meta']
[1.475s] Level 1:colcon.colcon_core.package_identification:_identify(src) by extension 'colcon_meta'
[1.475s] Level 1:colcon.colcon_core.package_identification:_identify(src) by extensions ['ros']
[1.475s] Level 1:colcon.colcon_core.package_identification:_identify(src) by extension 'ros'
[1.475s] Level 1:colcon.colcon_core.package_identification:_identify(src) by extensions ['cmake', 'python']
[1.476s] Level 1:colcon.colcon_core.package_identification:_identify(src) by extension 'cmake'
[1.476s] Level 1:colcon.colcon_core.package_identification:_identify(src) by extension 'python'
[1.476s] Level 1:colcon.colcon_core.package_identification:_identify(src) by extensions ['python_setup_py']
[1.476s] Level 1:colcon.colcon_core.package_identification:_identify(src) by extension 'python_setup_py'
[1.477s] Level 1:colcon.colcon_core.package_identification:_identify(src/hrdp_actuators_beta) by extensions ['ignore', 'ignore_ament_install']
[1.477s] Level 1:colcon.colcon_core.package_identification:_identify(src/hrdp_actuators_beta) by extension 'ignore'
[1.477s] Level 1:colcon.colcon_core.package_identification:_identify(src/hrdp_actuators_beta) by extension 'ignore_ament_install'
[1.477s] Level 1:colcon.colcon_core.package_identification:_identify(src/hrdp_actuators_beta) by extensions ['colcon_pkg']
[1.478s] Level 1:colcon.colcon_core.package_identification:_identify(src/hrdp_actuators_beta) by extension 'colcon_pkg'
[1.478s] Level 1:colcon.colcon_core.package_identification:_identify(src/hrdp_actuators_beta) by extensions ['colcon_meta']
[1.478s] Level 1:colcon.colcon_core.package_identification:_identify(src/hrdp_actuators_beta) by extension 'colcon_meta'
[1.478s] Level 1:colcon.colcon_core.package_identification:_identify(src/hrdp_actuators_beta) by extensions ['ros']
[1.478s] Level 1:colcon.colcon_core.package_identification:_identify(src/hrdp_actuators_beta) by extension 'ros'
[1.511s] DEBUG:colcon.colcon_core.package_identification:Package 'src/hrdp_actuators_beta' with type 'ros.ament_python' and name 'hrdp_actuators_beta'
[1.513s] Level 1:colcon.colcon_core.package_identification:_identify(src/hrdp_human_interface_beta) by extensions ['ignore', 'ignore_ament_install']
[1.513s] Level 1:colcon.colcon_core.package_identification:_identify(src/hrdp_human_interface_beta) by extension 'ignore'
[1.514s] Level 1:colcon.colcon_core.package_identification:_identify(src/hrdp_human_interface_beta) by extension 'ignore_ament_install'
[1.514s] Level 1:colcon.colcon_core.package_identification:_identify(src/hrdp_human_interface_beta) by extensions ['colcon_pkg']
[1.514s] Level 1:colcon.colcon_core.package_identification:_identify(src/hrdp_human_interface_beta) by extension 'colcon_pkg'
[1.515s] Level 1:colcon.colcon_core.package_identification:_identify(src/hrdp_human_interface_beta) by extensions ['colcon_meta']
[1.515s] Level 1:colcon.colcon_core.package_identification:_identify(src/hrdp_human_interface_beta) by extension 'colcon_meta'
[1.515s] Level 1:colcon.colcon_core.package_identification:_identify(src/hrdp_human_interface_beta) by extensions ['ros']
[1.515s] Level 1:colcon.colcon_core.package_identification:_identify(src/hrdp_human_interface_beta) by extension 'ros'
[1.520s] DEBUG:colcon.colcon_core.package_identification:Package 'src/hrdp_human_interface_beta' with type 'ros.ament_python' and name 'hrdp_human_interface_beta'
[1.521s] Level 1:colcon.colcon_core.package_identification:_identify(src/hrdp_perception_beta) by extensions ['ignore', 'ignore_ament_install']
[1.521s] Level 1:colcon.colcon_core.package_identification:_identify(src/hrdp_perception_beta) by extension 'ignore'
[1.522s] Level 1:colcon.colcon_core.package_identification:_identify(src/hrdp_perception_beta) by extension 'ignore_ament_install'
[1.522s] Level 1:colcon.colcon_core.package_identification:_identify(src/hrdp_perception_beta) by extensions ['colcon_pkg']
[1.522s] Level 1:colcon.colcon_core.package_identification:_identify(src/hrdp_perception_beta) by extension 'colcon_pkg'
[1.522s] Level 1:colcon.colcon_core.package_identification:_identify(src/hrdp_perception_beta) by extensions ['colcon_meta']
[1.523s] Level 1:colcon.colcon_core.package_identification:_identify(src/hrdp_perception_beta) by extension 'colcon_meta'
[1.523s] Level 1:colcon.colcon_core.package_identification:_identify(src/hrdp_perception_beta) by extensions ['ros']
[1.523s] Level 1:colcon.colcon_core.package_identification:_identify(src/hrdp_perception_beta) by extension 'ros'
[1.526s] DEBUG:colcon.colcon_core.package_identification:Package 'src/hrdp_perception_beta' with type 'ros.ament_python' and name 'hrdp_perception_beta'
[1.527s] Level 1:colcon.colcon_core.package_identification:_identify(src/hrdp_sensors_beta) by extensions ['ignore', 'ignore_ament_install']
[1.527s] Level 1:colcon.colcon_core.package_identification:_identify(src/hrdp_sensors_beta) by extension 'ignore'
[1.528s] Level 1:colcon.colcon_core.package_identification:_identify(src/hrdp_sensors_beta) by extension 'ignore_ament_install'
[1.528s] Level 1:colcon.colcon_core.package_identification:_identify(src/hrdp_sensors_beta) by extensions ['colcon_pkg']
[1.528s] Level 1:colcon.colcon_core.package_identification:_identify(src/hrdp_sensors_beta) by extension 'colcon_pkg'
[1.528s] Level 1:colcon.colcon_core.package_identification:_identify(src/hrdp_sensors_beta) by extensions ['colcon_meta']
[1.529s] Level 1:colcon.colcon_core.package_identification:_identify(src/hrdp_sensors_beta) by extension 'colcon_meta'
[1.529s] Level 1:colcon.colcon_core.package_identification:_identify(src/hrdp_sensors_beta) by extensions ['ros']
[1.529s] Level 1:colcon.colcon_core.package_identification:_identify(src/hrdp_sensors_beta) by extension 'ros'
[1.532s] DEBUG:colcon.colcon_core.package_identification:Package 'src/hrdp_sensors_beta' with type 'ros.ament_python' and name 'hrdp_sensors_beta'
[1.533s] Level 1:colcon.colcon_core.package_discovery:discover_packages(recursive) using defaults
[1.533s] Level 1:colcon.colcon_core.package_discovery:discover_packages(ignore) discover
[1.533s] Level 1:colcon.colcon_core.package_discovery:discover_packages(ignore) using defaults
[1.533s] Level 1:colcon.colcon_core.package_discovery:discover_packages(path) discover
[1.534s] Level 1:colcon.colcon_core.package_discovery:discover_packages(path) using defaults
[1.698s] Level 1:colcon.colcon_core.package_discovery:discover_packages(prefix_path) check parameters
[1.699s] Level 1:colcon.colcon_core.package_discovery:discover_packages(prefix_path) discover
[1.708s] WARNING:colcon.colcon_ros.prefix_path.ament:The path '/home/r1mini/sungsik_ws/install/py_pubsub' in the environment variable AMENT_PREFIX_PATH doesn't exist
[1.709s] WARNING:colcon.colcon_ros.prefix_path.ament:The path '/home/r1mini/sungsik_ws/install/my_cpp_py_pkg' in the environment variable AMENT_PREFIX_PATH doesn't exist
[1.709s] WARNING:colcon.colcon_ros.prefix_path.ament:The path '/home/r1mini/sungsik_ws/install/hrdp_sensors_beta' in the environment variable AMENT_PREFIX_PATH doesn't exist
[1.710s] WARNING:colcon.colcon_ros.prefix_path.ament:The path '/home/r1mini/sungsik_ws/install/hrdp_sensors' in the environment variable AMENT_PREFIX_PATH doesn't exist
[1.710s] WARNING:colcon.colcon_ros.prefix_path.ament:The path '/home/r1mini/sungsik_ws/install/hrdp_perception_beta' in the environment variable AMENT_PREFIX_PATH doesn't exist
[1.710s] WARNING:colcon.colcon_ros.prefix_path.ament:The path '/home/r1mini/sungsik_ws/install/hrdp_perception' in the environment variable AMENT_PREFIX_PATH doesn't exist
[1.710s] WARNING:colcon.colcon_ros.prefix_path.ament:The path '/home/r1mini/sungsik_ws/install/hrdp_human_interfaces' in the environment variable AMENT_PREFIX_PATH doesn't exist
[1.711s] WARNING:colcon.colcon_ros.prefix_path.ament:The path '/home/r1mini/sungsik_ws/install/hrdp_human_interface_beta' in the environment variable AMENT_PREFIX_PATH doesn't exist
[1.711s] WARNING:colcon.colcon_ros.prefix_path.ament:The path '/home/r1mini/sungsik_ws/install/hrdp_core_beta' in the environment variable AMENT_PREFIX_PATH doesn't exist
[1.711s] WARNING:colcon.colcon_ros.prefix_path.ament:The path '/home/r1mini/sungsik_ws/install/hrdp_beta_perception' in the environment variable AMENT_PREFIX_PATH doesn't exist
[1.711s] WARNING:colcon.colcon_ros.prefix_path.ament:The path '/home/r1mini/sungsik_ws/install/hrdp_beta_actions' in the environment variable AMENT_PREFIX_PATH doesn't exist
[1.711s] WARNING:colcon.colcon_ros.prefix_path.ament:The path '/home/r1mini/sungsik_ws/install/hrdp_beta' in the environment variable AMENT_PREFIX_PATH doesn't exist
[1.711s] WARNING:colcon.colcon_ros.prefix_path.ament:The path '/home/r1mini/sungsik_ws/install/hrdp_actuators_beta' in the environment variable AMENT_PREFIX_PATH doesn't exist
[1.712s] WARNING:colcon.colcon_ros.prefix_path.ament:The path '/home/r1mini/sungsik_ws/install/hrdp_actuators' in the environment variable AMENT_PREFIX_PATH doesn't exist
[1.714s] WARNING:colcon.colcon_ros.prefix_path.catkin:The path '/home/r1mini/sungsik_ws/install/my_cpp_py_pkg' in the environment variable CMAKE_PREFIX_PATH doesn't exist
[1.715s] WARNING:colcon.colcon_ros.prefix_path.catkin:The path '/home/r1mini/sungsik_ws/install/hrdp_sensors' in the environment variable CMAKE_PREFIX_PATH doesn't exist
[1.715s] WARNING:colcon.colcon_ros.prefix_path.catkin:The path '/home/r1mini/sungsik_ws/install/hrdp_perception' in the environment variable CMAKE_PREFIX_PATH doesn't exist
[1.715s] WARNING:colcon.colcon_ros.prefix_path.catkin:The path '/home/r1mini/sungsik_ws/install/hrdp_human_interfaces' in the environment variable CMAKE_PREFIX_PATH doesn't exist
[1.715s] WARNING:colcon.colcon_ros.prefix_path.catkin:The path '/home/r1mini/sungsik_ws/install/hrdp_beta_actions' in the environment variable CMAKE_PREFIX_PATH doesn't exist
[1.716s] WARNING:colcon.colcon_ros.prefix_path.catkin:The path '/home/r1mini/sungsik_ws/install/hrdp_beta' in the environment variable CMAKE_PREFIX_PATH doesn't exist
[1.716s] WARNING:colcon.colcon_ros.prefix_path.catkin:The path '/home/r1mini/sungsik_ws/install/hrdp_actuators' in the environment variable CMAKE_PREFIX_PATH doesn't exist
[1.730s] DEBUG:colcon.colcon_installed_package_information.package_discovery:Found 0 installed packages in /home/r1mini/sungsik_ws/install
[1.744s] DEBUG:colcon.colcon_installed_package_information.package_discovery:Found 9 installed packages in /home/r1mini/ros2_ws/install
[1.770s] DEBUG:colcon.colcon_installed_package_information.package_discovery:Found 310 installed packages in /opt/ros/foxy
[1.785s] Level 1:colcon.colcon_core.package_discovery:discover_packages(prefix_path) using defaults
[2.219s] Level 5:colcon.colcon_core.verb:set package 'hrdp_actuators_beta' build argument 'cmake_args' from command line to 'None'
[2.220s] Level 5:colcon.colcon_core.verb:set package 'hrdp_actuators_beta' build argument 'cmake_target' from command line to 'None'
[2.220s] Level 5:colcon.colcon_core.verb:set package 'hrdp_actuators_beta' build argument 'cmake_target_skip_unavailable' from command line to 'False'
[2.220s] Level 5:colcon.colcon_core.verb:set package 'hrdp_actuators_beta' build argument 'cmake_clean_cache' from command line to 'False'
[2.221s] Level 5:colcon.colcon_core.verb:set package 'hrdp_actuators_beta' build argument 'cmake_clean_first' from command line to 'False'
[2.221s] Level 5:colcon.colcon_core.verb:set package 'hrdp_actuators_beta' build argument 'cmake_force_configure' from command line to 'False'
[2.221s] Level 5:colcon.colcon_core.verb:set package 'hrdp_actuators_beta' build argument 'ament_cmake_args' from command line to 'None'
[2.221s] Level 5:colcon.colcon_core.verb:set package 'hrdp_actuators_beta' build argument 'catkin_cmake_args' from command line to 'None'
[2.221s] Level 5:colcon.colcon_core.verb:set package 'hrdp_actuators_beta' build argument 'catkin_skip_building_tests' from command line to 'False'
[2.221s] DEBUG:colcon.colcon_core.verb:Building package 'hrdp_actuators_beta' with the following arguments: {'ament_cmake_args': None, 'build_base': '/home/r1mini/sungsik_ws/build/hrdp_actuators_beta', 'catkin_cmake_args': None, 'catkin_skip_building_tests': False, 'cmake_args': None, 'cmake_clean_cache': False, 'cmake_clean_first': False, 'cmake_force_configure': False, 'cmake_target': None, 'cmake_target_skip_unavailable': False, 'install_base': '/home/r1mini/sungsik_ws/install/hrdp_actuators_beta', 'merge_install': False, 'path': '/home/r1mini/sungsik_ws/src/hrdp_actuators_beta', 'symlink_install': True, 'test_result_base': None}
[2.229s] Level 5:colcon.colcon_core.verb:set package 'hrdp_human_interface_beta' build argument 'cmake_args' from command line to 'None'
[2.230s] Level 5:colcon.colcon_core.verb:set package 'hrdp_human_interface_beta' build argument 'cmake_target' from command line to 'None'
[2.230s] Level 5:colcon.colcon_core.verb:set package 'hrdp_human_interface_beta' build argument 'cmake_target_skip_unavailable' from command line to 'False'
[2.230s] Level 5:colcon.colcon_core.verb:set package 'hrdp_human_interface_beta' build argument 'cmake_clean_cache' from command line to 'False'
[2.231s] Level 5:colcon.colcon_core.verb:set package 'hrdp_human_interface_beta' build argument 'cmake_clean_first' from command line to 'False'
[2.231s] Level 5:colcon.colcon_core.verb:set package 'hrdp_human_interface_beta' build argument 'cmake_force_configure' from command line to 'False'
[2.231s] Level 5:colcon.colcon_core.verb:set package 'hrdp_human_interface_beta' build argument 'ament_cmake_args' from command line to 'None'
[2.231s] Level 5:colcon.colcon_core.verb:set package 'hrdp_human_interface_beta' build argument 'catkin_cmake_args' from command line to 'None'
[2.231s] Level 5:colcon.colcon_core.verb:set package 'hrdp_human_interface_beta' build argument 'catkin_skip_building_tests' from command line to 'False'
[2.231s] DEBUG:colcon.colcon_core.verb:Building package 'hrdp_human_interface_beta' with the following arguments: {'ament_cmake_args': None, 'build_base': '/home/r1mini/sungsik_ws/build/hrdp_human_interface_beta', 'catkin_cmake_args': None, 'catkin_skip_building_tests': False, 'cmake_args': None, 'cmake_clean_cache': False, 'cmake_clean_first': False, 'cmake_force_configure': False, 'cmake_target': None, 'cmake_target_skip_unavailable': False, 'install_base': '/home/r1mini/sungsik_ws/install/hrdp_human_interface_beta', 'merge_install': False, 'path': '/home/r1mini/sungsik_ws/src/hrdp_human_interface_beta', 'symlink_install': True, 'test_result_base': None}
[2.241s] Level 5:colcon.colcon_core.verb:set package 'hrdp_perception_beta' build argument 'cmake_args' from command line to 'None'
[2.241s] Level 5:colcon.colcon_core.verb:set package 'hrdp_perception_beta' build argument 'cmake_target' from command line to 'None'
[2.242s] Level 5:colcon.colcon_core.verb:set package 'hrdp_perception_beta' build argument 'cmake_target_skip_unavailable' from command line to 'False'
[2.242s] Level 5:colcon.colcon_core.verb:set package 'hrdp_perception_beta' build argument 'cmake_clean_cache' from command line to 'False'
[2.242s] Level 5:colcon.colcon_core.verb:set package 'hrdp_perception_beta' build argument 'cmake_clean_first' from command line to 'False'
[2.242s] Level 5:colcon.colcon_core.verb:set package 'hrdp_perception_beta' build argument 'cmake_force_configure' from command line to 'False'
[2.242s] Level 5:colcon.colcon_core.verb:set package 'hrdp_perception_beta' build argument 'ament_cmake_args' from command line to 'None'
[2.242s] Level 5:colcon.colcon_core.verb:set package 'hrdp_perception_beta' build argument 'catkin_cmake_args' from command line to 'None'
[2.242s] Level 5:colcon.colcon_core.verb:set package 'hrdp_perception_beta' build argument 'catkin_skip_building_tests' from command line to 'False'
[2.243s] DEBUG:colcon.colcon_core.verb:Building package 'hrdp_perception_beta' with the following arguments: {'ament_cmake_args': None, 'build_base': '/home/r1mini/sungsik_ws/build/hrdp_perception_beta', 'catkin_cmake_args': None, 'catkin_skip_building_tests': False, 'cmake_args': None, 'cmake_clean_cache': False, 'cmake_clean_first': False, 'cmake_force_configure': False, 'cmake_target': None, 'cmake_target_skip_unavailable': False, 'install_base': '/home/r1mini/sungsik_ws/install/hrdp_perception_beta', 'merge_install': False, 'path': '/home/r1mini/sungsik_ws/src/hrdp_perception_beta', 'symlink_install': True, 'test_result_base': None}
[2.251s] Level 5:colcon.colcon_core.verb:set package 'hrdp_sensors_beta' build argument 'cmake_args' from command line to 'None'
[2.251s] Level 5:colcon.colcon_core.verb:set package 'hrdp_sensors_beta' build argument 'cmake_target' from command line to 'None'
[2.251s] Level 5:colcon.colcon_core.verb:set package 'hrdp_sensors_beta' build argument 'cmake_target_skip_unavailable' from command line to 'False'
[2.251s] Level 5:colcon.colcon_core.verb:set package 'hrdp_sensors_beta' build argument 'cmake_clean_cache' from command line to 'False'
[2.252s] Level 5:colcon.colcon_core.verb:set package 'hrdp_sensors_beta' build argument 'cmake_clean_first' from command line to 'False'
[2.252s] Level 5:colcon.colcon_core.verb:set package 'hrdp_sensors_beta' build argument 'cmake_force_configure' from command line to 'False'
[2.252s] Level 5:colcon.colcon_core.verb:set package 'hrdp_sensors_beta' build argument 'ament_cmake_args' from command line to 'None'
[2.252s] Level 5:colcon.colcon_core.verb:set package 'hrdp_sensors_beta' build argument 'catkin_cmake_args' from command line to 'None'
[2.252s] Level 5:colcon.colcon_core.verb:set package 'hrdp_sensors_beta' build argument 'catkin_skip_building_tests' from command line to 'False'
[2.252s] DEBUG:colcon.colcon_core.verb:Building package 'hrdp_sensors_beta' with the following arguments: {'ament_cmake_args': None, 'build_base': '/home/r1mini/sungsik_ws/build/hrdp_sensors_beta', 'catkin_cmake_args': None, 'catkin_skip_building_tests': False, 'cmake_args': None, 'cmake_clean_cache': False, 'cmake_clean_first': False, 'cmake_force_configure': False, 'cmake_target': None, 'cmake_target_skip_unavailable': False, 'install_base': '/home/r1mini/sungsik_ws/install/hrdp_sensors_beta', 'merge_install': False, 'path': '/home/r1mini/sungsik_ws/src/hrdp_sensors_beta', 'symlink_install': True, 'test_result_base': None}
[2.259s] INFO:colcon.colcon_core.executor:Executing jobs using 'parallel' executor
[2.294s] DEBUG:colcon.colcon_parallel_executor.executor.parallel:run_until_complete
[2.297s] INFO:colcon.colcon_ros.task.ament_python.build:Building ROS package in '/home/r1mini/sungsik_ws/src/hrdp_actuators_beta' with build type 'ament_python'
[2.298s] Level 1:colcon.colcon_core.shell:create_environment_hook('hrdp_actuators_beta', 'ament_prefix_path')
[2.345s] INFO:colcon.colcon_core.plugin_system:Skipping extension 'colcon_core.shell.bat': Not used on non-Windows systems
[2.349s] INFO:colcon.colcon_core.shell:Creating environment hook '/home/r1mini/sungsik_ws/install/hrdp_actuators_beta/share/hrdp_actuators_beta/hook/ament_prefix_path.ps1'
[2.359s] INFO:colcon.colcon_core.shell:Creating environment descriptor '/home/r1mini/sungsik_ws/install/hrdp_actuators_beta/share/hrdp_actuators_beta/hook/ament_prefix_path.dsv'
[2.366s] INFO:colcon.colcon_core.shell:Creating environment hook '/home/r1mini/sungsik_ws/install/hrdp_actuators_beta/share/hrdp_actuators_beta/hook/ament_prefix_path.sh'
[2.393s] INFO:colcon.colcon_core.shell:Skip shell extension 'powershell' for command environment: Not usable outside of PowerShell
[2.395s] DEBUG:colcon.colcon_core.shell:Skip shell extension 'dsv' for command environment
[2.490s] INFO:colcon.colcon_ros.task.ament_python.build:Building ROS package in '/home/r1mini/sungsik_ws/src/hrdp_human_interface_beta' with build type 'ament_python'
[2.493s] Level 1:colcon.colcon_core.shell:create_environment_hook('hrdp_human_interface_beta', 'ament_prefix_path')
[2.525s] INFO:colcon.colcon_core.shell:Creating environment hook '/home/r1mini/sungsik_ws/install/hrdp_human_interface_beta/share/hrdp_human_interface_beta/hook/ament_prefix_path.ps1'
[2.533s] INFO:colcon.colcon_core.shell:Creating environment descriptor '/home/r1mini/sungsik_ws/install/hrdp_human_interface_beta/share/hrdp_human_interface_beta/hook/ament_prefix_path.dsv'
[2.542s] INFO:colcon.colcon_core.shell:Creating environment hook '/home/r1mini/sungsik_ws/install/hrdp_human_interface_beta/share/hrdp_human_interface_beta/hook/ament_prefix_path.sh'
[2.567s] INFO:colcon.colcon_core.shell:Skip shell extension 'powershell' for command environment: Not usable outside of PowerShell
[2.569s] DEBUG:colcon.colcon_core.shell:Skip shell extension 'dsv' for command environment
[2.667s] INFO:colcon.colcon_ros.task.ament_python.build:Building ROS package in '/home/r1mini/sungsik_ws/src/hrdp_perception_beta' with build type 'ament_python'
[2.672s] Level 1:colcon.colcon_core.shell:create_environment_hook('hrdp_perception_beta', 'ament_prefix_path')
[2.695s] INFO:colcon.colcon_core.shell:Creating environment hook '/home/r1mini/sungsik_ws/install/hrdp_perception_beta/share/hrdp_perception_beta/hook/ament_prefix_path.ps1'
[2.701s] INFO:colcon.colcon_core.shell:Creating environment descriptor '/home/r1mini/sungsik_ws/install/hrdp_perception_beta/share/hrdp_perception_beta/hook/ament_prefix_path.dsv'
[2.707s] INFO:colcon.colcon_core.shell:Creating environment hook '/home/r1mini/sungsik_ws/install/hrdp_perception_beta/share/hrdp_perception_beta/hook/ament_prefix_path.sh'
[2.728s] INFO:colcon.colcon_core.shell:Skip shell extension 'powershell' for command environment: Not usable outside of PowerShell
[2.730s] DEBUG:colcon.colcon_core.shell:Skip shell extension 'dsv' for command environment
[2.838s] INFO:colcon.colcon_ros.task.ament_python.build:Building ROS package in '/home/r1mini/sungsik_ws/src/hrdp_sensors_beta' with build type 'ament_python'
[2.841s] Level 1:colcon.colcon_core.shell:create_environment_hook('hrdp_sensors_beta', 'ament_prefix_path')
[2.874s] INFO:colcon.colcon_core.shell:Creating environment hook '/home/r1mini/sungsik_ws/install/hrdp_sensors_beta/share/hrdp_sensors_beta/hook/ament_prefix_path.ps1'
[2.883s] INFO:colcon.colcon_core.shell:Creating environment descriptor '/home/r1mini/sungsik_ws/install/hrdp_sensors_beta/share/hrdp_sensors_beta/hook/ament_prefix_path.dsv'
[2.893s] INFO:colcon.colcon_core.shell:Creating environment hook '/home/r1mini/sungsik_ws/install/hrdp_sensors_beta/share/hrdp_sensors_beta/hook/ament_prefix_path.sh'
[2.918s] INFO:colcon.colcon_core.shell:Skip shell extension 'powershell' for command environment: Not usable outside of PowerShell
[2.920s] DEBUG:colcon.colcon_core.shell:Skip shell extension 'dsv' for command environment
[5.233s] INFO:colcon.colcon_core.task.python.build:Building Python package in '/home/r1mini/sungsik_ws/src/hrdp_actuators_beta'
[5.249s] INFO:colcon.colcon_core.shell:Skip shell extension 'powershell' for command environment: Not usable outside of PowerShell
[5.249s] DEBUG:colcon.colcon_core.shell:Skip shell extension 'dsv' for command environment
[7.500s] INFO:colcon.colcon_core.task.python.build:Building Python package in '/home/r1mini/sungsik_ws/src/hrdp_human_interface_beta'
[7.519s] INFO:colcon.colcon_core.shell:Skip shell extension 'powershell' for command environment: Not usable outside of PowerShell
[7.521s] DEBUG:colcon.colcon_core.shell:Skip shell extension 'dsv' for command environment
[9.787s] INFO:colcon.colcon_core.task.python.build:Building Python package in '/home/r1mini/sungsik_ws/src/hrdp_perception_beta'
[9.801s] INFO:colcon.colcon_core.shell:Skip shell extension 'powershell' for command environment: Not usable outside of PowerShell
[9.802s] DEBUG:colcon.colcon_core.shell:Skip shell extension 'dsv' for command environment
[12.249s] INFO:colcon.colcon_core.task.python.build:Building Python package in '/home/r1mini/sungsik_ws/src/hrdp_sensors_beta'
[12.263s] INFO:colcon.colcon_core.shell:Skip shell extension 'powershell' for command environment: Not usable outside of PowerShell
[12.264s] DEBUG:colcon.colcon_core.shell:Skip shell extension 'dsv' for command environment
[18.348s] DEBUG:colcon.colcon_core.event_handler.log_command:Invoking command in '/home/r1mini/sungsik_ws/build/hrdp_human_interface_beta': PYTHONPATH=/home/r1mini/sungsik_ws/build/hrdp_human_interface_beta/prefix_override:/home/r1mini/sungsik_ws/install/hrdp_human_interface_beta/lib/python3.8/site-packages:${PYTHONPATH} /usr/bin/python3 setup.py develop --editable --build-directory /home/r1mini/sungsik_ws/build/hrdp_human_interface_beta/build --no-deps install_data
[18.709s] DEBUG:colcon.colcon_core.event_handler.log_command:Invoking command in '/home/r1mini/sungsik_ws/build/hrdp_sensors_beta': PYTHONPATH=/home/r1mini/sungsik_ws/build/hrdp_sensors_beta/prefix_override:/home/r1mini/sungsik_ws/install/hrdp_sensors_beta/lib/python3.8/site-packages:${PYTHONPATH} /usr/bin/python3 setup.py develop --editable --build-directory /home/r1mini/sungsik_ws/build/hrdp_sensors_beta/build --no-deps install_data
[19.098s] DEBUG:colcon.colcon_core.event_handler.log_command:Invoking command in '/home/r1mini/sungsik_ws/build/hrdp_actuators_beta': PYTHONPATH=/home/r1mini/sungsik_ws/build/hrdp_actuators_beta/prefix_override:/home/r1mini/sungsik_ws/install/hrdp_actuators_beta/lib/python3.8/site-packages:${PYTHONPATH} /usr/bin/python3 setup.py develop --editable --build-directory /home/r1mini/sungsik_ws/build/hrdp_actuators_beta/build --no-deps install_data
[19.448s] DEBUG:colcon.colcon_core.event_handler.log_command:Invoking command in '/home/r1mini/sungsik_ws/build/hrdp_perception_beta': PYTHONPATH=/home/r1mini/sungsik_ws/build/hrdp_perception_beta/prefix_override:/home/r1mini/sungsik_ws/install/hrdp_perception_beta/lib/python3.8/site-packages:${PYTHONPATH} /usr/bin/python3 setup.py develop --editable --build-directory /home/r1mini/sungsik_ws/build/hrdp_perception_beta/build --no-deps install_data
[24.916s] Level 1:colcon.colcon_core.shell:create_environment_hook('hrdp_sensors_beta', 'pythonpath_develop')
[24.987s] INFO:colcon.colcon_core.shell:Creating environment hook '/home/r1mini/sungsik_ws/build/hrdp_sensors_beta/share/hrdp_sensors_beta/hook/pythonpath_develop.ps1'
[24.990s] DEBUG:colcon.colcon_core.event_handler.log_command:Invoked command in '/home/r1mini/sungsik_ws/build/hrdp_sensors_beta' returned '0': PYTHONPATH=/home/r1mini/sungsik_ws/build/hrdp_sensors_beta/prefix_override:/home/r1mini/sungsik_ws/install/hrdp_sensors_beta/lib/python3.8/site-packages:${PYTHONPATH} /usr/bin/python3 setup.py develop --editable --build-directory /home/r1mini/sungsik_ws/build/hrdp_sensors_beta/build --no-deps install_data
[25.043s] INFO:colcon.colcon_core.shell:Creating environment descriptor '/home/r1mini/sungsik_ws/build/hrdp_sensors_beta/share/hrdp_sensors_beta/hook/pythonpath_develop.dsv'
[25.049s] INFO:colcon.colcon_core.shell:Creating environment hook '/home/r1mini/sungsik_ws/build/hrdp_sensors_beta/share/hrdp_sensors_beta/hook/pythonpath_develop.sh'
[25.247s] Level 1:colcon.colcon_core.environment:checking '/home/r1mini/sungsik_ws/install/hrdp_sensors_beta' for CMake module files
[25.255s] Level 1:colcon.colcon_core.environment:checking '/home/r1mini/sungsik_ws/install/hrdp_sensors_beta' for CMake config files
[25.264s] Level 1:colcon.colcon_core.environment:checking '/home/r1mini/sungsik_ws/install/hrdp_sensors_beta/lib'
[25.266s] Level 1:colcon.colcon_core.environment:checking '/home/r1mini/sungsik_ws/install/hrdp_sensors_beta/bin'
[25.268s] Level 1:colcon.colcon_core.environment:checking '/home/r1mini/sungsik_ws/install/hrdp_sensors_beta/lib/pkgconfig/hrdp_sensors_beta.pc'
[25.270s] Level 1:colcon.colcon_core.environment:checking '/home/r1mini/sungsik_ws/install/hrdp_sensors_beta/lib/python3.8/site-packages'
[25.271s] Level 1:colcon.colcon_core.shell:create_environment_hook('hrdp_sensors_beta', 'pythonpath')
[25.300s] INFO:colcon.colcon_core.shell:Creating environment hook '/home/r1mini/sungsik_ws/install/hrdp_sensors_beta/share/hrdp_sensors_beta/hook/pythonpath.ps1'
[25.307s] INFO:colcon.colcon_core.shell:Creating environment descriptor '/home/r1mini/sungsik_ws/install/hrdp_sensors_beta/share/hrdp_sensors_beta/hook/pythonpath.dsv'
[25.312s] INFO:colcon.colcon_core.shell:Creating environment hook '/home/r1mini/sungsik_ws/install/hrdp_sensors_beta/share/hrdp_sensors_beta/hook/pythonpath.sh'
[25.319s] Level 1:colcon.colcon_core.environment:checking '/home/r1mini/sungsik_ws/install/hrdp_sensors_beta/bin'
[25.321s] Level 1:colcon.colcon_core.environment:create_environment_scripts_only(hrdp_sensors_beta)
[25.350s] INFO:colcon.colcon_core.shell:Creating package script '/home/r1mini/sungsik_ws/install/hrdp_sensors_beta/share/hrdp_sensors_beta/package.ps1'
[25.364s] INFO:colcon.colcon_core.shell:Creating package descriptor '/home/r1mini/sungsik_ws/install/hrdp_sensors_beta/share/hrdp_sensors_beta/package.dsv'
[25.372s] INFO:colcon.colcon_core.shell:Creating package script '/home/r1mini/sungsik_ws/install/hrdp_sensors_beta/share/hrdp_sensors_beta/package.sh'
[25.382s] INFO:colcon.colcon_core.shell:Creating package script '/home/r1mini/sungsik_ws/install/hrdp_sensors_beta/share/hrdp_sensors_beta/package.bash'
[25.391s] INFO:colcon.colcon_core.shell:Creating package script '/home/r1mini/sungsik_ws/install/hrdp_sensors_beta/share/hrdp_sensors_beta/package.zsh'
[25.402s] Level 1:colcon.colcon_core.environment:create_file_with_runtime_dependencies(/home/r1mini/sungsik_ws/install/hrdp_sensors_beta/share/colcon-core/packages/hrdp_sensors_beta)
[25.618s] Level 1:colcon.colcon_core.shell:create_environment_hook('hrdp_human_interface_beta', 'pythonpath_develop')
[25.622s] DEBUG:colcon.colcon_core.event_handler.log_command:Invoked command in '/home/r1mini/sungsik_ws/build/hrdp_human_interface_beta' returned '0': PYTHONPATH=/home/r1mini/sungsik_ws/build/hrdp_human_interface_beta/prefix_override:/home/r1mini/sungsik_ws/install/hrdp_human_interface_beta/lib/python3.8/site-packages:${PYTHONPATH} /usr/bin/python3 setup.py develop --editable --build-directory /home/r1mini/sungsik_ws/build/hrdp_human_interface_beta/build --no-deps install_data
[25.725s] INFO:colcon.colcon_core.shell:Creating environment hook '/home/r1mini/sungsik_ws/build/hrdp_human_interface_beta/share/hrdp_human_interface_beta/hook/pythonpath_develop.ps1'
[25.735s] INFO:colcon.colcon_core.shell:Creating environment descriptor '/home/r1mini/sungsik_ws/build/hrdp_human_interface_beta/share/hrdp_human_interface_beta/hook/pythonpath_develop.dsv'
[25.746s] INFO:colcon.colcon_core.shell:Creating environment hook '/home/r1mini/sungsik_ws/build/hrdp_human_interface_beta/share/hrdp_human_interface_beta/hook/pythonpath_develop.sh'
[25.803s] Level 1:colcon.colcon_core.environment:checking '/home/r1mini/sungsik_ws/install/hrdp_human_interface_beta' for CMake module files
[25.807s] Level 1:colcon.colcon_core.environment:checking '/home/r1mini/sungsik_ws/install/hrdp_human_interface_beta' for CMake config files
[25.813s] Level 1:colcon.colcon_core.environment:checking '/home/r1mini/sungsik_ws/install/hrdp_human_interface_beta/lib'
[25.817s] Level 1:colcon.colcon_core.environment:checking '/home/r1mini/sungsik_ws/install/hrdp_human_interface_beta/bin'
[25.818s] Level 1:colcon.colcon_core.environment:checking '/home/r1mini/sungsik_ws/install/hrdp_human_interface_beta/lib/pkgconfig/hrdp_human_interface_beta.pc'
[25.821s] Level 1:colcon.colcon_core.environment:checking '/home/r1mini/sungsik_ws/install/hrdp_human_interface_beta/lib/python3.8/site-packages'
[25.822s] Level 1:colcon.colcon_core.shell:create_environment_hook('hrdp_human_interface_beta', 'pythonpath')
[25.845s] INFO:colcon.colcon_core.shell:Creating environment hook '/home/r1mini/sungsik_ws/install/hrdp_human_interface_beta/share/hrdp_human_interface_beta/hook/pythonpath.ps1'
[25.850s] INFO:colcon.colcon_core.shell:Creating environment descriptor '/home/r1mini/sungsik_ws/install/hrdp_human_interface_beta/share/hrdp_human_interface_beta/hook/pythonpath.dsv'
[25.855s] INFO:colcon.colcon_core.shell:Creating environment hook '/home/r1mini/sungsik_ws/install/hrdp_human_interface_beta/share/hrdp_human_interface_beta/hook/pythonpath.sh'
[25.864s] Level 1:colcon.colcon_core.environment:checking '/home/r1mini/sungsik_ws/install/hrdp_human_interface_beta/bin'
[25.866s] Level 1:colcon.colcon_core.environment:create_environment_scripts_only(hrdp_human_interface_beta)
[25.889s] INFO:colcon.colcon_core.shell:Creating package script '/home/r1mini/sungsik_ws/install/hrdp_human_interface_beta/share/hrdp_human_interface_beta/package.ps1'
[25.895s] INFO:colcon.colcon_core.shell:Creating package descriptor '/home/r1mini/sungsik_ws/install/hrdp_human_interface_beta/share/hrdp_human_interface_beta/package.dsv'
[25.901s] INFO:colcon.colcon_core.shell:Creating package script '/home/r1mini/sungsik_ws/install/hrdp_human_interface_beta/share/hrdp_human_interface_beta/package.sh'
[25.907s] INFO:colcon.colcon_core.shell:Creating package script '/home/r1mini/sungsik_ws/install/hrdp_human_interface_beta/share/hrdp_human_interface_beta/package.bash'
[25.911s] INFO:colcon.colcon_core.shell:Creating package script '/home/r1mini/sungsik_ws/install/hrdp_human_interface_beta/share/hrdp_human_interface_beta/package.zsh'
[25.915s] Level 1:colcon.colcon_core.environment:create_file_with_runtime_dependencies(/home/r1mini/sungsik_ws/install/hrdp_human_interface_beta/share/colcon-core/packages/hrdp_human_interface_beta)
[25.926s] Level 1:colcon.colcon_core.shell:create_environment_hook('hrdp_actuators_beta', 'pythonpath_develop')
[25.949s] INFO:colcon.colcon_core.shell:Creating environment hook '/home/r1mini/sungsik_ws/build/hrdp_actuators_beta/share/hrdp_actuators_beta/hook/pythonpath_develop.ps1'
[25.973s] DEBUG:colcon.colcon_core.event_handler.log_command:Invoked command in '/home/r1mini/sungsik_ws/build/hrdp_actuators_beta' returned '0': PYTHONPATH=/home/r1mini/sungsik_ws/build/hrdp_actuators_beta/prefix_override:/home/r1mini/sungsik_ws/install/hrdp_actuators_beta/lib/python3.8/site-packages:${PYTHONPATH} /usr/bin/python3 setup.py develop --editable --build-directory /home/r1mini/sungsik_ws/build/hrdp_actuators_beta/build --no-deps install_data
[25.979s] INFO:colcon.colcon_core.shell:Creating environment descriptor '/home/r1mini/sungsik_ws/build/hrdp_actuators_beta/share/hrdp_actuators_beta/hook/pythonpath_develop.dsv'
[25.986s] INFO:colcon.colcon_core.shell:Creating environment hook '/home/r1mini/sungsik_ws/build/hrdp_actuators_beta/share/hrdp_actuators_beta/hook/pythonpath_develop.sh'
[26.030s] Level 1:colcon.colcon_core.environment:checking '/home/r1mini/sungsik_ws/install/hrdp_actuators_beta' for CMake module files
[26.036s] Level 1:colcon.colcon_core.environment:checking '/home/r1mini/sungsik_ws/install/hrdp_actuators_beta' for CMake config files
[26.044s] Level 1:colcon.colcon_core.environment:checking '/home/r1mini/sungsik_ws/install/hrdp_actuators_beta/lib'
[26.047s] Level 1:colcon.colcon_core.environment:checking '/home/r1mini/sungsik_ws/install/hrdp_actuators_beta/bin'
[26.049s] Level 1:colcon.colcon_core.environment:checking '/home/r1mini/sungsik_ws/install/hrdp_actuators_beta/lib/pkgconfig/hrdp_actuators_beta.pc'
[26.052s] Level 1:colcon.colcon_core.environment:checking '/home/r1mini/sungsik_ws/install/hrdp_actuators_beta/lib/python3.8/site-packages'
[26.054s] Level 1:colcon.colcon_core.shell:create_environment_hook('hrdp_actuators_beta', 'pythonpath')
[26.080s] INFO:colcon.colcon_core.shell:Creating environment hook '/home/r1mini/sungsik_ws/install/hrdp_actuators_beta/share/hrdp_actuators_beta/hook/pythonpath.ps1'
[26.087s] INFO:colcon.colcon_core.shell:Creating environment descriptor '/home/r1mini/sungsik_ws/install/hrdp_actuators_beta/share/hrdp_actuators_beta/hook/pythonpath.dsv'
[26.092s] INFO:colcon.colcon_core.shell:Creating environment hook '/home/r1mini/sungsik_ws/install/hrdp_actuators_beta/share/hrdp_actuators_beta/hook/pythonpath.sh'
[26.101s] Level 1:colcon.colcon_core.environment:checking '/home/r1mini/sungsik_ws/install/hrdp_actuators_beta/bin'
[26.103s] Level 1:colcon.colcon_core.environment:create_environment_scripts_only(hrdp_actuators_beta)
[26.128s] INFO:colcon.colcon_core.shell:Creating package script '/home/r1mini/sungsik_ws/install/hrdp_actuators_beta/share/hrdp_actuators_beta/package.ps1'
[26.139s] INFO:colcon.colcon_core.shell:Creating package descriptor '/home/r1mini/sungsik_ws/install/hrdp_actuators_beta/share/hrdp_actuators_beta/package.dsv'
[26.148s] INFO:colcon.colcon_core.shell:Creating package script '/home/r1mini/sungsik_ws/install/hrdp_actuators_beta/share/hrdp_actuators_beta/package.sh'
[26.154s] INFO:colcon.colcon_core.shell:Creating package script '/home/r1mini/sungsik_ws/install/hrdp_actuators_beta/share/hrdp_actuators_beta/package.bash'
[26.157s] INFO:colcon.colcon_core.shell:Creating package script '/home/r1mini/sungsik_ws/install/hrdp_actuators_beta/share/hrdp_actuators_beta/package.zsh'
[26.160s] Level 1:colcon.colcon_core.environment:create_file_with_runtime_dependencies(/home/r1mini/sungsik_ws/install/hrdp_actuators_beta/share/colcon-core/packages/hrdp_actuators_beta)
[26.350s] Level 1:colcon.colcon_core.shell:create_environment_hook('hrdp_perception_beta', 'pythonpath_develop')
[26.371s] DEBUG:colcon.colcon_core.event_handler.log_command:Invoked command in '/home/r1mini/sungsik_ws/build/hrdp_perception_beta' returned '0': PYTHONPATH=/home/r1mini/sungsik_ws/build/hrdp_perception_beta/prefix_override:/home/r1mini/sungsik_ws/install/hrdp_perception_beta/lib/python3.8/site-packages:${PYTHONPATH} /usr/bin/python3 setup.py develop --editable --build-directory /home/r1mini/sungsik_ws/build/hrdp_perception_beta/build --no-deps install_data
[26.372s] INFO:colcon.colcon_core.shell:Creating environment hook '/home/r1mini/sungsik_ws/build/hrdp_perception_beta/share/hrdp_perception_beta/hook/pythonpath_develop.ps1'
[26.378s] INFO:colcon.colcon_core.shell:Creating environment descriptor '/home/r1mini/sungsik_ws/build/hrdp_perception_beta/share/hrdp_perception_beta/hook/pythonpath_develop.dsv'
[26.381s] INFO:colcon.colcon_core.shell:Creating environment hook '/home/r1mini/sungsik_ws/build/hrdp_perception_beta/share/hrdp_perception_beta/hook/pythonpath_develop.sh'
[26.400s] Level 1:colcon.colcon_core.environment:checking '/home/r1mini/sungsik_ws/install/hrdp_perception_beta' for CMake module files
[26.404s] Level 1:colcon.colcon_core.environment:checking '/home/r1mini/sungsik_ws/install/hrdp_perception_beta' for CMake config files
[26.408s] Level 1:colcon.colcon_core.environment:checking '/home/r1mini/sungsik_ws/install/hrdp_perception_beta/lib'
[26.409s] Level 1:colcon.colcon_core.environment:checking '/home/r1mini/sungsik_ws/install/hrdp_perception_beta/bin'
[26.410s] Level 1:colcon.colcon_core.environment:checking '/home/r1mini/sungsik_ws/install/hrdp_perception_beta/lib/pkgconfig/hrdp_perception_beta.pc'
[26.412s] Level 1:colcon.colcon_core.environment:checking '/home/r1mini/sungsik_ws/install/hrdp_perception_beta/lib/python3.8/site-packages'
[26.414s] Level 1:colcon.colcon_core.shell:create_environment_hook('hrdp_perception_beta', 'pythonpath')
[26.431s] INFO:colcon.colcon_core.shell:Creating environment hook '/home/r1mini/sungsik_ws/install/hrdp_perception_beta/share/hrdp_perception_beta/hook/pythonpath.ps1'
[26.435s] INFO:colcon.colcon_core.shell:Creating environment descriptor '/home/r1mini/sungsik_ws/install/hrdp_perception_beta/share/hrdp_perception_beta/hook/pythonpath.dsv'
[26.437s] INFO:colcon.colcon_core.shell:Creating environment hook '/home/r1mini/sungsik_ws/install/hrdp_perception_beta/share/hrdp_perception_beta/hook/pythonpath.sh'
[26.440s] Level 1:colcon.colcon_core.environment:checking '/home/r1mini/sungsik_ws/install/hrdp_perception_beta/bin'
[26.441s] Level 1:colcon.colcon_core.environment:create_environment_scripts_only(hrdp_perception_beta)
[26.453s] INFO:colcon.colcon_core.shell:Creating package script '/home/r1mini/sungsik_ws/install/hrdp_perception_beta/share/hrdp_perception_beta/package.ps1'
[26.457s] INFO:colcon.colcon_core.shell:Creating package descriptor '/home/r1mini/sungsik_ws/install/hrdp_perception_beta/share/hrdp_perception_beta/package.dsv'
[26.460s] INFO:colcon.colcon_core.shell:Creating package script '/home/r1mini/sungsik_ws/install/hrdp_perception_beta/share/hrdp_perception_beta/package.sh'
[26.462s] INFO:colcon.colcon_core.shell:Creating package script '/home/r1mini/sungsik_ws/install/hrdp_perception_beta/share/hrdp_perception_beta/package.bash'
[26.464s] INFO:colcon.colcon_core.shell:Creating package script '/home/r1mini/sungsik_ws/install/hrdp_perception_beta/share/hrdp_perception_beta/package.zsh'
[26.466s] Level 1:colcon.colcon_core.environment:create_file_with_runtime_dependencies(/home/r1mini/sungsik_ws/install/hrdp_perception_beta/share/colcon-core/packages/hrdp_perception_beta)
[26.469s] DEBUG:colcon.colcon_parallel_executor.executor.parallel:closing loop
[26.471s] DEBUG:colcon.colcon_parallel_executor.executor.parallel:loop closed
[26.472s] DEBUG:colcon.colcon_parallel_executor.executor.parallel:run_until_complete finished with '0'
[26.473s] DEBUG:colcon.colcon_core.event_reactor:joining thread
[26.568s] INFO:colcon.colcon_core.plugin_system:Skipping extension 'colcon_notification.desktop_notification.terminal_notifier': Not used on non-Darwin systems
[26.571s] INFO:colcon.colcon_core.plugin_system:Skipping extension 'colcon_notification.desktop_notification.win32': Not used on non-Windows systems
[26.572s] INFO:colcon.colcon_notification.desktop_notification:Sending desktop notification using 'notify2'
[26.625s] DEBUG:colcon.colcon_core.event_reactor:joined thread
[26.651s] INFO:colcon.colcon_core.shell:Creating prefix script '/home/r1mini/sungsik_ws/install/local_setup.ps1'
[26.662s] INFO:colcon.colcon_core.shell:Creating prefix util module '/home/r1mini/sungsik_ws/install/_local_setup_util_ps1.py'
[26.671s] INFO:colcon.colcon_core.shell:Creating prefix chain script '/home/r1mini/sungsik_ws/install/setup.ps1'
[26.692s] INFO:colcon.colcon_core.shell:Creating prefix script '/home/r1mini/sungsik_ws/install/local_setup.sh'
[26.697s] INFO:colcon.colcon_core.shell:Creating prefix util module '/home/r1mini/sungsik_ws/install/_local_setup_util_sh.py'
[26.700s] INFO:colcon.colcon_core.shell:Creating prefix chain script '/home/r1mini/sungsik_ws/install/setup.sh'
[26.713s] INFO:colcon.colcon_core.shell:Creating prefix script '/home/r1mini/sungsik_ws/install/local_setup.bash'
[26.716s] INFO:colcon.colcon_core.shell:Creating prefix chain script '/home/r1mini/sungsik_ws/install/setup.bash'
[26.728s] INFO:colcon.colcon_core.shell:Creating prefix script '/home/r1mini/sungsik_ws/install/local_setup.zsh'
[26.731s] INFO:colcon.colcon_core.shell:Creating prefix chain script '/home/r1mini/sungsik_ws/install/setup.zsh'
