[1.183s] DEBUG:colcon:Command line arguments: ['/usr/bin/colcon', 'build', '--symlink-install', '--packages-select', 'hrdp_beta_perception']
[1.184s] DEBUG:colcon:Parsed command line arguments: Namespace(allow_overriding=[], ament_cmake_args=None, base_paths=['.'], build_base='build', catkin_cmake_args=None, catkin_skip_building_tests=False, cmake_args=None, cmake_clean_cache=False, cmake_clean_first=False, cmake_force_configure=False, cmake_target=None, cmake_target_skip_unavailable=False, continue_on_error=False, event_handlers=None, executor='parallel', ignore_user_meta=False, install_base='install', log_base=None, log_level=None, main=<bound method BuildVerb.main of <colcon_core.verb.build.BuildVerb object at 0x7fb37296a0>>, merge_install=False, metas=['./colcon.meta'], packages_above=None, packages_above_and_dependencies=None, packages_above_depth=None, packages_end=None, packages_ignore=None, packages_ignore_regex=None, packages_select=['hrdp_beta_perception'], packages_select_build_failed=False, packages_select_by_dep=None, packages_select_regex=None, packages_select_test_failures=False, packages_skip=None, packages_skip_build_finished=False, packages_skip_by_dep=None, packages_skip_regex=None, packages_skip_test_passed=False, packages_skip_up_to=None, packages_start=None, packages_up_to=None, packages_up_to_regex=None, parallel_workers=4, paths=None, symlink_install=True, test_result_base=None, verb_extension=<colcon_core.verb.build.BuildVerb object at 0x7fb37296a0>, verb_name='build', verb_parser=<colcon_defaults.argument_parser.defaults.DefaultArgumentsDecorator object at 0x7fb3729be0>)
[1.493s] Level 1:colcon.colcon_core.package_discovery:discover_packages(colcon_meta) check parameters
[1.495s] Level 1:colcon.colcon_core.package_discovery:discover_packages(recursive) check parameters
[1.495s] Level 1:colcon.colcon_core.package_discovery:discover_packages(ignore) check parameters
[1.495s] Level 1:colcon.colcon_core.package_discovery:discover_packages(path) check parameters
[1.496s] Level 1:colcon.colcon_core.package_discovery:discover_packages(colcon_meta) discover
[1.496s] Level 1:colcon.colcon_core.package_discovery:discover_packages(recursive) discover
[1.497s] INFO:colcon.colcon_core.package_discovery:Crawling recursively for packages in '/home/r1mini/sungsik_ws'
[1.497s] Level 1:colcon.colcon_core.package_identification:_identify(.) by extensions ['ignore', 'ignore_ament_install']
[1.498s] Level 1:colcon.colcon_core.package_identification:_identify(.) by extension 'ignore'
[1.499s] Level 1:colcon.colcon_core.package_identification:_identify(.) by extension 'ignore_ament_install'
[1.500s] Level 1:colcon.colcon_core.package_identification:_identify(.) by extensions ['colcon_pkg']
[1.500s] Level 1:colcon.colcon_core.package_identification:_identify(.) by extension 'colcon_pkg'
[1.501s] Level 1:colcon.colcon_core.package_identification:_identify(.) by extensions ['colcon_meta']
[1.502s] Level 1:colcon.colcon_core.package_identification:_identify(.) by extension 'colcon_meta'
[1.502s] Level 1:colcon.colcon_core.package_identification:_identify(.) by extensions ['ros']
[1.503s] Level 1:colcon.colcon_core.package_identification:_identify(.) by extension 'ros'
[1.603s] Level 1:colcon.colcon_core.package_identification:_identify(.) by extensions ['cmake', 'python']
[1.604s] Level 1:colcon.colcon_core.package_identification:_identify(.) by extension 'cmake'
[1.605s] Level 1:colcon.colcon_core.package_identification:_identify(.) by extension 'python'
[1.605s] Level 1:colcon.colcon_core.package_identification:_identify(.) by extensions ['python_setup_py']
[1.606s] Level 1:colcon.colcon_core.package_identification:_identify(.) by extension 'python_setup_py'
[1.607s] Level 1:colcon.colcon_core.package_identification:_identify(build) by extensions ['ignore', 'ignore_ament_install']
[1.608s] Level 1:colcon.colcon_core.package_identification:_identify(build) by extension 'ignore'
[1.608s] Level 1:colcon.colcon_core.package_identification:_identify(build) ignored
[1.609s] Level 1:colcon.colcon_core.package_identification:_identify(install) by extensions ['ignore', 'ignore_ament_install']
[1.610s] Level 1:colcon.colcon_core.package_identification:_identify(install) by extension 'ignore'
[1.610s] Level 1:colcon.colcon_core.package_identification:_identify(install) ignored
[1.612s] Level 1:colcon.colcon_core.package_identification:_identify(log) by extensions ['ignore', 'ignore_ament_install']
[1.612s] Level 1:colcon.colcon_core.package_identification:_identify(log) by extension 'ignore'
[1.613s] Level 1:colcon.colcon_core.package_identification:_identify(log) ignored
[1.613s] Level 1:colcon.colcon_core.package_identification:_identify(src) by extensions ['ignore', 'ignore_ament_install']
[1.614s] Level 1:colcon.colcon_core.package_identification:_identify(src) by extension 'ignore'
[1.615s] Level 1:colcon.colcon_core.package_identification:_identify(src) by extension 'ignore_ament_install'
[1.615s] Level 1:colcon.colcon_core.package_identification:_identify(src) by extensions ['colcon_pkg']
[1.616s] Level 1:colcon.colcon_core.package_identification:_identify(src) by extension 'colcon_pkg'
[1.617s] Level 1:colcon.colcon_core.package_identification:_identify(src) by extensions ['colcon_meta']
[1.617s] Level 1:colcon.colcon_core.package_identification:_identify(src) by extension 'colcon_meta'
[1.617s] Level 1:colcon.colcon_core.package_identification:_identify(src) by extensions ['ros']
[1.618s] Level 1:colcon.colcon_core.package_identification:_identify(src) by extension 'ros'
[1.618s] Level 1:colcon.colcon_core.package_identification:_identify(src) by extensions ['cmake', 'python']
[1.618s] Level 1:colcon.colcon_core.package_identification:_identify(src) by extension 'cmake'
[1.619s] Level 1:colcon.colcon_core.package_identification:_identify(src) by extension 'python'
[1.619s] Level 1:colcon.colcon_core.package_identification:_identify(src) by extensions ['python_setup_py']
[1.619s] Level 1:colcon.colcon_core.package_identification:_identify(src) by extension 'python_setup_py'
[1.620s] Level 1:colcon.colcon_core.package_identification:_identify(src/hrdp_actuators) by extensions ['ignore', 'ignore_ament_install']
[1.621s] Level 1:colcon.colcon_core.package_identification:_identify(src/hrdp_actuators) by extension 'ignore'
[1.622s] Level 1:colcon.colcon_core.package_identification:_identify(src/hrdp_actuators) by extension 'ignore_ament_install'
[1.622s] Level 1:colcon.colcon_core.package_identification:_identify(src/hrdp_actuators) by extensions ['colcon_pkg']
[1.623s] Level 1:colcon.colcon_core.package_identification:_identify(src/hrdp_actuators) by extension 'colcon_pkg'
[1.623s] Level 1:colcon.colcon_core.package_identification:_identify(src/hrdp_actuators) by extensions ['colcon_meta']
[1.623s] Level 1:colcon.colcon_core.package_identification:_identify(src/hrdp_actuators) by extension 'colcon_meta'
[1.624s] Level 1:colcon.colcon_core.package_identification:_identify(src/hrdp_actuators) by extensions ['ros']
[1.624s] Level 1:colcon.colcon_core.package_identification:_identify(src/hrdp_actuators) by extension 'ros'
[1.644s] DEBUG:colcon.colcon_core.package_identification:Package 'src/hrdp_actuators' with type 'ros.ament_cmake' and name 'hrdp_actuators'
[1.646s] Level 1:colcon.colcon_core.package_identification:_identify(src/hrdp_beta_actions) by extensions ['ignore', 'ignore_ament_install']
[1.647s] Level 1:colcon.colcon_core.package_identification:_identify(src/hrdp_beta_actions) by extension 'ignore'
[1.648s] Level 1:colcon.colcon_core.package_identification:_identify(src/hrdp_beta_actions) by extension 'ignore_ament_install'
[1.649s] Level 1:colcon.colcon_core.package_identification:_identify(src/hrdp_beta_actions) by extensions ['colcon_pkg']
[1.649s] Level 1:colcon.colcon_core.package_identification:_identify(src/hrdp_beta_actions) by extension 'colcon_pkg'
[1.650s] Level 1:colcon.colcon_core.package_identification:_identify(src/hrdp_beta_actions) by extensions ['colcon_meta']
[1.651s] Level 1:colcon.colcon_core.package_identification:_identify(src/hrdp_beta_actions) by extension 'colcon_meta'
[1.651s] Level 1:colcon.colcon_core.package_identification:_identify(src/hrdp_beta_actions) by extensions ['ros']
[1.651s] Level 1:colcon.colcon_core.package_identification:_identify(src/hrdp_beta_actions) by extension 'ros'
[1.657s] DEBUG:colcon.colcon_core.package_identification:Package 'src/hrdp_beta_actions' with type 'ros.ament_cmake' and name 'hrdp_beta_actions'
[1.658s] Level 1:colcon.colcon_core.package_identification:_identify(src/hrdp_beta_perception) by extensions ['ignore', 'ignore_ament_install']
[1.659s] Level 1:colcon.colcon_core.package_identification:_identify(src/hrdp_beta_perception) by extension 'ignore'
[1.660s] Level 1:colcon.colcon_core.package_identification:_identify(src/hrdp_beta_perception) by extension 'ignore_ament_install'
[1.660s] Level 1:colcon.colcon_core.package_identification:_identify(src/hrdp_beta_perception) by extensions ['colcon_pkg']
[1.660s] Level 1:colcon.colcon_core.package_identification:_identify(src/hrdp_beta_perception) by extension 'colcon_pkg'
[1.661s] Level 1:colcon.colcon_core.package_identification:_identify(src/hrdp_beta_perception) by extensions ['colcon_meta']
[1.661s] Level 1:colcon.colcon_core.package_identification:_identify(src/hrdp_beta_perception) by extension 'colcon_meta'
[1.661s] Level 1:colcon.colcon_core.package_identification:_identify(src/hrdp_beta_perception) by extensions ['ros']
[1.662s] Level 1:colcon.colcon_core.package_identification:_identify(src/hrdp_beta_perception) by extension 'ros'
[1.683s] DEBUG:colcon.colcon_core.package_identification:Package 'src/hrdp_beta_perception' with type 'ros.ament_python' and name 'hrdp_beta_perception'
[1.685s] Level 1:colcon.colcon_core.package_identification:_identify(src/hrdp_human_interfaces) by extensions ['ignore', 'ignore_ament_install']
[1.686s] Level 1:colcon.colcon_core.package_identification:_identify(src/hrdp_human_interfaces) by extension 'ignore'
[1.687s] Level 1:colcon.colcon_core.package_identification:_identify(src/hrdp_human_interfaces) by extension 'ignore_ament_install'
[1.688s] Level 1:colcon.colcon_core.package_identification:_identify(src/hrdp_human_interfaces) by extensions ['colcon_pkg']
[1.688s] Level 1:colcon.colcon_core.package_identification:_identify(src/hrdp_human_interfaces) by extension 'colcon_pkg'
[1.688s] Level 1:colcon.colcon_core.package_identification:_identify(src/hrdp_human_interfaces) by extensions ['colcon_meta']
[1.689s] Level 1:colcon.colcon_core.package_identification:_identify(src/hrdp_human_interfaces) by extension 'colcon_meta'
[1.689s] Level 1:colcon.colcon_core.package_identification:_identify(src/hrdp_human_interfaces) by extensions ['ros']
[1.689s] Level 1:colcon.colcon_core.package_identification:_identify(src/hrdp_human_interfaces) by extension 'ros'
[1.694s] DEBUG:colcon.colcon_core.package_identification:Package 'src/hrdp_human_interfaces' with type 'ros.ament_cmake' and name 'hrdp_human_interfaces'
[1.695s] Level 1:colcon.colcon_core.package_identification:_identify(src/hrdp_perception) by extensions ['ignore', 'ignore_ament_install']
[1.696s] Level 1:colcon.colcon_core.package_identification:_identify(src/hrdp_perception) by extension 'ignore'
[1.697s] Level 1:colcon.colcon_core.package_identification:_identify(src/hrdp_perception) by extension 'ignore_ament_install'
[1.697s] Level 1:colcon.colcon_core.package_identification:_identify(src/hrdp_perception) by extensions ['colcon_pkg']
[1.697s] Level 1:colcon.colcon_core.package_identification:_identify(src/hrdp_perception) by extension 'colcon_pkg'
[1.698s] Level 1:colcon.colcon_core.package_identification:_identify(src/hrdp_perception) by extensions ['colcon_meta']
[1.698s] Level 1:colcon.colcon_core.package_identification:_identify(src/hrdp_perception) by extension 'colcon_meta'
[1.699s] Level 1:colcon.colcon_core.package_identification:_identify(src/hrdp_perception) by extensions ['ros']
[1.699s] Level 1:colcon.colcon_core.package_identification:_identify(src/hrdp_perception) by extension 'ros'
[1.704s] DEBUG:colcon.colcon_core.package_identification:Package 'src/hrdp_perception' with type 'ros.ament_cmake' and name 'hrdp_perception'
[1.706s] Level 1:colcon.colcon_core.package_identification:_identify(src/hrdp_sensors) by extensions ['ignore', 'ignore_ament_install']
[1.707s] Level 1:colcon.colcon_core.package_identification:_identify(src/hrdp_sensors) by extension 'ignore'
[1.707s] Level 1:colcon.colcon_core.package_identification:_identify(src/hrdp_sensors) by extension 'ignore_ament_install'
[1.708s] Level 1:colcon.colcon_core.package_identification:_identify(src/hrdp_sensors) by extensions ['colcon_pkg']
[1.708s] Level 1:colcon.colcon_core.package_identification:_identify(src/hrdp_sensors) by extension 'colcon_pkg'
[1.708s] Level 1:colcon.colcon_core.package_identification:_identify(src/hrdp_sensors) by extensions ['colcon_meta']
[1.708s] Level 1:colcon.colcon_core.package_identification:_identify(src/hrdp_sensors) by extension 'colcon_meta'
[1.709s] Level 1:colcon.colcon_core.package_identification:_identify(src/hrdp_sensors) by extensions ['ros']
[1.709s] Level 1:colcon.colcon_core.package_identification:_identify(src/hrdp_sensors) by extension 'ros'
[1.713s] DEBUG:colcon.colcon_core.package_identification:Package 'src/hrdp_sensors' with type 'ros.ament_cmake' and name 'hrdp_sensors'
[1.714s] Level 1:colcon.colcon_core.package_discovery:discover_packages(recursive) using defaults
[1.715s] Level 1:colcon.colcon_core.package_discovery:discover_packages(ignore) discover
[1.715s] Level 1:colcon.colcon_core.package_discovery:discover_packages(ignore) using defaults
[1.716s] Level 1:colcon.colcon_core.package_discovery:discover_packages(path) discover
[1.716s] Level 1:colcon.colcon_core.package_discovery:discover_packages(path) using defaults
[2.013s] INFO:colcon.colcon_core.package_selection:Skipping not selected package 'hrdp_actuators' in 'src/hrdp_actuators'
[2.014s] INFO:colcon.colcon_core.package_selection:Skipping not selected package 'hrdp_beta_actions' in 'src/hrdp_beta_actions'
[2.015s] INFO:colcon.colcon_core.package_selection:Skipping not selected package 'hrdp_human_interfaces' in 'src/hrdp_human_interfaces'
[2.016s] INFO:colcon.colcon_core.package_selection:Skipping not selected package 'hrdp_sensors' in 'src/hrdp_sensors'
[2.017s] INFO:colcon.colcon_core.package_selection:Skipping not selected package 'hrdp_perception' in 'src/hrdp_perception'
[2.028s] Level 1:colcon.colcon_core.package_discovery:discover_packages(prefix_path) check parameters
[2.030s] Level 1:colcon.colcon_core.package_discovery:discover_packages(prefix_path) discover
[2.080s] DEBUG:colcon.colcon_installed_package_information.package_discovery:Found 7 installed packages in /home/r1mini/sungsik_ws/install
[2.102s] DEBUG:colcon.colcon_installed_package_information.package_discovery:Found 9 installed packages in /home/r1mini/ros2_ws/install
[2.123s] DEBUG:colcon.colcon_installed_package_information.package_discovery:Found 270 installed packages in /opt/ros/foxy
[2.137s] Level 1:colcon.colcon_core.package_discovery:discover_packages(prefix_path) using defaults
[3.062s] Level 5:colcon.colcon_core.verb:set package 'hrdp_beta_perception' build argument 'cmake_args' from command line to 'None'
[3.063s] Level 5:colcon.colcon_core.verb:set package 'hrdp_beta_perception' build argument 'cmake_target' from command line to 'None'
[3.063s] Level 5:colcon.colcon_core.verb:set package 'hrdp_beta_perception' build argument 'cmake_target_skip_unavailable' from command line to 'False'
[3.064s] Level 5:colcon.colcon_core.verb:set package 'hrdp_beta_perception' build argument 'cmake_clean_cache' from command line to 'False'
[3.064s] Level 5:colcon.colcon_core.verb:set package 'hrdp_beta_perception' build argument 'cmake_clean_first' from command line to 'False'
[3.064s] Level 5:colcon.colcon_core.verb:set package 'hrdp_beta_perception' build argument 'cmake_force_configure' from command line to 'False'
[3.064s] Level 5:colcon.colcon_core.verb:set package 'hrdp_beta_perception' build argument 'ament_cmake_args' from command line to 'None'
[3.065s] Level 5:colcon.colcon_core.verb:set package 'hrdp_beta_perception' build argument 'catkin_cmake_args' from command line to 'None'
[3.065s] Level 5:colcon.colcon_core.verb:set package 'hrdp_beta_perception' build argument 'catkin_skip_building_tests' from command line to 'False'
[3.066s] DEBUG:colcon.colcon_core.verb:Building package 'hrdp_beta_perception' with the following arguments: {'ament_cmake_args': None, 'build_base': '/home/r1mini/sungsik_ws/build/hrdp_beta_perception', 'catkin_cmake_args': None, 'catkin_skip_building_tests': False, 'cmake_args': None, 'cmake_clean_cache': False, 'cmake_clean_first': False, 'cmake_force_configure': False, 'cmake_target': None, 'cmake_target_skip_unavailable': False, 'install_base': '/home/r1mini/sungsik_ws/install/hrdp_beta_perception', 'merge_install': False, 'path': '/home/r1mini/sungsik_ws/src/hrdp_beta_perception', 'symlink_install': True, 'test_result_base': None}
[3.075s] INFO:colcon.colcon_core.executor:Executing jobs using 'parallel' executor
[3.120s] DEBUG:colcon.colcon_parallel_executor.executor.parallel:run_until_complete
[3.124s] INFO:colcon.colcon_ros.task.ament_python.build:Building ROS package in '/home/r1mini/sungsik_ws/src/hrdp_beta_perception' with build type 'ament_python'
[3.125s] Level 1:colcon.colcon_core.shell:create_environment_hook('hrdp_beta_perception', 'ament_prefix_path')
[3.202s] INFO:colcon.colcon_core.plugin_system:Skipping extension 'colcon_core.shell.bat': Not used on non-Windows systems
[3.205s] INFO:colcon.colcon_core.shell:Creating environment hook '/home/r1mini/sungsik_ws/install/hrdp_beta_perception/share/hrdp_beta_perception/hook/ament_prefix_path.ps1'
[3.213s] INFO:colcon.colcon_core.shell:Creating environment descriptor '/home/r1mini/sungsik_ws/install/hrdp_beta_perception/share/hrdp_beta_perception/hook/ament_prefix_path.dsv'
[3.221s] INFO:colcon.colcon_core.shell:Creating environment hook '/home/r1mini/sungsik_ws/install/hrdp_beta_perception/share/hrdp_beta_perception/hook/ament_prefix_path.sh'
[3.246s] INFO:colcon.colcon_core.shell:Skip shell extension 'powershell' for command environment: Not usable outside of PowerShell
[3.248s] DEBUG:colcon.colcon_core.shell:Skip shell extension 'dsv' for command environment
[7.505s] INFO:colcon.colcon_core.task.python.build:Building Python package in '/home/r1mini/sungsik_ws/src/hrdp_beta_perception'
[7.523s] INFO:colcon.colcon_core.shell:Skip shell extension 'powershell' for command environment: Not usable outside of PowerShell
[7.524s] DEBUG:colcon.colcon_core.shell:Skip shell extension 'dsv' for command environment
[14.300s] DEBUG:colcon.colcon_core.event_handler.log_command:Invoking command in '/home/r1mini/sungsik_ws/build/hrdp_beta_perception': CMAKE_PREFIX_PATH=/home/r1mini/sungsik_ws/install/hrdp_beta_actions:/home/r1mini/sungsik_ws/install/hrdp_sensors:/home/r1mini/sungsik_ws/install/hrdp_perception:/home/r1mini/sungsik_ws/install/hrdp_human_interfaces:/home/r1mini/sungsik_ws/install/hrdp_beta:/home/r1mini/sungsik_ws/install/hrdp_actuators:/home/r1mini/ros2_ws/install/ydlidar_sdk:/home/r1mini/ros2_ws/install/ydlidar_ros2_driver:/home/r1mini/ros2_ws/install/omo_r1mini:/home/r1mini/ros2_ws/install/omo_r1mini_navigation2:/home/r1mini/ros2_ws/install/omo_r1mini_gazebo:/home/r1mini/ros2_ws/install/omo_r1mini_description:/home/r1mini/ros2_ws/install/omo_r1mini_cartographer LD_LIBRARY_PATH=/home/r1mini/sungsik_ws/install/hrdp_beta_actions/lib:/usr/local/cuda/lib64:/usr/lib/aarch64-linux-gnu/gazebo-11/plugins:/opt/ros/foxy/opt/yaml_cpp_vendor/lib:/opt/ros/foxy/opt/rviz_ogre_vendor/lib:/opt/ros/foxy/lib/aarch64-linux-gnu:/opt/ros/foxy/lib PYTHONPATH=/home/r1mini/sungsik_ws/build/hrdp_beta_perception/prefix_override:/home/r1mini/sungsik_ws/install/hrdp_beta_perception/lib/python3.8/site-packages:/home/r1mini/sungsik_ws/install/hrdp_beta_actions/lib/python3.8/site-packages:/home/r1mini/sungsik_ws/install/hrdp_perception/lib/python3.8/site-packages:/home/r1mini/sungsik_ws/install/hrdp_beta_perception/lib/python3.8/site-packages:/home/r1mini/ros2_ws/build/omo_r1mini_teleop:/home/r1mini/ros2_ws/install/omo_r1mini_teleop/lib/python3.8/site-packages:/home/r1mini/ros2_ws/build/omo_r1mini_bringup:/home/r1mini/ros2_ws/install/omo_r1mini_bringup/lib/python3.8/site-packages:/opt/ros/foxy/lib/python3.8/site-packages /usr/bin/python3 setup.py develop --editable --build-directory /home/r1mini/sungsik_ws/build/hrdp_beta_perception/build --no-deps install_data
[21.160s] Level 1:colcon.colcon_core.shell:create_environment_hook('hrdp_beta_perception', 'pythonpath_develop')
[21.174s] DEBUG:colcon.colcon_core.event_handler.log_command:Invoked command in '/home/r1mini/sungsik_ws/build/hrdp_beta_perception' returned '0': CMAKE_PREFIX_PATH=/home/r1mini/sungsik_ws/install/hrdp_beta_actions:/home/r1mini/sungsik_ws/install/hrdp_sensors:/home/r1mini/sungsik_ws/install/hrdp_perception:/home/r1mini/sungsik_ws/install/hrdp_human_interfaces:/home/r1mini/sungsik_ws/install/hrdp_beta:/home/r1mini/sungsik_ws/install/hrdp_actuators:/home/r1mini/ros2_ws/install/ydlidar_sdk:/home/r1mini/ros2_ws/install/ydlidar_ros2_driver:/home/r1mini/ros2_ws/install/omo_r1mini:/home/r1mini/ros2_ws/install/omo_r1mini_navigation2:/home/r1mini/ros2_ws/install/omo_r1mini_gazebo:/home/r1mini/ros2_ws/install/omo_r1mini_description:/home/r1mini/ros2_ws/install/omo_r1mini_cartographer LD_LIBRARY_PATH=/home/r1mini/sungsik_ws/install/hrdp_beta_actions/lib:/usr/local/cuda/lib64:/usr/lib/aarch64-linux-gnu/gazebo-11/plugins:/opt/ros/foxy/opt/yaml_cpp_vendor/lib:/opt/ros/foxy/opt/rviz_ogre_vendor/lib:/opt/ros/foxy/lib/aarch64-linux-gnu:/opt/ros/foxy/lib PYTHONPATH=/home/r1mini/sungsik_ws/build/hrdp_beta_perception/prefix_override:/home/r1mini/sungsik_ws/install/hrdp_beta_perception/lib/python3.8/site-packages:/home/r1mini/sungsik_ws/install/hrdp_beta_actions/lib/python3.8/site-packages:/home/r1mini/sungsik_ws/install/hrdp_perception/lib/python3.8/site-packages:/home/r1mini/sungsik_ws/install/hrdp_beta_perception/lib/python3.8/site-packages:/home/r1mini/ros2_ws/build/omo_r1mini_teleop:/home/r1mini/ros2_ws/install/omo_r1mini_teleop/lib/python3.8/site-packages:/home/r1mini/ros2_ws/build/omo_r1mini_bringup:/home/r1mini/ros2_ws/install/omo_r1mini_bringup/lib/python3.8/site-packages:/opt/ros/foxy/lib/python3.8/site-packages /usr/bin/python3 setup.py develop --editable --build-directory /home/r1mini/sungsik_ws/build/hrdp_beta_perception/build --no-deps install_data
[21.178s] INFO:colcon.colcon_core.shell:Creating environment hook '/home/r1mini/sungsik_ws/build/hrdp_beta_perception/share/hrdp_beta_perception/hook/pythonpath_develop.ps1'
[21.185s] INFO:colcon.colcon_core.shell:Creating environment descriptor '/home/r1mini/sungsik_ws/build/hrdp_beta_perception/share/hrdp_beta_perception/hook/pythonpath_develop.dsv'
[21.188s] INFO:colcon.colcon_core.shell:Creating environment hook '/home/r1mini/sungsik_ws/build/hrdp_beta_perception/share/hrdp_beta_perception/hook/pythonpath_develop.sh'
[21.242s] Level 1:colcon.colcon_core.environment:checking '/home/r1mini/sungsik_ws/install/hrdp_beta_perception' for CMake module files
[21.246s] Level 1:colcon.colcon_core.environment:checking '/home/r1mini/sungsik_ws/install/hrdp_beta_perception' for CMake config files
[21.254s] Level 1:colcon.colcon_core.environment:checking '/home/r1mini/sungsik_ws/install/hrdp_beta_perception/lib'
[21.256s] Level 1:colcon.colcon_core.environment:checking '/home/r1mini/sungsik_ws/install/hrdp_beta_perception/bin'
[21.257s] Level 1:colcon.colcon_core.environment:checking '/home/r1mini/sungsik_ws/install/hrdp_beta_perception/lib/pkgconfig/hrdp_beta_perception.pc'
[21.259s] Level 1:colcon.colcon_core.environment:checking '/home/r1mini/sungsik_ws/install/hrdp_beta_perception/lib/python3.8/site-packages'
[21.260s] Level 1:colcon.colcon_core.shell:create_environment_hook('hrdp_beta_perception', 'pythonpath')
[21.272s] INFO:colcon.colcon_core.shell:Creating environment hook '/home/r1mini/sungsik_ws/install/hrdp_beta_perception/share/hrdp_beta_perception/hook/pythonpath.ps1'
[21.276s] INFO:colcon.colcon_core.shell:Creating environment descriptor '/home/r1mini/sungsik_ws/install/hrdp_beta_perception/share/hrdp_beta_perception/hook/pythonpath.dsv'
[21.279s] INFO:colcon.colcon_core.shell:Creating environment hook '/home/r1mini/sungsik_ws/install/hrdp_beta_perception/share/hrdp_beta_perception/hook/pythonpath.sh'
[21.283s] Level 1:colcon.colcon_core.environment:checking '/home/r1mini/sungsik_ws/install/hrdp_beta_perception/bin'
[21.286s] Level 1:colcon.colcon_core.environment:create_environment_scripts_only(hrdp_beta_perception)
[21.300s] INFO:colcon.colcon_core.shell:Creating package script '/home/r1mini/sungsik_ws/install/hrdp_beta_perception/share/hrdp_beta_perception/package.ps1'
[21.307s] INFO:colcon.colcon_core.shell:Creating package descriptor '/home/r1mini/sungsik_ws/install/hrdp_beta_perception/share/hrdp_beta_perception/package.dsv'
[21.312s] INFO:colcon.colcon_core.shell:Creating package script '/home/r1mini/sungsik_ws/install/hrdp_beta_perception/share/hrdp_beta_perception/package.sh'
[21.320s] INFO:colcon.colcon_core.shell:Creating package script '/home/r1mini/sungsik_ws/install/hrdp_beta_perception/share/hrdp_beta_perception/package.bash'
[21.329s] INFO:colcon.colcon_core.shell:Creating package script '/home/r1mini/sungsik_ws/install/hrdp_beta_perception/share/hrdp_beta_perception/package.zsh'
[21.339s] Level 1:colcon.colcon_core.environment:create_file_with_runtime_dependencies(/home/r1mini/sungsik_ws/install/hrdp_beta_perception/share/colcon-core/packages/hrdp_beta_perception)
[21.344s] DEBUG:colcon.colcon_parallel_executor.executor.parallel:closing loop
[21.346s] DEBUG:colcon.colcon_parallel_executor.executor.parallel:loop closed
[21.347s] DEBUG:colcon.colcon_parallel_executor.executor.parallel:run_until_complete finished with '0'
[21.347s] DEBUG:colcon.colcon_core.event_reactor:joining thread
[21.441s] INFO:colcon.colcon_core.plugin_system:Skipping extension 'colcon_notification.desktop_notification.terminal_notifier': Not used on non-Darwin systems
[21.444s] INFO:colcon.colcon_core.plugin_system:Skipping extension 'colcon_notification.desktop_notification.win32': Not used on non-Windows systems
[21.445s] INFO:colcon.colcon_notification.desktop_notification:Sending desktop notification using 'notify2'
[21.498s] DEBUG:colcon.colcon_core.event_reactor:joined thread
[21.533s] INFO:colcon.colcon_core.shell:Creating prefix script '/home/r1mini/sungsik_ws/install/local_setup.ps1'
[21.543s] INFO:colcon.colcon_core.shell:Creating prefix util module '/home/r1mini/sungsik_ws/install/_local_setup_util_ps1.py'
[21.556s] INFO:colcon.colcon_core.shell:Creating prefix chain script '/home/r1mini/sungsik_ws/install/setup.ps1'
[21.584s] INFO:colcon.colcon_core.shell:Creating prefix script '/home/r1mini/sungsik_ws/install/local_setup.sh'
[21.589s] INFO:colcon.colcon_core.shell:Creating prefix util module '/home/r1mini/sungsik_ws/install/_local_setup_util_sh.py'
[21.593s] INFO:colcon.colcon_core.shell:Creating prefix chain script '/home/r1mini/sungsik_ws/install/setup.sh'
[21.608s] INFO:colcon.colcon_core.shell:Creating prefix script '/home/r1mini/sungsik_ws/install/local_setup.bash'
[21.612s] INFO:colcon.colcon_core.shell:Creating prefix chain script '/home/r1mini/sungsik_ws/install/setup.bash'
[21.627s] INFO:colcon.colcon_core.shell:Creating prefix script '/home/r1mini/sungsik_ws/install/local_setup.zsh'
[21.631s] INFO:colcon.colcon_core.shell:Creating prefix chain script '/home/r1mini/sungsik_ws/install/setup.zsh'
