[1.219s] Invoking command in '/home/r1mini/sungsik_ws/build/hrdp_human_interfaces': CMAKE_PREFIX_PATH=${CMAKE_PREFIX_PATH}:/home/r1mini/sungsik_ws/install/py_pubsub:/home/r1mini/sungsik_ws/install/hrdp_sensors_beta:/home/r1mini/sungsik_ws/install/hrdp_perception_beta:/home/r1mini/sungsik_ws/install/hrdp_beta_perception:/home/r1mini/ros2_ws/install/omo_r1mini_teleop:/home/r1mini/ros2_ws/install/omo_r1mini_bringup:/opt/ros/foxy /usr/bin/cmake --build /home/r1mini/sungsik_ws/build/hrdp_human_interfaces -- -j4 -l4
[8.246s] Invoked command in '/home/r1mini/sungsik_ws/build/hrdp_human_interfaces' returned '0': CMAKE_PREFIX_PATH=${CMAKE_PREFIX_PATH}:/home/r1mini/sungsik_ws/install/py_pubsub:/home/r1mini/sungsik_ws/install/hrdp_sensors_beta:/home/r1mini/sungsik_ws/install/hrdp_perception_beta:/home/r1mini/sungsik_ws/install/hrdp_beta_perception:/home/r1mini/ros2_ws/install/omo_r1mini_teleop:/home/r1mini/ros2_ws/install/omo_r1mini_bringup:/opt/ros/foxy /usr/bin/cmake --build /home/r1mini/sungsik_ws/build/hrdp_human_interfaces -- -j4 -l4
[9.218s] Invoking command in '/home/r1mini/sungsik_ws/build/hrdp_human_interfaces': CMAKE_PREFIX_PATH=${CMAKE_PREFIX_PATH}:/home/r1mini/sungsik_ws/install/py_pubsub:/home/r1mini/sungsik_ws/install/hrdp_sensors_beta:/home/r1mini/sungsik_ws/install/hrdp_perception_beta:/home/r1mini/sungsik_ws/install/hrdp_beta_perception:/home/r1mini/ros2_ws/install/omo_r1mini_teleop:/home/r1mini/ros2_ws/install/omo_r1mini_bringup:/opt/ros/foxy /usr/bin/cmake --install /home/r1mini/sungsik_ws/build/hrdp_human_interfaces
[9.523s] -- Install configuration: ""
[9.525s] -- Execute custom install script
[9.546s] -- Up-to-date symlink: /home/r1mini/sungsik_ws/install/hrdp_human_interfaces/share/ament_index/resource_index/package_run_dependencies/hrdp_human_interfaces
[9.553s] -- Up-to-date symlink: /home/r1mini/sungsik_ws/install/hrdp_human_interfaces/share/ament_index/resource_index/parent_prefix_path/hrdp_human_interfaces
[9.558s] -- Up-to-date symlink: /home/r1mini/sungsik_ws/install/hrdp_human_interfaces/share/hrdp_human_interfaces/environment/ament_prefix_path.sh
[9.565s] -- Up-to-date symlink: /home/r1mini/sungsik_ws/install/hrdp_human_interfaces/share/hrdp_human_interfaces/environment/ament_prefix_path.dsv
[9.567s] -- Up-to-date symlink: /home/r1mini/sungsik_ws/install/hrdp_human_interfaces/share/hrdp_human_interfaces/environment/path.sh
[9.580s] -- Up-to-date symlink: /home/r1mini/sungsik_ws/install/hrdp_human_interfaces/share/hrdp_human_interfaces/environment/path.dsv
[9.592s] -- Up-to-date symlink: /home/r1mini/sungsik_ws/install/hrdp_human_interfaces/share/hrdp_human_interfaces/local_setup.bash
[9.594s] -- Up-to-date symlink: /home/r1mini/sungsik_ws/install/hrdp_human_interfaces/share/hrdp_human_interfaces/local_setup.sh
[9.597s] -- Up-to-date symlink: /home/r1mini/sungsik_ws/install/hrdp_human_interfaces/share/hrdp_human_interfaces/local_setup.zsh
[9.602s] -- Up-to-date symlink: /home/r1mini/sungsik_ws/install/hrdp_human_interfaces/share/hrdp_human_interfaces/local_setup.dsv
[9.604s] -- Symlinking: /home/r1mini/sungsik_ws/install/hrdp_human_interfaces/share/hrdp_human_interfaces/package.dsv
[9.726s] -- Up-to-date symlink: /home/r1mini/sungsik_ws/install/hrdp_human_interfaces/share/ament_index/resource_index/packages/hrdp_human_interfaces
[9.728s] -- Up-to-date symlink: /home/r1mini/sungsik_ws/install/hrdp_human_interfaces/share/hrdp_human_interfaces/cmake/hrdp_human_interfacesConfig.cmake
[9.729s] -- Up-to-date symlink: /home/r1mini/sungsik_ws/install/hrdp_human_interfaces/share/hrdp_human_interfaces/cmake/hrdp_human_interfacesConfig-version.cmake
[9.733s] -- Up-to-date symlink: /home/r1mini/sungsik_ws/install/hrdp_human_interfaces/share/hrdp_human_interfaces/package.xml
[9.793s] Invoked command in '/home/r1mini/sungsik_ws/build/hrdp_human_interfaces' returned '0': CMAKE_PREFIX_PATH=${CMAKE_PREFIX_PATH}:/home/r1mini/sungsik_ws/install/py_pubsub:/home/r1mini/sungsik_ws/install/hrdp_sensors_beta:/home/r1mini/sungsik_ws/install/hrdp_perception_beta:/home/r1mini/sungsik_ws/install/hrdp_beta_perception:/home/r1mini/ros2_ws/install/omo_r1mini_teleop:/home/r1mini/ros2_ws/install/omo_r1mini_bringup:/opt/ros/foxy /usr/bin/cmake --install /home/r1mini/sungsik_ws/build/hrdp_human_interfaces
