[5.614s] Invoking command in '/home/r1mini/sungsik_ws/build/hrdp_beta_actions': CMAKE_PREFIX_PATH=${CMAKE_PREFIX_PATH}:/home/r1mini/sungsik_ws/install/py_pubsub:/home/r1mini/sungsik_ws/install/hrdp_sensors_beta:/home/r1mini/sungsik_ws/install/hrdp_perception_beta:/home/r1mini/sungsik_ws/install/hrdp_human_interface_beta:/home/r1mini/sungsik_ws/install/hrdp_beta_perception:/home/r1mini/sungsik_ws/install/hrdp_actuators_beta:/home/r1mini/ros2_ws/install/omo_r1mini_teleop:/home/r1mini/ros2_ws/install/omo_r1mini_bringup:/opt/ros/foxy /usr/bin/cmake --build /home/r1mini/sungsik_ws/build/hrdp_beta_actions -- -j4 -l4
[14.644s] [  2%] Built target hrdp_beta_actions__cpp
[14.646s] [ 12%] Built target hrdp_beta_actions__rosidl_generator_c
[14.651s] [ 23%] Built target hrdp_beta_actions__rosidl_typesupport_cpp
[14.671s] [ 33%] Built target hrdp_beta_actions__rosidl_typesupport_introspection_cpp
[14.676s] [ 43%] Built target hrdp_beta_actions__rosidl_typesupport_c
[14.693s] [ 53%] Built target hrdp_beta_actions__rosidl_typesupport_fastrtps_cpp
[14.704s] [ 64%] Built target hrdp_beta_actions__rosidl_typesupport_introspection_c
[14.708s] [ 74%] Built target hrdp_beta_actions__rosidl_typesupport_fastrtps_c
[14.730s] [ 74%] Built target hrdp_beta_actions
[14.743s] [ 76%] Built target hrdp_beta_actions__py
[14.745s] [ 84%] Built target hrdp_beta_actions__python
[14.746s] [ 92%] Built target hrdp_beta_actions__rosidl_typesupport_fastrtps_c__pyext
[14.750s] [ 94%] Built target hrdp_beta_actions__rosidl_typesupport_introspection_c__pyext
[14.755s] [100%] Built target hrdp_beta_actions__rosidl_typesupport_c__pyext
[14.759s] Invoked command in '/home/r1mini/sungsik_ws/build/hrdp_beta_actions' returned '0': CMAKE_PREFIX_PATH=${CMAKE_PREFIX_PATH}:/home/r1mini/sungsik_ws/install/py_pubsub:/home/r1mini/sungsik_ws/install/hrdp_sensors_beta:/home/r1mini/sungsik_ws/install/hrdp_perception_beta:/home/r1mini/sungsik_ws/install/hrdp_human_interface_beta:/home/r1mini/sungsik_ws/install/hrdp_beta_perception:/home/r1mini/sungsik_ws/install/hrdp_actuators_beta:/home/r1mini/ros2_ws/install/omo_r1mini_teleop:/home/r1mini/ros2_ws/install/omo_r1mini_bringup:/opt/ros/foxy /usr/bin/cmake --build /home/r1mini/sungsik_ws/build/hrdp_beta_actions -- -j4 -l4
[17.717s] Invoking command in '/home/r1mini/sungsik_ws/build/hrdp_beta_actions': CMAKE_PREFIX_PATH=${CMAKE_PREFIX_PATH}:/home/r1mini/sungsik_ws/install/py_pubsub:/home/r1mini/sungsik_ws/install/hrdp_sensors_beta:/home/r1mini/sungsik_ws/install/hrdp_perception_beta:/home/r1mini/sungsik_ws/install/hrdp_human_interface_beta:/home/r1mini/sungsik_ws/install/hrdp_beta_perception:/home/r1mini/sungsik_ws/install/hrdp_actuators_beta:/home/r1mini/ros2_ws/install/omo_r1mini_teleop:/home/r1mini/ros2_ws/install/omo_r1mini_bringup:/opt/ros/foxy /usr/bin/cmake --install /home/r1mini/sungsik_ws/build/hrdp_beta_actions
[17.941s] -- Install configuration: ""
[17.957s] -- Execute custom install script
[17.958s] -- Up-to-date symlink: /home/r1mini/sungsik_ws/install/hrdp_beta_actions/share/ament_index/resource_index/rosidl_interfaces/hrdp_beta_actions
[17.968s] -- Up-to-date symlink: /home/r1mini/sungsik_ws/install/hrdp_beta_actions/include/hrdp_beta_actions/action/camera_rgb.h
[17.973s] -- Up-to-date symlink: /home/r1mini/sungsik_ws/install/hrdp_beta_actions/include/hrdp_beta_actions/action/detail/camera_rgb__functions.h
[17.979s] -- Up-to-date symlink: /home/r1mini/sungsik_ws/install/hrdp_beta_actions/include/hrdp_beta_actions/action/detail/camera_rgb__struct.h
[17.990s] -- Up-to-date symlink: /home/r1mini/sungsik_ws/install/hrdp_beta_actions/include/hrdp_beta_actions/action/detail/camera_rgb__type_support.h
[18.000s] -- Up-to-date symlink: /home/r1mini/sungsik_ws/install/hrdp_beta_actions/include/hrdp_beta_actions/action/detail/face_detection__functions.h
[18.007s] -- Up-to-date symlink: /home/r1mini/sungsik_ws/install/hrdp_beta_actions/include/hrdp_beta_actions/action/detail/face_detection__struct.h
[18.012s] -- Up-to-date symlink: /home/r1mini/sungsik_ws/install/hrdp_beta_actions/include/hrdp_beta_actions/action/detail/face_detection__type_support.h
[18.017s] -- Up-to-date symlink: /home/r1mini/sungsik_ws/install/hrdp_beta_actions/include/hrdp_beta_actions/action/detail/rgb_frame__functions.h
[18.022s] -- Up-to-date symlink: /home/r1mini/sungsik_ws/install/hrdp_beta_actions/include/hrdp_beta_actions/action/detail/rgb_frame__struct.h
[18.026s] -- Up-to-date symlink: /home/r1mini/sungsik_ws/install/hrdp_beta_actions/include/hrdp_beta_actions/action/detail/rgb_frame__type_support.h
[18.033s] -- Up-to-date symlink: /home/r1mini/sungsik_ws/install/hrdp_beta_actions/include/hrdp_beta_actions/action/face_detection.h
[18.042s] -- Up-to-date symlink: /home/r1mini/sungsik_ws/install/hrdp_beta_actions/include/hrdp_beta_actions/action/rgb_frame.h
[18.048s] -- Up-to-date symlink: /home/r1mini/sungsik_ws/install/hrdp_beta_actions/include/hrdp_beta_actions/msg/rosidl_generator_c__visibility_control.h
[18.054s] -- Up-to-date symlink: /home/r1mini/sungsik_ws/install/hrdp_beta_actions/share/hrdp_beta_actions/environment/library_path.sh
[18.061s] -- Up-to-date symlink: /home/r1mini/sungsik_ws/install/hrdp_beta_actions/share/hrdp_beta_actions/environment/library_path.dsv
[18.069s] -- Up-to-date symlink: /home/r1mini/sungsik_ws/install/hrdp_beta_actions/include/hrdp_beta_actions/action/detail/camera_rgb__rosidl_typesupport_fastrtps_c.h
[18.081s] -- Up-to-date symlink: /home/r1mini/sungsik_ws/install/hrdp_beta_actions/include/hrdp_beta_actions/action/detail/face_detection__rosidl_typesupport_fastrtps_c.h
[18.094s] -- Up-to-date symlink: /home/r1mini/sungsik_ws/install/hrdp_beta_actions/include/hrdp_beta_actions/action/detail/rgb_frame__rosidl_typesupport_fastrtps_c.h
[18.105s] -- Up-to-date symlink: /home/r1mini/sungsik_ws/install/hrdp_beta_actions/include/hrdp_beta_actions/msg/rosidl_typesupport_fastrtps_c__visibility_control.h
[18.122s] -- Up-to-date symlink: /home/r1mini/sungsik_ws/install/hrdp_beta_actions/lib/libhrdp_beta_actions__rosidl_typesupport_fastrtps_c.so
[18.138s] -- Up-to-date symlink: /home/r1mini/sungsik_ws/install/hrdp_beta_actions/include/hrdp_beta_actions/action/detail/camera_rgb__rosidl_typesupport_fastrtps_cpp.hpp
[18.140s] -- Up-to-date symlink: /home/r1mini/sungsik_ws/install/hrdp_beta_actions/include/hrdp_beta_actions/action/detail/face_detection__rosidl_typesupport_fastrtps_cpp.hpp
[18.145s] -- Up-to-date symlink: /home/r1mini/sungsik_ws/install/hrdp_beta_actions/include/hrdp_beta_actions/action/detail/rgb_frame__rosidl_typesupport_fastrtps_cpp.hpp
[18.149s] -- Up-to-date symlink: /home/r1mini/sungsik_ws/install/hrdp_beta_actions/include/hrdp_beta_actions/msg/rosidl_typesupport_fastrtps_cpp__visibility_control.h
[18.160s] -- Up-to-date symlink: /home/r1mini/sungsik_ws/install/hrdp_beta_actions/lib/libhrdp_beta_actions__rosidl_typesupport_fastrtps_cpp.so
[18.163s] -- Up-to-date symlink: /home/r1mini/sungsik_ws/install/hrdp_beta_actions/include/hrdp_beta_actions/action/detail/camera_rgb__rosidl_typesupport_introspection_c.h
[18.164s] -- Up-to-date symlink: /home/r1mini/sungsik_ws/install/hrdp_beta_actions/include/hrdp_beta_actions/action/detail/face_detection__rosidl_typesupport_introspection_c.h
[18.172s] -- Up-to-date symlink: /home/r1mini/sungsik_ws/install/hrdp_beta_actions/include/hrdp_beta_actions/action/detail/rgb_frame__rosidl_typesupport_introspection_c.h
[18.174s] -- Up-to-date symlink: /home/r1mini/sungsik_ws/install/hrdp_beta_actions/include/hrdp_beta_actions/msg/rosidl_typesupport_introspection_c__visibility_control.h
[18.181s] -- Up-to-date symlink: /home/r1mini/sungsik_ws/install/hrdp_beta_actions/include/hrdp_beta_actions/action/camera_rgb.hpp
[18.189s] -- Up-to-date symlink: /home/r1mini/sungsik_ws/install/hrdp_beta_actions/include/hrdp_beta_actions/action/detail/camera_rgb__builder.hpp
[18.208s] -- Up-to-date symlink: /home/r1mini/sungsik_ws/install/hrdp_beta_actions/include/hrdp_beta_actions/action/detail/camera_rgb__struct.hpp
[18.213s] -- Up-to-date symlink: /home/r1mini/sungsik_ws/install/hrdp_beta_actions/include/hrdp_beta_actions/action/detail/camera_rgb__traits.hpp
[18.217s] -- Up-to-date symlink: /home/r1mini/sungsik_ws/install/hrdp_beta_actions/include/hrdp_beta_actions/action/detail/face_detection__builder.hpp
[18.221s] -- Up-to-date symlink: /home/r1mini/sungsik_ws/install/hrdp_beta_actions/include/hrdp_beta_actions/action/detail/face_detection__struct.hpp
[18.227s] -- Up-to-date symlink: /home/r1mini/sungsik_ws/install/hrdp_beta_actions/include/hrdp_beta_actions/action/detail/face_detection__traits.hpp
[18.237s] -- Up-to-date symlink: /home/r1mini/sungsik_ws/install/hrdp_beta_actions/include/hrdp_beta_actions/action/detail/rgb_frame__builder.hpp
[18.238s] -- Up-to-date symlink: /home/r1mini/sungsik_ws/install/hrdp_beta_actions/include/hrdp_beta_actions/action/detail/rgb_frame__struct.hpp
[18.239s] -- Up-to-date symlink: /home/r1mini/sungsik_ws/install/hrdp_beta_actions/include/hrdp_beta_actions/action/detail/rgb_frame__traits.hpp
[18.240s] -- Up-to-date symlink: /home/r1mini/sungsik_ws/install/hrdp_beta_actions/include/hrdp_beta_actions/action/face_detection.hpp
[18.250s] -- Up-to-date symlink: /home/r1mini/sungsik_ws/install/hrdp_beta_actions/include/hrdp_beta_actions/action/rgb_frame.hpp
[18.255s] -- Up-to-date symlink: /home/r1mini/sungsik_ws/install/hrdp_beta_actions/include/hrdp_beta_actions/action/detail/camera_rgb__rosidl_typesupport_introspection_cpp.hpp
[18.257s] -- Up-to-date symlink: /home/r1mini/sungsik_ws/install/hrdp_beta_actions/include/hrdp_beta_actions/action/detail/face_detection__rosidl_typesupport_introspection_cpp.hpp
[18.259s] -- Up-to-date symlink: /home/r1mini/sungsik_ws/install/hrdp_beta_actions/include/hrdp_beta_actions/action/detail/rgb_frame__rosidl_typesupport_introspection_cpp.hpp
[18.265s] -- Up-to-date symlink: /home/r1mini/sungsik_ws/install/hrdp_beta_actions/share/hrdp_beta_actions/environment/pythonpath.sh
[18.267s] -- Up-to-date symlink: /home/r1mini/sungsik_ws/install/hrdp_beta_actions/share/hrdp_beta_actions/environment/pythonpath.dsv
[18.272s] -- Up-to-date symlink: /home/r1mini/sungsik_ws/install/hrdp_beta_actions/lib/python3.8/site-packages/hrdp_beta_actions/__init__.py
[18.296s] -- Up-to-date symlink: /home/r1mini/sungsik_ws/install/hrdp_beta_actions/lib/python3.8/site-packages/hrdp_beta_actions/action/__init__.py
[18.309s] -- Up-to-date symlink: /home/r1mini/sungsik_ws/install/hrdp_beta_actions/lib/python3.8/site-packages/hrdp_beta_actions/action/_camera_rgb.py
[18.316s] -- Up-to-date symlink: /home/r1mini/sungsik_ws/install/hrdp_beta_actions/lib/python3.8/site-packages/hrdp_beta_actions/action/_face_detection.py
[18.317s] -- Up-to-date symlink: /home/r1mini/sungsik_ws/install/hrdp_beta_actions/lib/python3.8/site-packages/hrdp_beta_actions/action/_rgb_frame.py
[18.324s] -- Up-to-date symlink: /home/r1mini/sungsik_ws/install/hrdp_beta_actions/lib/python3.8/site-packages/hrdp_beta_actions/hrdp_beta_actions_s__rosidl_typesupport_fastrtps_c.cpython-38-aarch64-linux-gnu.so
[18.331s] -- Up-to-date symlink: /home/r1mini/sungsik_ws/install/hrdp_beta_actions/lib/python3.8/site-packages/hrdp_beta_actions/hrdp_beta_actions_s__rosidl_typesupport_introspection_c.cpython-38-aarch64-linux-gnu.so
[18.337s] -- Up-to-date symlink: /home/r1mini/sungsik_ws/install/hrdp_beta_actions/lib/python3.8/site-packages/hrdp_beta_actions/hrdp_beta_actions_s__rosidl_typesupport_c.cpython-38-aarch64-linux-gnu.so
[18.352s] -- Up-to-date symlink: /home/r1mini/sungsik_ws/install/hrdp_beta_actions/lib/libhrdp_beta_actions__python.so
[18.355s] -- Up-to-date symlink: /home/r1mini/sungsik_ws/install/hrdp_beta_actions/share/hrdp_beta_actions/action/RGBFrame.idl
[18.357s] -- Up-to-date symlink: /home/r1mini/sungsik_ws/install/hrdp_beta_actions/share/hrdp_beta_actions/action/FaceDetection.idl
[18.359s] -- Up-to-date symlink: /home/r1mini/sungsik_ws/install/hrdp_beta_actions/share/hrdp_beta_actions/action/RGBFrame.action
[18.362s] -- Up-to-date symlink: /home/r1mini/sungsik_ws/install/hrdp_beta_actions/share/hrdp_beta_actions/action/FaceDetection.action
[18.370s] -- Up-to-date symlink: /home/r1mini/sungsik_ws/install/hrdp_beta_actions/share/ament_index/resource_index/package_run_dependencies/hrdp_beta_actions
[18.389s] -- Up-to-date symlink: /home/r1mini/sungsik_ws/install/hrdp_beta_actions/share/ament_index/resource_index/parent_prefix_path/hrdp_beta_actions
[18.392s] -- Up-to-date symlink: /home/r1mini/sungsik_ws/install/hrdp_beta_actions/share/hrdp_beta_actions/environment/ament_prefix_path.sh
[18.402s] -- Up-to-date symlink: /home/r1mini/sungsik_ws/install/hrdp_beta_actions/share/hrdp_beta_actions/environment/ament_prefix_path.dsv
[18.409s] -- Up-to-date symlink: /home/r1mini/sungsik_ws/install/hrdp_beta_actions/share/hrdp_beta_actions/environment/path.sh
[18.427s] -- Up-to-date symlink: /home/r1mini/sungsik_ws/install/hrdp_beta_actions/share/hrdp_beta_actions/environment/path.dsv
[18.430s] -- Up-to-date symlink: /home/r1mini/sungsik_ws/install/hrdp_beta_actions/share/hrdp_beta_actions/local_setup.bash
[18.435s] -- Up-to-date symlink: /home/r1mini/sungsik_ws/install/hrdp_beta_actions/share/hrdp_beta_actions/local_setup.sh
[18.438s] -- Up-to-date symlink: /home/r1mini/sungsik_ws/install/hrdp_beta_actions/share/hrdp_beta_actions/local_setup.zsh
[18.445s] -- Up-to-date symlink: /home/r1mini/sungsik_ws/install/hrdp_beta_actions/share/hrdp_beta_actions/local_setup.dsv
[18.447s] -- Symlinking: /home/r1mini/sungsik_ws/install/hrdp_beta_actions/share/hrdp_beta_actions/package.dsv
[18.735s] -- Up-to-date symlink: /home/r1mini/sungsik_ws/install/hrdp_beta_actions/share/ament_index/resource_index/packages/hrdp_beta_actions
[18.742s] -- Up-to-date symlink: /home/r1mini/sungsik_ws/install/hrdp_beta_actions/share/hrdp_beta_actions/cmake/rosidl_cmake-extras.cmake
[18.747s] -- Up-to-date symlink: /home/r1mini/sungsik_ws/install/hrdp_beta_actions/share/hrdp_beta_actions/cmake/ament_cmake_export_dependencies-extras.cmake
[18.763s] -- Up-to-date symlink: /home/r1mini/sungsik_ws/install/hrdp_beta_actions/share/hrdp_beta_actions/cmake/ament_cmake_export_libraries-extras.cmake
[18.772s] -- Up-to-date symlink: /home/r1mini/sungsik_ws/install/hrdp_beta_actions/share/hrdp_beta_actions/cmake/ament_cmake_export_targets-extras.cmake
[18.780s] -- Up-to-date symlink: /home/r1mini/sungsik_ws/install/hrdp_beta_actions/share/hrdp_beta_actions/cmake/ament_cmake_export_include_directories-extras.cmake
[18.796s] -- Up-to-date symlink: /home/r1mini/sungsik_ws/install/hrdp_beta_actions/share/hrdp_beta_actions/cmake/rosidl_cmake_export_typesupport_libraries-extras.cmake
[18.819s] -- Up-to-date symlink: /home/r1mini/sungsik_ws/install/hrdp_beta_actions/share/hrdp_beta_actions/cmake/rosidl_cmake_export_typesupport_targets-extras.cmake
[18.833s] -- Up-to-date symlink: /home/r1mini/sungsik_ws/install/hrdp_beta_actions/share/hrdp_beta_actions/cmake/hrdp_beta_actionsConfig.cmake
[18.853s] -- Up-to-date symlink: /home/r1mini/sungsik_ws/install/hrdp_beta_actions/share/hrdp_beta_actions/cmake/hrdp_beta_actionsConfig-version.cmake
[18.859s] -- Up-to-date symlink: /home/r1mini/sungsik_ws/install/hrdp_beta_actions/share/hrdp_beta_actions/package.xml
[18.873s] -- Up-to-date: /home/r1mini/sungsik_ws/install/hrdp_beta_actions/lib/libhrdp_beta_actions__rosidl_generator_c.so
[18.881s] -- Up-to-date: /home/r1mini/sungsik_ws/install/hrdp_beta_actions/lib/libhrdp_beta_actions__rosidl_typesupport_introspection_c.so
[18.893s] -- Up-to-date: /home/r1mini/sungsik_ws/install/hrdp_beta_actions/lib/libhrdp_beta_actions__rosidl_typesupport_c.so
[18.912s] -- Up-to-date: /home/r1mini/sungsik_ws/install/hrdp_beta_actions/lib/libhrdp_beta_actions__rosidl_typesupport_introspection_cpp.so
[18.932s] -- Up-to-date: /home/r1mini/sungsik_ws/install/hrdp_beta_actions/lib/libhrdp_beta_actions__rosidl_typesupport_cpp.so
[20.311s] -- Up-to-date: /home/r1mini/sungsik_ws/install/hrdp_beta_actions/share/hrdp_beta_actions/cmake/hrdp_beta_actions__rosidl_generator_cExport.cmake
[20.314s] -- Up-to-date: /home/r1mini/sungsik_ws/install/hrdp_beta_actions/share/hrdp_beta_actions/cmake/hrdp_beta_actions__rosidl_generator_cExport-noconfig.cmake
[20.324s] -- Up-to-date: /home/r1mini/sungsik_ws/install/hrdp_beta_actions/share/hrdp_beta_actions/cmake/hrdp_beta_actions__rosidl_typesupport_introspection_cExport.cmake
[20.344s] -- Up-to-date: /home/r1mini/sungsik_ws/install/hrdp_beta_actions/share/hrdp_beta_actions/cmake/hrdp_beta_actions__rosidl_typesupport_introspection_cExport-noconfig.cmake
[20.373s] -- Up-to-date: /home/r1mini/sungsik_ws/install/hrdp_beta_actions/share/hrdp_beta_actions/cmake/hrdp_beta_actions__rosidl_typesupport_cExport.cmake
[20.399s] -- Up-to-date: /home/r1mini/sungsik_ws/install/hrdp_beta_actions/share/hrdp_beta_actions/cmake/hrdp_beta_actions__rosidl_typesupport_cExport-noconfig.cmake
[20.436s] -- Up-to-date: /home/r1mini/sungsik_ws/install/hrdp_beta_actions/share/hrdp_beta_actions/cmake/hrdp_beta_actions__rosidl_generator_cppExport.cmake
[20.465s] -- Up-to-date: /home/r1mini/sungsik_ws/install/hrdp_beta_actions/share/hrdp_beta_actions/cmake/hrdp_beta_actions__rosidl_typesupport_introspection_cppExport.cmake
[20.501s] -- Up-to-date: /home/r1mini/sungsik_ws/install/hrdp_beta_actions/share/hrdp_beta_actions/cmake/hrdp_beta_actions__rosidl_typesupport_introspection_cppExport-noconfig.cmake
[20.517s] -- Up-to-date: /home/r1mini/sungsik_ws/install/hrdp_beta_actions/share/hrdp_beta_actions/cmake/hrdp_beta_actions__rosidl_typesupport_cppExport.cmake
[20.528s] -- Up-to-date: /home/r1mini/sungsik_ws/install/hrdp_beta_actions/share/hrdp_beta_actions/cmake/hrdp_beta_actions__rosidl_typesupport_cppExport-noconfig.cmake
[20.540s] Invoked command in '/home/r1mini/sungsik_ws/build/hrdp_beta_actions' returned '0': CMAKE_PREFIX_PATH=${CMAKE_PREFIX_PATH}:/home/r1mini/sungsik_ws/install/py_pubsub:/home/r1mini/sungsik_ws/install/hrdp_sensors_beta:/home/r1mini/sungsik_ws/install/hrdp_perception_beta:/home/r1mini/sungsik_ws/install/hrdp_human_interface_beta:/home/r1mini/sungsik_ws/install/hrdp_beta_perception:/home/r1mini/sungsik_ws/install/hrdp_actuators_beta:/home/r1mini/ros2_ws/install/omo_r1mini_teleop:/home/r1mini/ros2_ws/install/omo_r1mini_bringup:/opt/ros/foxy /usr/bin/cmake --install /home/r1mini/sungsik_ws/build/hrdp_beta_actions
