[2.570s] DEBUG:colcon:Command line arguments: ['/usr/bin/colcon', 'build', '--packages-select', 'hrdp_perception']
[2.571s] DEBUG:colcon:Parsed command line arguments: Namespace(allow_overriding=[], ament_cmake_args=None, base_paths=['.'], build_base='build', catkin_cmake_args=None, catkin_skip_building_tests=False, cmake_args=None, cmake_clean_cache=False, cmake_clean_first=False, cmake_force_configure=False, cmake_target=None, cmake_target_skip_unavailable=False, continue_on_error=False, event_handlers=None, executor='parallel', ignore_user_meta=False, install_base='install', log_base=None, log_level=None, main=<bound method BuildVerb.main of <colcon_core.verb.build.BuildVerb object at 0x7f8c1464c0>>, merge_install=False, metas=['./colcon.meta'], packages_above=None, packages_above_and_dependencies=None, packages_above_depth=None, packages_end=None, packages_ignore=None, packages_ignore_regex=None, packages_select=['hrdp_perception'], packages_select_build_failed=False, packages_select_by_dep=None, packages_select_regex=None, packages_select_test_failures=False, packages_skip=None, packages_skip_build_finished=False, packages_skip_by_dep=None, packages_skip_regex=None, packages_skip_test_passed=False, packages_skip_up_to=None, packages_start=None, packages_up_to=None, packages_up_to_regex=None, parallel_workers=4, paths=None, symlink_install=False, test_result_base=None, verb_extension=<colcon_core.verb.build.BuildVerb object at 0x7f8c1464c0>, verb_name='build', verb_parser=<colcon_defaults.argument_parser.defaults.DefaultArgumentsDecorator object at 0x7f8c10fac0>)
[3.265s] Level 1:colcon.colcon_core.package_discovery:discover_packages(colcon_meta) check parameters
[3.267s] Level 1:colcon.colcon_core.package_discovery:discover_packages(recursive) check parameters
[3.268s] Level 1:colcon.colcon_core.package_discovery:discover_packages(ignore) check parameters
[3.268s] Level 1:colcon.colcon_core.package_discovery:discover_packages(path) check parameters
[3.268s] Level 1:colcon.colcon_core.package_discovery:discover_packages(colcon_meta) discover
[3.269s] Level 1:colcon.colcon_core.package_discovery:discover_packages(recursive) discover
[3.269s] INFO:colcon.colcon_core.package_discovery:Crawling recursively for packages in '/home/r1mini/sungsik_ws'
[3.270s] Level 1:colcon.colcon_core.package_identification:_identify(.) by extensions ['ignore', 'ignore_ament_install']
[3.271s] Level 1:colcon.colcon_core.package_identification:_identify(.) by extension 'ignore'
[3.272s] Level 1:colcon.colcon_core.package_identification:_identify(.) by extension 'ignore_ament_install'
[3.272s] Level 1:colcon.colcon_core.package_identification:_identify(.) by extensions ['colcon_pkg']
[3.273s] Level 1:colcon.colcon_core.package_identification:_identify(.) by extension 'colcon_pkg'
[3.273s] Level 1:colcon.colcon_core.package_identification:_identify(.) by extensions ['colcon_meta']
[3.273s] Level 1:colcon.colcon_core.package_identification:_identify(.) by extension 'colcon_meta'
[3.274s] Level 1:colcon.colcon_core.package_identification:_identify(.) by extensions ['ros']
[3.274s] Level 1:colcon.colcon_core.package_identification:_identify(.) by extension 'ros'
[3.425s] Level 1:colcon.colcon_core.package_identification:_identify(.) by extensions ['cmake', 'python']
[3.427s] Level 1:colcon.colcon_core.package_identification:_identify(.) by extension 'cmake'
[3.428s] Level 1:colcon.colcon_core.package_identification:_identify(.) by extension 'python'
[3.429s] Level 1:colcon.colcon_core.package_identification:_identify(.) by extensions ['python_setup_py']
[3.430s] Level 1:colcon.colcon_core.package_identification:_identify(.) by extension 'python_setup_py'
[3.432s] Level 1:colcon.colcon_core.package_identification:_identify(build) by extensions ['ignore', 'ignore_ament_install']
[3.433s] Level 1:colcon.colcon_core.package_identification:_identify(build) by extension 'ignore'
[3.434s] Level 1:colcon.colcon_core.package_identification:_identify(build) ignored
[3.436s] Level 1:colcon.colcon_core.package_identification:_identify(install) by extensions ['ignore', 'ignore_ament_install']
[3.439s] Level 1:colcon.colcon_core.package_identification:_identify(install) by extension 'ignore'
[3.440s] Level 1:colcon.colcon_core.package_identification:_identify(install) ignored
[3.441s] Level 1:colcon.colcon_core.package_identification:_identify(log) by extensions ['ignore', 'ignore_ament_install']
[3.442s] Level 1:colcon.colcon_core.package_identification:_identify(log) by extension 'ignore'
[3.443s] Level 1:colcon.colcon_core.package_identification:_identify(log) ignored
[3.445s] Level 1:colcon.colcon_core.package_identification:_identify(src) by extensions ['ignore', 'ignore_ament_install']
[3.446s] Level 1:colcon.colcon_core.package_identification:_identify(src) by extension 'ignore'
[3.447s] Level 1:colcon.colcon_core.package_identification:_identify(src) by extension 'ignore_ament_install'
[3.448s] Level 1:colcon.colcon_core.package_identification:_identify(src) by extensions ['colcon_pkg']
[3.449s] Level 1:colcon.colcon_core.package_identification:_identify(src) by extension 'colcon_pkg'
[3.449s] Level 1:colcon.colcon_core.package_identification:_identify(src) by extensions ['colcon_meta']
[3.450s] Level 1:colcon.colcon_core.package_identification:_identify(src) by extension 'colcon_meta'
[3.451s] Level 1:colcon.colcon_core.package_identification:_identify(src) by extensions ['ros']
[3.451s] Level 1:colcon.colcon_core.package_identification:_identify(src) by extension 'ros'
[3.453s] Level 1:colcon.colcon_core.package_identification:_identify(src) by extensions ['cmake', 'python']
[3.454s] Level 1:colcon.colcon_core.package_identification:_identify(src) by extension 'cmake'
[3.454s] Level 1:colcon.colcon_core.package_identification:_identify(src) by extension 'python'
[3.455s] Level 1:colcon.colcon_core.package_identification:_identify(src) by extensions ['python_setup_py']
[3.456s] Level 1:colcon.colcon_core.package_identification:_identify(src) by extension 'python_setup_py'
[3.457s] Level 1:colcon.colcon_core.package_identification:_identify(src/hrdp_actuators) by extensions ['ignore', 'ignore_ament_install']
[3.459s] Level 1:colcon.colcon_core.package_identification:_identify(src/hrdp_actuators) by extension 'ignore'
[3.460s] Level 1:colcon.colcon_core.package_identification:_identify(src/hrdp_actuators) by extension 'ignore_ament_install'
[3.461s] Level 1:colcon.colcon_core.package_identification:_identify(src/hrdp_actuators) by extensions ['colcon_pkg']
[3.462s] Level 1:colcon.colcon_core.package_identification:_identify(src/hrdp_actuators) by extension 'colcon_pkg'
[3.462s] Level 1:colcon.colcon_core.package_identification:_identify(src/hrdp_actuators) by extensions ['colcon_meta']
[3.463s] Level 1:colcon.colcon_core.package_identification:_identify(src/hrdp_actuators) by extension 'colcon_meta'
[3.464s] Level 1:colcon.colcon_core.package_identification:_identify(src/hrdp_actuators) by extensions ['ros']
[3.464s] Level 1:colcon.colcon_core.package_identification:_identify(src/hrdp_actuators) by extension 'ros'
[3.500s] DEBUG:colcon.colcon_core.package_identification:Package 'src/hrdp_actuators' with type 'ros.ament_cmake' and name 'hrdp_actuators'
[3.502s] Level 1:colcon.colcon_core.package_identification:_identify(src/hrdp_beta) by extensions ['ignore', 'ignore_ament_install']
[3.503s] Level 1:colcon.colcon_core.package_identification:_identify(src/hrdp_beta) by extension 'ignore'
[3.504s] Level 1:colcon.colcon_core.package_identification:_identify(src/hrdp_beta) by extension 'ignore_ament_install'
[3.505s] Level 1:colcon.colcon_core.package_identification:_identify(src/hrdp_beta) by extensions ['colcon_pkg']
[3.505s] Level 1:colcon.colcon_core.package_identification:_identify(src/hrdp_beta) by extension 'colcon_pkg'
[3.506s] Level 1:colcon.colcon_core.package_identification:_identify(src/hrdp_beta) by extensions ['colcon_meta']
[3.506s] Level 1:colcon.colcon_core.package_identification:_identify(src/hrdp_beta) by extension 'colcon_meta'
[3.506s] Level 1:colcon.colcon_core.package_identification:_identify(src/hrdp_beta) by extensions ['ros']
[3.507s] Level 1:colcon.colcon_core.package_identification:_identify(src/hrdp_beta) by extension 'ros'
[3.508s] Level 1:colcon.colcon_core.package_identification:_identify(src/hrdp_beta) by extensions ['cmake', 'python']
[3.508s] Level 1:colcon.colcon_core.package_identification:_identify(src/hrdp_beta) by extension 'cmake'
[3.519s] Level 1:colcon.colcon_core.package_identification:_identify(src/hrdp_beta) by extension 'python'
[3.521s] DEBUG:colcon.colcon_core.package_identification:Package 'src/hrdp_beta' with type 'cmake' and name 'hrdp_beta'
[3.522s] Level 1:colcon.colcon_core.package_identification:_identify(src/hrdp_beta_actions) by extensions ['ignore', 'ignore_ament_install']
[3.524s] Level 1:colcon.colcon_core.package_identification:_identify(src/hrdp_beta_actions) by extension 'ignore'
[3.524s] Level 1:colcon.colcon_core.package_identification:_identify(src/hrdp_beta_actions) by extension 'ignore_ament_install'
[3.525s] Level 1:colcon.colcon_core.package_identification:_identify(src/hrdp_beta_actions) by extensions ['colcon_pkg']
[3.526s] Level 1:colcon.colcon_core.package_identification:_identify(src/hrdp_beta_actions) by extension 'colcon_pkg'
[3.526s] Level 1:colcon.colcon_core.package_identification:_identify(src/hrdp_beta_actions) by extensions ['colcon_meta']
[3.527s] Level 1:colcon.colcon_core.package_identification:_identify(src/hrdp_beta_actions) by extension 'colcon_meta'
[3.528s] Level 1:colcon.colcon_core.package_identification:_identify(src/hrdp_beta_actions) by extensions ['ros']
[3.528s] Level 1:colcon.colcon_core.package_identification:_identify(src/hrdp_beta_actions) by extension 'ros'
[3.538s] DEBUG:colcon.colcon_core.package_identification:Package 'src/hrdp_beta_actions' with type 'ros.ament_cmake' and name 'hrdp_beta_actions'
[3.540s] Level 1:colcon.colcon_core.package_identification:_identify(src/hrdp_human_interfaces) by extensions ['ignore', 'ignore_ament_install']
[3.541s] Level 1:colcon.colcon_core.package_identification:_identify(src/hrdp_human_interfaces) by extension 'ignore'
[3.541s] Level 1:colcon.colcon_core.package_identification:_identify(src/hrdp_human_interfaces) by extension 'ignore_ament_install'
[3.542s] Level 1:colcon.colcon_core.package_identification:_identify(src/hrdp_human_interfaces) by extensions ['colcon_pkg']
[3.542s] Level 1:colcon.colcon_core.package_identification:_identify(src/hrdp_human_interfaces) by extension 'colcon_pkg'
[3.543s] Level 1:colcon.colcon_core.package_identification:_identify(src/hrdp_human_interfaces) by extensions ['colcon_meta']
[3.543s] Level 1:colcon.colcon_core.package_identification:_identify(src/hrdp_human_interfaces) by extension 'colcon_meta'
[3.544s] Level 1:colcon.colcon_core.package_identification:_identify(src/hrdp_human_interfaces) by extensions ['ros']
[3.544s] Level 1:colcon.colcon_core.package_identification:_identify(src/hrdp_human_interfaces) by extension 'ros'
[3.552s] DEBUG:colcon.colcon_core.package_identification:Package 'src/hrdp_human_interfaces' with type 'ros.ament_cmake' and name 'hrdp_human_interfaces'
[3.553s] Level 1:colcon.colcon_core.package_identification:_identify(src/hrdp_perception) by extensions ['ignore', 'ignore_ament_install']
[3.554s] Level 1:colcon.colcon_core.package_identification:_identify(src/hrdp_perception) by extension 'ignore'
[3.555s] Level 1:colcon.colcon_core.package_identification:_identify(src/hrdp_perception) by extension 'ignore_ament_install'
[3.556s] Level 1:colcon.colcon_core.package_identification:_identify(src/hrdp_perception) by extensions ['colcon_pkg']
[3.556s] Level 1:colcon.colcon_core.package_identification:_identify(src/hrdp_perception) by extension 'colcon_pkg'
[3.557s] Level 1:colcon.colcon_core.package_identification:_identify(src/hrdp_perception) by extensions ['colcon_meta']
[3.557s] Level 1:colcon.colcon_core.package_identification:_identify(src/hrdp_perception) by extension 'colcon_meta'
[3.557s] Level 1:colcon.colcon_core.package_identification:_identify(src/hrdp_perception) by extensions ['ros']
[3.557s] Level 1:colcon.colcon_core.package_identification:_identify(src/hrdp_perception) by extension 'ros'
[3.565s] DEBUG:colcon.colcon_core.package_identification:Package 'src/hrdp_perception' with type 'ros.ament_cmake' and name 'hrdp_perception'
[3.567s] Level 1:colcon.colcon_core.package_identification:_identify(src/hrdp_sensors) by extensions ['ignore', 'ignore_ament_install']
[3.568s] Level 1:colcon.colcon_core.package_identification:_identify(src/hrdp_sensors) by extension 'ignore'
[3.569s] Level 1:colcon.colcon_core.package_identification:_identify(src/hrdp_sensors) by extension 'ignore_ament_install'
[3.570s] Level 1:colcon.colcon_core.package_identification:_identify(src/hrdp_sensors) by extensions ['colcon_pkg']
[3.571s] Level 1:colcon.colcon_core.package_identification:_identify(src/hrdp_sensors) by extension 'colcon_pkg'
[3.571s] Level 1:colcon.colcon_core.package_identification:_identify(src/hrdp_sensors) by extensions ['colcon_meta']
[3.572s] Level 1:colcon.colcon_core.package_identification:_identify(src/hrdp_sensors) by extension 'colcon_meta'
[3.573s] Level 1:colcon.colcon_core.package_identification:_identify(src/hrdp_sensors) by extensions ['ros']
[3.573s] Level 1:colcon.colcon_core.package_identification:_identify(src/hrdp_sensors) by extension 'ros'
[3.583s] DEBUG:colcon.colcon_core.package_identification:Package 'src/hrdp_sensors' with type 'ros.ament_cmake' and name 'hrdp_sensors'
[3.584s] Level 1:colcon.colcon_core.package_discovery:discover_packages(recursive) using defaults
[3.585s] Level 1:colcon.colcon_core.package_discovery:discover_packages(ignore) discover
[3.586s] Level 1:colcon.colcon_core.package_discovery:discover_packages(ignore) using defaults
[3.586s] Level 1:colcon.colcon_core.package_discovery:discover_packages(path) discover
[3.587s] Level 1:colcon.colcon_core.package_discovery:discover_packages(path) using defaults
[3.830s] INFO:colcon.colcon_core.package_selection:Skipping not selected package 'hrdp_actuators' in 'src/hrdp_actuators'
[3.831s] INFO:colcon.colcon_core.package_selection:Skipping not selected package 'hrdp_beta_actions' in 'src/hrdp_beta_actions'
[3.832s] INFO:colcon.colcon_core.package_selection:Skipping not selected package 'hrdp_human_interfaces' in 'src/hrdp_human_interfaces'
[3.832s] INFO:colcon.colcon_core.package_selection:Skipping not selected package 'hrdp_sensors' in 'src/hrdp_sensors'
[3.832s] INFO:colcon.colcon_core.package_selection:Skipping not selected package 'hrdp_beta' in 'src/hrdp_beta'
[3.843s] Level 1:colcon.colcon_core.package_discovery:discover_packages(prefix_path) check parameters
[3.844s] Level 1:colcon.colcon_core.package_discovery:discover_packages(prefix_path) discover
[3.885s] DEBUG:colcon.colcon_installed_package_information.package_discovery:Found 6 installed packages in /home/r1mini/sungsik_ws/install
[3.899s] DEBUG:colcon.colcon_installed_package_information.package_discovery:Found 9 installed packages in /home/r1mini/ros2_ws/install
[3.914s] DEBUG:colcon.colcon_installed_package_information.package_discovery:Found 270 installed packages in /opt/ros/foxy
[3.925s] Level 1:colcon.colcon_core.package_discovery:discover_packages(prefix_path) using defaults
[4.866s] Level 5:colcon.colcon_core.verb:set package 'hrdp_perception' build argument 'cmake_args' from command line to 'None'
[4.867s] Level 5:colcon.colcon_core.verb:set package 'hrdp_perception' build argument 'cmake_target' from command line to 'None'
[4.867s] Level 5:colcon.colcon_core.verb:set package 'hrdp_perception' build argument 'cmake_target_skip_unavailable' from command line to 'False'
[4.868s] Level 5:colcon.colcon_core.verb:set package 'hrdp_perception' build argument 'cmake_clean_cache' from command line to 'False'
[4.868s] Level 5:colcon.colcon_core.verb:set package 'hrdp_perception' build argument 'cmake_clean_first' from command line to 'False'
[4.868s] Level 5:colcon.colcon_core.verb:set package 'hrdp_perception' build argument 'cmake_force_configure' from command line to 'False'
[4.869s] Level 5:colcon.colcon_core.verb:set package 'hrdp_perception' build argument 'ament_cmake_args' from command line to 'None'
[4.869s] Level 5:colcon.colcon_core.verb:set package 'hrdp_perception' build argument 'catkin_cmake_args' from command line to 'None'
[4.869s] Level 5:colcon.colcon_core.verb:set package 'hrdp_perception' build argument 'catkin_skip_building_tests' from command line to 'False'
[4.870s] DEBUG:colcon.colcon_core.verb:Building package 'hrdp_perception' with the following arguments: {'ament_cmake_args': None, 'build_base': '/home/r1mini/sungsik_ws/build/hrdp_perception', 'catkin_cmake_args': None, 'catkin_skip_building_tests': False, 'cmake_args': None, 'cmake_clean_cache': False, 'cmake_clean_first': False, 'cmake_force_configure': False, 'cmake_target': None, 'cmake_target_skip_unavailable': False, 'install_base': '/home/r1mini/sungsik_ws/install/hrdp_perception', 'merge_install': False, 'path': '/home/r1mini/sungsik_ws/src/hrdp_perception', 'symlink_install': False, 'test_result_base': None}
[4.877s] INFO:colcon.colcon_core.executor:Executing jobs using 'parallel' executor
[4.923s] DEBUG:colcon.colcon_parallel_executor.executor.parallel:run_until_complete
[4.926s] INFO:colcon.colcon_ros.task.ament_cmake.build:Building ROS package in '/home/r1mini/sungsik_ws/src/hrdp_perception' with build type 'ament_cmake'
[4.928s] INFO:colcon.colcon_cmake.task.cmake.build:Building CMake package in '/home/r1mini/sungsik_ws/src/hrdp_perception'
[5.026s] INFO:colcon.colcon_core.plugin_system:Skipping extension 'colcon_core.shell.bat': Not used on non-Windows systems
[5.029s] INFO:colcon.colcon_core.shell:Skip shell extension 'powershell' for command environment: Not usable outside of PowerShell
[5.031s] DEBUG:colcon.colcon_core.shell:Skip shell extension 'dsv' for command environment
[5.252s] DEBUG:colcon.colcon_core.event_handler.log_command:Invoking command in '/home/r1mini/sungsik_ws/build/hrdp_perception': CMAKE_PREFIX_PATH=/home/r1mini/sungsik_ws/install/hrdp_beta_actions:/home/r1mini/sungsik_ws/install/hrdp_sensors:/home/r1mini/sungsik_ws/install/hrdp_perception:/home/r1mini/sungsik_ws/install/hrdp_human_interfaces:/home/r1mini/sungsik_ws/install/hrdp_beta:/home/r1mini/sungsik_ws/install/hrdp_actuators:/home/r1mini/ros2_ws/install/ydlidar_sdk:/home/r1mini/ros2_ws/install/ydlidar_ros2_driver:/home/r1mini/ros2_ws/install/omo_r1mini:/home/r1mini/ros2_ws/install/omo_r1mini_navigation2:/home/r1mini/ros2_ws/install/omo_r1mini_gazebo:/home/r1mini/ros2_ws/install/omo_r1mini_description:/home/r1mini/ros2_ws/install/omo_r1mini_cartographer:/home/r1mini/ros2_ws/install/omo_r1mini_teleop:/home/r1mini/ros2_ws/install/omo_r1mini_bringup:/opt/ros/foxy /usr/bin/cmake --build /home/r1mini/sungsik_ws/build/hrdp_perception -- -j4 -l4
[12.124s] DEBUG:colcon.colcon_core.event_handler.log_command:Invoked command in '/home/r1mini/sungsik_ws/build/hrdp_perception' returned '2': CMAKE_PREFIX_PATH=/home/r1mini/sungsik_ws/install/hrdp_beta_actions:/home/r1mini/sungsik_ws/install/hrdp_sensors:/home/r1mini/sungsik_ws/install/hrdp_perception:/home/r1mini/sungsik_ws/install/hrdp_human_interfaces:/home/r1mini/sungsik_ws/install/hrdp_beta:/home/r1mini/sungsik_ws/install/hrdp_actuators:/home/r1mini/ros2_ws/install/ydlidar_sdk:/home/r1mini/ros2_ws/install/ydlidar_ros2_driver:/home/r1mini/ros2_ws/install/omo_r1mini:/home/r1mini/ros2_ws/install/omo_r1mini_navigation2:/home/r1mini/ros2_ws/install/omo_r1mini_gazebo:/home/r1mini/ros2_ws/install/omo_r1mini_description:/home/r1mini/ros2_ws/install/omo_r1mini_cartographer:/home/r1mini/ros2_ws/install/omo_r1mini_teleop:/home/r1mini/ros2_ws/install/omo_r1mini_bringup:/opt/ros/foxy /usr/bin/cmake --build /home/r1mini/sungsik_ws/build/hrdp_perception -- -j4 -l4
[12.347s] Level 1:colcon.colcon_core.environment:create_environment_scripts_only(hrdp_perception)
[12.438s] Level 1:colcon.colcon_core.environment:checking '/home/r1mini/sungsik_ws/install/hrdp_perception' for CMake module files
[12.444s] Level 1:colcon.colcon_core.environment:checking '/home/r1mini/sungsik_ws/install/hrdp_perception' for CMake config files
[12.446s] Level 1:colcon.colcon_core.shell:create_environment_hook('hrdp_perception', 'cmake_prefix_path')
[12.463s] INFO:colcon.colcon_core.shell:Creating environment hook '/home/r1mini/sungsik_ws/install/hrdp_perception/share/hrdp_perception/hook/cmake_prefix_path.ps1'
[12.473s] INFO:colcon.colcon_core.shell:Creating environment descriptor '/home/r1mini/sungsik_ws/install/hrdp_perception/share/hrdp_perception/hook/cmake_prefix_path.dsv'
[12.480s] INFO:colcon.colcon_core.shell:Creating environment hook '/home/r1mini/sungsik_ws/install/hrdp_perception/share/hrdp_perception/hook/cmake_prefix_path.sh'
[12.490s] Level 1:colcon.colcon_core.environment:checking '/home/r1mini/sungsik_ws/install/hrdp_perception/bin'
[12.492s] Level 1:colcon.colcon_core.environment:checking '/home/r1mini/sungsik_ws/install/hrdp_perception/lib/pkgconfig/hrdp_perception.pc'
[12.494s] Level 1:colcon.colcon_core.environment:checking '/home/r1mini/sungsik_ws/install/hrdp_perception/lib/python3.8/site-packages'
[12.495s] Level 1:colcon.colcon_core.environment:checking '/home/r1mini/sungsik_ws/install/hrdp_perception/bin'
[12.519s] INFO:colcon.colcon_core.shell:Creating package script '/home/r1mini/sungsik_ws/install/hrdp_perception/share/hrdp_perception/package.ps1'
[12.536s] INFO:colcon.colcon_core.shell:Creating package descriptor '/home/r1mini/sungsik_ws/install/hrdp_perception/share/hrdp_perception/package.dsv'
[12.544s] INFO:colcon.colcon_core.shell:Creating package script '/home/r1mini/sungsik_ws/install/hrdp_perception/share/hrdp_perception/package.sh'
[12.552s] INFO:colcon.colcon_core.shell:Creating package script '/home/r1mini/sungsik_ws/install/hrdp_perception/share/hrdp_perception/package.bash'
[12.560s] INFO:colcon.colcon_core.shell:Creating package script '/home/r1mini/sungsik_ws/install/hrdp_perception/share/hrdp_perception/package.zsh'
[12.569s] Level 1:colcon.colcon_core.environment:create_file_with_runtime_dependencies(/home/r1mini/sungsik_ws/install/hrdp_perception/share/colcon-core/packages/hrdp_perception)
[12.574s] DEBUG:colcon.colcon_parallel_executor.executor.parallel:closing loop
[12.576s] DEBUG:colcon.colcon_parallel_executor.executor.parallel:loop closed
[12.578s] DEBUG:colcon.colcon_parallel_executor.executor.parallel:run_until_complete finished with '2'
[12.579s] DEBUG:colcon.colcon_core.event_reactor:joining thread
[12.760s] INFO:colcon.colcon_core.plugin_system:Skipping extension 'colcon_notification.desktop_notification.terminal_notifier': Not used on non-Darwin systems
[12.762s] INFO:colcon.colcon_core.plugin_system:Skipping extension 'colcon_notification.desktop_notification.win32': Not used on non-Windows systems
[12.763s] INFO:colcon.colcon_notification.desktop_notification:Sending desktop notification using 'notify2'
[12.805s] DEBUG:colcon.colcon_core.event_reactor:joined thread
[12.839s] INFO:colcon.colcon_core.shell:Creating prefix script '/home/r1mini/sungsik_ws/install/local_setup.ps1'
[12.854s] INFO:colcon.colcon_core.shell:Creating prefix util module '/home/r1mini/sungsik_ws/install/_local_setup_util_ps1.py'
[12.871s] INFO:colcon.colcon_core.shell:Creating prefix chain script '/home/r1mini/sungsik_ws/install/setup.ps1'
[12.900s] INFO:colcon.colcon_core.shell:Creating prefix script '/home/r1mini/sungsik_ws/install/local_setup.sh'
[12.917s] INFO:colcon.colcon_core.shell:Creating prefix util module '/home/r1mini/sungsik_ws/install/_local_setup_util_sh.py'
[12.925s] INFO:colcon.colcon_core.shell:Creating prefix chain script '/home/r1mini/sungsik_ws/install/setup.sh'
[12.952s] INFO:colcon.colcon_core.shell:Creating prefix script '/home/r1mini/sungsik_ws/install/local_setup.bash'
[12.962s] INFO:colcon.colcon_core.shell:Creating prefix chain script '/home/r1mini/sungsik_ws/install/setup.bash'
[12.991s] INFO:colcon.colcon_core.shell:Creating prefix script '/home/r1mini/sungsik_ws/install/local_setup.zsh'
[13.000s] INFO:colcon.colcon_core.shell:Creating prefix chain script '/home/r1mini/sungsik_ws/install/setup.zsh'
