[7.936s] Invoking command in '/home/r1mini/sungsik_ws/src/hrdp_beta_perception': CMAKE_PREFIX_PATH=/home/r1mini/sungsik_ws/install/hrdp_beta_actions:/home/r1mini/sungsik_ws/install/hrdp_sensors:/home/r1mini/sungsik_ws/install/hrdp_perception:/home/r1mini/sungsik_ws/install/hrdp_human_interfaces:/home/r1mini/sungsik_ws/install/hrdp_beta:/home/r1mini/sungsik_ws/install/hrdp_actuators:/home/r1mini/ros2_ws/install/ydlidar_sdk:/home/r1mini/ros2_ws/install/ydlidar_ros2_driver:/home/r1mini/ros2_ws/install/omo_r1mini:/home/r1mini/ros2_ws/install/omo_r1mini_navigation2:/home/r1mini/ros2_ws/install/omo_r1mini_gazebo:/home/r1mini/ros2_ws/install/omo_r1mini_description:/home/r1mini/ros2_ws/install/omo_r1mini_cartographer LD_LIBRARY_PATH=/home/r1mini/sungsik_ws/install/hrdp_beta_actions/lib:/usr/local/cuda/lib64:/usr/lib/aarch64-linux-gnu/gazebo-11/plugins:/opt/ros/foxy/opt/yaml_cpp_vendor/lib:/opt/ros/foxy/opt/rviz_ogre_vendor/lib:/opt/ros/foxy/lib/aarch64-linux-gnu:/opt/ros/foxy/lib PYTHONPATH=/home/r1mini/sungsik_ws/build/hrdp_beta_perception/prefix_override:/home/r1mini/sungsik_ws/install/hrdp_beta_perception/lib/python3.8/site-packages:/home/r1mini/sungsik_ws/install/hrdp_beta_actions/lib/python3.8/site-packages:/home/r1mini/sungsik_ws/install/hrdp_perception/lib/python3.8/site-packages:/home/r1mini/ros2_ws/build/omo_r1mini_teleop:/home/r1mini/ros2_ws/install/omo_r1mini_teleop/lib/python3.8/site-packages:/home/r1mini/ros2_ws/build/omo_r1mini_bringup:/home/r1mini/ros2_ws/install/omo_r1mini_bringup/lib/python3.8/site-packages:/opt/ros/foxy/lib/python3.8/site-packages /usr/bin/python3 setup.py egg_info --egg-base ../../build/hrdp_beta_perception build --build-base /home/r1mini/sungsik_ws/build/hrdp_beta_perception/build install --record /home/r1mini/sungsik_ws/build/hrdp_beta_perception/install.log --single-version-externally-managed
[10.096s] running egg_info
[10.101s] writing ../../build/hrdp_beta_perception/hrdp_beta_perception.egg-info/PKG-INFO
[10.105s] writing dependency_links to ../../build/hrdp_beta_perception/hrdp_beta_perception.egg-info/dependency_links.txt
[10.106s] writing entry points to ../../build/hrdp_beta_perception/hrdp_beta_perception.egg-info/entry_points.txt
[10.107s] writing requirements to ../../build/hrdp_beta_perception/hrdp_beta_perception.egg-info/requires.txt
[10.108s] writing top-level names to ../../build/hrdp_beta_perception/hrdp_beta_perception.egg-info/top_level.txt
[10.152s] reading manifest file '../../build/hrdp_beta_perception/hrdp_beta_perception.egg-info/SOURCES.txt'
[10.161s] writing manifest file '../../build/hrdp_beta_perception/hrdp_beta_perception.egg-info/SOURCES.txt'
[10.162s] running build
[10.163s] running build_py
[10.164s] copying hrdp_beta_perception/__init__.py -> /home/r1mini/sungsik_ws/build/hrdp_beta_perception/build/lib/hrdp_beta_perception
[10.165s] copying hrdp_beta_perception/perception.py -> /home/r1mini/sungsik_ws/build/hrdp_beta_perception/build/lib/hrdp_beta_perception
[10.166s] running install
[10.174s] running install_lib
[10.181s] copying /home/r1mini/sungsik_ws/build/hrdp_beta_perception/build/lib/hrdp_beta_perception/__init__.py -> /home/r1mini/sungsik_ws/install/hrdp_beta_perception/lib/python3.8/site-packages/hrdp_beta_perception
[10.182s] copying /home/r1mini/sungsik_ws/build/hrdp_beta_perception/build/lib/hrdp_beta_perception/perception.py -> /home/r1mini/sungsik_ws/install/hrdp_beta_perception/lib/python3.8/site-packages/hrdp_beta_perception
[10.187s] byte-compiling /home/r1mini/sungsik_ws/install/hrdp_beta_perception/lib/python3.8/site-packages/hrdp_beta_perception/__init__.py to __init__.cpython-38.pyc
[10.190s] byte-compiling /home/r1mini/sungsik_ws/install/hrdp_beta_perception/lib/python3.8/site-packages/hrdp_beta_perception/perception.py to perception.cpython-38.pyc
[10.191s] running install_data
[10.197s] copying package.xml -> /home/r1mini/sungsik_ws/install/hrdp_beta_perception/share/hrdp_beta_perception
[10.198s] running install_egg_info
[10.212s] removing '/home/r1mini/sungsik_ws/install/hrdp_beta_perception/lib/python3.8/site-packages/hrdp_beta_perception-0.0.0-py3.8.egg-info' (and everything under it)
[10.214s] Copying ../../build/hrdp_beta_perception/hrdp_beta_perception.egg-info to /home/r1mini/sungsik_ws/install/hrdp_beta_perception/lib/python3.8/site-packages/hrdp_beta_perception-0.0.0-py3.8.egg-info
[10.226s] running install_scripts
[10.410s] Installing face_detection script to /home/r1mini/sungsik_ws/install/hrdp_beta_perception/lib/hrdp_beta_perception
[10.415s] writing list of installed files to '/home/r1mini/sungsik_ws/build/hrdp_beta_perception/install.log'
[10.827s] Invoked command in '/home/r1mini/sungsik_ws/src/hrdp_beta_perception' returned '0': CMAKE_PREFIX_PATH=/home/r1mini/sungsik_ws/install/hrdp_beta_actions:/home/r1mini/sungsik_ws/install/hrdp_sensors:/home/r1mini/sungsik_ws/install/hrdp_perception:/home/r1mini/sungsik_ws/install/hrdp_human_interfaces:/home/r1mini/sungsik_ws/install/hrdp_beta:/home/r1mini/sungsik_ws/install/hrdp_actuators:/home/r1mini/ros2_ws/install/ydlidar_sdk:/home/r1mini/ros2_ws/install/ydlidar_ros2_driver:/home/r1mini/ros2_ws/install/omo_r1mini:/home/r1mini/ros2_ws/install/omo_r1mini_navigation2:/home/r1mini/ros2_ws/install/omo_r1mini_gazebo:/home/r1mini/ros2_ws/install/omo_r1mini_description:/home/r1mini/ros2_ws/install/omo_r1mini_cartographer LD_LIBRARY_PATH=/home/r1mini/sungsik_ws/install/hrdp_beta_actions/lib:/usr/local/cuda/lib64:/usr/lib/aarch64-linux-gnu/gazebo-11/plugins:/opt/ros/foxy/opt/yaml_cpp_vendor/lib:/opt/ros/foxy/opt/rviz_ogre_vendor/lib:/opt/ros/foxy/lib/aarch64-linux-gnu:/opt/ros/foxy/lib PYTHONPATH=/home/r1mini/sungsik_ws/build/hrdp_beta_perception/prefix_override:/home/r1mini/sungsik_ws/install/hrdp_beta_perception/lib/python3.8/site-packages:/home/r1mini/sungsik_ws/install/hrdp_beta_actions/lib/python3.8/site-packages:/home/r1mini/sungsik_ws/install/hrdp_perception/lib/python3.8/site-packages:/home/r1mini/ros2_ws/build/omo_r1mini_teleop:/home/r1mini/ros2_ws/install/omo_r1mini_teleop/lib/python3.8/site-packages:/home/r1mini/ros2_ws/build/omo_r1mini_bringup:/home/r1mini/ros2_ws/install/omo_r1mini_bringup/lib/python3.8/site-packages:/opt/ros/foxy/lib/python3.8/site-packages /usr/bin/python3 setup.py egg_info --egg-base ../../build/hrdp_beta_perception build --build-base /home/r1mini/sungsik_ws/build/hrdp_beta_perception/build install --record /home/r1mini/sungsik_ws/build/hrdp_beta_perception/install.log --single-version-externally-managed
