[0.540s] Invoking command in '/home/r1mini/sungsik_ws/build/hrdp_beta': CMAKE_PREFIX_PATH=${CMAKE_PREFIX_PATH}:/home/r1mini/ros2_ws/install/omo_r1mini_teleop:/home/r1mini/ros2_ws/install/omo_r1mini_bringup:/opt/ros/foxy /usr/bin/cmake --build /home/r1mini/sungsik_ws/build/hrdp_beta -- -j4 -l4
[1.079s] Invoked command in '/home/r1mini/sungsik_ws/build/hrdp_beta' returned '0': CMAKE_PREFIX_PATH=${CMAKE_PREFIX_PATH}:/home/r1mini/ros2_ws/install/omo_r1mini_teleop:/home/r1mini/ros2_ws/install/omo_r1mini_bringup:/opt/ros/foxy /usr/bin/cmake --build /home/r1mini/sungsik_ws/build/hrdp_beta -- -j4 -l4
[1.751s] Invoking command in '/home/r1mini/sungsik_ws/build/hrdp_beta': CMAKE_PREFIX_PATH=${CMAKE_PREFIX_PATH}:/home/r1mini/ros2_ws/install/omo_r1mini_teleop:/home/r1mini/ros2_ws/install/omo_r1mini_bringup:/opt/ros/foxy /usr/bin/cmake --install /home/r1mini/sungsik_ws/build/hrdp_beta
[1.916s] -- Install configuration: ""
[1.939s] -- Up-to-date: /home/r1mini/sungsik_ws/install/hrdp_beta/share/ament_index/resource_index/package_run_dependencies/hrdp_beta
[1.954s] -- Up-to-date: /home/r1mini/sungsik_ws/install/hrdp_beta/share/ament_index/resource_index/parent_prefix_path/hrdp_beta
[1.963s] -- Up-to-date: /home/r1mini/sungsik_ws/install/hrdp_beta/share/hrdp_beta/environment/ament_prefix_path.sh
[1.967s] -- Up-to-date: /home/r1mini/sungsik_ws/install/hrdp_beta/share/hrdp_beta/environment/ament_prefix_path.dsv
[1.970s] -- Up-to-date: /home/r1mini/sungsik_ws/install/hrdp_beta/share/hrdp_beta/environment/path.sh
[1.972s] -- Up-to-date: /home/r1mini/sungsik_ws/install/hrdp_beta/share/hrdp_beta/environment/path.dsv
[1.973s] -- Up-to-date: /home/r1mini/sungsik_ws/install/hrdp_beta/share/hrdp_beta/local_setup.bash
[1.975s] -- Up-to-date: /home/r1mini/sungsik_ws/install/hrdp_beta/share/hrdp_beta/local_setup.sh
[1.976s] -- Up-to-date: /home/r1mini/sungsik_ws/install/hrdp_beta/share/hrdp_beta/local_setup.zsh
[1.978s] -- Up-to-date: /home/r1mini/sungsik_ws/install/hrdp_beta/share/hrdp_beta/local_setup.dsv
[1.979s] -- Installing: /home/r1mini/sungsik_ws/install/hrdp_beta/share/hrdp_beta/package.dsv
[1.980s] -- Up-to-date: /home/r1mini/sungsik_ws/install/hrdp_beta/share/ament_index/resource_index/packages/hrdp_beta
[1.981s] -- Up-to-date: /home/r1mini/sungsik_ws/install/hrdp_beta/share/hrdp_beta/cmake/hrdp_betaConfig.cmake
[1.982s] -- Up-to-date: /home/r1mini/sungsik_ws/install/hrdp_beta/share/hrdp_beta/cmake/hrdp_betaConfig-version.cmake
[1.984s] -- Up-to-date: /home/r1mini/sungsik_ws/install/hrdp_beta/share/hrdp_beta/package.xml
[2.014s] Invoked command in '/home/r1mini/sungsik_ws/build/hrdp_beta' returned '0': CMAKE_PREFIX_PATH=${CMAKE_PREFIX_PATH}:/home/r1mini/ros2_ws/install/omo_r1mini_teleop:/home/r1mini/ros2_ws/install/omo_r1mini_bringup:/opt/ros/foxy /usr/bin/cmake --install /home/r1mini/sungsik_ws/build/hrdp_beta
