[0.783s] Invoking command in '/home/r1mini/sungsik_ws/build/hrdp_human_interfaces': CMAKE_PREFIX_PATH=${CMAKE_PREFIX_PATH}:/home/r1mini/sungsik_ws/install/py_pubsub:/home/r1mini/sungsik_ws/install/hrdp_perception_beta:/home/r1mini/sungsik_ws/install/hrdp_beta_perception:/home/r1mini/ros2_ws/install/omo_r1mini_teleop:/home/r1mini/ros2_ws/install/omo_r1mini_bringup:/opt/ros/foxy /usr/bin/cmake /home/r1mini/sungsik_ws/src/hrdp_human_interfaces -DAMENT_CMAKE_SYMLINK_INSTALL=1 -DCMAKE_INSTALL_PREFIX=/home/r1mini/sungsik_ws/install/hrdp_human_interfaces
[1.126s] -- Found ament_cmake: 0.9.11 (/opt/ros/foxy/share/ament_cmake/cmake)
[2.311s] -- Using PYTHON_EXECUTABLE: /usr/bin/python3
[7.792s] -- Override CMake install command with custom implementation using symlinks instead of copying resources
[8.000s] -- Found rclpy: 1.0.11 (/opt/ros/foxy/share/rclpy/cmake)
[8.004s] -- Found ament_lint_auto: 0.9.7 (/opt/ros/foxy/share/ament_lint_auto/cmake)
[9.577s] -- Added test 'copyright' to check source files copyright and LICENSE
[9.687s] -- Added test 'flake8' to check Python code syntax and style conventions
[9.715s] -- Added test 'lint_cmake' to check CMake code style
[9.730s] -- Added test 'pep257' to check Python code against some of the style conventions in PEP 257
[9.769s] -- Added test 'xmllint' to check XML markup files
[9.796s] -- Configuring done
[9.868s] -- Generating done
[9.890s] -- Build files have been written to: /home/r1mini/sungsik_ws/build/hrdp_human_interfaces
[10.196s] Invoked command in '/home/r1mini/sungsik_ws/build/hrdp_human_interfaces' returned '0': CMAKE_PREFIX_PATH=${CMAKE_PREFIX_PATH}:/home/r1mini/sungsik_ws/install/py_pubsub:/home/r1mini/sungsik_ws/install/hrdp_perception_beta:/home/r1mini/sungsik_ws/install/hrdp_beta_perception:/home/r1mini/ros2_ws/install/omo_r1mini_teleop:/home/r1mini/ros2_ws/install/omo_r1mini_bringup:/opt/ros/foxy /usr/bin/cmake /home/r1mini/sungsik_ws/src/hrdp_human_interfaces -DAMENT_CMAKE_SYMLINK_INSTALL=1 -DCMAKE_INSTALL_PREFIX=/home/r1mini/sungsik_ws/install/hrdp_human_interfaces
[10.245s] Invoking command in '/home/r1mini/sungsik_ws/build/hrdp_human_interfaces': CMAKE_PREFIX_PATH=${CMAKE_PREFIX_PATH}:/home/r1mini/sungsik_ws/install/py_pubsub:/home/r1mini/sungsik_ws/install/hrdp_perception_beta:/home/r1mini/sungsik_ws/install/hrdp_beta_perception:/home/r1mini/ros2_ws/install/omo_r1mini_teleop:/home/r1mini/ros2_ws/install/omo_r1mini_bringup:/opt/ros/foxy /usr/bin/cmake --build /home/r1mini/sungsik_ws/build/hrdp_human_interfaces -- -j4 -l4
[11.411s] Invoked command in '/home/r1mini/sungsik_ws/build/hrdp_human_interfaces' returned '0': CMAKE_PREFIX_PATH=${CMAKE_PREFIX_PATH}:/home/r1mini/sungsik_ws/install/py_pubsub:/home/r1mini/sungsik_ws/install/hrdp_perception_beta:/home/r1mini/sungsik_ws/install/hrdp_beta_perception:/home/r1mini/ros2_ws/install/omo_r1mini_teleop:/home/r1mini/ros2_ws/install/omo_r1mini_bringup:/opt/ros/foxy /usr/bin/cmake --build /home/r1mini/sungsik_ws/build/hrdp_human_interfaces -- -j4 -l4
[12.207s] Invoking command in '/home/r1mini/sungsik_ws/build/hrdp_human_interfaces': CMAKE_PREFIX_PATH=${CMAKE_PREFIX_PATH}:/home/r1mini/sungsik_ws/install/py_pubsub:/home/r1mini/sungsik_ws/install/hrdp_perception_beta:/home/r1mini/sungsik_ws/install/hrdp_beta_perception:/home/r1mini/ros2_ws/install/omo_r1mini_teleop:/home/r1mini/ros2_ws/install/omo_r1mini_bringup:/opt/ros/foxy /usr/bin/cmake --install /home/r1mini/sungsik_ws/build/hrdp_human_interfaces
[12.422s] -- Install configuration: ""
[12.426s] -- Execute custom install script
[12.435s] -- Symlinking: /home/r1mini/sungsik_ws/install/hrdp_human_interfaces/share/ament_index/resource_index/package_run_dependencies/hrdp_human_interfaces
[12.673s] -- Symlinking: /home/r1mini/sungsik_ws/install/hrdp_human_interfaces/share/ament_index/resource_index/parent_prefix_path/hrdp_human_interfaces
[12.906s] -- Symlinking: /home/r1mini/sungsik_ws/install/hrdp_human_interfaces/share/hrdp_human_interfaces/environment/ament_prefix_path.sh
[13.139s] -- Symlinking: /home/r1mini/sungsik_ws/install/hrdp_human_interfaces/share/hrdp_human_interfaces/environment/ament_prefix_path.dsv
[13.316s] -- Symlinking: /home/r1mini/sungsik_ws/install/hrdp_human_interfaces/share/hrdp_human_interfaces/environment/path.sh
[13.442s] -- Symlinking: /home/r1mini/sungsik_ws/install/hrdp_human_interfaces/share/hrdp_human_interfaces/environment/path.dsv
[13.566s] -- Symlinking: /home/r1mini/sungsik_ws/install/hrdp_human_interfaces/share/hrdp_human_interfaces/local_setup.bash
[13.854s] -- Symlinking: /home/r1mini/sungsik_ws/install/hrdp_human_interfaces/share/hrdp_human_interfaces/local_setup.sh
[14.190s] -- Symlinking: /home/r1mini/sungsik_ws/install/hrdp_human_interfaces/share/hrdp_human_interfaces/local_setup.zsh
[14.397s] -- Symlinking: /home/r1mini/sungsik_ws/install/hrdp_human_interfaces/share/hrdp_human_interfaces/local_setup.dsv
[14.674s] -- Symlinking: /home/r1mini/sungsik_ws/install/hrdp_human_interfaces/share/hrdp_human_interfaces/package.dsv
[14.975s] -- Symlinking: /home/r1mini/sungsik_ws/install/hrdp_human_interfaces/share/ament_index/resource_index/packages/hrdp_human_interfaces
[15.195s] -- Symlinking: /home/r1mini/sungsik_ws/install/hrdp_human_interfaces/share/hrdp_human_interfaces/cmake/hrdp_human_interfacesConfig.cmake
[15.448s] -- Symlinking: /home/r1mini/sungsik_ws/install/hrdp_human_interfaces/share/hrdp_human_interfaces/cmake/hrdp_human_interfacesConfig-version.cmake
[15.666s] -- Symlinking: /home/r1mini/sungsik_ws/install/hrdp_human_interfaces/share/hrdp_human_interfaces/package.xml
[15.884s] Invoked command in '/home/r1mini/sungsik_ws/build/hrdp_human_interfaces' returned '0': CMAKE_PREFIX_PATH=${CMAKE_PREFIX_PATH}:/home/r1mini/sungsik_ws/install/py_pubsub:/home/r1mini/sungsik_ws/install/hrdp_perception_beta:/home/r1mini/sungsik_ws/install/hrdp_beta_perception:/home/r1mini/ros2_ws/install/omo_r1mini_teleop:/home/r1mini/ros2_ws/install/omo_r1mini_bringup:/opt/ros/foxy /usr/bin/cmake --install /home/r1mini/sungsik_ws/build/hrdp_human_interfaces
