[0.767s] Invoking command in '/home/r1mini/sungsik_ws/build/hrdp_actuators': CMAKE_PREFIX_PATH=${CMAKE_PREFIX_PATH}:/home/r1mini/ros2_ws/install/omo_r1mini_teleop:/home/r1mini/ros2_ws/install/omo_r1mini_bringup:/opt/ros/foxy /usr/bin/cmake --build /home/r1mini/sungsik_ws/build/hrdp_actuators -- -j4 -l4
[1.426s] Invoked command in '/home/r1mini/sungsik_ws/build/hrdp_actuators' returned '0': CMAKE_PREFIX_PATH=${CMAKE_PREFIX_PATH}:/home/r1mini/ros2_ws/install/omo_r1mini_teleop:/home/r1mini/ros2_ws/install/omo_r1mini_bringup:/opt/ros/foxy /usr/bin/cmake --build /home/r1mini/sungsik_ws/build/hrdp_actuators -- -j4 -l4
[2.250s] Invoking command in '/home/r1mini/sungsik_ws/build/hrdp_actuators': CMAKE_PREFIX_PATH=${CMAKE_PREFIX_PATH}:/home/r1mini/ros2_ws/install/omo_r1mini_teleop:/home/r1mini/ros2_ws/install/omo_r1mini_bringup:/opt/ros/foxy /usr/bin/cmake --install /home/r1mini/sungsik_ws/build/hrdp_actuators
[2.484s] -- Install configuration: ""
[2.492s] -- Up-to-date: /home/r1mini/sungsik_ws/install/hrdp_actuators/share/ament_index/resource_index/package_run_dependencies/hrdp_actuators
[2.501s] -- Up-to-date: /home/r1mini/sungsik_ws/install/hrdp_actuators/share/ament_index/resource_index/parent_prefix_path/hrdp_actuators
[2.546s] -- Up-to-date: /home/r1mini/sungsik_ws/install/hrdp_actuators/share/hrdp_actuators/environment/ament_prefix_path.sh
[2.574s] -- Up-to-date: /home/r1mini/sungsik_ws/install/hrdp_actuators/share/hrdp_actuators/environment/ament_prefix_path.dsv
[2.577s] -- Up-to-date: /home/r1mini/sungsik_ws/install/hrdp_actuators/share/hrdp_actuators/environment/path.sh
[2.586s] -- Up-to-date: /home/r1mini/sungsik_ws/install/hrdp_actuators/share/hrdp_actuators/environment/path.dsv
[2.589s] -- Up-to-date: /home/r1mini/sungsik_ws/install/hrdp_actuators/share/hrdp_actuators/local_setup.bash
[2.591s] -- Up-to-date: /home/r1mini/sungsik_ws/install/hrdp_actuators/share/hrdp_actuators/local_setup.sh
[2.609s] -- Up-to-date: /home/r1mini/sungsik_ws/install/hrdp_actuators/share/hrdp_actuators/local_setup.zsh
[2.613s] -- Up-to-date: /home/r1mini/sungsik_ws/install/hrdp_actuators/share/hrdp_actuators/local_setup.dsv
[2.616s] -- Installing: /home/r1mini/sungsik_ws/install/hrdp_actuators/share/hrdp_actuators/package.dsv
[2.642s] -- Up-to-date: /home/r1mini/sungsik_ws/install/hrdp_actuators/share/ament_index/resource_index/packages/hrdp_actuators
[2.649s] -- Up-to-date: /home/r1mini/sungsik_ws/install/hrdp_actuators/share/hrdp_actuators/cmake/hrdp_actuatorsConfig.cmake
[2.707s] -- Up-to-date: /home/r1mini/sungsik_ws/install/hrdp_actuators/share/hrdp_actuators/cmake/hrdp_actuatorsConfig-version.cmake
[2.717s] -- Up-to-date: /home/r1mini/sungsik_ws/install/hrdp_actuators/share/hrdp_actuators/package.xml
[2.798s] Invoked command in '/home/r1mini/sungsik_ws/build/hrdp_actuators' returned '0': CMAKE_PREFIX_PATH=${CMAKE_PREFIX_PATH}:/home/r1mini/ros2_ws/install/omo_r1mini_teleop:/home/r1mini/ros2_ws/install/omo_r1mini_bringup:/opt/ros/foxy /usr/bin/cmake --install /home/r1mini/sungsik_ws/build/hrdp_actuators
