-- Found ament_cmake: 0.9.11 (/opt/ros/foxy/share/ament_cmake/cmake)
-- Found PythonInterp: /usr/bin/python3 (found suitable version "3.8.10", minimum required is "3") 
-- Using PYTHON_EXECUTABLE: /usr/bin/python3
-- Found rosidl_default_generators: 1.0.1 (/opt/ros/foxy/share/rosidl_default_generators/cmake)
-- Using all available rosidl_typesupport_c: rosidl_typesupport_fastrtps_c;rosidl_typesupport_introspection_c
-- Found rosidl_adapter: 1.3.0 (/opt/ros/foxy/share/rosidl_adapter/cmake)
-- Using all available rosidl_typesupport_cpp: rosidl_typesupport_fastrtps_cpp;rosidl_typesupport_introspection_cpp
-- Found PythonInterp: /usr/bin/python3 (found version "3.8.10") 
-- Found ament_cmake_ros: 0.9.2 (/opt/ros/foxy/share/ament_cmake_ros/cmake)
-- Using all available rosidl_typesupport_c: rosidl_typesupport_fastrtps_c;rosidl_typesupport_introspection_c
-- Using all available rosidl_typesupport_cpp: rosidl_typesupport_fastrtps_cpp;rosidl_typesupport_introspection_cpp
-- Found PythonInterp: /usr/bin/python3 (found suitable version "3.8.10", minimum required is "3.5") 
-- Found python_cmake_module: 0.8.1 (/opt/ros/foxy/share/python_cmake_module/cmake)
-- Using PYTHON_EXECUTABLE: /usr/bin/python3
-- Using PYTHON_INCLUDE_DIRS: /usr/include/python3.8
-- Using PYTHON_LIBRARIES: /usr/lib/aarch64-linux-gnu/libpython3.8.so
-- Found ament_lint_auto: 0.9.7 (/opt/ros/foxy/share/ament_lint_auto/cmake)
-- Added test 'copyright' to check source files copyright and LICENSE
-- Added test 'lint_cmake' to check CMake code style
-- Added test 'xmllint' to check XML markup files
-- Configuring done
-- Generating done
-- Build files have been written to: /home/r1mini/sungsik_ws/build/hrdp_beta_actions
[  3%] [34m[1mGenerating C++ code for ROS interfaces[0m
[  3%] Built target hrdp_beta_actions__cpp
[  6%] [34m[1mGenerating C code for ROS interfaces[0m
[35m[1mScanning dependencies of target hrdp_beta_actions__rosidl_generator_c[0m
[  9%] [32mBuilding C object CMakeFiles/hrdp_beta_actions__rosidl_generator_c.dir/rosidl_generator_c/hrdp_beta_actions/action/detail/rgb_frame__functions.c.o[0m
[ 12%] [32m[1mLinking C shared library libhrdp_beta_actions__rosidl_generator_c.so[0m
[ 12%] Built target hrdp_beta_actions__rosidl_generator_c
[ 16%] [34m[1mGenerating C++ type support dispatch for ROS interfaces[0m
[35m[1mScanning dependencies of target hrdp_beta_actions__rosidl_typesupport_cpp[0m
[ 19%] [32mBuilding CXX object CMakeFiles/hrdp_beta_actions__rosidl_typesupport_cpp.dir/rosidl_typesupport_cpp/hrdp_beta_actions/action/rgb_frame__type_support.cpp.o[0m
[ 22%] [32m[1mLinking CXX shared library libhrdp_beta_actions__rosidl_typesupport_cpp.so[0m
[ 22%] Built target hrdp_beta_actions__rosidl_typesupport_cpp
[ 25%] [34m[1mGenerating C type support dispatch for ROS interfaces[0m
[35m[1mScanning dependencies of target hrdp_beta_actions__rosidl_typesupport_c[0m
[ 29%] [32mBuilding CXX object CMakeFiles/hrdp_beta_actions__rosidl_typesupport_c.dir/rosidl_typesupport_c/hrdp_beta_actions/action/rgb_frame__type_support.cpp.o[0m
[ 32%] [32m[1mLinking CXX shared library libhrdp_beta_actions__rosidl_typesupport_c.so[0m
[ 32%] Built target hrdp_beta_actions__rosidl_typesupport_c
[ 35%] [34m[1mGenerating C introspection for ROS interfaces[0m
[35m[1mScanning dependencies of target hrdp_beta_actions__rosidl_typesupport_introspection_c[0m
[ 38%] [32mBuilding C object CMakeFiles/hrdp_beta_actions__rosidl_typesupport_introspection_c.dir/rosidl_typesupport_introspection_c/hrdp_beta_actions/action/detail/rgb_frame__type_support.c.o[0m
[ 41%] [32m[1mLinking C shared library libhrdp_beta_actions__rosidl_typesupport_introspection_c.so[0m
[ 41%] Built target hrdp_beta_actions__rosidl_typesupport_introspection_c
[ 48%] [34m[1mGenerating C++ introspection for ROS interfaces[0m
[ 48%] [34m[1mGenerating C++ type support for eProsima Fast-RTPS[0m
[35m[1mScanning dependencies of target hrdp_beta_actions__rosidl_typesupport_introspection_cpp[0m
[ 51%] [32mBuilding CXX object CMakeFiles/hrdp_beta_actions__rosidl_typesupport_introspection_cpp.dir/rosidl_typesupport_introspection_cpp/hrdp_beta_actions/action/detail/rgb_frame__type_support.cpp.o[0m
[35m[1mScanning dependencies of target hrdp_beta_actions__rosidl_typesupport_fastrtps_cpp[0m
[ 54%] [32mBuilding CXX object CMakeFiles/hrdp_beta_actions__rosidl_typesupport_fastrtps_cpp.dir/rosidl_typesupport_fastrtps_cpp/hrdp_beta_actions/action/detail/dds_fastrtps/rgb_frame__type_support.cpp.o[0m
[ 58%] [32m[1mLinking CXX shared library libhrdp_beta_actions__rosidl_typesupport_introspection_cpp.so[0m
[ 58%] Built target hrdp_beta_actions__rosidl_typesupport_introspection_cpp
[ 61%] [32m[1mLinking CXX shared library libhrdp_beta_actions__rosidl_typesupport_fastrtps_cpp.so[0m
[ 61%] Built target hrdp_beta_actions__rosidl_typesupport_fastrtps_cpp
[ 64%] [34m[1mGenerating C type support for eProsima Fast-RTPS[0m
[35m[1mScanning dependencies of target hrdp_beta_actions__rosidl_typesupport_fastrtps_c[0m
[ 67%] [32mBuilding CXX object CMakeFiles/hrdp_beta_actions__rosidl_typesupport_fastrtps_c.dir/rosidl_typesupport_fastrtps_c/hrdp_beta_actions/action/detail/rgb_frame__type_support_c.cpp.o[0m
[ 70%] [32m[1mLinking CXX shared library libhrdp_beta_actions__rosidl_typesupport_fastrtps_c.so[0m
[ 70%] Built target hrdp_beta_actions__rosidl_typesupport_fastrtps_c
[ 70%] Built target hrdp_beta_actions
[ 74%] [34m[1mGenerating Python code for ROS interfaces[0m
[ 74%] Built target hrdp_beta_actions__py
[35m[1mScanning dependencies of target hrdp_beta_actions__python[0m
[ 77%] [32mBuilding C object CMakeFiles/hrdp_beta_actions__python.dir/rosidl_generator_py/hrdp_beta_actions/action/_rgb_frame_s.c.o[0m
