[0.645s] Invoking command in '/home/r1mini/sungsik_ws/build/hrdp_beta_actions': CMAKE_PREFIX_PATH=${CMAKE_PREFIX_PATH}:/home/r1mini/ros2_ws/install/omo_r1mini_teleop:/home/r1mini/ros2_ws/install/omo_r1mini_bringup:/opt/ros/foxy /usr/bin/cmake --build /home/r1mini/sungsik_ws/build/hrdp_beta_actions -- -j4 -l4
[2.211s] -- Found ament_cmake: 0.9.11 (/opt/ros/foxy/share/ament_cmake/cmake)
[4.228s] -- Found PythonInterp: /usr/bin/python3 (found suitable version "3.8.10", minimum required is "3") 
[4.232s] -- Using PYTHON_EXECUTABLE: /usr/bin/python3
[17.111s] -- Found rosidl_default_generators: 1.0.1 (/opt/ros/foxy/share/rosidl_default_generators/cmake)
[17.208s] -- Using all available rosidl_typesupport_c: rosidl_typesupport_fastrtps_c;rosidl_typesupport_introspection_c
[17.294s] -- Found rosidl_adapter: 1.3.0 (/opt/ros/foxy/share/rosidl_adapter/cmake)
[19.308s] -- Using all available rosidl_typesupport_cpp: rosidl_typesupport_fastrtps_cpp;rosidl_typesupport_introspection_cpp
[20.046s] -- Found PythonInterp: /usr/bin/python3 (found version "3.8.10") 
[23.741s] -- Found ament_cmake_ros: 0.9.2 (/opt/ros/foxy/share/ament_cmake_ros/cmake)
[25.394s] -- Using all available rosidl_typesupport_c: rosidl_typesupport_fastrtps_c;rosidl_typesupport_introspection_c
[25.739s] -- Using all available rosidl_typesupport_cpp: rosidl_typesupport_fastrtps_cpp;rosidl_typesupport_introspection_cpp
[26.207s] -- Found PythonInterp: /usr/bin/python3 (found suitable version "3.8.10", minimum required is "3.5") 
[26.240s] -- Found python_cmake_module: 0.8.1 (/opt/ros/foxy/share/python_cmake_module/cmake)
[27.005s] -- Using PYTHON_EXECUTABLE: /usr/bin/python3
[27.034s] -- Using PYTHON_INCLUDE_DIRS: /usr/include/python3.8
[27.056s] -- Using PYTHON_LIBRARIES: /usr/lib/aarch64-linux-gnu/libpython3.8.so
[27.665s] -- Found ament_lint_auto: 0.9.7 (/opt/ros/foxy/share/ament_lint_auto/cmake)
[27.894s] -- Added test 'copyright' to check source files copyright and LICENSE
[27.921s] -- Added test 'lint_cmake' to check CMake code style
[27.931s] -- Added test 'xmllint' to check XML markup files
[27.972s] -- Configuring done
[29.153s] -- Generating done
[29.187s] -- Build files have been written to: /home/r1mini/sungsik_ws/build/hrdp_beta_actions
[29.663s] [  3%] [34m[1mGenerating C++ code for ROS interfaces[0m
[35.228s] [  3%] Built target hrdp_beta_actions__cpp
[35.356s] [  6%] [34m[1mGenerating C code for ROS interfaces[0m
[40.671s] [35m[1mScanning dependencies of target hrdp_beta_actions__rosidl_generator_c[0m
[40.820s] [  9%] [32mBuilding C object CMakeFiles/hrdp_beta_actions__rosidl_generator_c.dir/rosidl_generator_c/hrdp_beta_actions/action/detail/rgb_frame__functions.c.o[0m
[43.373s] [ 12%] [32m[1mLinking C shared library libhrdp_beta_actions__rosidl_generator_c.so[0m
[43.910s] [ 12%] Built target hrdp_beta_actions__rosidl_generator_c
[44.013s] [ 16%] [34m[1mGenerating C++ type support dispatch for ROS interfaces[0m
[46.999s] [35m[1mScanning dependencies of target hrdp_beta_actions__rosidl_typesupport_cpp[0m
[47.126s] [ 19%] [32mBuilding CXX object CMakeFiles/hrdp_beta_actions__rosidl_typesupport_cpp.dir/rosidl_typesupport_cpp/hrdp_beta_actions/action/rgb_frame__type_support.cpp.o[0m
[50.511s] [ 22%] [32m[1mLinking CXX shared library libhrdp_beta_actions__rosidl_typesupport_cpp.so[0m
[50.824s] [ 22%] Built target hrdp_beta_actions__rosidl_typesupport_cpp
[50.916s] [ 25%] [34m[1mGenerating C type support dispatch for ROS interfaces[0m
[53.074s] [35m[1mScanning dependencies of target hrdp_beta_actions__rosidl_typesupport_c[0m
[53.215s] [ 29%] [32mBuilding CXX object CMakeFiles/hrdp_beta_actions__rosidl_typesupport_c.dir/rosidl_typesupport_c/hrdp_beta_actions/action/rgb_frame__type_support.cpp.o[0m
[53.667s] [ 32%] [32m[1mLinking CXX shared library libhrdp_beta_actions__rosidl_typesupport_c.so[0m
[54.081s] [ 32%] Built target hrdp_beta_actions__rosidl_typesupport_c
[54.177s] [ 35%] [34m[1mGenerating C introspection for ROS interfaces[0m
[56.820s] [35m[1mScanning dependencies of target hrdp_beta_actions__rosidl_typesupport_introspection_c[0m
[56.925s] [ 38%] [32mBuilding C object CMakeFiles/hrdp_beta_actions__rosidl_typesupport_introspection_c.dir/rosidl_typesupport_introspection_c/hrdp_beta_actions/action/detail/rgb_frame__type_support.c.o[0m
[57.323s] [ 41%] [32m[1mLinking C shared library libhrdp_beta_actions__rosidl_typesupport_introspection_c.so[0m
[57.619s] [ 41%] Built target hrdp_beta_actions__rosidl_typesupport_introspection_c
[57.716s] [ 48%] [34m[1mGenerating C++ introspection for ROS interfaces[0m
[57.717s] [ 48%] [34m[1mGenerating C++ type support for eProsima Fast-RTPS[0m
[60.515s] [35m[1mScanning dependencies of target hrdp_beta_actions__rosidl_typesupport_introspection_cpp[0m
[60.651s] [ 51%] [32mBuilding CXX object CMakeFiles/hrdp_beta_actions__rosidl_typesupport_introspection_cpp.dir/rosidl_typesupport_introspection_cpp/hrdp_beta_actions/action/detail/rgb_frame__type_support.cpp.o[0m
[60.987s] [35m[1mScanning dependencies of target hrdp_beta_actions__rosidl_typesupport_fastrtps_cpp[0m
[61.147s] [ 54%] [32mBuilding CXX object CMakeFiles/hrdp_beta_actions__rosidl_typesupport_fastrtps_cpp.dir/rosidl_typesupport_fastrtps_cpp/hrdp_beta_actions/action/detail/dds_fastrtps/rgb_frame__type_support.cpp.o[0m
[65.304s] [ 58%] [32m[1mLinking CXX shared library libhrdp_beta_actions__rosidl_typesupport_introspection_cpp.so[0m
[66.410s] [ 58%] Built target hrdp_beta_actions__rosidl_typesupport_introspection_cpp
[68.033s] [ 61%] [32m[1mLinking CXX shared library libhrdp_beta_actions__rosidl_typesupport_fastrtps_cpp.so[0m
[69.296s] [ 61%] Built target hrdp_beta_actions__rosidl_typesupport_fastrtps_cpp
[69.456s] [ 64%] [34m[1mGenerating C type support for eProsima Fast-RTPS[0m
[74.207s] [35m[1mScanning dependencies of target hrdp_beta_actions__rosidl_typesupport_fastrtps_c[0m
[74.361s] [ 67%] [32mBuilding CXX object CMakeFiles/hrdp_beta_actions__rosidl_typesupport_fastrtps_c.dir/rosidl_typesupport_fastrtps_c/hrdp_beta_actions/action/detail/rgb_frame__type_support_c.cpp.o[0m
[80.032s] [ 70%] [32m[1mLinking CXX shared library libhrdp_beta_actions__rosidl_typesupport_fastrtps_c.so[0m
[81.219s] [ 70%] Built target hrdp_beta_actions__rosidl_typesupport_fastrtps_c
[81.461s] [ 70%] Built target hrdp_beta_actions
[81.675s] [ 74%] [34m[1mGenerating Python code for ROS interfaces[0m
[89.852s] [ 74%] Built target hrdp_beta_actions__py
[90.035s] [35m[1mScanning dependencies of target hrdp_beta_actions__python[0m
[90.160s] [ 77%] [32mBuilding C object CMakeFiles/hrdp_beta_actions__python.dir/rosidl_generator_py/hrdp_beta_actions/action/_rgb_frame_s.c.o[0m
[90.981s] [01m[K/home/r1mini/sungsik_ws/build/hrdp_beta_actions/rosidl_generator_py/hrdp_beta_actions/action/_rgb_frame_s.c:11:10:[m[K [01;31m[Kfatal error: [m[Knumpy/ndarrayobject.h: No such file or directory
[90.983s]    11 | #include [01;31m[K"numpy/ndarrayobject.h"[m[K
[90.983s]       |          [01;31m[K^~~~~~~~~~~~~~~~~~~~~~~[m[K
[90.984s] compilation terminated.
[90.998s] make[2]: *** [CMakeFiles/hrdp_beta_actions__python.dir/build.make:63: CMakeFiles/hrdp_beta_actions__python.dir/rosidl_generator_py/hrdp_beta_actions/action/_rgb_frame_s.c.o] Error 1
[91.000s] make[1]: *** [CMakeFiles/Makefile2:526: CMakeFiles/hrdp_beta_actions__python.dir/all] Error 2
[91.001s] make: *** [Makefile:141: all] Error 2
[91.024s] Invoked command in '/home/r1mini/sungsik_ws/build/hrdp_beta_actions' returned '2': CMAKE_PREFIX_PATH=${CMAKE_PREFIX_PATH}:/home/r1mini/ros2_ws/install/omo_r1mini_teleop:/home/r1mini/ros2_ws/install/omo_r1mini_bringup:/opt/ros/foxy /usr/bin/cmake --build /home/r1mini/sungsik_ws/build/hrdp_beta_actions -- -j4 -l4
