[1.195s] DEBUG:colcon:Command line arguments: ['/usr/bin/colcon', 'build', '--symlink-install', '--packages-select', 'hrdp_launch']
[1.196s] DEBUG:colcon:Parsed command line arguments: Namespace(allow_overriding=[], ament_cmake_args=None, base_paths=['.'], build_base='build', catkin_cmake_args=None, catkin_skip_building_tests=False, cmake_args=None, cmake_clean_cache=False, cmake_clean_first=False, cmake_force_configure=False, cmake_target=None, cmake_target_skip_unavailable=False, continue_on_error=False, event_handlers=None, executor='parallel', ignore_user_meta=False, install_base='install', log_base=None, log_level=None, main=<bound method BuildVerb.main of <colcon_core.verb.build.BuildVerb object at 0x7fa19ec9a0>>, merge_install=False, metas=['./colcon.meta'], packages_above=None, packages_above_and_dependencies=None, packages_above_depth=None, packages_end=None, packages_ignore=None, packages_ignore_regex=None, packages_select=['hrdp_launch'], packages_select_build_failed=False, packages_select_by_dep=None, packages_select_regex=None, packages_select_test_failures=False, packages_skip=None, packages_skip_build_finished=False, packages_skip_by_dep=None, packages_skip_regex=None, packages_skip_test_passed=False, packages_skip_up_to=None, packages_start=None, packages_up_to=None, packages_up_to_regex=None, parallel_workers=4, paths=None, symlink_install=True, test_result_base=None, verb_extension=<colcon_core.verb.build.BuildVerb object at 0x7fa19ec9a0>, verb_name='build', verb_parser=<colcon_defaults.argument_parser.defaults.DefaultArgumentsDecorator object at 0x7fa19ecf10>)
[1.499s] Level 1:colcon.colcon_core.package_discovery:discover_packages(colcon_meta) check parameters
[1.501s] Level 1:colcon.colcon_core.package_discovery:discover_packages(recursive) check parameters
[1.501s] Level 1:colcon.colcon_core.package_discovery:discover_packages(ignore) check parameters
[1.501s] Level 1:colcon.colcon_core.package_discovery:discover_packages(path) check parameters
[1.501s] Level 1:colcon.colcon_core.package_discovery:discover_packages(colcon_meta) discover
[1.502s] Level 1:colcon.colcon_core.package_discovery:discover_packages(recursive) discover
[1.503s] INFO:colcon.colcon_core.package_discovery:Crawling recursively for packages in '/home/r1mini/sungsik_ws'
[1.504s] Level 1:colcon.colcon_core.package_identification:_identify(.) by extensions ['ignore', 'ignore_ament_install']
[1.505s] Level 1:colcon.colcon_core.package_identification:_identify(.) by extension 'ignore'
[1.505s] Level 1:colcon.colcon_core.package_identification:_identify(.) by extension 'ignore_ament_install'
[1.506s] Level 1:colcon.colcon_core.package_identification:_identify(.) by extensions ['colcon_pkg']
[1.506s] Level 1:colcon.colcon_core.package_identification:_identify(.) by extension 'colcon_pkg'
[1.506s] Level 1:colcon.colcon_core.package_identification:_identify(.) by extensions ['colcon_meta']
[1.506s] Level 1:colcon.colcon_core.package_identification:_identify(.) by extension 'colcon_meta'
[1.507s] Level 1:colcon.colcon_core.package_identification:_identify(.) by extensions ['ros']
[1.507s] Level 1:colcon.colcon_core.package_identification:_identify(.) by extension 'ros'
[1.605s] Level 1:colcon.colcon_core.package_identification:_identify(.) by extensions ['cmake', 'python']
[1.607s] Level 1:colcon.colcon_core.package_identification:_identify(.) by extension 'cmake'
[1.607s] Level 1:colcon.colcon_core.package_identification:_identify(.) by extension 'python'
[1.608s] Level 1:colcon.colcon_core.package_identification:_identify(.) by extensions ['python_setup_py']
[1.609s] Level 1:colcon.colcon_core.package_identification:_identify(.) by extension 'python_setup_py'
[1.610s] Level 1:colcon.colcon_core.package_identification:_identify(build) by extensions ['ignore', 'ignore_ament_install']
[1.612s] Level 1:colcon.colcon_core.package_identification:_identify(build) by extension 'ignore'
[1.612s] Level 1:colcon.colcon_core.package_identification:_identify(build) ignored
[1.614s] Level 1:colcon.colcon_core.package_identification:_identify(install) by extensions ['ignore', 'ignore_ament_install']
[1.615s] Level 1:colcon.colcon_core.package_identification:_identify(install) by extension 'ignore'
[1.616s] Level 1:colcon.colcon_core.package_identification:_identify(install) ignored
[1.617s] Level 1:colcon.colcon_core.package_identification:_identify(log) by extensions ['ignore', 'ignore_ament_install']
[1.617s] Level 1:colcon.colcon_core.package_identification:_identify(log) by extension 'ignore'
[1.618s] Level 1:colcon.colcon_core.package_identification:_identify(log) ignored
[1.619s] Level 1:colcon.colcon_core.package_identification:_identify(res) by extensions ['ignore', 'ignore_ament_install']
[1.619s] Level 1:colcon.colcon_core.package_identification:_identify(res) by extension 'ignore'
[1.620s] Level 1:colcon.colcon_core.package_identification:_identify(res) by extension 'ignore_ament_install'
[1.620s] Level 1:colcon.colcon_core.package_identification:_identify(res) by extensions ['colcon_pkg']
[1.620s] Level 1:colcon.colcon_core.package_identification:_identify(res) by extension 'colcon_pkg'
[1.621s] Level 1:colcon.colcon_core.package_identification:_identify(res) by extensions ['colcon_meta']
[1.621s] Level 1:colcon.colcon_core.package_identification:_identify(res) by extension 'colcon_meta'
[1.621s] Level 1:colcon.colcon_core.package_identification:_identify(res) by extensions ['ros']
[1.621s] Level 1:colcon.colcon_core.package_identification:_identify(res) by extension 'ros'
[1.622s] Level 1:colcon.colcon_core.package_identification:_identify(res) by extensions ['cmake', 'python']
[1.622s] Level 1:colcon.colcon_core.package_identification:_identify(res) by extension 'cmake'
[1.623s] Level 1:colcon.colcon_core.package_identification:_identify(res) by extension 'python'
[1.623s] Level 1:colcon.colcon_core.package_identification:_identify(res) by extensions ['python_setup_py']
[1.623s] Level 1:colcon.colcon_core.package_identification:_identify(res) by extension 'python_setup_py'
[1.624s] Level 1:colcon.colcon_core.package_identification:_identify(src) by extensions ['ignore', 'ignore_ament_install']
[1.625s] Level 1:colcon.colcon_core.package_identification:_identify(src) by extension 'ignore'
[1.625s] Level 1:colcon.colcon_core.package_identification:_identify(src) by extension 'ignore_ament_install'
[1.625s] Level 1:colcon.colcon_core.package_identification:_identify(src) by extensions ['colcon_pkg']
[1.626s] Level 1:colcon.colcon_core.package_identification:_identify(src) by extension 'colcon_pkg'
[1.626s] Level 1:colcon.colcon_core.package_identification:_identify(src) by extensions ['colcon_meta']
[1.626s] Level 1:colcon.colcon_core.package_identification:_identify(src) by extension 'colcon_meta'
[1.627s] Level 1:colcon.colcon_core.package_identification:_identify(src) by extensions ['ros']
[1.627s] Level 1:colcon.colcon_core.package_identification:_identify(src) by extension 'ros'
[1.627s] Level 1:colcon.colcon_core.package_identification:_identify(src) by extensions ['cmake', 'python']
[1.628s] Level 1:colcon.colcon_core.package_identification:_identify(src) by extension 'cmake'
[1.628s] Level 1:colcon.colcon_core.package_identification:_identify(src) by extension 'python'
[1.628s] Level 1:colcon.colcon_core.package_identification:_identify(src) by extensions ['python_setup_py']
[1.628s] Level 1:colcon.colcon_core.package_identification:_identify(src) by extension 'python_setup_py'
[1.629s] Level 1:colcon.colcon_core.package_identification:_identify(src/build) by extensions ['ignore', 'ignore_ament_install']
[1.630s] Level 1:colcon.colcon_core.package_identification:_identify(src/build) by extension 'ignore'
[1.630s] Level 1:colcon.colcon_core.package_identification:_identify(src/build) ignored
[1.631s] Level 1:colcon.colcon_core.package_identification:_identify(src/hrdp_actuators_beta) by extensions ['ignore', 'ignore_ament_install']
[1.631s] Level 1:colcon.colcon_core.package_identification:_identify(src/hrdp_actuators_beta) by extension 'ignore'
[1.632s] Level 1:colcon.colcon_core.package_identification:_identify(src/hrdp_actuators_beta) by extension 'ignore_ament_install'
[1.632s] Level 1:colcon.colcon_core.package_identification:_identify(src/hrdp_actuators_beta) by extensions ['colcon_pkg']
[1.632s] Level 1:colcon.colcon_core.package_identification:_identify(src/hrdp_actuators_beta) by extension 'colcon_pkg'
[1.633s] Level 1:colcon.colcon_core.package_identification:_identify(src/hrdp_actuators_beta) by extensions ['colcon_meta']
[1.633s] Level 1:colcon.colcon_core.package_identification:_identify(src/hrdp_actuators_beta) by extension 'colcon_meta'
[1.633s] Level 1:colcon.colcon_core.package_identification:_identify(src/hrdp_actuators_beta) by extensions ['ros']
[1.634s] Level 1:colcon.colcon_core.package_identification:_identify(src/hrdp_actuators_beta) by extension 'ros'
[1.668s] DEBUG:colcon.colcon_core.package_identification:Package 'src/hrdp_actuators_beta' with type 'ros.ament_python' and name 'hrdp_actuators_beta'
[1.670s] Level 1:colcon.colcon_core.package_identification:_identify(src/hrdp_human_interface_beta) by extensions ['ignore', 'ignore_ament_install']
[1.671s] Level 1:colcon.colcon_core.package_identification:_identify(src/hrdp_human_interface_beta) by extension 'ignore'
[1.672s] Level 1:colcon.colcon_core.package_identification:_identify(src/hrdp_human_interface_beta) by extension 'ignore_ament_install'
[1.672s] Level 1:colcon.colcon_core.package_identification:_identify(src/hrdp_human_interface_beta) by extensions ['colcon_pkg']
[1.673s] Level 1:colcon.colcon_core.package_identification:_identify(src/hrdp_human_interface_beta) by extension 'colcon_pkg'
[1.673s] Level 1:colcon.colcon_core.package_identification:_identify(src/hrdp_human_interface_beta) by extensions ['colcon_meta']
[1.673s] Level 1:colcon.colcon_core.package_identification:_identify(src/hrdp_human_interface_beta) by extension 'colcon_meta'
[1.674s] Level 1:colcon.colcon_core.package_identification:_identify(src/hrdp_human_interface_beta) by extensions ['ros']
[1.674s] Level 1:colcon.colcon_core.package_identification:_identify(src/hrdp_human_interface_beta) by extension 'ros'
[1.679s] DEBUG:colcon.colcon_core.package_identification:Package 'src/hrdp_human_interface_beta' with type 'ros.ament_python' and name 'hrdp_human_interface_beta'
[1.681s] Level 1:colcon.colcon_core.package_identification:_identify(src/hrdp_launch) by extensions ['ignore', 'ignore_ament_install']
[1.681s] Level 1:colcon.colcon_core.package_identification:_identify(src/hrdp_launch) by extension 'ignore'
[1.682s] Level 1:colcon.colcon_core.package_identification:_identify(src/hrdp_launch) by extension 'ignore_ament_install'
[1.682s] Level 1:colcon.colcon_core.package_identification:_identify(src/hrdp_launch) by extensions ['colcon_pkg']
[1.683s] Level 1:colcon.colcon_core.package_identification:_identify(src/hrdp_launch) by extension 'colcon_pkg'
[1.683s] Level 1:colcon.colcon_core.package_identification:_identify(src/hrdp_launch) by extensions ['colcon_meta']
[1.683s] Level 1:colcon.colcon_core.package_identification:_identify(src/hrdp_launch) by extension 'colcon_meta'
[1.684s] Level 1:colcon.colcon_core.package_identification:_identify(src/hrdp_launch) by extensions ['ros']
[1.684s] Level 1:colcon.colcon_core.package_identification:_identify(src/hrdp_launch) by extension 'ros'
[1.688s] DEBUG:colcon.colcon_core.package_identification:Package 'src/hrdp_launch' with type 'ros.ament_python' and name 'hrdp_launch'
[1.689s] Level 1:colcon.colcon_core.package_identification:_identify(src/hrdp_perception_beta) by extensions ['ignore', 'ignore_ament_install']
[1.690s] Level 1:colcon.colcon_core.package_identification:_identify(src/hrdp_perception_beta) by extension 'ignore'
[1.690s] Level 1:colcon.colcon_core.package_identification:_identify(src/hrdp_perception_beta) by extension 'ignore_ament_install'
[1.691s] Level 1:colcon.colcon_core.package_identification:_identify(src/hrdp_perception_beta) by extensions ['colcon_pkg']
[1.691s] Level 1:colcon.colcon_core.package_identification:_identify(src/hrdp_perception_beta) by extension 'colcon_pkg'
[1.691s] Level 1:colcon.colcon_core.package_identification:_identify(src/hrdp_perception_beta) by extensions ['colcon_meta']
[1.692s] Level 1:colcon.colcon_core.package_identification:_identify(src/hrdp_perception_beta) by extension 'colcon_meta'
[1.692s] Level 1:colcon.colcon_core.package_identification:_identify(src/hrdp_perception_beta) by extensions ['ros']
[1.693s] Level 1:colcon.colcon_core.package_identification:_identify(src/hrdp_perception_beta) by extension 'ros'
[1.697s] DEBUG:colcon.colcon_core.package_identification:Package 'src/hrdp_perception_beta' with type 'ros.ament_python' and name 'hrdp_perception_beta'
[1.699s] Level 1:colcon.colcon_core.package_identification:_identify(src/hrdp_sensors_beta) by extensions ['ignore', 'ignore_ament_install']
[1.700s] Level 1:colcon.colcon_core.package_identification:_identify(src/hrdp_sensors_beta) by extension 'ignore'
[1.700s] Level 1:colcon.colcon_core.package_identification:_identify(src/hrdp_sensors_beta) by extension 'ignore_ament_install'
[1.701s] Level 1:colcon.colcon_core.package_identification:_identify(src/hrdp_sensors_beta) by extensions ['colcon_pkg']
[1.701s] Level 1:colcon.colcon_core.package_identification:_identify(src/hrdp_sensors_beta) by extension 'colcon_pkg'
[1.701s] Level 1:colcon.colcon_core.package_identification:_identify(src/hrdp_sensors_beta) by extensions ['colcon_meta']
[1.702s] Level 1:colcon.colcon_core.package_identification:_identify(src/hrdp_sensors_beta) by extension 'colcon_meta'
[1.702s] Level 1:colcon.colcon_core.package_identification:_identify(src/hrdp_sensors_beta) by extensions ['ros']
[1.702s] Level 1:colcon.colcon_core.package_identification:_identify(src/hrdp_sensors_beta) by extension 'ros'
[1.707s] DEBUG:colcon.colcon_core.package_identification:Package 'src/hrdp_sensors_beta' with type 'ros.ament_python' and name 'hrdp_sensors_beta'
[1.708s] Level 1:colcon.colcon_core.package_identification:_identify(src/install) by extensions ['ignore', 'ignore_ament_install']
[1.709s] Level 1:colcon.colcon_core.package_identification:_identify(src/install) by extension 'ignore'
[1.709s] Level 1:colcon.colcon_core.package_identification:_identify(src/install) ignored
[1.710s] Level 1:colcon.colcon_core.package_identification:_identify(src/log) by extensions ['ignore', 'ignore_ament_install']
[1.711s] Level 1:colcon.colcon_core.package_identification:_identify(src/log) by extension 'ignore'
[1.711s] Level 1:colcon.colcon_core.package_identification:_identify(src/log) ignored
[1.712s] Level 1:colcon.colcon_core.package_discovery:discover_packages(recursive) using defaults
[1.712s] Level 1:colcon.colcon_core.package_discovery:discover_packages(ignore) discover
[1.712s] Level 1:colcon.colcon_core.package_discovery:discover_packages(ignore) using defaults
[1.712s] Level 1:colcon.colcon_core.package_discovery:discover_packages(path) discover
[1.713s] Level 1:colcon.colcon_core.package_discovery:discover_packages(path) using defaults
[2.057s] INFO:colcon.colcon_core.package_selection:Skipping not selected package 'hrdp_actuators_beta' in 'src/hrdp_actuators_beta'
[2.058s] INFO:colcon.colcon_core.package_selection:Skipping not selected package 'hrdp_human_interface_beta' in 'src/hrdp_human_interface_beta'
[2.058s] INFO:colcon.colcon_core.package_selection:Skipping not selected package 'hrdp_perception_beta' in 'src/hrdp_perception_beta'
[2.059s] INFO:colcon.colcon_core.package_selection:Skipping not selected package 'hrdp_sensors_beta' in 'src/hrdp_sensors_beta'
[2.067s] Level 1:colcon.colcon_core.package_discovery:discover_packages(prefix_path) check parameters
[2.068s] Level 1:colcon.colcon_core.package_discovery:discover_packages(prefix_path) discover
[2.099s] DEBUG:colcon.colcon_installed_package_information.package_discovery:Found 5 installed packages in /home/r1mini/sungsik_ws/install
[2.110s] DEBUG:colcon.colcon_installed_package_information.package_discovery:Found 9 installed packages in /home/r1mini/ros2_ws/install
[2.126s] DEBUG:colcon.colcon_installed_package_information.package_discovery:Found 310 installed packages in /opt/ros/foxy
[2.139s] Level 1:colcon.colcon_core.package_discovery:discover_packages(prefix_path) using defaults
[2.852s] Level 5:colcon.colcon_core.verb:set package 'hrdp_launch' build argument 'cmake_args' from command line to 'None'
[2.853s] Level 5:colcon.colcon_core.verb:set package 'hrdp_launch' build argument 'cmake_target' from command line to 'None'
[2.854s] Level 5:colcon.colcon_core.verb:set package 'hrdp_launch' build argument 'cmake_target_skip_unavailable' from command line to 'False'
[2.854s] Level 5:colcon.colcon_core.verb:set package 'hrdp_launch' build argument 'cmake_clean_cache' from command line to 'False'
[2.854s] Level 5:colcon.colcon_core.verb:set package 'hrdp_launch' build argument 'cmake_clean_first' from command line to 'False'
[2.854s] Level 5:colcon.colcon_core.verb:set package 'hrdp_launch' build argument 'cmake_force_configure' from command line to 'False'
[2.855s] Level 5:colcon.colcon_core.verb:set package 'hrdp_launch' build argument 'ament_cmake_args' from command line to 'None'
[2.855s] Level 5:colcon.colcon_core.verb:set package 'hrdp_launch' build argument 'catkin_cmake_args' from command line to 'None'
[2.855s] Level 5:colcon.colcon_core.verb:set package 'hrdp_launch' build argument 'catkin_skip_building_tests' from command line to 'False'
[2.855s] DEBUG:colcon.colcon_core.verb:Building package 'hrdp_launch' with the following arguments: {'ament_cmake_args': None, 'build_base': '/home/r1mini/sungsik_ws/build/hrdp_launch', 'catkin_cmake_args': None, 'catkin_skip_building_tests': False, 'cmake_args': None, 'cmake_clean_cache': False, 'cmake_clean_first': False, 'cmake_force_configure': False, 'cmake_target': None, 'cmake_target_skip_unavailable': False, 'install_base': '/home/r1mini/sungsik_ws/install/hrdp_launch', 'merge_install': False, 'path': '/home/r1mini/sungsik_ws/src/hrdp_launch', 'symlink_install': True, 'test_result_base': None}
[2.863s] INFO:colcon.colcon_core.executor:Executing jobs using 'parallel' executor
[2.903s] DEBUG:colcon.colcon_parallel_executor.executor.parallel:run_until_complete
[2.906s] INFO:colcon.colcon_ros.task.ament_python.build:Building ROS package in '/home/r1mini/sungsik_ws/src/hrdp_launch' with build type 'ament_python'
[2.908s] Level 1:colcon.colcon_core.shell:create_environment_hook('hrdp_launch', 'ament_prefix_path')
[2.979s] INFO:colcon.colcon_core.plugin_system:Skipping extension 'colcon_core.shell.bat': Not used on non-Windows systems
[2.981s] INFO:colcon.colcon_core.shell:Creating environment hook '/home/r1mini/sungsik_ws/install/hrdp_launch/share/hrdp_launch/hook/ament_prefix_path.ps1'
[2.988s] INFO:colcon.colcon_core.shell:Creating environment descriptor '/home/r1mini/sungsik_ws/install/hrdp_launch/share/hrdp_launch/hook/ament_prefix_path.dsv'
[2.993s] INFO:colcon.colcon_core.shell:Creating environment hook '/home/r1mini/sungsik_ws/install/hrdp_launch/share/hrdp_launch/hook/ament_prefix_path.sh'
[3.017s] INFO:colcon.colcon_core.shell:Skip shell extension 'powershell' for command environment: Not usable outside of PowerShell
[3.018s] DEBUG:colcon.colcon_core.shell:Skip shell extension 'dsv' for command environment
[6.390s] INFO:colcon.colcon_core.task.python.build:Building Python package in '/home/r1mini/sungsik_ws/src/hrdp_launch'
[6.409s] INFO:colcon.colcon_core.shell:Skip shell extension 'powershell' for command environment: Not usable outside of PowerShell
[6.411s] DEBUG:colcon.colcon_core.shell:Skip shell extension 'dsv' for command environment
[12.466s] DEBUG:colcon.colcon_core.event_handler.log_command:Invoking command in '/home/r1mini/sungsik_ws/build/hrdp_launch': PYTHONPATH=/home/r1mini/sungsik_ws/build/hrdp_launch/prefix_override:/home/r1mini/sungsik_ws/install/hrdp_launch/lib/python3.8/site-packages:${PYTHONPATH} /usr/bin/python3 setup.py develop --editable --build-directory /home/r1mini/sungsik_ws/build/hrdp_launch/build --no-deps install_data
[18.561s] DEBUG:colcon.colcon_core.event_handler.log_command:Invoked command in '/home/r1mini/sungsik_ws/build/hrdp_launch' returned '1': PYTHONPATH=/home/r1mini/sungsik_ws/build/hrdp_launch/prefix_override:/home/r1mini/sungsik_ws/install/hrdp_launch/lib/python3.8/site-packages:${PYTHONPATH} /usr/bin/python3 setup.py develop --editable --build-directory /home/r1mini/sungsik_ws/build/hrdp_launch/build --no-deps install_data
[18.572s] DEBUG:colcon.colcon_parallel_executor.executor.parallel:closing loop
[18.576s] DEBUG:colcon.colcon_parallel_executor.executor.parallel:loop closed
[18.577s] DEBUG:colcon.colcon_parallel_executor.executor.parallel:run_until_complete finished with '1'
[18.579s] DEBUG:colcon.colcon_core.event_reactor:joining thread
[18.696s] INFO:colcon.colcon_core.plugin_system:Skipping extension 'colcon_notification.desktop_notification.terminal_notifier': Not used on non-Darwin systems
[18.698s] INFO:colcon.colcon_core.plugin_system:Skipping extension 'colcon_notification.desktop_notification.win32': Not used on non-Windows systems
[18.700s] INFO:colcon.colcon_notification.desktop_notification:Sending desktop notification using 'notify2'
[18.753s] DEBUG:colcon.colcon_core.event_reactor:joined thread
[18.788s] INFO:colcon.colcon_core.shell:Creating prefix script '/home/r1mini/sungsik_ws/install/local_setup.ps1'
[18.802s] INFO:colcon.colcon_core.shell:Creating prefix util module '/home/r1mini/sungsik_ws/install/_local_setup_util_ps1.py'
[18.816s] INFO:colcon.colcon_core.shell:Creating prefix chain script '/home/r1mini/sungsik_ws/install/setup.ps1'
[18.843s] INFO:colcon.colcon_core.shell:Creating prefix script '/home/r1mini/sungsik_ws/install/local_setup.sh'
[18.849s] INFO:colcon.colcon_core.shell:Creating prefix util module '/home/r1mini/sungsik_ws/install/_local_setup_util_sh.py'
[18.855s] INFO:colcon.colcon_core.shell:Creating prefix chain script '/home/r1mini/sungsik_ws/install/setup.sh'
[18.873s] INFO:colcon.colcon_core.shell:Creating prefix script '/home/r1mini/sungsik_ws/install/local_setup.bash'
[18.879s] INFO:colcon.colcon_core.shell:Creating prefix chain script '/home/r1mini/sungsik_ws/install/setup.bash'
[18.898s] INFO:colcon.colcon_core.shell:Creating prefix script '/home/r1mini/sungsik_ws/install/local_setup.zsh'
[18.904s] INFO:colcon.colcon_core.shell:Creating prefix chain script '/home/r1mini/sungsik_ws/install/setup.zsh'
