[0.491s] Invoking command in '/home/r1mini/sungsik_ws/build/my_cpp_py_pkg': CMAKE_PREFIX_PATH=${CMAKE_PREFIX_PATH}:/home/r1mini/sungsik_ws/install/hrdp_beta_perception:/home/r1mini/ros2_ws/install/omo_r1mini_teleop:/home/r1mini/ros2_ws/install/omo_r1mini_bringup:/opt/ros/foxy /usr/bin/cmake --build /home/r1mini/sungsik_ws/build/my_cpp_py_pkg -- -j4 -l4
[1.002s] -- Found ament_cmake: 0.9.11 (/opt/ros/foxy/share/ament_cmake/cmake)
[1.455s] -- Using PYTHON_EXECUTABLE: /usr/bin/python3
[5.634s] -- Override CMake install command with custom implementation using symlinks instead of copying resources
[5.939s] -- Found rclcpp: 2.4.2 (/opt/ros/foxy/share/rclcpp/cmake)
[6.422s] -- Using all available rosidl_typesupport_c: rosidl_typesupport_fastrtps_c;rosidl_typesupport_introspection_c
[6.461s] -- Found rosidl_adapter: 1.3.0 (/opt/ros/foxy/share/rosidl_adapter/cmake)
[8.171s] -- Using all available rosidl_typesupport_cpp: rosidl_typesupport_fastrtps_cpp;rosidl_typesupport_introspection_cpp
[8.717s] -- Found rmw_implementation_cmake: 1.0.3 (/opt/ros/foxy/share/rmw_implementation_cmake/cmake)
[8.746s] -- Using RMW implementation 'rmw_fastrtps_cpp' as default
[10.152s] -- Found rclpy: 1.0.11 (/opt/ros/foxy/share/rclpy/cmake)
[10.205s] -- Found ament_lint_auto: 0.9.7 (/opt/ros/foxy/share/ament_lint_auto/cmake)
[11.424s] -- Added test 'copyright' to check source files copyright and LICENSE
[11.434s] -- Added test 'cppcheck' to perform static code analysis on C / C++ code
[11.437s] -- Configured cppcheck include dirs: 
[11.438s] -- Configured cppcheck exclude dirs and/or files: 
[11.445s] -- Added test 'cpplint' to check C / C++ code against the Google style
[11.447s] -- Configured cpplint exclude dirs and/or files: 
[11.452s] -- Added test 'flake8' to check Python code syntax and style conventions
[11.455s] -- Added test 'lint_cmake' to check CMake code style
[11.459s] -- Added test 'pep257' to check Python code against some of the style conventions in PEP 257
[11.468s] -- Added test 'uncrustify' to check C / C++ code style
[11.475s] -- Configured uncrustify additional arguments: 
[11.483s] -- Added test 'xmllint' to check XML markup files
[11.541s] -- Configuring done
[11.592s] -- Generating done
[11.618s] -- Build files have been written to: /home/r1mini/sungsik_ws/build/my_cpp_py_pkg
[11.980s] Invoked command in '/home/r1mini/sungsik_ws/build/my_cpp_py_pkg' returned '0': CMAKE_PREFIX_PATH=${CMAKE_PREFIX_PATH}:/home/r1mini/sungsik_ws/install/hrdp_beta_perception:/home/r1mini/ros2_ws/install/omo_r1mini_teleop:/home/r1mini/ros2_ws/install/omo_r1mini_bringup:/opt/ros/foxy /usr/bin/cmake --build /home/r1mini/sungsik_ws/build/my_cpp_py_pkg -- -j4 -l4
[12.522s] Invoking command in '/home/r1mini/sungsik_ws/build/my_cpp_py_pkg': CMAKE_PREFIX_PATH=${CMAKE_PREFIX_PATH}:/home/r1mini/sungsik_ws/install/hrdp_beta_perception:/home/r1mini/ros2_ws/install/omo_r1mini_teleop:/home/r1mini/ros2_ws/install/omo_r1mini_bringup:/opt/ros/foxy /usr/bin/cmake --install /home/r1mini/sungsik_ws/build/my_cpp_py_pkg
[12.691s] -- Install configuration: ""
[12.698s] -- Execute custom install script
[12.705s] -- Up-to-date symlink: /home/r1mini/sungsik_ws/install/my_cpp_py_pkg/share/my_cpp_py_pkg/environment/pythonpath.sh
[12.709s] -- Up-to-date symlink: /home/r1mini/sungsik_ws/install/my_cpp_py_pkg/share/my_cpp_py_pkg/environment/pythonpath.dsv
[12.713s] -- Up-to-date symlink: /home/r1mini/sungsik_ws/install/my_cpp_py_pkg/lib/python3.8/site-packages/my_cpp_py_pkg/__init__.py
[12.724s] -- Up-to-date symlink: /home/r1mini/sungsik_ws/install/my_cpp_py_pkg/lib/python3.8/site-packages/my_cpp_py_pkg/module_to_import.py
[12.726s] -- Up-to-date symlink: /home/r1mini/sungsik_ws/install/my_cpp_py_pkg/lib//py_node.py
[12.734s] -- Up-to-date symlink: /home/r1mini/sungsik_ws/install/my_cpp_py_pkg/share/ament_index/resource_index/package_run_dependencies/my_cpp_py_pkg
[12.761s] -- Up-to-date symlink: /home/r1mini/sungsik_ws/install/my_cpp_py_pkg/share/ament_index/resource_index/parent_prefix_path/my_cpp_py_pkg
[12.765s] -- Up-to-date symlink: /home/r1mini/sungsik_ws/install/my_cpp_py_pkg/share/my_cpp_py_pkg/environment/ament_prefix_path.sh
[12.785s] -- Up-to-date symlink: /home/r1mini/sungsik_ws/install/my_cpp_py_pkg/share/my_cpp_py_pkg/environment/ament_prefix_path.dsv
[12.789s] -- Up-to-date symlink: /home/r1mini/sungsik_ws/install/my_cpp_py_pkg/share/my_cpp_py_pkg/environment/path.sh
[12.791s] -- Up-to-date symlink: /home/r1mini/sungsik_ws/install/my_cpp_py_pkg/share/my_cpp_py_pkg/environment/path.dsv
[12.793s] -- Up-to-date symlink: /home/r1mini/sungsik_ws/install/my_cpp_py_pkg/share/my_cpp_py_pkg/local_setup.bash
[12.795s] -- Up-to-date symlink: /home/r1mini/sungsik_ws/install/my_cpp_py_pkg/share/my_cpp_py_pkg/local_setup.sh
[12.798s] -- Up-to-date symlink: /home/r1mini/sungsik_ws/install/my_cpp_py_pkg/share/my_cpp_py_pkg/local_setup.zsh
[12.800s] -- Up-to-date symlink: /home/r1mini/sungsik_ws/install/my_cpp_py_pkg/share/my_cpp_py_pkg/local_setup.dsv
[12.805s] -- Symlinking: /home/r1mini/sungsik_ws/install/my_cpp_py_pkg/share/my_cpp_py_pkg/package.dsv
[12.899s] -- Up-to-date symlink: /home/r1mini/sungsik_ws/install/my_cpp_py_pkg/share/ament_index/resource_index/packages/my_cpp_py_pkg
[12.902s] -- Up-to-date symlink: /home/r1mini/sungsik_ws/install/my_cpp_py_pkg/share/my_cpp_py_pkg/cmake/my_cpp_py_pkgConfig.cmake
[12.907s] -- Up-to-date symlink: /home/r1mini/sungsik_ws/install/my_cpp_py_pkg/share/my_cpp_py_pkg/cmake/my_cpp_py_pkgConfig-version.cmake
[12.908s] -- Up-to-date symlink: /home/r1mini/sungsik_ws/install/my_cpp_py_pkg/share/my_cpp_py_pkg/package.xml
[13.562s] Listing '/home/r1mini/sungsik_ws/install/my_cpp_py_pkg/lib/python3.8/site-packages/my_cpp_py_pkg'...
[13.700s] Invoked command in '/home/r1mini/sungsik_ws/build/my_cpp_py_pkg' returned '0': CMAKE_PREFIX_PATH=${CMAKE_PREFIX_PATH}:/home/r1mini/sungsik_ws/install/hrdp_beta_perception:/home/r1mini/ros2_ws/install/omo_r1mini_teleop:/home/r1mini/ros2_ws/install/omo_r1mini_bringup:/opt/ros/foxy /usr/bin/cmake --install /home/r1mini/sungsik_ws/build/my_cpp_py_pkg
