[4.095s] DEBUG:colcon:Command line arguments: ['/usr/bin/colcon', 'build', '--symlink-install', '--packages-select', 'hrdp_sensors_beta']
[4.096s] DEBUG:colcon:Parsed command line arguments: Namespace(allow_overriding=[], ament_cmake_args=None, base_paths=['.'], build_base='build', catkin_cmake_args=None, catkin_skip_building_tests=False, cmake_args=None, cmake_clean_cache=False, cmake_clean_first=False, cmake_force_configure=False, cmake_target=None, cmake_target_skip_unavailable=False, continue_on_error=False, event_handlers=None, executor='parallel', ignore_user_meta=False, install_base='install', log_base=None, log_level=None, main=<bound method BuildVerb.main of <colcon_core.verb.build.BuildVerb object at 0x7f87ec3250>>, merge_install=False, metas=['./colcon.meta'], packages_above=None, packages_above_and_dependencies=None, packages_above_depth=None, packages_end=None, packages_ignore=None, packages_ignore_regex=None, packages_select=['hrdp_sensors_beta'], packages_select_build_failed=False, packages_select_by_dep=None, packages_select_regex=None, packages_select_test_failures=False, packages_skip=None, packages_skip_build_finished=False, packages_skip_by_dep=None, packages_skip_regex=None, packages_skip_test_passed=False, packages_skip_up_to=None, packages_start=None, packages_up_to=None, packages_up_to_regex=None, parallel_workers=4, paths=None, symlink_install=True, test_result_base=None, verb_extension=<colcon_core.verb.build.BuildVerb object at 0x7f87ec3250>, verb_name='build', verb_parser=<colcon_defaults.argument_parser.defaults.DefaultArgumentsDecorator object at 0x7f87ec3790>)
[4.614s] Level 1:colcon.colcon_core.package_discovery:discover_packages(colcon_meta) check parameters
[4.617s] Level 1:colcon.colcon_core.package_discovery:discover_packages(recursive) check parameters
[4.619s] Level 1:colcon.colcon_core.package_discovery:discover_packages(ignore) check parameters
[4.620s] Level 1:colcon.colcon_core.package_discovery:discover_packages(path) check parameters
[4.622s] Level 1:colcon.colcon_core.package_discovery:discover_packages(colcon_meta) discover
[4.624s] Level 1:colcon.colcon_core.package_discovery:discover_packages(recursive) discover
[4.625s] INFO:colcon.colcon_core.package_discovery:Crawling recursively for packages in '/home/r1mini/sungsik_ws'
[4.627s] Level 1:colcon.colcon_core.package_identification:_identify(.) by extensions ['ignore', 'ignore_ament_install']
[4.630s] Level 1:colcon.colcon_core.package_identification:_identify(.) by extension 'ignore'
[4.632s] Level 1:colcon.colcon_core.package_identification:_identify(.) by extension 'ignore_ament_install'
[4.634s] Level 1:colcon.colcon_core.package_identification:_identify(.) by extensions ['colcon_pkg']
[4.646s] Level 1:colcon.colcon_core.package_identification:_identify(.) by extension 'colcon_pkg'
[4.648s] Level 1:colcon.colcon_core.package_identification:_identify(.) by extensions ['colcon_meta']
[4.649s] Level 1:colcon.colcon_core.package_identification:_identify(.) by extension 'colcon_meta'
[4.651s] Level 1:colcon.colcon_core.package_identification:_identify(.) by extensions ['ros']
[4.653s] Level 1:colcon.colcon_core.package_identification:_identify(.) by extension 'ros'
[4.961s] Level 1:colcon.colcon_core.package_identification:_identify(.) by extensions ['cmake', 'python']
[4.963s] Level 1:colcon.colcon_core.package_identification:_identify(.) by extension 'cmake'
[4.966s] Level 1:colcon.colcon_core.package_identification:_identify(.) by extension 'python'
[4.969s] Level 1:colcon.colcon_core.package_identification:_identify(.) by extensions ['python_setup_py']
[4.971s] Level 1:colcon.colcon_core.package_identification:_identify(.) by extension 'python_setup_py'
[4.974s] Level 1:colcon.colcon_core.package_identification:_identify(build) by extensions ['ignore', 'ignore_ament_install']
[4.978s] Level 1:colcon.colcon_core.package_identification:_identify(build) by extension 'ignore'
[4.981s] Level 1:colcon.colcon_core.package_identification:_identify(build) ignored
[4.985s] Level 1:colcon.colcon_core.package_identification:_identify(install) by extensions ['ignore', 'ignore_ament_install']
[4.987s] Level 1:colcon.colcon_core.package_identification:_identify(install) by extension 'ignore'
[4.990s] Level 1:colcon.colcon_core.package_identification:_identify(install) ignored
[4.993s] Level 1:colcon.colcon_core.package_identification:_identify(log) by extensions ['ignore', 'ignore_ament_install']
[4.996s] Level 1:colcon.colcon_core.package_identification:_identify(log) by extension 'ignore'
[4.998s] Level 1:colcon.colcon_core.package_identification:_identify(log) ignored
[5.001s] Level 1:colcon.colcon_core.package_identification:_identify(src) by extensions ['ignore', 'ignore_ament_install']
[5.003s] Level 1:colcon.colcon_core.package_identification:_identify(src) by extension 'ignore'
[5.005s] Level 1:colcon.colcon_core.package_identification:_identify(src) by extension 'ignore_ament_install'
[5.008s] Level 1:colcon.colcon_core.package_identification:_identify(src) by extensions ['colcon_pkg']
[5.009s] Level 1:colcon.colcon_core.package_identification:_identify(src) by extension 'colcon_pkg'
[5.011s] Level 1:colcon.colcon_core.package_identification:_identify(src) by extensions ['colcon_meta']
[5.012s] Level 1:colcon.colcon_core.package_identification:_identify(src) by extension 'colcon_meta'
[5.013s] Level 1:colcon.colcon_core.package_identification:_identify(src) by extensions ['ros']
[5.014s] Level 1:colcon.colcon_core.package_identification:_identify(src) by extension 'ros'
[5.016s] Level 1:colcon.colcon_core.package_identification:_identify(src) by extensions ['cmake', 'python']
[5.017s] Level 1:colcon.colcon_core.package_identification:_identify(src) by extension 'cmake'
[5.019s] Level 1:colcon.colcon_core.package_identification:_identify(src) by extension 'python'
[5.021s] Level 1:colcon.colcon_core.package_identification:_identify(src) by extensions ['python_setup_py']
[5.023s] Level 1:colcon.colcon_core.package_identification:_identify(src) by extension 'python_setup_py'
[5.026s] Level 1:colcon.colcon_core.package_identification:_identify(src/hrdp_actuators) by extensions ['ignore', 'ignore_ament_install']
[5.028s] Level 1:colcon.colcon_core.package_identification:_identify(src/hrdp_actuators) by extension 'ignore'
[5.030s] Level 1:colcon.colcon_core.package_identification:_identify(src/hrdp_actuators) by extension 'ignore_ament_install'
[5.032s] Level 1:colcon.colcon_core.package_identification:_identify(src/hrdp_actuators) by extensions ['colcon_pkg']
[5.032s] Level 1:colcon.colcon_core.package_identification:_identify(src/hrdp_actuators) by extension 'colcon_pkg'
[5.034s] Level 1:colcon.colcon_core.package_identification:_identify(src/hrdp_actuators) by extensions ['colcon_meta']
[5.035s] Level 1:colcon.colcon_core.package_identification:_identify(src/hrdp_actuators) by extension 'colcon_meta'
[5.036s] Level 1:colcon.colcon_core.package_identification:_identify(src/hrdp_actuators) by extensions ['ros']
[5.037s] Level 1:colcon.colcon_core.package_identification:_identify(src/hrdp_actuators) by extension 'ros'
[5.096s] DEBUG:colcon.colcon_core.package_identification:Package 'src/hrdp_actuators' with type 'ros.ament_cmake' and name 'hrdp_actuators'
[5.111s] Level 1:colcon.colcon_core.package_identification:_identify(src/hrdp_beta_actions) by extensions ['ignore', 'ignore_ament_install']
[5.126s] Level 1:colcon.colcon_core.package_identification:_identify(src/hrdp_beta_actions) by extension 'ignore'
[5.129s] Level 1:colcon.colcon_core.package_identification:_identify(src/hrdp_beta_actions) by extension 'ignore_ament_install'
[5.144s] Level 1:colcon.colcon_core.package_identification:_identify(src/hrdp_beta_actions) by extensions ['colcon_pkg']
[5.146s] Level 1:colcon.colcon_core.package_identification:_identify(src/hrdp_beta_actions) by extension 'colcon_pkg'
[5.150s] Level 1:colcon.colcon_core.package_identification:_identify(src/hrdp_beta_actions) by extensions ['colcon_meta']
[5.162s] Level 1:colcon.colcon_core.package_identification:_identify(src/hrdp_beta_actions) by extension 'colcon_meta'
[5.164s] Level 1:colcon.colcon_core.package_identification:_identify(src/hrdp_beta_actions) by extensions ['ros']
[5.167s] Level 1:colcon.colcon_core.package_identification:_identify(src/hrdp_beta_actions) by extension 'ros'
[5.184s] DEBUG:colcon.colcon_core.package_identification:Package 'src/hrdp_beta_actions' with type 'ros.ament_cmake' and name 'hrdp_beta_actions'
[5.202s] Level 1:colcon.colcon_core.package_identification:_identify(src/hrdp_human_interfaces) by extensions ['ignore', 'ignore_ament_install']
[5.203s] Level 1:colcon.colcon_core.package_identification:_identify(src/hrdp_human_interfaces) by extension 'ignore'
[5.205s] Level 1:colcon.colcon_core.package_identification:_identify(src/hrdp_human_interfaces) by extension 'ignore_ament_install'
[5.206s] Level 1:colcon.colcon_core.package_identification:_identify(src/hrdp_human_interfaces) by extensions ['colcon_pkg']
[5.207s] Level 1:colcon.colcon_core.package_identification:_identify(src/hrdp_human_interfaces) by extension 'colcon_pkg'
[5.217s] Level 1:colcon.colcon_core.package_identification:_identify(src/hrdp_human_interfaces) by extensions ['colcon_meta']
[5.220s] Level 1:colcon.colcon_core.package_identification:_identify(src/hrdp_human_interfaces) by extension 'colcon_meta'
[5.222s] Level 1:colcon.colcon_core.package_identification:_identify(src/hrdp_human_interfaces) by extensions ['ros']
[5.224s] Level 1:colcon.colcon_core.package_identification:_identify(src/hrdp_human_interfaces) by extension 'ros'
[5.234s] DEBUG:colcon.colcon_core.package_identification:Package 'src/hrdp_human_interfaces' with type 'ros.ament_cmake' and name 'hrdp_human_interfaces'
[5.237s] Level 1:colcon.colcon_core.package_identification:_identify(src/hrdp_perception_beta) by extensions ['ignore', 'ignore_ament_install']
[5.252s] Level 1:colcon.colcon_core.package_identification:_identify(src/hrdp_perception_beta) by extension 'ignore'
[5.256s] Level 1:colcon.colcon_core.package_identification:_identify(src/hrdp_perception_beta) by extension 'ignore_ament_install'
[5.263s] Level 1:colcon.colcon_core.package_identification:_identify(src/hrdp_perception_beta) by extensions ['colcon_pkg']
[5.267s] Level 1:colcon.colcon_core.package_identification:_identify(src/hrdp_perception_beta) by extension 'colcon_pkg'
[5.269s] Level 1:colcon.colcon_core.package_identification:_identify(src/hrdp_perception_beta) by extensions ['colcon_meta']
[5.279s] Level 1:colcon.colcon_core.package_identification:_identify(src/hrdp_perception_beta) by extension 'colcon_meta'
[5.284s] Level 1:colcon.colcon_core.package_identification:_identify(src/hrdp_perception_beta) by extensions ['ros']
[5.287s] Level 1:colcon.colcon_core.package_identification:_identify(src/hrdp_perception_beta) by extension 'ros'
[5.314s] DEBUG:colcon.colcon_core.package_identification:Package 'src/hrdp_perception_beta' with type 'ros.ament_python' and name 'hrdp_perception_beta'
[5.318s] Level 1:colcon.colcon_core.package_identification:_identify(src/hrdp_sensors_beta) by extensions ['ignore', 'ignore_ament_install']
[5.321s] Level 1:colcon.colcon_core.package_identification:_identify(src/hrdp_sensors_beta) by extension 'ignore'
[5.323s] Level 1:colcon.colcon_core.package_identification:_identify(src/hrdp_sensors_beta) by extension 'ignore_ament_install'
[5.330s] Level 1:colcon.colcon_core.package_identification:_identify(src/hrdp_sensors_beta) by extensions ['colcon_pkg']
[5.331s] Level 1:colcon.colcon_core.package_identification:_identify(src/hrdp_sensors_beta) by extension 'colcon_pkg'
[5.332s] Level 1:colcon.colcon_core.package_identification:_identify(src/hrdp_sensors_beta) by extensions ['colcon_meta']
[5.333s] Level 1:colcon.colcon_core.package_identification:_identify(src/hrdp_sensors_beta) by extension 'colcon_meta'
[5.334s] Level 1:colcon.colcon_core.package_identification:_identify(src/hrdp_sensors_beta) by extensions ['ros']
[5.335s] Level 1:colcon.colcon_core.package_identification:_identify(src/hrdp_sensors_beta) by extension 'ros'
[5.347s] DEBUG:colcon.colcon_core.package_identification:Package 'src/hrdp_sensors_beta' with type 'ros.ament_python' and name 'hrdp_sensors_beta'
[5.383s] Level 1:colcon.colcon_core.package_discovery:discover_packages(recursive) using defaults
[5.393s] Level 1:colcon.colcon_core.package_discovery:discover_packages(ignore) discover
[5.394s] Level 1:colcon.colcon_core.package_discovery:discover_packages(ignore) using defaults
[5.395s] Level 1:colcon.colcon_core.package_discovery:discover_packages(path) discover
[5.396s] Level 1:colcon.colcon_core.package_discovery:discover_packages(path) using defaults
[5.832s] INFO:colcon.colcon_core.package_selection:Skipping not selected package 'hrdp_actuators' in 'src/hrdp_actuators'
[5.833s] INFO:colcon.colcon_core.package_selection:Skipping not selected package 'hrdp_beta_actions' in 'src/hrdp_beta_actions'
[5.834s] INFO:colcon.colcon_core.package_selection:Skipping not selected package 'hrdp_human_interfaces' in 'src/hrdp_human_interfaces'
[5.834s] INFO:colcon.colcon_core.package_selection:Skipping not selected package 'hrdp_perception_beta' in 'src/hrdp_perception_beta'
[5.851s] Level 1:colcon.colcon_core.package_discovery:discover_packages(prefix_path) check parameters
[5.852s] Level 1:colcon.colcon_core.package_discovery:discover_packages(prefix_path) discover
[5.947s] DEBUG:colcon.colcon_installed_package_information.package_discovery:Found 11 installed packages in /home/r1mini/sungsik_ws/install
[5.988s] DEBUG:colcon.colcon_installed_package_information.package_discovery:Found 9 installed packages in /home/r1mini/ros2_ws/install
[6.013s] DEBUG:colcon.colcon_installed_package_information.package_discovery:Found 270 installed packages in /opt/ros/foxy
[6.028s] Level 1:colcon.colcon_core.package_discovery:discover_packages(prefix_path) using defaults
[7.716s] Level 5:colcon.colcon_core.verb:set package 'hrdp_sensors_beta' build argument 'cmake_args' from command line to 'None'
[7.717s] Level 5:colcon.colcon_core.verb:set package 'hrdp_sensors_beta' build argument 'cmake_target' from command line to 'None'
[7.717s] Level 5:colcon.colcon_core.verb:set package 'hrdp_sensors_beta' build argument 'cmake_target_skip_unavailable' from command line to 'False'
[7.718s] Level 5:colcon.colcon_core.verb:set package 'hrdp_sensors_beta' build argument 'cmake_clean_cache' from command line to 'False'
[7.719s] Level 5:colcon.colcon_core.verb:set package 'hrdp_sensors_beta' build argument 'cmake_clean_first' from command line to 'False'
[7.719s] Level 5:colcon.colcon_core.verb:set package 'hrdp_sensors_beta' build argument 'cmake_force_configure' from command line to 'False'
[7.719s] Level 5:colcon.colcon_core.verb:set package 'hrdp_sensors_beta' build argument 'ament_cmake_args' from command line to 'None'
[7.720s] Level 5:colcon.colcon_core.verb:set package 'hrdp_sensors_beta' build argument 'catkin_cmake_args' from command line to 'None'
[7.720s] Level 5:colcon.colcon_core.verb:set package 'hrdp_sensors_beta' build argument 'catkin_skip_building_tests' from command line to 'False'
[7.721s] DEBUG:colcon.colcon_core.verb:Building package 'hrdp_sensors_beta' with the following arguments: {'ament_cmake_args': None, 'build_base': '/home/r1mini/sungsik_ws/build/hrdp_sensors_beta', 'catkin_cmake_args': None, 'catkin_skip_building_tests': False, 'cmake_args': None, 'cmake_clean_cache': False, 'cmake_clean_first': False, 'cmake_force_configure': False, 'cmake_target': None, 'cmake_target_skip_unavailable': False, 'install_base': '/home/r1mini/sungsik_ws/install/hrdp_sensors_beta', 'merge_install': False, 'path': '/home/r1mini/sungsik_ws/src/hrdp_sensors_beta', 'symlink_install': True, 'test_result_base': None}
[7.732s] INFO:colcon.colcon_core.executor:Executing jobs using 'parallel' executor
[7.774s] DEBUG:colcon.colcon_parallel_executor.executor.parallel:run_until_complete
[7.777s] INFO:colcon.colcon_ros.task.ament_python.build:Building ROS package in '/home/r1mini/sungsik_ws/src/hrdp_sensors_beta' with build type 'ament_python'
[7.779s] Level 1:colcon.colcon_core.shell:create_environment_hook('hrdp_sensors_beta', 'ament_prefix_path')
[7.857s] INFO:colcon.colcon_core.plugin_system:Skipping extension 'colcon_core.shell.bat': Not used on non-Windows systems
[7.859s] INFO:colcon.colcon_core.shell:Creating environment hook '/home/r1mini/sungsik_ws/install/hrdp_sensors_beta/share/hrdp_sensors_beta/hook/ament_prefix_path.ps1'
[7.866s] INFO:colcon.colcon_core.shell:Creating environment descriptor '/home/r1mini/sungsik_ws/install/hrdp_sensors_beta/share/hrdp_sensors_beta/hook/ament_prefix_path.dsv'
[7.873s] INFO:colcon.colcon_core.shell:Creating environment hook '/home/r1mini/sungsik_ws/install/hrdp_sensors_beta/share/hrdp_sensors_beta/hook/ament_prefix_path.sh'
[7.898s] INFO:colcon.colcon_core.shell:Skip shell extension 'powershell' for command environment: Not usable outside of PowerShell
[7.900s] DEBUG:colcon.colcon_core.shell:Skip shell extension 'dsv' for command environment
[17.015s] INFO:colcon.colcon_core.task.python.build:Building Python package in '/home/r1mini/sungsik_ws/src/hrdp_sensors_beta'
[17.036s] INFO:colcon.colcon_core.shell:Skip shell extension 'powershell' for command environment: Not usable outside of PowerShell
[17.038s] DEBUG:colcon.colcon_core.shell:Skip shell extension 'dsv' for command environment
[31.371s] DEBUG:colcon.colcon_core.event_handler.log_command:Invoking command in '/home/r1mini/sungsik_ws/build/hrdp_sensors_beta': PYTHONPATH=/home/r1mini/sungsik_ws/build/hrdp_sensors_beta/prefix_override:/home/r1mini/sungsik_ws/install/hrdp_sensors_beta/lib/python3.8/site-packages:${PYTHONPATH} /usr/bin/python3 setup.py develop --editable --build-directory /home/r1mini/sungsik_ws/build/hrdp_sensors_beta/build --no-deps install_data
[43.957s] Level 1:colcon.colcon_core.shell:create_environment_hook('hrdp_sensors_beta', 'pythonpath_develop')
[43.974s] DEBUG:colcon.colcon_core.event_handler.log_command:Invoked command in '/home/r1mini/sungsik_ws/build/hrdp_sensors_beta' returned '0': PYTHONPATH=/home/r1mini/sungsik_ws/build/hrdp_sensors_beta/prefix_override:/home/r1mini/sungsik_ws/install/hrdp_sensors_beta/lib/python3.8/site-packages:${PYTHONPATH} /usr/bin/python3 setup.py develop --editable --build-directory /home/r1mini/sungsik_ws/build/hrdp_sensors_beta/build --no-deps install_data
[44.006s] INFO:colcon.colcon_core.shell:Creating environment hook '/home/r1mini/sungsik_ws/build/hrdp_sensors_beta/share/hrdp_sensors_beta/hook/pythonpath_develop.ps1'
[44.024s] INFO:colcon.colcon_core.shell:Creating environment descriptor '/home/r1mini/sungsik_ws/build/hrdp_sensors_beta/share/hrdp_sensors_beta/hook/pythonpath_develop.dsv'
[44.044s] INFO:colcon.colcon_core.shell:Creating environment hook '/home/r1mini/sungsik_ws/build/hrdp_sensors_beta/share/hrdp_sensors_beta/hook/pythonpath_develop.sh'
[44.346s] Level 1:colcon.colcon_core.environment:checking '/home/r1mini/sungsik_ws/install/hrdp_sensors_beta' for CMake module files
[44.361s] Level 1:colcon.colcon_core.environment:checking '/home/r1mini/sungsik_ws/install/hrdp_sensors_beta' for CMake config files
[44.370s] Level 1:colcon.colcon_core.environment:checking '/home/r1mini/sungsik_ws/install/hrdp_sensors_beta/lib'
[44.374s] Level 1:colcon.colcon_core.environment:checking '/home/r1mini/sungsik_ws/install/hrdp_sensors_beta/bin'
[44.376s] Level 1:colcon.colcon_core.environment:checking '/home/r1mini/sungsik_ws/install/hrdp_sensors_beta/lib/pkgconfig/hrdp_sensors_beta.pc'
[44.382s] Level 1:colcon.colcon_core.environment:checking '/home/r1mini/sungsik_ws/install/hrdp_sensors_beta/lib/python3.8/site-packages'
[44.384s] Level 1:colcon.colcon_core.shell:create_environment_hook('hrdp_sensors_beta', 'pythonpath')
[44.415s] INFO:colcon.colcon_core.shell:Creating environment hook '/home/r1mini/sungsik_ws/install/hrdp_sensors_beta/share/hrdp_sensors_beta/hook/pythonpath.ps1'
[44.425s] INFO:colcon.colcon_core.shell:Creating environment descriptor '/home/r1mini/sungsik_ws/install/hrdp_sensors_beta/share/hrdp_sensors_beta/hook/pythonpath.dsv'
[44.432s] INFO:colcon.colcon_core.shell:Creating environment hook '/home/r1mini/sungsik_ws/install/hrdp_sensors_beta/share/hrdp_sensors_beta/hook/pythonpath.sh'
[44.439s] Level 1:colcon.colcon_core.environment:checking '/home/r1mini/sungsik_ws/install/hrdp_sensors_beta/bin'
[44.442s] Level 1:colcon.colcon_core.environment:create_environment_scripts_only(hrdp_sensors_beta)
[44.468s] INFO:colcon.colcon_core.shell:Creating package script '/home/r1mini/sungsik_ws/install/hrdp_sensors_beta/share/hrdp_sensors_beta/package.ps1'
[44.491s] INFO:colcon.colcon_core.shell:Creating package descriptor '/home/r1mini/sungsik_ws/install/hrdp_sensors_beta/share/hrdp_sensors_beta/package.dsv'
[44.521s] INFO:colcon.colcon_core.shell:Creating package script '/home/r1mini/sungsik_ws/install/hrdp_sensors_beta/share/hrdp_sensors_beta/package.sh'
[44.549s] INFO:colcon.colcon_core.shell:Creating package script '/home/r1mini/sungsik_ws/install/hrdp_sensors_beta/share/hrdp_sensors_beta/package.bash'
[44.589s] INFO:colcon.colcon_core.shell:Creating package script '/home/r1mini/sungsik_ws/install/hrdp_sensors_beta/share/hrdp_sensors_beta/package.zsh'
[44.643s] Level 1:colcon.colcon_core.environment:create_file_with_runtime_dependencies(/home/r1mini/sungsik_ws/install/hrdp_sensors_beta/share/colcon-core/packages/hrdp_sensors_beta)
[44.656s] DEBUG:colcon.colcon_parallel_executor.executor.parallel:closing loop
[44.662s] DEBUG:colcon.colcon_parallel_executor.executor.parallel:loop closed
[44.663s] DEBUG:colcon.colcon_parallel_executor.executor.parallel:run_until_complete finished with '0'
[44.675s] DEBUG:colcon.colcon_core.event_reactor:joining thread
[45.035s] INFO:colcon.colcon_core.plugin_system:Skipping extension 'colcon_notification.desktop_notification.terminal_notifier': Not used on non-Darwin systems
[45.037s] INFO:colcon.colcon_core.plugin_system:Skipping extension 'colcon_notification.desktop_notification.win32': Not used on non-Windows systems
[45.039s] INFO:colcon.colcon_notification.desktop_notification:Sending desktop notification using 'notify2'
[45.090s] DEBUG:colcon.colcon_core.event_reactor:joined thread
[45.148s] INFO:colcon.colcon_core.shell:Creating prefix script '/home/r1mini/sungsik_ws/install/local_setup.ps1'
[45.193s] INFO:colcon.colcon_core.shell:Creating prefix util module '/home/r1mini/sungsik_ws/install/_local_setup_util_ps1.py'
[45.233s] INFO:colcon.colcon_core.shell:Creating prefix chain script '/home/r1mini/sungsik_ws/install/setup.ps1'
[45.264s] INFO:colcon.colcon_core.shell:Creating prefix script '/home/r1mini/sungsik_ws/install/local_setup.sh'
[45.272s] INFO:colcon.colcon_core.shell:Creating prefix util module '/home/r1mini/sungsik_ws/install/_local_setup_util_sh.py'
[45.286s] INFO:colcon.colcon_core.shell:Creating prefix chain script '/home/r1mini/sungsik_ws/install/setup.sh'
[45.317s] INFO:colcon.colcon_core.shell:Creating prefix script '/home/r1mini/sungsik_ws/install/local_setup.bash'
[45.324s] INFO:colcon.colcon_core.shell:Creating prefix chain script '/home/r1mini/sungsik_ws/install/setup.bash'
[45.359s] INFO:colcon.colcon_core.shell:Creating prefix script '/home/r1mini/sungsik_ws/install/local_setup.zsh'
[45.369s] INFO:colcon.colcon_core.shell:Creating prefix chain script '/home/r1mini/sungsik_ws/install/setup.zsh'
