[0.282s] Invoking command in '/home/r1mini/sungsik_ws/build/my_cpp_py_pkg': CMAKE_PREFIX_PATH=${CMAKE_PREFIX_PATH}:/home/r1mini/sungsik_ws/install/hrdp_beta_perception:/home/r1mini/ros2_ws/install/omo_r1mini_teleop:/home/r1mini/ros2_ws/install/omo_r1mini_bringup:/opt/ros/foxy /usr/bin/cmake --build /home/r1mini/sungsik_ws/build/my_cpp_py_pkg -- -j4 -l4
[0.870s] Invoked command in '/home/r1mini/sungsik_ws/build/my_cpp_py_pkg' returned '0': CMAKE_PREFIX_PATH=${CMAKE_PREFIX_PATH}:/home/r1mini/sungsik_ws/install/hrdp_beta_perception:/home/r1mini/ros2_ws/install/omo_r1mini_teleop:/home/r1mini/ros2_ws/install/omo_r1mini_bringup:/opt/ros/foxy /usr/bin/cmake --build /home/r1mini/sungsik_ws/build/my_cpp_py_pkg -- -j4 -l4
[1.290s] Invoking command in '/home/r1mini/sungsik_ws/build/my_cpp_py_pkg': CMAKE_PREFIX_PATH=${CMAKE_PREFIX_PATH}:/home/r1mini/sungsik_ws/install/hrdp_beta_perception:/home/r1mini/ros2_ws/install/omo_r1mini_teleop:/home/r1mini/ros2_ws/install/omo_r1mini_bringup:/opt/ros/foxy /usr/bin/cmake --install /home/r1mini/sungsik_ws/build/my_cpp_py_pkg
[1.405s] -- Install configuration: ""
[1.425s] -- Execute custom install script
[1.432s] -- Up-to-date symlink: /home/r1mini/sungsik_ws/install/my_cpp_py_pkg/share/my_cpp_py_pkg/environment/pythonpath.sh
[1.438s] -- Up-to-date symlink: /home/r1mini/sungsik_ws/install/my_cpp_py_pkg/share/my_cpp_py_pkg/environment/pythonpath.dsv
[1.440s] -- Up-to-date symlink: /home/r1mini/sungsik_ws/install/my_cpp_py_pkg/lib/python3.8/site-packages/my_cpp_py_pkg/__init__.py
[1.442s] -- Up-to-date symlink: /home/r1mini/sungsik_ws/install/my_cpp_py_pkg/lib/python3.8/site-packages/my_cpp_py_pkg/module_to_import.py
[1.444s] -- Up-to-date symlink: /home/r1mini/sungsik_ws/install/my_cpp_py_pkg/lib///py_node.py
[1.446s] -- Up-to-date symlink: /home/r1mini/sungsik_ws/install/my_cpp_py_pkg/share/ament_index/resource_index/package_run_dependencies/my_cpp_py_pkg
[1.447s] -- Up-to-date symlink: /home/r1mini/sungsik_ws/install/my_cpp_py_pkg/share/ament_index/resource_index/parent_prefix_path/my_cpp_py_pkg
[1.450s] -- Up-to-date symlink: /home/r1mini/sungsik_ws/install/my_cpp_py_pkg/share/my_cpp_py_pkg/environment/ament_prefix_path.sh
[1.451s] -- Up-to-date symlink: /home/r1mini/sungsik_ws/install/my_cpp_py_pkg/share/my_cpp_py_pkg/environment/ament_prefix_path.dsv
[1.452s] -- Up-to-date symlink: /home/r1mini/sungsik_ws/install/my_cpp_py_pkg/share/my_cpp_py_pkg/environment/path.sh
[1.454s] -- Up-to-date symlink: /home/r1mini/sungsik_ws/install/my_cpp_py_pkg/share/my_cpp_py_pkg/environment/path.dsv
[1.456s] -- Up-to-date symlink: /home/r1mini/sungsik_ws/install/my_cpp_py_pkg/share/my_cpp_py_pkg/local_setup.bash
[1.457s] -- Up-to-date symlink: /home/r1mini/sungsik_ws/install/my_cpp_py_pkg/share/my_cpp_py_pkg/local_setup.sh
[1.459s] -- Up-to-date symlink: /home/r1mini/sungsik_ws/install/my_cpp_py_pkg/share/my_cpp_py_pkg/local_setup.zsh
[1.461s] -- Up-to-date symlink: /home/r1mini/sungsik_ws/install/my_cpp_py_pkg/share/my_cpp_py_pkg/local_setup.dsv
[1.462s] -- Symlinking: /home/r1mini/sungsik_ws/install/my_cpp_py_pkg/share/my_cpp_py_pkg/package.dsv
[1.565s] -- Up-to-date symlink: /home/r1mini/sungsik_ws/install/my_cpp_py_pkg/share/ament_index/resource_index/packages/my_cpp_py_pkg
[1.568s] -- Up-to-date symlink: /home/r1mini/sungsik_ws/install/my_cpp_py_pkg/share/my_cpp_py_pkg/cmake/my_cpp_py_pkgConfig.cmake
[1.570s] -- Up-to-date symlink: /home/r1mini/sungsik_ws/install/my_cpp_py_pkg/share/my_cpp_py_pkg/cmake/my_cpp_py_pkgConfig-version.cmake
[1.571s] -- Up-to-date symlink: /home/r1mini/sungsik_ws/install/my_cpp_py_pkg/share/my_cpp_py_pkg/package.xml
[1.986s] Listing '/home/r1mini/sungsik_ws/install/my_cpp_py_pkg/lib/python3.8/site-packages/my_cpp_py_pkg'...
[2.105s] Invoked command in '/home/r1mini/sungsik_ws/build/my_cpp_py_pkg' returned '0': CMAKE_PREFIX_PATH=${CMAKE_PREFIX_PATH}:/home/r1mini/sungsik_ws/install/hrdp_beta_perception:/home/r1mini/ros2_ws/install/omo_r1mini_teleop:/home/r1mini/ros2_ws/install/omo_r1mini_bringup:/opt/ros/foxy /usr/bin/cmake --install /home/r1mini/sungsik_ws/build/my_cpp_py_pkg
