[0.311s] Invoking command in '/home/r1mini/sungsik_ws/build/hrdp_beta_actions': CMAKE_PREFIX_PATH=${CMAKE_PREFIX_PATH}:/home/r1mini/ros2_ws/install/omo_r1mini_teleop:/home/r1mini/ros2_ws/install/omo_r1mini_bringup:/opt/ros/foxy /usr/bin/cmake --build /home/r1mini/sungsik_ws/build/hrdp_beta_actions -- -j4 -l4
[0.646s] -- Found ament_cmake: 0.9.11 (/opt/ros/foxy/share/ament_cmake/cmake)
[1.035s] -- Found PythonInterp: /usr/bin/python3 (found suitable version "3.8.10", minimum required is "3") 
[1.038s] -- Using PYTHON_EXECUTABLE: /usr/bin/python3
[4.819s] -- Found rosidl_default_generators: 1.0.1 (/opt/ros/foxy/share/rosidl_default_generators/cmake)
[4.866s] -- Using all available rosidl_typesupport_c: rosidl_typesupport_fastrtps_c;rosidl_typesupport_introspection_c
[4.907s] -- Found rosidl_adapter: 1.3.0 (/opt/ros/foxy/share/rosidl_adapter/cmake)
[6.617s] -- Using all available rosidl_typesupport_cpp: rosidl_typesupport_fastrtps_cpp;rosidl_typesupport_introspection_cpp
[7.226s] -- Found PythonInterp: /usr/bin/python3 (found version "3.8.10") 
[9.665s] -- Found ament_cmake_ros: 0.9.2 (/opt/ros/foxy/share/ament_cmake_ros/cmake)
[10.808s] -- Using all available rosidl_typesupport_c: rosidl_typesupport_fastrtps_c;rosidl_typesupport_introspection_c
[10.981s] -- Using all available rosidl_typesupport_cpp: rosidl_typesupport_fastrtps_cpp;rosidl_typesupport_introspection_cpp
[11.330s] -- Found PythonInterp: /usr/bin/python3 (found suitable version "3.8.10", minimum required is "3.5") 
[11.337s] -- Found python_cmake_module: 0.8.1 (/opt/ros/foxy/share/python_cmake_module/cmake)
[11.689s] -- Using PYTHON_EXECUTABLE: /usr/bin/python3
[11.691s] -- Using PYTHON_INCLUDE_DIRS: /usr/include/python3.8
[11.692s] -- Using PYTHON_LIBRARIES: /usr/lib/aarch64-linux-gnu/libpython3.8.so
[11.938s] -- Found ament_lint_auto: 0.9.7 (/opt/ros/foxy/share/ament_lint_auto/cmake)
[12.085s] -- Added test 'copyright' to check source files copyright and LICENSE
[12.112s] -- Added test 'lint_cmake' to check CMake code style
[12.123s] -- Added test 'xmllint' to check XML markup files
[12.173s] -- Configuring done
[12.725s] -- Generating done
[12.753s] -- Build files have been written to: /home/r1mini/sungsik_ws/build/hrdp_beta_actions
[13.116s] [35m[1mScanning dependencies of target hrdp_beta_actions__cpp[0m
[13.138s] [  2%] [34m[1mGenerating C code for ROS interfaces[0m
[13.239s] [  5%] [34m[1mGenerating C++ code for ROS interfaces[0m
[24.794s] [  5%] Built target hrdp_beta_actions__cpp
[25.097s] [  7%] [34m[1mGenerating C++ introspection for ROS interfaces[0m
[25.344s] [ 10%] [34m[1mGenerating C++ type support dispatch for ROS interfaces[0m
[28.269s] [35m[1mScanning dependencies of target hrdp_beta_actions__rosidl_generator_c[0m
[28.734s] [ 12%] [32mBuilding C object CMakeFiles/hrdp_beta_actions__rosidl_generator_c.dir/rosidl_generator_c/hrdp_beta_actions/action/detail/rgb_frame__functions.c.o[0m
[35.206s] [ 15%] [32mBuilding C object CMakeFiles/hrdp_beta_actions__rosidl_generator_c.dir/rosidl_generator_c/hrdp_beta_actions/action/detail/face_detection__functions.c.o[0m
[38.270s] [35m[1mScanning dependencies of target hrdp_beta_actions__rosidl_typesupport_cpp[0m
[38.581s] [ 17%] [32m[1mLinking C shared library libhrdp_beta_actions__rosidl_generator_c.so[0m
[39.016s] [ 20%] [32mBuilding CXX object CMakeFiles/hrdp_beta_actions__rosidl_typesupport_cpp.dir/rosidl_typesupport_cpp/hrdp_beta_actions/action/rgb_frame__type_support.cpp.o[0m
[40.280s] [ 20%] Built target hrdp_beta_actions__rosidl_generator_c
[41.014s] [35m[1mScanning dependencies of target hrdp_beta_actions__rosidl_typesupport_introspection_cpp[0m
[41.728s] [ 23%] [32mBuilding CXX object CMakeFiles/hrdp_beta_actions__rosidl_typesupport_introspection_cpp.dir/rosidl_typesupport_introspection_cpp/hrdp_beta_actions/action/detail/rgb_frame__type_support.cpp.o[0m
[55.016s] [ 25%] [32mBuilding CXX object CMakeFiles/hrdp_beta_actions__rosidl_typesupport_cpp.dir/rosidl_typesupport_cpp/hrdp_beta_actions/action/face_detection__type_support.cpp.o[0m
[55.684s] [ 28%] [32mBuilding CXX object CMakeFiles/hrdp_beta_actions__rosidl_typesupport_introspection_cpp.dir/rosidl_typesupport_introspection_cpp/hrdp_beta_actions/action/detail/face_detection__type_support.cpp.o[0m
[61.411s] [ 30%] [32m[1mLinking CXX shared library libhrdp_beta_actions__rosidl_typesupport_cpp.so[0m
[61.900s] [ 30%] Built target hrdp_beta_actions__rosidl_typesupport_cpp
[62.016s] [ 33%] [32m[1mLinking CXX shared library libhrdp_beta_actions__rosidl_typesupport_introspection_cpp.so[0m
[62.816s] [ 33%] Built target hrdp_beta_actions__rosidl_typesupport_introspection_cpp
[62.908s] [ 35%] [34m[1mGenerating C introspection for ROS interfaces[0m
[70.062s] [35m[1mScanning dependencies of target hrdp_beta_actions__rosidl_typesupport_introspection_c[0m
[70.178s] [ 38%] [32mBuilding C object CMakeFiles/hrdp_beta_actions__rosidl_typesupport_introspection_c.dir/rosidl_typesupport_introspection_c/hrdp_beta_actions/action/detail/rgb_frame__type_support.c.o[0m
[70.841s] [ 41%] [32mBuilding C object CMakeFiles/hrdp_beta_actions__rosidl_typesupport_introspection_c.dir/rosidl_typesupport_introspection_c/hrdp_beta_actions/action/detail/face_detection__type_support.c.o[0m
[71.236s] [ 43%] [32m[1mLinking C shared library libhrdp_beta_actions__rosidl_typesupport_introspection_c.so[0m
[71.534s] [ 43%] Built target hrdp_beta_actions__rosidl_typesupport_introspection_c
[71.626s] [ 46%] [34m[1mGenerating C type support dispatch for ROS interfaces[0m
[74.572s] [35m[1mScanning dependencies of target hrdp_beta_actions__rosidl_typesupport_c[0m
[74.813s] [ 48%] [32mBuilding CXX object CMakeFiles/hrdp_beta_actions__rosidl_typesupport_c.dir/rosidl_typesupport_c/hrdp_beta_actions/action/rgb_frame__type_support.cpp.o[0m
[75.542s] [ 51%] [32mBuilding CXX object CMakeFiles/hrdp_beta_actions__rosidl_typesupport_c.dir/rosidl_typesupport_c/hrdp_beta_actions/action/face_detection__type_support.cpp.o[0m
[76.079s] [ 53%] [32m[1mLinking CXX shared library libhrdp_beta_actions__rosidl_typesupport_c.so[0m
[76.435s] [ 53%] Built target hrdp_beta_actions__rosidl_typesupport_c
[76.524s] [ 56%] [34m[1mGenerating C++ type support for eProsima Fast-RTPS[0m
[81.241s] [35m[1mScanning dependencies of target hrdp_beta_actions__rosidl_typesupport_fastrtps_cpp[0m
[81.386s] [ 58%] [32mBuilding CXX object CMakeFiles/hrdp_beta_actions__rosidl_typesupport_fastrtps_cpp.dir/rosidl_typesupport_fastrtps_cpp/hrdp_beta_actions/action/detail/dds_fastrtps/rgb_frame__type_support.cpp.o[0m
[86.061s] [ 61%] [32mBuilding CXX object CMakeFiles/hrdp_beta_actions__rosidl_typesupport_fastrtps_cpp.dir/rosidl_typesupport_fastrtps_cpp/hrdp_beta_actions/action/detail/dds_fastrtps/face_detection__type_support.cpp.o[0m
[90.993s] [ 64%] [32m[1mLinking CXX shared library libhrdp_beta_actions__rosidl_typesupport_fastrtps_cpp.so[0m
[92.752s] [ 64%] Built target hrdp_beta_actions__rosidl_typesupport_fastrtps_cpp
[92.972s] [ 66%] [34m[1mGenerating C type support for eProsima Fast-RTPS[0m
[99.639s] [35m[1mScanning dependencies of target hrdp_beta_actions__rosidl_typesupport_fastrtps_c[0m
[100.069s] [ 69%] [32mBuilding CXX object CMakeFiles/hrdp_beta_actions__rosidl_typesupport_fastrtps_c.dir/rosidl_typesupport_fastrtps_c/hrdp_beta_actions/action/detail/rgb_frame__type_support_c.cpp.o[0m
[107.144s] [ 71%] [32mBuilding CXX object CMakeFiles/hrdp_beta_actions__rosidl_typesupport_fastrtps_c.dir/rosidl_typesupport_fastrtps_c/hrdp_beta_actions/action/detail/face_detection__type_support_c.cpp.o[0m
[115.145s] [ 74%] [32m[1mLinking CXX shared library libhrdp_beta_actions__rosidl_typesupport_fastrtps_c.so[0m
[116.798s] [ 74%] Built target hrdp_beta_actions__rosidl_typesupport_fastrtps_c
[117.070s] [ 74%] Built target hrdp_beta_actions
[117.200s] [35m[1mScanning dependencies of target hrdp_beta_actions__py[0m
[117.327s] [ 76%] [34m[1mGenerating Python code for ROS interfaces[0m
[134.543s] [ 76%] Built target hrdp_beta_actions__py
[134.976s] [35m[1mScanning dependencies of target hrdp_beta_actions__python[0m
[135.307s] [ 79%] [32mBuilding C object CMakeFiles/hrdp_beta_actions__python.dir/rosidl_generator_py/hrdp_beta_actions/action/_rgb_frame_s.c.o[0m
[139.372s] [ 82%] [32mBuilding C object CMakeFiles/hrdp_beta_actions__python.dir/rosidl_generator_py/hrdp_beta_actions/action/_face_detection_s.c.o[0m
[142.019s] [ 84%] [32m[1mLinking C shared library rosidl_generator_py/hrdp_beta_actions/libhrdp_beta_actions__python.so[0m
[143.172s] [ 84%] Built target hrdp_beta_actions__python
[143.372s] [35m[1mScanning dependencies of target hrdp_beta_actions__rosidl_typesupport_introspection_c__pyext[0m
[143.672s] [ 87%] [32mBuilding C object CMakeFiles/hrdp_beta_actions__rosidl_typesupport_introspection_c__pyext.dir/rosidl_generator_py/hrdp_beta_actions/_hrdp_beta_actions_s.ep.rosidl_typesupport_introspection_c.c.o[0m
[146.800s] [ 89%] [32m[1mLinking C shared library rosidl_generator_py/hrdp_beta_actions/hrdp_beta_actions_s__rosidl_typesupport_introspection_c.cpython-38-aarch64-linux-gnu.so[0m
[147.671s] [ 89%] Built target hrdp_beta_actions__rosidl_typesupport_introspection_c__pyext
[147.925s] [35m[1mScanning dependencies of target hrdp_beta_actions__rosidl_typesupport_c__pyext[0m
[148.233s] [ 92%] [32mBuilding C object CMakeFiles/hrdp_beta_actions__rosidl_typesupport_c__pyext.dir/rosidl_generator_py/hrdp_beta_actions/_hrdp_beta_actions_s.ep.rosidl_typesupport_c.c.o[0m
[150.048s] [ 94%] [32m[1mLinking C shared library rosidl_generator_py/hrdp_beta_actions/hrdp_beta_actions_s__rosidl_typesupport_c.cpython-38-aarch64-linux-gnu.so[0m
[151.121s] [ 94%] Built target hrdp_beta_actions__rosidl_typesupport_c__pyext
[151.340s] [35m[1mScanning dependencies of target hrdp_beta_actions__rosidl_typesupport_fastrtps_c__pyext[0m
[151.761s] [ 97%] [32mBuilding C object CMakeFiles/hrdp_beta_actions__rosidl_typesupport_fastrtps_c__pyext.dir/rosidl_generator_py/hrdp_beta_actions/_hrdp_beta_actions_s.ep.rosidl_typesupport_fastrtps_c.c.o[0m
[153.694s] [100%] [32m[1mLinking CXX shared library rosidl_generator_py/hrdp_beta_actions/hrdp_beta_actions_s__rosidl_typesupport_fastrtps_c.cpython-38-aarch64-linux-gnu.so[0m
[154.818s] [100%] Built target hrdp_beta_actions__rosidl_typesupport_fastrtps_c__pyext
[154.921s] Invoked command in '/home/r1mini/sungsik_ws/build/hrdp_beta_actions' returned '0': CMAKE_PREFIX_PATH=${CMAKE_PREFIX_PATH}:/home/r1mini/ros2_ws/install/omo_r1mini_teleop:/home/r1mini/ros2_ws/install/omo_r1mini_bringup:/opt/ros/foxy /usr/bin/cmake --build /home/r1mini/sungsik_ws/build/hrdp_beta_actions -- -j4 -l4
[155.543s] Invoking command in '/home/r1mini/sungsik_ws/build/hrdp_beta_actions': CMAKE_PREFIX_PATH=${CMAKE_PREFIX_PATH}:/home/r1mini/ros2_ws/install/omo_r1mini_teleop:/home/r1mini/ros2_ws/install/omo_r1mini_bringup:/opt/ros/foxy /usr/bin/cmake --install /home/r1mini/sungsik_ws/build/hrdp_beta_actions
[155.624s] -- Install configuration: ""
[155.625s] -- Installing: /home/r1mini/sungsik_ws/install/hrdp_beta_actions/share/ament_index/resource_index/rosidl_interfaces/hrdp_beta_actions
[155.627s] -- Up-to-date: /home/r1mini/sungsik_ws/install/hrdp_beta_actions/include/hrdp_beta_actions
[155.628s] -- Up-to-date: /home/r1mini/sungsik_ws/install/hrdp_beta_actions/include/hrdp_beta_actions/msg
[155.630s] -- Up-to-date: /home/r1mini/sungsik_ws/install/hrdp_beta_actions/include/hrdp_beta_actions/msg/rosidl_generator_c__visibility_control.h
[155.631s] -- Up-to-date: /home/r1mini/sungsik_ws/install/hrdp_beta_actions/include/hrdp_beta_actions/action
[155.632s] -- Up-to-date: /home/r1mini/sungsik_ws/install/hrdp_beta_actions/include/hrdp_beta_actions/action/detail
[155.632s] -- Installing: /home/r1mini/sungsik_ws/install/hrdp_beta_actions/include/hrdp_beta_actions/action/detail/face_detection__functions.c
[155.636s] -- Installing: /home/r1mini/sungsik_ws/install/hrdp_beta_actions/include/hrdp_beta_actions/action/detail/face_detection__struct.h
[155.637s] -- Up-to-date: /home/r1mini/sungsik_ws/install/hrdp_beta_actions/include/hrdp_beta_actions/action/detail/camera_rgb__type_support.h
[155.638s] -- Installing: /home/r1mini/sungsik_ws/install/hrdp_beta_actions/include/hrdp_beta_actions/action/detail/rgb_frame__functions.h
[155.639s] -- Installing: /home/r1mini/sungsik_ws/install/hrdp_beta_actions/include/hrdp_beta_actions/action/detail/rgb_frame__functions.c
[155.639s] -- Up-to-date: /home/r1mini/sungsik_ws/install/hrdp_beta_actions/include/hrdp_beta_actions/action/detail/camera_rgb__struct.h
[155.641s] -- Up-to-date: /home/r1mini/sungsik_ws/install/hrdp_beta_actions/include/hrdp_beta_actions/action/detail/camera_rgb__functions.h
[155.641s] -- Installing: /home/r1mini/sungsik_ws/install/hrdp_beta_actions/include/hrdp_beta_actions/action/detail/rgb_frame__type_support.h
[155.642s] -- Up-to-date: /home/r1mini/sungsik_ws/install/hrdp_beta_actions/include/hrdp_beta_actions/action/detail/camera_rgb__functions.c
[155.642s] -- Installing: /home/r1mini/sungsik_ws/install/hrdp_beta_actions/include/hrdp_beta_actions/action/detail/face_detection__functions.h
[155.643s] -- Installing: /home/r1mini/sungsik_ws/install/hrdp_beta_actions/include/hrdp_beta_actions/action/detail/rgb_frame__struct.h
[155.644s] -- Installing: /home/r1mini/sungsik_ws/install/hrdp_beta_actions/include/hrdp_beta_actions/action/detail/face_detection__type_support.h
[155.645s] -- Installing: /home/r1mini/sungsik_ws/install/hrdp_beta_actions/include/hrdp_beta_actions/action/face_detection.h
[155.646s] -- Up-to-date: /home/r1mini/sungsik_ws/install/hrdp_beta_actions/include/hrdp_beta_actions/action/camera_rgb.h
[155.647s] -- Installing: /home/r1mini/sungsik_ws/install/hrdp_beta_actions/include/hrdp_beta_actions/action/rgb_frame.h
[155.648s] -- Up-to-date: /home/r1mini/sungsik_ws/install/hrdp_beta_actions/share/hrdp_beta_actions/environment/library_path.sh
[155.649s] -- Installing: /home/r1mini/sungsik_ws/install/hrdp_beta_actions/share/hrdp_beta_actions/environment/library_path.dsv
[155.655s] -- Installing: /home/r1mini/sungsik_ws/install/hrdp_beta_actions/lib/libhrdp_beta_actions__rosidl_generator_c.so
[155.660s] -- Set runtime path of "/home/r1mini/sungsik_ws/install/hrdp_beta_actions/lib/libhrdp_beta_actions__rosidl_generator_c.so" to ""
[155.665s] -- Up-to-date: /home/r1mini/sungsik_ws/install/hrdp_beta_actions/include/hrdp_beta_actions
[155.667s] -- Up-to-date: /home/r1mini/sungsik_ws/install/hrdp_beta_actions/include/hrdp_beta_actions/msg
[155.669s] -- Up-to-date: /home/r1mini/sungsik_ws/install/hrdp_beta_actions/include/hrdp_beta_actions/msg/rosidl_typesupport_fastrtps_c__visibility_control.h
[155.671s] -- Up-to-date: /home/r1mini/sungsik_ws/install/hrdp_beta_actions/include/hrdp_beta_actions/action
[155.673s] -- Up-to-date: /home/r1mini/sungsik_ws/install/hrdp_beta_actions/include/hrdp_beta_actions/action/detail
[155.675s] -- Up-to-date: /home/r1mini/sungsik_ws/install/hrdp_beta_actions/include/hrdp_beta_actions/action/detail/camera_rgb__rosidl_typesupport_fastrtps_c.h
[155.677s] -- Installing: /home/r1mini/sungsik_ws/install/hrdp_beta_actions/include/hrdp_beta_actions/action/detail/rgb_frame__rosidl_typesupport_fastrtps_c.h
[155.679s] -- Installing: /home/r1mini/sungsik_ws/install/hrdp_beta_actions/include/hrdp_beta_actions/action/detail/face_detection__rosidl_typesupport_fastrtps_c.h
[155.680s] -- Installing: /home/r1mini/sungsik_ws/install/hrdp_beta_actions/lib/libhrdp_beta_actions__rosidl_typesupport_fastrtps_c.so
[155.680s] -- Set runtime path of "/home/r1mini/sungsik_ws/install/hrdp_beta_actions/lib/libhrdp_beta_actions__rosidl_typesupport_fastrtps_c.so" to ""
[155.681s] -- Up-to-date: /home/r1mini/sungsik_ws/install/hrdp_beta_actions/include/hrdp_beta_actions
[155.682s] -- Up-to-date: /home/r1mini/sungsik_ws/install/hrdp_beta_actions/include/hrdp_beta_actions/msg
[155.682s] -- Up-to-date: /home/r1mini/sungsik_ws/install/hrdp_beta_actions/include/hrdp_beta_actions/msg/rosidl_typesupport_fastrtps_cpp__visibility_control.h
[155.683s] -- Up-to-date: /home/r1mini/sungsik_ws/install/hrdp_beta_actions/include/hrdp_beta_actions/action
[155.683s] -- Up-to-date: /home/r1mini/sungsik_ws/install/hrdp_beta_actions/include/hrdp_beta_actions/action/detail
[155.684s] -- Installing: /home/r1mini/sungsik_ws/install/hrdp_beta_actions/include/hrdp_beta_actions/action/detail/rgb_frame__rosidl_typesupport_fastrtps_cpp.hpp
[155.684s] -- Up-to-date: /home/r1mini/sungsik_ws/install/hrdp_beta_actions/include/hrdp_beta_actions/action/detail/camera_rgb__rosidl_typesupport_fastrtps_cpp.hpp
[155.685s] -- Up-to-date: /home/r1mini/sungsik_ws/install/hrdp_beta_actions/include/hrdp_beta_actions/action/detail/dds_fastrtps
[155.685s] -- Installing: /home/r1mini/sungsik_ws/install/hrdp_beta_actions/include/hrdp_beta_actions/action/detail/face_detection__rosidl_typesupport_fastrtps_cpp.hpp
[155.687s] -- Installing: /home/r1mini/sungsik_ws/install/hrdp_beta_actions/lib/libhrdp_beta_actions__rosidl_typesupport_fastrtps_cpp.so
[155.691s] -- Set runtime path of "/home/r1mini/sungsik_ws/install/hrdp_beta_actions/lib/libhrdp_beta_actions__rosidl_typesupport_fastrtps_cpp.so" to ""
[155.692s] -- Up-to-date: /home/r1mini/sungsik_ws/install/hrdp_beta_actions/include/hrdp_beta_actions
[155.692s] -- Up-to-date: /home/r1mini/sungsik_ws/install/hrdp_beta_actions/include/hrdp_beta_actions/msg
[155.693s] -- Up-to-date: /home/r1mini/sungsik_ws/install/hrdp_beta_actions/include/hrdp_beta_actions/msg/rosidl_typesupport_introspection_c__visibility_control.h
[155.693s] -- Up-to-date: /home/r1mini/sungsik_ws/install/hrdp_beta_actions/include/hrdp_beta_actions/action
[155.694s] -- Up-to-date: /home/r1mini/sungsik_ws/install/hrdp_beta_actions/include/hrdp_beta_actions/action/detail
[155.694s] -- Up-to-date: /home/r1mini/sungsik_ws/install/hrdp_beta_actions/include/hrdp_beta_actions/action/detail/camera_rgb__rosidl_typesupport_introspection_c.h
[155.695s] -- Installing: /home/r1mini/sungsik_ws/install/hrdp_beta_actions/include/hrdp_beta_actions/action/detail/face_detection__rosidl_typesupport_introspection_c.h
[155.697s] -- Installing: /home/r1mini/sungsik_ws/install/hrdp_beta_actions/include/hrdp_beta_actions/action/detail/rgb_frame__type_support.c
[155.699s] -- Up-to-date: /home/r1mini/sungsik_ws/install/hrdp_beta_actions/include/hrdp_beta_actions/action/detail/camera_rgb__type_support.c
[155.701s] -- Installing: /home/r1mini/sungsik_ws/install/hrdp_beta_actions/include/hrdp_beta_actions/action/detail/rgb_frame__rosidl_typesupport_introspection_c.h
[155.702s] -- Installing: /home/r1mini/sungsik_ws/install/hrdp_beta_actions/include/hrdp_beta_actions/action/detail/face_detection__type_support.c
[155.706s] -- Installing: /home/r1mini/sungsik_ws/install/hrdp_beta_actions/lib/libhrdp_beta_actions__rosidl_typesupport_introspection_c.so
[155.710s] -- Set runtime path of "/home/r1mini/sungsik_ws/install/hrdp_beta_actions/lib/libhrdp_beta_actions__rosidl_typesupport_introspection_c.so" to ""
[155.712s] -- Installing: /home/r1mini/sungsik_ws/install/hrdp_beta_actions/lib/libhrdp_beta_actions__rosidl_typesupport_c.so
[155.716s] -- Set runtime path of "/home/r1mini/sungsik_ws/install/hrdp_beta_actions/lib/libhrdp_beta_actions__rosidl_typesupport_c.so" to ""
[155.719s] -- Up-to-date: /home/r1mini/sungsik_ws/install/hrdp_beta_actions/include/hrdp_beta_actions
[155.720s] -- Up-to-date: /home/r1mini/sungsik_ws/install/hrdp_beta_actions/include/hrdp_beta_actions/action
[155.723s] -- Installing: /home/r1mini/sungsik_ws/install/hrdp_beta_actions/include/hrdp_beta_actions/action/rgb_frame.hpp
[155.724s] -- Up-to-date: /home/r1mini/sungsik_ws/install/hrdp_beta_actions/include/hrdp_beta_actions/action/detail
[155.725s] -- Installing: /home/r1mini/sungsik_ws/install/hrdp_beta_actions/include/hrdp_beta_actions/action/detail/face_detection__struct.hpp
[155.726s] -- Installing: /home/r1mini/sungsik_ws/install/hrdp_beta_actions/include/hrdp_beta_actions/action/detail/rgb_frame__traits.hpp
[155.728s] -- Installing: /home/r1mini/sungsik_ws/install/hrdp_beta_actions/include/hrdp_beta_actions/action/detail/rgb_frame__struct.hpp
[155.728s] -- Installing: /home/r1mini/sungsik_ws/install/hrdp_beta_actions/include/hrdp_beta_actions/action/detail/face_detection__builder.hpp
[155.730s] -- Installing: /home/r1mini/sungsik_ws/install/hrdp_beta_actions/include/hrdp_beta_actions/action/detail/face_detection__traits.hpp
[155.732s] -- Up-to-date: /home/r1mini/sungsik_ws/install/hrdp_beta_actions/include/hrdp_beta_actions/action/detail/camera_rgb__struct.hpp
[155.734s] -- Up-to-date: /home/r1mini/sungsik_ws/install/hrdp_beta_actions/include/hrdp_beta_actions/action/detail/camera_rgb__builder.hpp
[155.735s] -- Installing: /home/r1mini/sungsik_ws/install/hrdp_beta_actions/include/hrdp_beta_actions/action/detail/rgb_frame__builder.hpp
[155.737s] -- Up-to-date: /home/r1mini/sungsik_ws/install/hrdp_beta_actions/include/hrdp_beta_actions/action/detail/camera_rgb__traits.hpp
[155.739s] -- Up-to-date: /home/r1mini/sungsik_ws/install/hrdp_beta_actions/include/hrdp_beta_actions/action/camera_rgb.hpp
[155.740s] -- Installing: /home/r1mini/sungsik_ws/install/hrdp_beta_actions/include/hrdp_beta_actions/action/face_detection.hpp
[155.742s] -- Up-to-date: /home/r1mini/sungsik_ws/install/hrdp_beta_actions/include/hrdp_beta_actions
[155.744s] -- Up-to-date: /home/r1mini/sungsik_ws/install/hrdp_beta_actions/include/hrdp_beta_actions/action
[155.745s] -- Up-to-date: /home/r1mini/sungsik_ws/install/hrdp_beta_actions/include/hrdp_beta_actions/action/detail
[155.747s] -- Installing: /home/r1mini/sungsik_ws/install/hrdp_beta_actions/include/hrdp_beta_actions/action/detail/rgb_frame__rosidl_typesupport_introspection_cpp.hpp
[155.749s] -- Installing: /home/r1mini/sungsik_ws/install/hrdp_beta_actions/include/hrdp_beta_actions/action/detail/rgb_frame__type_support.cpp
[155.750s] -- Up-to-date: /home/r1mini/sungsik_ws/install/hrdp_beta_actions/include/hrdp_beta_actions/action/detail/camera_rgb__type_support.cpp
[155.752s] -- Installing: /home/r1mini/sungsik_ws/install/hrdp_beta_actions/include/hrdp_beta_actions/action/detail/face_detection__rosidl_typesupport_introspection_cpp.hpp
[155.754s] -- Up-to-date: /home/r1mini/sungsik_ws/install/hrdp_beta_actions/include/hrdp_beta_actions/action/detail/camera_rgb__rosidl_typesupport_introspection_cpp.hpp
[155.756s] -- Installing: /home/r1mini/sungsik_ws/install/hrdp_beta_actions/include/hrdp_beta_actions/action/detail/face_detection__type_support.cpp
[155.758s] -- Installing: /home/r1mini/sungsik_ws/install/hrdp_beta_actions/lib/libhrdp_beta_actions__rosidl_typesupport_introspection_cpp.so
[155.760s] -- Set runtime path of "/home/r1mini/sungsik_ws/install/hrdp_beta_actions/lib/libhrdp_beta_actions__rosidl_typesupport_introspection_cpp.so" to ""
[155.765s] -- Installing: /home/r1mini/sungsik_ws/install/hrdp_beta_actions/lib/libhrdp_beta_actions__rosidl_typesupport_cpp.so
[155.770s] -- Set runtime path of "/home/r1mini/sungsik_ws/install/hrdp_beta_actions/lib/libhrdp_beta_actions__rosidl_typesupport_cpp.so" to ""
[155.772s] -- Up-to-date: /home/r1mini/sungsik_ws/install/hrdp_beta_actions/share/hrdp_beta_actions/environment/pythonpath.sh
[155.774s] -- Installing: /home/r1mini/sungsik_ws/install/hrdp_beta_actions/share/hrdp_beta_actions/environment/pythonpath.dsv
[155.776s] -- Installing: /home/r1mini/sungsik_ws/install/hrdp_beta_actions/lib/python3.8/site-packages/hrdp_beta_actions/__init__.py
[156.196s] Compiling '/home/r1mini/sungsik_ws/install/hrdp_beta_actions/lib/python3.8/site-packages/hrdp_beta_actions/__init__.py'...
[156.311s] -- Up-to-date: /home/r1mini/sungsik_ws/install/hrdp_beta_actions/lib/python3.8/site-packages/hrdp_beta_actions/action
[156.316s] -- Up-to-date: /home/r1mini/sungsik_ws/install/hrdp_beta_actions/lib/python3.8/site-packages/hrdp_beta_actions/action/_camera_rgb_s.c
[156.319s] -- Installing: /home/r1mini/sungsik_ws/install/hrdp_beta_actions/lib/python3.8/site-packages/hrdp_beta_actions/action/_face_detection_s.c
[156.321s] -- Installing: /home/r1mini/sungsik_ws/install/hrdp_beta_actions/lib/python3.8/site-packages/hrdp_beta_actions/action/__init__.py
[156.322s] -- Installing: /home/r1mini/sungsik_ws/install/hrdp_beta_actions/lib/python3.8/site-packages/hrdp_beta_actions/action/_rgb_frame.py
[156.323s] -- Installing: /home/r1mini/sungsik_ws/install/hrdp_beta_actions/lib/python3.8/site-packages/hrdp_beta_actions/action/_rgb_frame_s.c
[156.324s] -- Up-to-date: /home/r1mini/sungsik_ws/install/hrdp_beta_actions/lib/python3.8/site-packages/hrdp_beta_actions/action/_camera_rgb.py
[156.325s] -- Installing: /home/r1mini/sungsik_ws/install/hrdp_beta_actions/lib/python3.8/site-packages/hrdp_beta_actions/action/_face_detection.py
[156.325s] -- Installing: /home/r1mini/sungsik_ws/install/hrdp_beta_actions/lib/python3.8/site-packages/hrdp_beta_actions/hrdp_beta_actions_s__rosidl_typesupport_fastrtps_c.cpython-38-aarch64-linux-gnu.so
[156.329s] -- Set runtime path of "/home/r1mini/sungsik_ws/install/hrdp_beta_actions/lib/python3.8/site-packages/hrdp_beta_actions/hrdp_beta_actions_s__rosidl_typesupport_fastrtps_c.cpython-38-aarch64-linux-gnu.so" to ""
[156.332s] -- Installing: /home/r1mini/sungsik_ws/install/hrdp_beta_actions/lib/python3.8/site-packages/hrdp_beta_actions/hrdp_beta_actions_s__rosidl_typesupport_introspection_c.cpython-38-aarch64-linux-gnu.so
[156.335s] -- Set runtime path of "/home/r1mini/sungsik_ws/install/hrdp_beta_actions/lib/python3.8/site-packages/hrdp_beta_actions/hrdp_beta_actions_s__rosidl_typesupport_introspection_c.cpython-38-aarch64-linux-gnu.so" to ""
[156.338s] -- Installing: /home/r1mini/sungsik_ws/install/hrdp_beta_actions/lib/python3.8/site-packages/hrdp_beta_actions/hrdp_beta_actions_s__rosidl_typesupport_c.cpython-38-aarch64-linux-gnu.so
[156.341s] -- Set runtime path of "/home/r1mini/sungsik_ws/install/hrdp_beta_actions/lib/python3.8/site-packages/hrdp_beta_actions/hrdp_beta_actions_s__rosidl_typesupport_c.cpython-38-aarch64-linux-gnu.so" to ""
[156.343s] -- Installing: /home/r1mini/sungsik_ws/install/hrdp_beta_actions/lib/libhrdp_beta_actions__python.so
[156.351s] -- Set runtime path of "/home/r1mini/sungsik_ws/install/hrdp_beta_actions/lib/libhrdp_beta_actions__python.so" to ""
[156.354s] -- Up-to-date: /home/r1mini/sungsik_ws/install/hrdp_beta_actions/share/hrdp_beta_actions/action/RGBFrame.idl
[156.356s] -- Installing: /home/r1mini/sungsik_ws/install/hrdp_beta_actions/share/hrdp_beta_actions/action/FaceDetection.idl
[156.357s] -- Up-to-date: /home/r1mini/sungsik_ws/install/hrdp_beta_actions/share/hrdp_beta_actions/action/RGBFrame.action
[156.357s] -- Installing: /home/r1mini/sungsik_ws/install/hrdp_beta_actions/share/hrdp_beta_actions/action/FaceDetection.action
[156.358s] -- Up-to-date: /home/r1mini/sungsik_ws/install/hrdp_beta_actions/share/ament_index/resource_index/package_run_dependencies/hrdp_beta_actions
[156.359s] -- Up-to-date: /home/r1mini/sungsik_ws/install/hrdp_beta_actions/share/ament_index/resource_index/parent_prefix_path/hrdp_beta_actions
[156.359s] -- Up-to-date: /home/r1mini/sungsik_ws/install/hrdp_beta_actions/share/hrdp_beta_actions/environment/ament_prefix_path.sh
[156.360s] -- Installing: /home/r1mini/sungsik_ws/install/hrdp_beta_actions/share/hrdp_beta_actions/environment/ament_prefix_path.dsv
[156.361s] -- Up-to-date: /home/r1mini/sungsik_ws/install/hrdp_beta_actions/share/hrdp_beta_actions/environment/path.sh
[156.362s] -- Installing: /home/r1mini/sungsik_ws/install/hrdp_beta_actions/share/hrdp_beta_actions/environment/path.dsv
[156.363s] -- Up-to-date: /home/r1mini/sungsik_ws/install/hrdp_beta_actions/share/hrdp_beta_actions/local_setup.bash
[156.363s] -- Up-to-date: /home/r1mini/sungsik_ws/install/hrdp_beta_actions/share/hrdp_beta_actions/local_setup.sh
[156.364s] -- Up-to-date: /home/r1mini/sungsik_ws/install/hrdp_beta_actions/share/hrdp_beta_actions/local_setup.zsh
[156.365s] -- Installing: /home/r1mini/sungsik_ws/install/hrdp_beta_actions/share/hrdp_beta_actions/local_setup.dsv
[156.365s] -- Installing: /home/r1mini/sungsik_ws/install/hrdp_beta_actions/share/hrdp_beta_actions/package.dsv
[156.369s] -- Up-to-date: /home/r1mini/sungsik_ws/install/hrdp_beta_actions/share/ament_index/resource_index/packages/hrdp_beta_actions
[156.372s] -- Up-to-date: /home/r1mini/sungsik_ws/install/hrdp_beta_actions/share/hrdp_beta_actions/cmake/hrdp_beta_actions__rosidl_generator_cExport.cmake
[156.373s] -- Installing: /home/r1mini/sungsik_ws/install/hrdp_beta_actions/share/hrdp_beta_actions/cmake/hrdp_beta_actions__rosidl_generator_cExport-noconfig.cmake
[156.374s] -- Up-to-date: /home/r1mini/sungsik_ws/install/hrdp_beta_actions/share/hrdp_beta_actions/cmake/hrdp_beta_actions__rosidl_typesupport_introspection_cExport.cmake
[156.376s] -- Installing: /home/r1mini/sungsik_ws/install/hrdp_beta_actions/share/hrdp_beta_actions/cmake/hrdp_beta_actions__rosidl_typesupport_introspection_cExport-noconfig.cmake
[156.378s] -- Up-to-date: /home/r1mini/sungsik_ws/install/hrdp_beta_actions/share/hrdp_beta_actions/cmake/hrdp_beta_actions__rosidl_typesupport_cExport.cmake
[156.380s] -- Installing: /home/r1mini/sungsik_ws/install/hrdp_beta_actions/share/hrdp_beta_actions/cmake/hrdp_beta_actions__rosidl_typesupport_cExport-noconfig.cmake
[156.382s] -- Up-to-date: /home/r1mini/sungsik_ws/install/hrdp_beta_actions/share/hrdp_beta_actions/cmake/hrdp_beta_actions__rosidl_generator_cppExport.cmake
[156.383s] -- Up-to-date: /home/r1mini/sungsik_ws/install/hrdp_beta_actions/share/hrdp_beta_actions/cmake/hrdp_beta_actions__rosidl_typesupport_introspection_cppExport.cmake
[156.386s] -- Installing: /home/r1mini/sungsik_ws/install/hrdp_beta_actions/share/hrdp_beta_actions/cmake/hrdp_beta_actions__rosidl_typesupport_introspection_cppExport-noconfig.cmake
[156.388s] -- Up-to-date: /home/r1mini/sungsik_ws/install/hrdp_beta_actions/share/hrdp_beta_actions/cmake/hrdp_beta_actions__rosidl_typesupport_cppExport.cmake
[156.390s] -- Installing: /home/r1mini/sungsik_ws/install/hrdp_beta_actions/share/hrdp_beta_actions/cmake/hrdp_beta_actions__rosidl_typesupport_cppExport-noconfig.cmake
[156.392s] -- Installing: /home/r1mini/sungsik_ws/install/hrdp_beta_actions/share/hrdp_beta_actions/cmake/rosidl_cmake-extras.cmake
[156.392s] -- Installing: /home/r1mini/sungsik_ws/install/hrdp_beta_actions/share/hrdp_beta_actions/cmake/ament_cmake_export_dependencies-extras.cmake
[156.394s] -- Up-to-date: /home/r1mini/sungsik_ws/install/hrdp_beta_actions/share/hrdp_beta_actions/cmake/ament_cmake_export_libraries-extras.cmake
[156.395s] -- Up-to-date: /home/r1mini/sungsik_ws/install/hrdp_beta_actions/share/hrdp_beta_actions/cmake/ament_cmake_export_targets-extras.cmake
[156.395s] -- Up-to-date: /home/r1mini/sungsik_ws/install/hrdp_beta_actions/share/hrdp_beta_actions/cmake/ament_cmake_export_include_directories-extras.cmake
[156.397s] -- Up-to-date: /home/r1mini/sungsik_ws/install/hrdp_beta_actions/share/hrdp_beta_actions/cmake/rosidl_cmake_export_typesupport_libraries-extras.cmake
[156.398s] -- Up-to-date: /home/r1mini/sungsik_ws/install/hrdp_beta_actions/share/hrdp_beta_actions/cmake/rosidl_cmake_export_typesupport_targets-extras.cmake
[156.399s] -- Up-to-date: /home/r1mini/sungsik_ws/install/hrdp_beta_actions/share/hrdp_beta_actions/cmake/hrdp_beta_actionsConfig.cmake
[156.400s] -- Up-to-date: /home/r1mini/sungsik_ws/install/hrdp_beta_actions/share/hrdp_beta_actions/cmake/hrdp_beta_actionsConfig-version.cmake
[156.401s] -- Up-to-date: /home/r1mini/sungsik_ws/install/hrdp_beta_actions/share/hrdp_beta_actions/package.xml
[156.432s] Invoked command in '/home/r1mini/sungsik_ws/build/hrdp_beta_actions' returned '0': CMAKE_PREFIX_PATH=${CMAKE_PREFIX_PATH}:/home/r1mini/ros2_ws/install/omo_r1mini_teleop:/home/r1mini/ros2_ws/install/omo_r1mini_bringup:/opt/ros/foxy /usr/bin/cmake --install /home/r1mini/sungsik_ws/build/hrdp_beta_actions
