[0.814s] Invoking command in '/home/r1mini/sungsik_ws/build/hrdp_beta': CMAKE_PREFIX_PATH=${CMAKE_PREFIX_PATH}:/home/r1mini/ros2_ws/install/omo_r1mini_teleop:/home/r1mini/ros2_ws/install/omo_r1mini_bringup:/opt/ros/foxy /usr/bin/cmake --build /home/r1mini/sungsik_ws/build/hrdp_beta -- -j4 -l4
[2.243s] Invoked command in '/home/r1mini/sungsik_ws/build/hrdp_beta' returned '0': CMAKE_PREFIX_PATH=${CMAKE_PREFIX_PATH}:/home/r1mini/ros2_ws/install/omo_r1mini_teleop:/home/r1mini/ros2_ws/install/omo_r1mini_bringup:/opt/ros/foxy /usr/bin/cmake --build /home/r1mini/sungsik_ws/build/hrdp_beta -- -j4 -l4
[3.236s] Invoking command in '/home/r1mini/sungsik_ws/build/hrdp_beta': CMAKE_PREFIX_PATH=${CMAKE_PREFIX_PATH}:/home/r1mini/ros2_ws/install/omo_r1mini_teleop:/home/r1mini/ros2_ws/install/omo_r1mini_bringup:/opt/ros/foxy /usr/bin/cmake --install /home/r1mini/sungsik_ws/build/hrdp_beta
[3.767s] -- Install configuration: ""
[3.769s] -- Up-to-date: /home/r1mini/sungsik_ws/install/hrdp_beta/share/ament_index/resource_index/package_run_dependencies/hrdp_beta
[3.771s] -- Up-to-date: /home/r1mini/sungsik_ws/install/hrdp_beta/share/ament_index/resource_index/parent_prefix_path/hrdp_beta
[3.773s] -- Up-to-date: /home/r1mini/sungsik_ws/install/hrdp_beta/share/hrdp_beta/environment/ament_prefix_path.sh
[3.785s] -- Up-to-date: /home/r1mini/sungsik_ws/install/hrdp_beta/share/hrdp_beta/environment/ament_prefix_path.dsv
[3.796s] -- Up-to-date: /home/r1mini/sungsik_ws/install/hrdp_beta/share/hrdp_beta/environment/path.sh
[3.797s] -- Up-to-date: /home/r1mini/sungsik_ws/install/hrdp_beta/share/hrdp_beta/environment/path.dsv
[3.807s] -- Up-to-date: /home/r1mini/sungsik_ws/install/hrdp_beta/share/hrdp_beta/local_setup.bash
[3.810s] -- Up-to-date: /home/r1mini/sungsik_ws/install/hrdp_beta/share/hrdp_beta/local_setup.sh
[3.812s] -- Up-to-date: /home/r1mini/sungsik_ws/install/hrdp_beta/share/hrdp_beta/local_setup.zsh
[3.813s] -- Up-to-date: /home/r1mini/sungsik_ws/install/hrdp_beta/share/hrdp_beta/local_setup.dsv
[3.814s] -- Installing: /home/r1mini/sungsik_ws/install/hrdp_beta/share/hrdp_beta/package.dsv
[3.816s] -- Up-to-date: /home/r1mini/sungsik_ws/install/hrdp_beta/share/ament_index/resource_index/packages/hrdp_beta
[3.817s] -- Up-to-date: /home/r1mini/sungsik_ws/install/hrdp_beta/share/hrdp_beta/cmake/hrdp_betaConfig.cmake
[3.818s] -- Up-to-date: /home/r1mini/sungsik_ws/install/hrdp_beta/share/hrdp_beta/cmake/hrdp_betaConfig-version.cmake
[3.820s] -- Up-to-date: /home/r1mini/sungsik_ws/install/hrdp_beta/share/hrdp_beta/package.xml
[4.742s] Invoked command in '/home/r1mini/sungsik_ws/build/hrdp_beta' returned '0': CMAKE_PREFIX_PATH=${CMAKE_PREFIX_PATH}:/home/r1mini/ros2_ws/install/omo_r1mini_teleop:/home/r1mini/ros2_ws/install/omo_r1mini_bringup:/opt/ros/foxy /usr/bin/cmake --install /home/r1mini/sungsik_ws/build/hrdp_beta
