-- Found ament_cmake: 0.9.11 (/opt/ros/foxy/share/ament_cmake/cmake)
-- Using PYTHON_EXECUTABLE: /usr/bin/python3
-- Override CMake install command with custom implementation using symlinks instead of copying resources
-- Found rclpy: 1.0.11 (/opt/ros/foxy/share/rclpy/cmake)
-- Found sensor_msgs: 2.0.5 (/opt/ros/foxy/share/sensor_msgs/cmake)
-- Using all available rosidl_typesupport_c: rosidl_typesupport_fastrtps_c;rosidl_typesupport_introspection_c
-- Found rosidl_adapter: 1.3.0 (/opt/ros/foxy/share/rosidl_adapter/cmake)
-- Using all available rosidl_typesupport_cpp: rosidl_typesupport_fastrtps_cpp;rosidl_typesupport_introspection_cpp
-- Found ament_lint_auto: 0.9.7 (/opt/ros/foxy/share/ament_lint_auto/cmake)
-- Added test 'copyright' to check source files copyright and LICENSE
-- Added test 'flake8' to check Python code syntax and style conventions
-- Added test 'lint_cmake' to check CMake code style
-- Added test 'pep257' to check Python code against some of the style conventions in PEP 257
-- Added test 'xmllint' to check XML markup files
-- Configuring done
-- Generating done
-- Build files have been written to: /home/r1mini/sungsik_ws/build/hrdp_sensors
-- Install configuration: ""
-- Execute custom install script
-- Symlinking: /home/r1mini/sungsik_ws/install/hrdp_sensors/share/ament_index/resource_index/package_run_dependencies/hrdp_sensors
-- Symlinking: /home/r1mini/sungsik_ws/install/hrdp_sensors/share/ament_index/resource_index/parent_prefix_path/hrdp_sensors
-- Symlinking: /home/r1mini/sungsik_ws/install/hrdp_sensors/share/hrdp_sensors/environment/ament_prefix_path.sh
-- Symlinking: /home/r1mini/sungsik_ws/install/hrdp_sensors/share/hrdp_sensors/environment/ament_prefix_path.dsv
-- Symlinking: /home/r1mini/sungsik_ws/install/hrdp_sensors/share/hrdp_sensors/environment/path.sh
-- Symlinking: /home/r1mini/sungsik_ws/install/hrdp_sensors/share/hrdp_sensors/environment/path.dsv
-- Symlinking: /home/r1mini/sungsik_ws/install/hrdp_sensors/share/hrdp_sensors/local_setup.bash
-- Symlinking: /home/r1mini/sungsik_ws/install/hrdp_sensors/share/hrdp_sensors/local_setup.sh
-- Symlinking: /home/r1mini/sungsik_ws/install/hrdp_sensors/share/hrdp_sensors/local_setup.zsh
-- Symlinking: /home/r1mini/sungsik_ws/install/hrdp_sensors/share/hrdp_sensors/local_setup.dsv
-- Symlinking: /home/r1mini/sungsik_ws/install/hrdp_sensors/share/hrdp_sensors/package.dsv
-- Symlinking: /home/r1mini/sungsik_ws/install/hrdp_sensors/share/ament_index/resource_index/packages/hrdp_sensors
-- Symlinking: /home/r1mini/sungsik_ws/install/hrdp_sensors/share/hrdp_sensors/cmake/hrdp_sensorsConfig.cmake
-- Symlinking: /home/r1mini/sungsik_ws/install/hrdp_sensors/share/hrdp_sensors/cmake/hrdp_sensorsConfig-version.cmake
-- Symlinking: /home/r1mini/sungsik_ws/install/hrdp_sensors/share/hrdp_sensors/package.xml
