/home/r1mini/.local/lib/python3.8/site-packages/setuptools/dist.py:717: UserWarning: Usage of dash-separated 'script-dir' will not be supported in future versions. Please use the underscore name 'script_dir' instead
  warnings.warn(
running develop
running egg_info
creating hrdp_core_beta.egg-info
writing hrdp_core_beta.egg-info/PKG-INFO
writing dependency_links to hrdp_core_beta.egg-info/dependency_links.txt
writing entry points to hrdp_core_beta.egg-info/entry_points.txt
writing requirements to hrdp_core_beta.egg-info/requires.txt
writing top-level names to hrdp_core_beta.egg-info/top_level.txt
writing manifest file 'hrdp_core_beta.egg-info/SOURCES.txt'
reading manifest file 'hrdp_core_beta.egg-info/SOURCES.txt'
writing manifest file 'hrdp_core_beta.egg-info/SOURCES.txt'
running build_ext
Creating /home/r1mini/sungsik_ws/install/hrdp_core_beta/lib/python3.8/site-packages/hrdp-core-beta.egg-link (link to .)

Installed /home/r1mini/sungsik_ws/build/hrdp_core_beta
running install_data
creating /home/r1mini/sungsik_ws/install/hrdp_core_beta/share/ament_index
creating /home/r1mini/sungsik_ws/install/hrdp_core_beta/share/ament_index/resource_index
creating /home/r1mini/sungsik_ws/install/hrdp_core_beta/share/ament_index/resource_index/packages
copying resource/hrdp_core_beta -> /home/r1mini/sungsik_ws/install/hrdp_core_beta/share/ament_index/resource_index/packages
copying package.xml -> /home/r1mini/sungsik_ws/install/hrdp_core_beta/share/hrdp_core_beta
