[27.324s] Invoking command in '/home/r1mini/sungsik_ws/build/hrdp_core_beta': PYTHONPATH=/home/r1mini/sungsik_ws/build/hrdp_core_beta/prefix_override:/home/r1mini/sungsik_ws/install/hrdp_core_beta/lib/python3.8/site-packages:${PYTHONPATH} /usr/bin/python3 setup.py develop --editable --build-directory /home/r1mini/sungsik_ws/build/hrdp_core_beta/build --no-deps install_data
[32.985s] /home/r1mini/.local/lib/python3.8/site-packages/setuptools/dist.py:717: UserWarning: Usage of dash-separated 'script-dir' will not be supported in future versions. Please use the underscore name 'script_dir' instead
[32.988s]   warnings.warn(
[33.829s] running develop
[37.671s] running egg_info
[37.672s] creating hrdp_core_beta.egg-info
[37.674s] writing hrdp_core_beta.egg-info/PKG-INFO
[37.679s] writing dependency_links to hrdp_core_beta.egg-info/dependency_links.txt
[37.682s] writing entry points to hrdp_core_beta.egg-info/entry_points.txt
[37.693s] writing requirements to hrdp_core_beta.egg-info/requires.txt
[37.697s] writing top-level names to hrdp_core_beta.egg-info/top_level.txt
[37.699s] writing manifest file 'hrdp_core_beta.egg-info/SOURCES.txt'
[37.718s] reading manifest file 'hrdp_core_beta.egg-info/SOURCES.txt'
[37.728s] writing manifest file 'hrdp_core_beta.egg-info/SOURCES.txt'
[38.319s] running build_ext
[38.322s] Creating /home/r1mini/sungsik_ws/install/hrdp_core_beta/lib/python3.8/site-packages/hrdp-core-beta.egg-link (link to .)
[38.339s] 
[38.342s] Installed /home/r1mini/sungsik_ws/build/hrdp_core_beta
[38.345s] running install_data
[38.380s] creating /home/r1mini/sungsik_ws/install/hrdp_core_beta/share/ament_index
[38.386s] creating /home/r1mini/sungsik_ws/install/hrdp_core_beta/share/ament_index/resource_index
[38.389s] creating /home/r1mini/sungsik_ws/install/hrdp_core_beta/share/ament_index/resource_index/packages
[38.392s] copying resource/hrdp_core_beta -> /home/r1mini/sungsik_ws/install/hrdp_core_beta/share/ament_index/resource_index/packages
[38.394s] copying package.xml -> /home/r1mini/sungsik_ws/install/hrdp_core_beta/share/hrdp_core_beta
[42.635s] Invoked command in '/home/r1mini/sungsik_ws/build/hrdp_core_beta' returned '0': PYTHONPATH=/home/r1mini/sungsik_ws/build/hrdp_core_beta/prefix_override:/home/r1mini/sungsik_ws/install/hrdp_core_beta/lib/python3.8/site-packages:${PYTHONPATH} /usr/bin/python3 setup.py develop --editable --build-directory /home/r1mini/sungsik_ws/build/hrdp_core_beta/build --no-deps install_data
