[0.225s] Invoking command in '/home/r1mini/sungsik_ws/build/hrdp_beta_actions': CMAKE_PREFIX_PATH=${CMAKE_PREFIX_PATH}:/home/r1mini/ros2_ws/install/omo_r1mini_teleop:/home/r1mini/ros2_ws/install/omo_r1mini_bringup:/opt/ros/foxy /usr/bin/cmake /home/r1mini/sungsik_ws/src/hrdp_beta_actions -DCMAKE_INSTALL_PREFIX=/home/r1mini/sungsik_ws/install/hrdp_beta_actions
[0.337s] -- Found ament_cmake: 0.9.11 (/opt/ros/foxy/share/ament_cmake/cmake)
[0.646s] -- Found PythonInterp: /usr/bin/python3 (found suitable version "3.8.10", minimum required is "3") 
[0.648s] -- Using PYTHON_EXECUTABLE: /usr/bin/python3
[2.371s] -- Found rosidl_default_generators: 1.0.1 (/opt/ros/foxy/share/rosidl_default_generators/cmake)
[2.387s] -- Using all available rosidl_typesupport_c: rosidl_typesupport_fastrtps_c;rosidl_typesupport_introspection_c
[2.403s] -- Found rosidl_adapter: 1.3.0 (/opt/ros/foxy/share/rosidl_adapter/cmake)
[3.488s] -- Using all available rosidl_typesupport_cpp: rosidl_typesupport_fastrtps_cpp;rosidl_typesupport_introspection_cpp
[3.844s] -- Found PythonInterp: /usr/bin/python3 (found version "3.8.10") 
[5.518s] -- Found ament_cmake_ros: 0.9.2 (/opt/ros/foxy/share/ament_cmake_ros/cmake)
[6.652s] -- Using all available rosidl_typesupport_c: rosidl_typesupport_fastrtps_c;rosidl_typesupport_introspection_c
[6.823s] -- Using all available rosidl_typesupport_cpp: rosidl_typesupport_fastrtps_cpp;rosidl_typesupport_introspection_cpp
[7.103s] -- Found PythonInterp: /usr/bin/python3 (found suitable version "3.8.10", minimum required is "3.5") 
[7.123s] -- Found python_cmake_module: 0.8.1 (/opt/ros/foxy/share/python_cmake_module/cmake)
[7.435s] -- Found PythonLibs: /usr/lib/aarch64-linux-gnu/libpython3.8.so (found suitable version "3.8.10", minimum required is "3.5") 
[7.437s] -- Using PYTHON_EXECUTABLE: /usr/bin/python3
[7.438s] -- Using PYTHON_INCLUDE_DIRS: /usr/include/python3.8
[7.439s] -- Using PYTHON_LIBRARIES: /usr/lib/aarch64-linux-gnu/libpython3.8.so
[7.686s] -- Found PythonExtra: .so  
[8.130s] -- Found ament_lint_auto: 0.9.7 (/opt/ros/foxy/share/ament_lint_auto/cmake)
[8.211s] -- Added test 'copyright' to check source files copyright and LICENSE
[8.223s] -- Added test 'lint_cmake' to check CMake code style
[8.229s] -- Added test 'xmllint' to check XML markup files
[8.263s] -- Configuring done
[8.653s] -- Generating done
[8.674s] -- Build files have been written to: /home/r1mini/sungsik_ws/build/hrdp_beta_actions
[8.820s] Invoked command in '/home/r1mini/sungsik_ws/build/hrdp_beta_actions' returned '0': CMAKE_PREFIX_PATH=${CMAKE_PREFIX_PATH}:/home/r1mini/ros2_ws/install/omo_r1mini_teleop:/home/r1mini/ros2_ws/install/omo_r1mini_bringup:/opt/ros/foxy /usr/bin/cmake /home/r1mini/sungsik_ws/src/hrdp_beta_actions -DCMAKE_INSTALL_PREFIX=/home/r1mini/sungsik_ws/install/hrdp_beta_actions
[8.838s] Invoking command in '/home/r1mini/sungsik_ws/build/hrdp_beta_actions': CMAKE_PREFIX_PATH=${CMAKE_PREFIX_PATH}:/home/r1mini/ros2_ws/install/omo_r1mini_teleop:/home/r1mini/ros2_ws/install/omo_r1mini_bringup:/opt/ros/foxy /usr/bin/cmake --build /home/r1mini/sungsik_ws/build/hrdp_beta_actions -- -j4 -l4
[9.152s] [  3%] [34m[1mGenerating C code for ROS interfaces[0m
[9.156s] [35m[1mScanning dependencies of target hrdp_beta_actions__cpp[0m
[9.247s] [  6%] [34m[1mGenerating C++ code for ROS interfaces[0m
[12.315s] [  6%] Built target hrdp_beta_actions__cpp
[12.431s] [  9%] [34m[1mGenerating C++ introspection for ROS interfaces[0m
[12.449s] [ 12%] [34m[1mGenerating C++ type support dispatch for ROS interfaces[0m
[12.506s] [ 16%] [34m[1mGenerating C++ type support for eProsima Fast-RTPS[0m
[13.228s] [35m[1mScanning dependencies of target hrdp_beta_actions__rosidl_generator_c[0m
[13.505s] [ 19%] [32mBuilding C object CMakeFiles/hrdp_beta_actions__rosidl_generator_c.dir/rosidl_generator_c/hrdp_beta_actions/action/detail/camera_rgb__functions.c.o[0m
[15.648s] [35m[1mScanning dependencies of target hrdp_beta_actions__rosidl_typesupport_cpp[0m
[15.696s] [ 22%] [32m[1mLinking C shared library libhrdp_beta_actions__rosidl_generator_c.so[0m
[15.787s] [35m[1mScanning dependencies of target hrdp_beta_actions__rosidl_typesupport_introspection_cpp[0m
[15.857s] [ 25%] [32mBuilding CXX object CMakeFiles/hrdp_beta_actions__rosidl_typesupport_cpp.dir/rosidl_typesupport_cpp/hrdp_beta_actions/action/camera_rgb__type_support.cpp.o[0m
[15.942s] [ 29%] [32mBuilding CXX object CMakeFiles/hrdp_beta_actions__rosidl_typesupport_introspection_cpp.dir/rosidl_typesupport_introspection_cpp/hrdp_beta_actions/action/detail/camera_rgb__type_support.cpp.o[0m
[16.733s] [ 29%] Built target hrdp_beta_actions__rosidl_generator_c
[16.908s] [ 32%] [34m[1mGenerating C type support dispatch for ROS interfaces[0m
[16.977s] [35m[1mScanning dependencies of target hrdp_beta_actions__rosidl_typesupport_fastrtps_cpp[0m
[17.608s] [ 35%] [32mBuilding CXX object CMakeFiles/hrdp_beta_actions__rosidl_typesupport_fastrtps_cpp.dir/rosidl_typesupport_fastrtps_cpp/hrdp_beta_actions/action/detail/dds_fastrtps/camera_rgb__type_support.cpp.o[0m
[20.828s] [35m[1mScanning dependencies of target hrdp_beta_actions__rosidl_typesupport_c[0m
[21.119s] [ 38%] [32mBuilding CXX object CMakeFiles/hrdp_beta_actions__rosidl_typesupport_c.dir/rosidl_typesupport_c/hrdp_beta_actions/action/camera_rgb__type_support.cpp.o[0m
[21.313s] [ 41%] [32m[1mLinking CXX shared library libhrdp_beta_actions__rosidl_typesupport_cpp.so[0m
[21.802s] [ 45%] [32m[1mLinking CXX shared library libhrdp_beta_actions__rosidl_typesupport_introspection_cpp.so[0m
[21.807s] [ 45%] Built target hrdp_beta_actions__rosidl_typesupport_cpp
[21.914s] [ 48%] [34m[1mGenerating C introspection for ROS interfaces[0m
[21.974s] [ 51%] [32m[1mLinking CXX shared library libhrdp_beta_actions__rosidl_typesupport_c.so[0m
[22.508s] [ 51%] Built target hrdp_beta_actions__rosidl_typesupport_c
[22.766s] [ 51%] Built target hrdp_beta_actions__rosidl_typesupport_introspection_cpp
[24.504s] [ 54%] [32m[1mLinking CXX shared library libhrdp_beta_actions__rosidl_typesupport_fastrtps_cpp.so[0m
[25.586s] [ 54%] Built target hrdp_beta_actions__rosidl_typesupport_fastrtps_cpp
[25.675s] [ 58%] [34m[1mGenerating C type support for eProsima Fast-RTPS[0m
[25.745s] [35m[1mScanning dependencies of target hrdp_beta_actions__rosidl_typesupport_introspection_c[0m
[25.871s] [ 61%] [32mBuilding C object CMakeFiles/hrdp_beta_actions__rosidl_typesupport_introspection_c.dir/rosidl_typesupport_introspection_c/hrdp_beta_actions/action/detail/camera_rgb__type_support.c.o[0m
[26.312s] [ 64%] [32m[1mLinking C shared library libhrdp_beta_actions__rosidl_typesupport_introspection_c.so[0m
[26.572s] [ 64%] Built target hrdp_beta_actions__rosidl_typesupport_introspection_c
[28.488s] [35m[1mScanning dependencies of target hrdp_beta_actions__rosidl_typesupport_fastrtps_c[0m
[28.628s] [ 67%] [32mBuilding CXX object CMakeFiles/hrdp_beta_actions__rosidl_typesupport_fastrtps_c.dir/rosidl_typesupport_fastrtps_c/hrdp_beta_actions/action/detail/camera_rgb__type_support_c.cpp.o[0m
[31.693s] [ 70%] [32m[1mLinking CXX shared library libhrdp_beta_actions__rosidl_typesupport_fastrtps_c.so[0m
[32.634s] [ 70%] Built target hrdp_beta_actions__rosidl_typesupport_fastrtps_c
[32.715s] [35m[1mScanning dependencies of target hrdp_beta_actions[0m
[32.798s] [ 70%] Built target hrdp_beta_actions
[32.878s] [35m[1mScanning dependencies of target hrdp_beta_actions__py[0m
[32.955s] [ 74%] [34m[1mGenerating Python code for ROS interfaces[0m
[39.291s] [ 74%] Built target hrdp_beta_actions__py
[39.364s] [35m[1mScanning dependencies of target hrdp_beta_actions__python[0m
[39.606s] [ 77%] [32mBuilding C object CMakeFiles/hrdp_beta_actions__python.dir/rosidl_generator_py/hrdp_beta_actions/action/_camera_rgb_s.c.o[0m
[40.770s] [ 80%] [32m[1mLinking C shared library rosidl_generator_py/hrdp_beta_actions/libhrdp_beta_actions__python.so[0m
[41.223s] [ 80%] Built target hrdp_beta_actions__python
[41.310s] [35m[1mScanning dependencies of target hrdp_beta_actions__rosidl_typesupport_fastrtps_c__pyext[0m
[41.313s] [35m[1mScanning dependencies of target hrdp_beta_actions__rosidl_typesupport_introspection_c__pyext[0m
[41.325s] [35m[1mScanning dependencies of target hrdp_beta_actions__rosidl_typesupport_c__pyext[0m
[41.456s] [ 83%] [32mBuilding C object CMakeFiles/hrdp_beta_actions__rosidl_typesupport_introspection_c__pyext.dir/rosidl_generator_py/hrdp_beta_actions/_hrdp_beta_actions_s.ep.rosidl_typesupport_introspection_c.c.o[0m
[41.513s] [ 87%] [32mBuilding C object CMakeFiles/hrdp_beta_actions__rosidl_typesupport_fastrtps_c__pyext.dir/rosidl_generator_py/hrdp_beta_actions/_hrdp_beta_actions_s.ep.rosidl_typesupport_fastrtps_c.c.o[0m
[41.527s] [ 90%] [32mBuilding C object CMakeFiles/hrdp_beta_actions__rosidl_typesupport_c__pyext.dir/rosidl_generator_py/hrdp_beta_actions/_hrdp_beta_actions_s.ep.rosidl_typesupport_c.c.o[0m
[42.517s] [ 93%] [32m[1mLinking CXX shared library rosidl_generator_py/hrdp_beta_actions/hrdp_beta_actions_s__rosidl_typesupport_fastrtps_c.cpython-38-aarch64-linux-gnu.so[0m
[42.523s] [ 96%] [32m[1mLinking C shared library rosidl_generator_py/hrdp_beta_actions/hrdp_beta_actions_s__rosidl_typesupport_introspection_c.cpython-38-aarch64-linux-gnu.so[0m
[42.736s] [100%] [32m[1mLinking C shared library rosidl_generator_py/hrdp_beta_actions/hrdp_beta_actions_s__rosidl_typesupport_c.cpython-38-aarch64-linux-gnu.so[0m
[43.139s] [100%] Built target hrdp_beta_actions__rosidl_typesupport_introspection_c__pyext
[43.344s] [100%] Built target hrdp_beta_actions__rosidl_typesupport_c__pyext
[43.447s] [100%] Built target hrdp_beta_actions__rosidl_typesupport_fastrtps_c__pyext
[43.547s] Invoked command in '/home/r1mini/sungsik_ws/build/hrdp_beta_actions' returned '0': CMAKE_PREFIX_PATH=${CMAKE_PREFIX_PATH}:/home/r1mini/ros2_ws/install/omo_r1mini_teleop:/home/r1mini/ros2_ws/install/omo_r1mini_bringup:/opt/ros/foxy /usr/bin/cmake --build /home/r1mini/sungsik_ws/build/hrdp_beta_actions -- -j4 -l4
[43.978s] Invoking command in '/home/r1mini/sungsik_ws/build/hrdp_beta_actions': CMAKE_PREFIX_PATH=${CMAKE_PREFIX_PATH}:/home/r1mini/ros2_ws/install/omo_r1mini_teleop:/home/r1mini/ros2_ws/install/omo_r1mini_bringup:/opt/ros/foxy /usr/bin/cmake --install /home/r1mini/sungsik_ws/build/hrdp_beta_actions
[44.071s] -- Install configuration: ""
[44.077s] -- Installing: /home/r1mini/sungsik_ws/install/hrdp_beta_actions/share/ament_index/resource_index/rosidl_interfaces/hrdp_beta_actions
[44.079s] -- Installing: /home/r1mini/sungsik_ws/install/hrdp_beta_actions/include/hrdp_beta_actions
[44.080s] -- Installing: /home/r1mini/sungsik_ws/install/hrdp_beta_actions/include/hrdp_beta_actions/msg
[44.093s] -- Installing: /home/r1mini/sungsik_ws/install/hrdp_beta_actions/include/hrdp_beta_actions/msg/rosidl_generator_c__visibility_control.h
[44.100s] -- Installing: /home/r1mini/sungsik_ws/install/hrdp_beta_actions/include/hrdp_beta_actions/action
[44.104s] -- Installing: /home/r1mini/sungsik_ws/install/hrdp_beta_actions/include/hrdp_beta_actions/action/detail
[44.110s] -- Installing: /home/r1mini/sungsik_ws/install/hrdp_beta_actions/include/hrdp_beta_actions/action/detail/camera_rgb__type_support.h
[44.115s] -- Installing: /home/r1mini/sungsik_ws/install/hrdp_beta_actions/include/hrdp_beta_actions/action/detail/camera_rgb__struct.h
[44.135s] -- Installing: /home/r1mini/sungsik_ws/install/hrdp_beta_actions/include/hrdp_beta_actions/action/detail/camera_rgb__functions.h
[44.140s] -- Installing: /home/r1mini/sungsik_ws/install/hrdp_beta_actions/include/hrdp_beta_actions/action/detail/camera_rgb__functions.c
[44.152s] -- Installing: /home/r1mini/sungsik_ws/install/hrdp_beta_actions/include/hrdp_beta_actions/action/camera_rgb.h
[44.154s] -- Installing: /home/r1mini/sungsik_ws/install/hrdp_beta_actions/share/hrdp_beta_actions/environment/library_path.sh
[44.163s] -- Installing: /home/r1mini/sungsik_ws/install/hrdp_beta_actions/share/hrdp_beta_actions/environment/library_path.dsv
[44.164s] -- Installing: /home/r1mini/sungsik_ws/install/hrdp_beta_actions/lib/libhrdp_beta_actions__rosidl_generator_c.so
[44.166s] -- Set runtime path of "/home/r1mini/sungsik_ws/install/hrdp_beta_actions/lib/libhrdp_beta_actions__rosidl_generator_c.so" to ""
[44.183s] -- Up-to-date: /home/r1mini/sungsik_ws/install/hrdp_beta_actions/include/hrdp_beta_actions
[44.185s] -- Up-to-date: /home/r1mini/sungsik_ws/install/hrdp_beta_actions/include/hrdp_beta_actions/msg
[44.187s] -- Installing: /home/r1mini/sungsik_ws/install/hrdp_beta_actions/include/hrdp_beta_actions/msg/rosidl_typesupport_fastrtps_c__visibility_control.h
[44.200s] -- Up-to-date: /home/r1mini/sungsik_ws/install/hrdp_beta_actions/include/hrdp_beta_actions/action
[44.204s] -- Up-to-date: /home/r1mini/sungsik_ws/install/hrdp_beta_actions/include/hrdp_beta_actions/action/detail
[44.212s] -- Installing: /home/r1mini/sungsik_ws/install/hrdp_beta_actions/include/hrdp_beta_actions/action/detail/camera_rgb__rosidl_typesupport_fastrtps_c.h
[44.218s] -- Installing: /home/r1mini/sungsik_ws/install/hrdp_beta_actions/lib/libhrdp_beta_actions__rosidl_typesupport_fastrtps_c.so
[44.219s] -- Set runtime path of "/home/r1mini/sungsik_ws/install/hrdp_beta_actions/lib/libhrdp_beta_actions__rosidl_typesupport_fastrtps_c.so" to ""
[44.221s] -- Up-to-date: /home/r1mini/sungsik_ws/install/hrdp_beta_actions/include/hrdp_beta_actions
[44.223s] -- Up-to-date: /home/r1mini/sungsik_ws/install/hrdp_beta_actions/include/hrdp_beta_actions/msg
[44.224s] -- Installing: /home/r1mini/sungsik_ws/install/hrdp_beta_actions/include/hrdp_beta_actions/msg/rosidl_typesupport_fastrtps_cpp__visibility_control.h
[44.225s] -- Up-to-date: /home/r1mini/sungsik_ws/install/hrdp_beta_actions/include/hrdp_beta_actions/action
[44.226s] -- Up-to-date: /home/r1mini/sungsik_ws/install/hrdp_beta_actions/include/hrdp_beta_actions/action/detail
[44.227s] -- Installing: /home/r1mini/sungsik_ws/install/hrdp_beta_actions/include/hrdp_beta_actions/action/detail/camera_rgb__rosidl_typesupport_fastrtps_cpp.hpp
[44.234s] -- Installing: /home/r1mini/sungsik_ws/install/hrdp_beta_actions/include/hrdp_beta_actions/action/detail/dds_fastrtps
[44.235s] -- Installing: /home/r1mini/sungsik_ws/install/hrdp_beta_actions/lib/libhrdp_beta_actions__rosidl_typesupport_fastrtps_cpp.so
[44.236s] -- Set runtime path of "/home/r1mini/sungsik_ws/install/hrdp_beta_actions/lib/libhrdp_beta_actions__rosidl_typesupport_fastrtps_cpp.so" to ""
[44.240s] -- Up-to-date: /home/r1mini/sungsik_ws/install/hrdp_beta_actions/include/hrdp_beta_actions
[44.242s] -- Up-to-date: /home/r1mini/sungsik_ws/install/hrdp_beta_actions/include/hrdp_beta_actions/msg
[44.243s] -- Installing: /home/r1mini/sungsik_ws/install/hrdp_beta_actions/include/hrdp_beta_actions/msg/rosidl_typesupport_introspection_c__visibility_control.h
[44.244s] -- Up-to-date: /home/r1mini/sungsik_ws/install/hrdp_beta_actions/include/hrdp_beta_actions/action
[44.246s] -- Up-to-date: /home/r1mini/sungsik_ws/install/hrdp_beta_actions/include/hrdp_beta_actions/action/detail
[44.248s] -- Installing: /home/r1mini/sungsik_ws/install/hrdp_beta_actions/include/hrdp_beta_actions/action/detail/camera_rgb__rosidl_typesupport_introspection_c.h
[44.249s] -- Installing: /home/r1mini/sungsik_ws/install/hrdp_beta_actions/include/hrdp_beta_actions/action/detail/camera_rgb__type_support.c
[44.251s] -- Installing: /home/r1mini/sungsik_ws/install/hrdp_beta_actions/lib/libhrdp_beta_actions__rosidl_typesupport_introspection_c.so
[44.254s] -- Set runtime path of "/home/r1mini/sungsik_ws/install/hrdp_beta_actions/lib/libhrdp_beta_actions__rosidl_typesupport_introspection_c.so" to ""
[44.255s] -- Installing: /home/r1mini/sungsik_ws/install/hrdp_beta_actions/lib/libhrdp_beta_actions__rosidl_typesupport_c.so
[44.257s] -- Set runtime path of "/home/r1mini/sungsik_ws/install/hrdp_beta_actions/lib/libhrdp_beta_actions__rosidl_typesupport_c.so" to ""
[44.259s] -- Up-to-date: /home/r1mini/sungsik_ws/install/hrdp_beta_actions/include/hrdp_beta_actions
[44.262s] -- Up-to-date: /home/r1mini/sungsik_ws/install/hrdp_beta_actions/include/hrdp_beta_actions/action
[44.264s] -- Up-to-date: /home/r1mini/sungsik_ws/install/hrdp_beta_actions/include/hrdp_beta_actions/action/detail
[44.265s] -- Installing: /home/r1mini/sungsik_ws/install/hrdp_beta_actions/include/hrdp_beta_actions/action/detail/camera_rgb__struct.hpp
[44.267s] -- Installing: /home/r1mini/sungsik_ws/install/hrdp_beta_actions/include/hrdp_beta_actions/action/detail/camera_rgb__builder.hpp
[44.270s] -- Installing: /home/r1mini/sungsik_ws/install/hrdp_beta_actions/include/hrdp_beta_actions/action/detail/camera_rgb__traits.hpp
[44.271s] -- Installing: /home/r1mini/sungsik_ws/install/hrdp_beta_actions/include/hrdp_beta_actions/action/camera_rgb.hpp
[44.273s] -- Up-to-date: /home/r1mini/sungsik_ws/install/hrdp_beta_actions/include/hrdp_beta_actions
[44.275s] -- Up-to-date: /home/r1mini/sungsik_ws/install/hrdp_beta_actions/include/hrdp_beta_actions/action
[44.293s] -- Up-to-date: /home/r1mini/sungsik_ws/install/hrdp_beta_actions/include/hrdp_beta_actions/action/detail
[44.297s] -- Installing: /home/r1mini/sungsik_ws/install/hrdp_beta_actions/include/hrdp_beta_actions/action/detail/camera_rgb__type_support.cpp
[44.299s] -- Installing: /home/r1mini/sungsik_ws/install/hrdp_beta_actions/include/hrdp_beta_actions/action/detail/camera_rgb__rosidl_typesupport_introspection_cpp.hpp
[44.300s] -- Installing: /home/r1mini/sungsik_ws/install/hrdp_beta_actions/lib/libhrdp_beta_actions__rosidl_typesupport_introspection_cpp.so
[44.302s] -- Set runtime path of "/home/r1mini/sungsik_ws/install/hrdp_beta_actions/lib/libhrdp_beta_actions__rosidl_typesupport_introspection_cpp.so" to ""
[44.303s] -- Installing: /home/r1mini/sungsik_ws/install/hrdp_beta_actions/lib/libhrdp_beta_actions__rosidl_typesupport_cpp.so
[44.305s] -- Set runtime path of "/home/r1mini/sungsik_ws/install/hrdp_beta_actions/lib/libhrdp_beta_actions__rosidl_typesupport_cpp.so" to ""
[44.306s] -- Installing: /home/r1mini/sungsik_ws/install/hrdp_beta_actions/share/hrdp_beta_actions/environment/pythonpath.sh
[44.307s] -- Installing: /home/r1mini/sungsik_ws/install/hrdp_beta_actions/share/hrdp_beta_actions/environment/pythonpath.dsv
[44.309s] -- Installing: /home/r1mini/sungsik_ws/install/hrdp_beta_actions/lib/python3.8/site-packages/hrdp_beta_actions/__init__.py
[44.550s] Compiling '/home/r1mini/sungsik_ws/install/hrdp_beta_actions/lib/python3.8/site-packages/hrdp_beta_actions/__init__.py'...
[44.629s] -- Installing: /home/r1mini/sungsik_ws/install/hrdp_beta_actions/lib/python3.8/site-packages/hrdp_beta_actions/action
[44.631s] -- Installing: /home/r1mini/sungsik_ws/install/hrdp_beta_actions/lib/python3.8/site-packages/hrdp_beta_actions/action/_camera_rgb_s.c
[44.632s] -- Installing: /home/r1mini/sungsik_ws/install/hrdp_beta_actions/lib/python3.8/site-packages/hrdp_beta_actions/action/__init__.py
[44.633s] -- Installing: /home/r1mini/sungsik_ws/install/hrdp_beta_actions/lib/python3.8/site-packages/hrdp_beta_actions/action/_camera_rgb.py
[44.635s] -- Installing: /home/r1mini/sungsik_ws/install/hrdp_beta_actions/lib/python3.8/site-packages/hrdp_beta_actions/hrdp_beta_actions_s__rosidl_typesupport_fastrtps_c.cpython-38-aarch64-linux-gnu.so
[44.638s] -- Set runtime path of "/home/r1mini/sungsik_ws/install/hrdp_beta_actions/lib/python3.8/site-packages/hrdp_beta_actions/hrdp_beta_actions_s__rosidl_typesupport_fastrtps_c.cpython-38-aarch64-linux-gnu.so" to ""
[44.639s] -- Installing: /home/r1mini/sungsik_ws/install/hrdp_beta_actions/lib/python3.8/site-packages/hrdp_beta_actions/hrdp_beta_actions_s__rosidl_typesupport_introspection_c.cpython-38-aarch64-linux-gnu.so
[44.640s] -- Set runtime path of "/home/r1mini/sungsik_ws/install/hrdp_beta_actions/lib/python3.8/site-packages/hrdp_beta_actions/hrdp_beta_actions_s__rosidl_typesupport_introspection_c.cpython-38-aarch64-linux-gnu.so" to ""
[44.641s] -- Installing: /home/r1mini/sungsik_ws/install/hrdp_beta_actions/lib/python3.8/site-packages/hrdp_beta_actions/hrdp_beta_actions_s__rosidl_typesupport_c.cpython-38-aarch64-linux-gnu.so
[44.644s] -- Set runtime path of "/home/r1mini/sungsik_ws/install/hrdp_beta_actions/lib/python3.8/site-packages/hrdp_beta_actions/hrdp_beta_actions_s__rosidl_typesupport_c.cpython-38-aarch64-linux-gnu.so" to ""
[44.644s] -- Installing: /home/r1mini/sungsik_ws/install/hrdp_beta_actions/lib/libhrdp_beta_actions__python.so
[44.647s] -- Set runtime path of "/home/r1mini/sungsik_ws/install/hrdp_beta_actions/lib/libhrdp_beta_actions__python.so" to ""
[44.647s] -- Installing: /home/r1mini/sungsik_ws/install/hrdp_beta_actions/share/hrdp_beta_actions/action/CameraRGB.idl
[44.648s] -- Installing: /home/r1mini/sungsik_ws/install/hrdp_beta_actions/share/hrdp_beta_actions/action/CameraRGB.action
[44.649s] -- Installing: /home/r1mini/sungsik_ws/install/hrdp_beta_actions/share/ament_index/resource_index/package_run_dependencies/hrdp_beta_actions
[44.650s] -- Installing: /home/r1mini/sungsik_ws/install/hrdp_beta_actions/share/ament_index/resource_index/parent_prefix_path/hrdp_beta_actions
[44.652s] -- Installing: /home/r1mini/sungsik_ws/install/hrdp_beta_actions/share/hrdp_beta_actions/environment/ament_prefix_path.sh
[44.659s] -- Installing: /home/r1mini/sungsik_ws/install/hrdp_beta_actions/share/hrdp_beta_actions/environment/ament_prefix_path.dsv
[44.661s] -- Installing: /home/r1mini/sungsik_ws/install/hrdp_beta_actions/share/hrdp_beta_actions/environment/path.sh
[44.662s] -- Installing: /home/r1mini/sungsik_ws/install/hrdp_beta_actions/share/hrdp_beta_actions/environment/path.dsv
[44.663s] -- Installing: /home/r1mini/sungsik_ws/install/hrdp_beta_actions/share/hrdp_beta_actions/local_setup.bash
[44.663s] -- Installing: /home/r1mini/sungsik_ws/install/hrdp_beta_actions/share/hrdp_beta_actions/local_setup.sh
[44.664s] -- Installing: /home/r1mini/sungsik_ws/install/hrdp_beta_actions/share/hrdp_beta_actions/local_setup.zsh
[44.665s] -- Installing: /home/r1mini/sungsik_ws/install/hrdp_beta_actions/share/hrdp_beta_actions/local_setup.dsv
[44.666s] -- Installing: /home/r1mini/sungsik_ws/install/hrdp_beta_actions/share/hrdp_beta_actions/package.dsv
[44.667s] -- Installing: /home/r1mini/sungsik_ws/install/hrdp_beta_actions/share/ament_index/resource_index/packages/hrdp_beta_actions
[44.668s] -- Installing: /home/r1mini/sungsik_ws/install/hrdp_beta_actions/share/hrdp_beta_actions/cmake/hrdp_beta_actions__rosidl_generator_cExport.cmake
[44.670s] -- Installing: /home/r1mini/sungsik_ws/install/hrdp_beta_actions/share/hrdp_beta_actions/cmake/hrdp_beta_actions__rosidl_generator_cExport-noconfig.cmake
[44.672s] -- Installing: /home/r1mini/sungsik_ws/install/hrdp_beta_actions/share/hrdp_beta_actions/cmake/hrdp_beta_actions__rosidl_typesupport_introspection_cExport.cmake
[44.673s] -- Installing: /home/r1mini/sungsik_ws/install/hrdp_beta_actions/share/hrdp_beta_actions/cmake/hrdp_beta_actions__rosidl_typesupport_introspection_cExport-noconfig.cmake
[44.675s] -- Installing: /home/r1mini/sungsik_ws/install/hrdp_beta_actions/share/hrdp_beta_actions/cmake/hrdp_beta_actions__rosidl_typesupport_cExport.cmake
[44.676s] -- Installing: /home/r1mini/sungsik_ws/install/hrdp_beta_actions/share/hrdp_beta_actions/cmake/hrdp_beta_actions__rosidl_typesupport_cExport-noconfig.cmake
[44.678s] -- Installing: /home/r1mini/sungsik_ws/install/hrdp_beta_actions/share/hrdp_beta_actions/cmake/hrdp_beta_actions__rosidl_generator_cppExport.cmake
[44.679s] -- Installing: /home/r1mini/sungsik_ws/install/hrdp_beta_actions/share/hrdp_beta_actions/cmake/hrdp_beta_actions__rosidl_typesupport_introspection_cppExport.cmake
[44.681s] -- Installing: /home/r1mini/sungsik_ws/install/hrdp_beta_actions/share/hrdp_beta_actions/cmake/hrdp_beta_actions__rosidl_typesupport_introspection_cppExport-noconfig.cmake
[44.683s] -- Installing: /home/r1mini/sungsik_ws/install/hrdp_beta_actions/share/hrdp_beta_actions/cmake/hrdp_beta_actions__rosidl_typesupport_cppExport.cmake
[44.685s] -- Installing: /home/r1mini/sungsik_ws/install/hrdp_beta_actions/share/hrdp_beta_actions/cmake/hrdp_beta_actions__rosidl_typesupport_cppExport-noconfig.cmake
[44.687s] -- Installing: /home/r1mini/sungsik_ws/install/hrdp_beta_actions/share/hrdp_beta_actions/cmake/rosidl_cmake-extras.cmake
[44.688s] -- Installing: /home/r1mini/sungsik_ws/install/hrdp_beta_actions/share/hrdp_beta_actions/cmake/ament_cmake_export_dependencies-extras.cmake
[44.689s] -- Installing: /home/r1mini/sungsik_ws/install/hrdp_beta_actions/share/hrdp_beta_actions/cmake/ament_cmake_export_libraries-extras.cmake
[44.690s] -- Installing: /home/r1mini/sungsik_ws/install/hrdp_beta_actions/share/hrdp_beta_actions/cmake/ament_cmake_export_targets-extras.cmake
[44.691s] -- Installing: /home/r1mini/sungsik_ws/install/hrdp_beta_actions/share/hrdp_beta_actions/cmake/ament_cmake_export_include_directories-extras.cmake
[44.693s] -- Installing: /home/r1mini/sungsik_ws/install/hrdp_beta_actions/share/hrdp_beta_actions/cmake/rosidl_cmake_export_typesupport_libraries-extras.cmake
[44.695s] -- Installing: /home/r1mini/sungsik_ws/install/hrdp_beta_actions/share/hrdp_beta_actions/cmake/rosidl_cmake_export_typesupport_targets-extras.cmake
[44.697s] -- Installing: /home/r1mini/sungsik_ws/install/hrdp_beta_actions/share/hrdp_beta_actions/cmake/hrdp_beta_actionsConfig.cmake
[44.698s] -- Installing: /home/r1mini/sungsik_ws/install/hrdp_beta_actions/share/hrdp_beta_actions/cmake/hrdp_beta_actionsConfig-version.cmake
[44.698s] -- Installing: /home/r1mini/sungsik_ws/install/hrdp_beta_actions/share/hrdp_beta_actions/package.xml
[44.729s] Invoked command in '/home/r1mini/sungsik_ws/build/hrdp_beta_actions' returned '0': CMAKE_PREFIX_PATH=${CMAKE_PREFIX_PATH}:/home/r1mini/ros2_ws/install/omo_r1mini_teleop:/home/r1mini/ros2_ws/install/omo_r1mini_bringup:/opt/ros/foxy /usr/bin/cmake --install /home/r1mini/sungsik_ws/build/hrdp_beta_actions
