[0.539s] Invoking command in '/home/r1mini/sungsik_ws/build/my_cpp_py_pkg': CMAKE_PREFIX_PATH=${CMAKE_PREFIX_PATH}:/home/r1mini/sungsik_ws/install/hrdp_beta_perception:/home/r1mini/ros2_ws/install/omo_r1mini_teleop:/home/r1mini/ros2_ws/install/omo_r1mini_bringup:/opt/ros/foxy /usr/bin/cmake --build /home/r1mini/sungsik_ws/build/my_cpp_py_pkg -- -j4 -l4
[1.018s] -- Found ament_cmake: 0.9.11 (/opt/ros/foxy/share/ament_cmake/cmake)
[1.535s] -- Using PYTHON_EXECUTABLE: /usr/bin/python3
[4.827s] -- Override CMake install command with custom implementation using symlinks instead of copying resources
[4.975s] -- Found rclcpp: 2.4.2 (/opt/ros/foxy/share/rclcpp/cmake)
[5.469s] -- Using all available rosidl_typesupport_c: rosidl_typesupport_fastrtps_c;rosidl_typesupport_introspection_c
[5.544s] -- Found rosidl_adapter: 1.3.0 (/opt/ros/foxy/share/rosidl_adapter/cmake)
[7.147s] -- Using all available rosidl_typesupport_cpp: rosidl_typesupport_fastrtps_cpp;rosidl_typesupport_introspection_cpp
[7.782s] -- Found rmw_implementation_cmake: 1.0.3 (/opt/ros/foxy/share/rmw_implementation_cmake/cmake)
[7.802s] -- Using RMW implementation 'rmw_fastrtps_cpp' as default
[9.271s] -- Found rclpy: 1.0.11 (/opt/ros/foxy/share/rclpy/cmake)
[9.298s] CMake Error at /opt/ros/foxy/share/ament_cmake_core/cmake/symlink_install/ament_cmake_symlink_install_targets.cmake:67 (message):
[9.305s]   ament_cmake_symlink_install_targets() 'scripts/py_node.py' is not a target
[9.306s] Call Stack (most recent call first):
[9.307s]   /opt/ros/foxy/share/ament_cmake_core/cmake/symlink_install/install.cmake:37 (ament_cmake_symlink_install_targets)
[9.308s]   CMakeLists.txt:36 (install)
[9.323s] 
[9.325s] 
[9.330s] -- Configuring incomplete, errors occurred!
[9.331s] See also "/home/r1mini/sungsik_ws/build/my_cpp_py_pkg/CMakeFiles/CMakeOutput.log".
[9.332s] See also "/home/r1mini/sungsik_ws/build/my_cpp_py_pkg/CMakeFiles/CMakeError.log".
[9.440s] make: *** [Makefile:222: cmake_check_build_system] Error 1
[9.479s] Invoked command in '/home/r1mini/sungsik_ws/build/my_cpp_py_pkg' returned '2': CMAKE_PREFIX_PATH=${CMAKE_PREFIX_PATH}:/home/r1mini/sungsik_ws/install/hrdp_beta_perception:/home/r1mini/ros2_ws/install/omo_r1mini_teleop:/home/r1mini/ros2_ws/install/omo_r1mini_bringup:/opt/ros/foxy /usr/bin/cmake --build /home/r1mini/sungsik_ws/build/my_cpp_py_pkg -- -j4 -l4
