[0.642s] Invoking command in '/home/r1mini/sungsik_ws/build/hrdp_beta': CMAKE_PREFIX_PATH=${CMAKE_PREFIX_PATH}:/home/r1mini/ros2_ws/install/omo_r1mini_teleop:/home/r1mini/ros2_ws/install/omo_r1mini_bringup:/opt/ros/foxy /usr/bin/cmake --build /home/r1mini/sungsik_ws/build/hrdp_beta -- -j4 -l4
[1.220s] -- Found ament_cmake: 0.9.11 (/opt/ros/foxy/share/ament_cmake/cmake)
[2.088s] -- Using PYTHON_EXECUTABLE: /usr/bin/python3
[7.375s] -- Found rclpy: 1.0.11 (/opt/ros/foxy/share/rclpy/cmake)
[7.437s] -- Found hrdp_beta_actions: 0.0.0 (/home/r1mini/sungsik_ws/install/hrdp_beta_actions/share/hrdp_beta_actions/cmake)
[7.957s] -- Using all available rosidl_typesupport_c: rosidl_typesupport_fastrtps_c;rosidl_typesupport_introspection_c
[8.028s] -- Found rosidl_adapter: 1.3.0 (/opt/ros/foxy/share/rosidl_adapter/cmake)
[10.134s] -- Using all available rosidl_typesupport_cpp: rosidl_typesupport_fastrtps_cpp;rosidl_typesupport_introspection_cpp
[11.557s] -- Found ament_lint_auto: 0.9.7 (/opt/ros/foxy/share/ament_lint_auto/cmake)
[12.667s] -- Added test 'copyright' to check source files copyright and LICENSE
[12.701s] -- Added test 'flake8' to check Python code syntax and style conventions
[12.724s] -- Added test 'lint_cmake' to check CMake code style
[12.728s] -- Added test 'pep257' to check Python code against some of the style conventions in PEP 257
[12.768s] -- Added test 'xmllint' to check XML markup files
[12.770s] -- Configuring done
[12.824s] -- Generating done
[12.832s] -- Build files have been written to: /home/r1mini/sungsik_ws/build/hrdp_beta
[13.231s] Invoked command in '/home/r1mini/sungsik_ws/build/hrdp_beta' returned '0': CMAKE_PREFIX_PATH=${CMAKE_PREFIX_PATH}:/home/r1mini/ros2_ws/install/omo_r1mini_teleop:/home/r1mini/ros2_ws/install/omo_r1mini_bringup:/opt/ros/foxy /usr/bin/cmake --build /home/r1mini/sungsik_ws/build/hrdp_beta -- -j4 -l4
[13.615s] Invoking command in '/home/r1mini/sungsik_ws/build/hrdp_beta': CMAKE_PREFIX_PATH=${CMAKE_PREFIX_PATH}:/home/r1mini/ros2_ws/install/omo_r1mini_teleop:/home/r1mini/ros2_ws/install/omo_r1mini_bringup:/opt/ros/foxy /usr/bin/cmake --install /home/r1mini/sungsik_ws/build/hrdp_beta
[13.754s] -- Install configuration: ""
[13.763s] -- Up-to-date: /home/r1mini/sungsik_ws/install/hrdp_beta/share/ament_index/resource_index/package_run_dependencies/hrdp_beta
[13.764s] -- Installing: /home/r1mini/sungsik_ws/install/hrdp_beta/share/ament_index/resource_index/parent_prefix_path/hrdp_beta
[13.766s] -- Up-to-date: /home/r1mini/sungsik_ws/install/hrdp_beta/share/hrdp_beta/environment/ament_prefix_path.sh
[13.824s] -- Installing: /home/r1mini/sungsik_ws/install/hrdp_beta/share/hrdp_beta/environment/ament_prefix_path.dsv
[13.863s] -- Up-to-date: /home/r1mini/sungsik_ws/install/hrdp_beta/share/hrdp_beta/environment/path.sh
[13.875s] -- Installing: /home/r1mini/sungsik_ws/install/hrdp_beta/share/hrdp_beta/environment/path.dsv
[13.878s] -- Up-to-date: /home/r1mini/sungsik_ws/install/hrdp_beta/share/hrdp_beta/local_setup.bash
[13.882s] -- Up-to-date: /home/r1mini/sungsik_ws/install/hrdp_beta/share/hrdp_beta/local_setup.sh
[13.890s] -- Up-to-date: /home/r1mini/sungsik_ws/install/hrdp_beta/share/hrdp_beta/local_setup.zsh
[13.896s] -- Installing: /home/r1mini/sungsik_ws/install/hrdp_beta/share/hrdp_beta/local_setup.dsv
[13.923s] -- Installing: /home/r1mini/sungsik_ws/install/hrdp_beta/share/hrdp_beta/package.dsv
[13.930s] -- Up-to-date: /home/r1mini/sungsik_ws/install/hrdp_beta/share/ament_index/resource_index/packages/hrdp_beta
[13.932s] -- Up-to-date: /home/r1mini/sungsik_ws/install/hrdp_beta/share/hrdp_beta/cmake/hrdp_betaConfig.cmake
[13.933s] -- Up-to-date: /home/r1mini/sungsik_ws/install/hrdp_beta/share/hrdp_beta/cmake/hrdp_betaConfig-version.cmake
[13.939s] -- Up-to-date: /home/r1mini/sungsik_ws/install/hrdp_beta/share/hrdp_beta/package.xml
[13.942s] Invoked command in '/home/r1mini/sungsik_ws/build/hrdp_beta' returned '0': CMAKE_PREFIX_PATH=${CMAKE_PREFIX_PATH}:/home/r1mini/ros2_ws/install/omo_r1mini_teleop:/home/r1mini/ros2_ws/install/omo_r1mini_bringup:/opt/ros/foxy /usr/bin/cmake --install /home/r1mini/sungsik_ws/build/hrdp_beta
