[1.363s] DEBUG:colcon:Command line arguments: ['/usr/bin/colcon', 'build']
[1.364s] DEBUG:colcon:Parsed command line arguments: Namespace(allow_overriding=[], ament_cmake_args=None, base_paths=['.'], build_base='build', catkin_cmake_args=None, catkin_skip_building_tests=False, cmake_args=None, cmake_clean_cache=False, cmake_clean_first=False, cmake_force_configure=False, cmake_target=None, cmake_target_skip_unavailable=False, continue_on_error=False, event_handlers=None, executor='parallel', ignore_user_meta=False, install_base='install', log_base=None, log_level=None, main=<bound method BuildVerb.main of <colcon_core.verb.build.BuildVerb object at 0x7f78c0f7c0>>, merge_install=False, metas=['./colcon.meta'], packages_above=None, packages_above_and_dependencies=None, packages_above_depth=None, packages_end=None, packages_ignore=None, packages_ignore_regex=None, packages_select=None, packages_select_build_failed=False, packages_select_by_dep=None, packages_select_regex=None, packages_select_test_failures=False, packages_skip=None, packages_skip_build_finished=False, packages_skip_by_dep=None, packages_skip_regex=None, packages_skip_test_passed=False, packages_skip_up_to=None, packages_start=None, packages_up_to=None, packages_up_to_regex=None, parallel_workers=4, paths=None, symlink_install=False, test_result_base=None, verb_extension=<colcon_core.verb.build.BuildVerb object at 0x7f78c0f7c0>, verb_name='build', verb_parser=<colcon_defaults.argument_parser.defaults.DefaultArgumentsDecorator object at 0x7f78c0fd30>)
[1.580s] Level 1:colcon.colcon_core.package_discovery:discover_packages(colcon_meta) check parameters
[1.582s] Level 1:colcon.colcon_core.package_discovery:discover_packages(recursive) check parameters
[1.582s] Level 1:colcon.colcon_core.package_discovery:discover_packages(ignore) check parameters
[1.582s] Level 1:colcon.colcon_core.package_discovery:discover_packages(path) check parameters
[1.582s] Level 1:colcon.colcon_core.package_discovery:discover_packages(colcon_meta) discover
[1.583s] Level 1:colcon.colcon_core.package_discovery:discover_packages(recursive) discover
[1.583s] INFO:colcon.colcon_core.package_discovery:Crawling recursively for packages in '/home/r1mini/sungsik_ws'
[1.584s] Level 1:colcon.colcon_core.package_identification:_identify(.) by extensions ['ignore', 'ignore_ament_install']
[1.585s] Level 1:colcon.colcon_core.package_identification:_identify(.) by extension 'ignore'
[1.585s] Level 1:colcon.colcon_core.package_identification:_identify(.) by extension 'ignore_ament_install'
[1.586s] Level 1:colcon.colcon_core.package_identification:_identify(.) by extensions ['colcon_pkg']
[1.586s] Level 1:colcon.colcon_core.package_identification:_identify(.) by extension 'colcon_pkg'
[1.586s] Level 1:colcon.colcon_core.package_identification:_identify(.) by extensions ['colcon_meta']
[1.586s] Level 1:colcon.colcon_core.package_identification:_identify(.) by extension 'colcon_meta'
[1.586s] Level 1:colcon.colcon_core.package_identification:_identify(.) by extensions ['ros']
[1.587s] Level 1:colcon.colcon_core.package_identification:_identify(.) by extension 'ros'
[1.692s] Level 1:colcon.colcon_core.package_identification:_identify(.) by extensions ['cmake', 'python']
[1.693s] Level 1:colcon.colcon_core.package_identification:_identify(.) by extension 'cmake'
[1.694s] Level 1:colcon.colcon_core.package_identification:_identify(.) by extension 'python'
[1.694s] Level 1:colcon.colcon_core.package_identification:_identify(.) by extensions ['python_setup_py']
[1.694s] Level 1:colcon.colcon_core.package_identification:_identify(.) by extension 'python_setup_py'
[1.695s] Level 1:colcon.colcon_core.package_identification:_identify(build) by extensions ['ignore', 'ignore_ament_install']
[1.696s] Level 1:colcon.colcon_core.package_identification:_identify(build) by extension 'ignore'
[1.696s] Level 1:colcon.colcon_core.package_identification:_identify(build) ignored
[1.697s] Level 1:colcon.colcon_core.package_identification:_identify(install) by extensions ['ignore', 'ignore_ament_install']
[1.698s] Level 1:colcon.colcon_core.package_identification:_identify(install) by extension 'ignore'
[1.698s] Level 1:colcon.colcon_core.package_identification:_identify(install) ignored
[1.699s] Level 1:colcon.colcon_core.package_identification:_identify(log) by extensions ['ignore', 'ignore_ament_install']
[1.699s] Level 1:colcon.colcon_core.package_identification:_identify(log) by extension 'ignore'
[1.699s] Level 1:colcon.colcon_core.package_identification:_identify(log) ignored
[1.700s] Level 1:colcon.colcon_core.package_identification:_identify(src) by extensions ['ignore', 'ignore_ament_install']
[1.700s] Level 1:colcon.colcon_core.package_identification:_identify(src) by extension 'ignore'
[1.700s] Level 1:colcon.colcon_core.package_identification:_identify(src) by extension 'ignore_ament_install'
[1.701s] Level 1:colcon.colcon_core.package_identification:_identify(src) by extensions ['colcon_pkg']
[1.701s] Level 1:colcon.colcon_core.package_identification:_identify(src) by extension 'colcon_pkg'
[1.701s] Level 1:colcon.colcon_core.package_identification:_identify(src) by extensions ['colcon_meta']
[1.701s] Level 1:colcon.colcon_core.package_identification:_identify(src) by extension 'colcon_meta'
[1.702s] Level 1:colcon.colcon_core.package_identification:_identify(src) by extensions ['ros']
[1.702s] Level 1:colcon.colcon_core.package_identification:_identify(src) by extension 'ros'
[1.702s] Level 1:colcon.colcon_core.package_identification:_identify(src) by extensions ['cmake', 'python']
[1.702s] Level 1:colcon.colcon_core.package_identification:_identify(src) by extension 'cmake'
[1.703s] Level 1:colcon.colcon_core.package_identification:_identify(src) by extension 'python'
[1.703s] Level 1:colcon.colcon_core.package_identification:_identify(src) by extensions ['python_setup_py']
[1.703s] Level 1:colcon.colcon_core.package_identification:_identify(src) by extension 'python_setup_py'
[1.703s] Level 1:colcon.colcon_core.package_identification:_identify(src/hrdp_beta) by extensions ['ignore', 'ignore_ament_install']
[1.704s] Level 1:colcon.colcon_core.package_identification:_identify(src/hrdp_beta) by extension 'ignore'
[1.704s] Level 1:colcon.colcon_core.package_identification:_identify(src/hrdp_beta) by extension 'ignore_ament_install'
[1.704s] Level 1:colcon.colcon_core.package_identification:_identify(src/hrdp_beta) by extensions ['colcon_pkg']
[1.705s] Level 1:colcon.colcon_core.package_identification:_identify(src/hrdp_beta) by extension 'colcon_pkg'
[1.705s] Level 1:colcon.colcon_core.package_identification:_identify(src/hrdp_beta) by extensions ['colcon_meta']
[1.705s] Level 1:colcon.colcon_core.package_identification:_identify(src/hrdp_beta) by extension 'colcon_meta'
[1.705s] Level 1:colcon.colcon_core.package_identification:_identify(src/hrdp_beta) by extensions ['ros']
[1.705s] Level 1:colcon.colcon_core.package_identification:_identify(src/hrdp_beta) by extension 'ros'
[1.723s] DEBUG:colcon.colcon_core.package_identification:Package 'src/hrdp_beta' with type 'ros.ament_cmake' and name 'hrdp_beta'
[1.724s] Level 1:colcon.colcon_core.package_identification:_identify(src/hrdp_beta_actions) by extensions ['ignore', 'ignore_ament_install']
[1.725s] Level 1:colcon.colcon_core.package_identification:_identify(src/hrdp_beta_actions) by extension 'ignore'
[1.726s] Level 1:colcon.colcon_core.package_identification:_identify(src/hrdp_beta_actions) by extension 'ignore_ament_install'
[1.726s] Level 1:colcon.colcon_core.package_identification:_identify(src/hrdp_beta_actions) by extensions ['colcon_pkg']
[1.726s] Level 1:colcon.colcon_core.package_identification:_identify(src/hrdp_beta_actions) by extension 'colcon_pkg'
[1.727s] Level 1:colcon.colcon_core.package_identification:_identify(src/hrdp_beta_actions) by extensions ['colcon_meta']
[1.727s] Level 1:colcon.colcon_core.package_identification:_identify(src/hrdp_beta_actions) by extension 'colcon_meta'
[1.727s] Level 1:colcon.colcon_core.package_identification:_identify(src/hrdp_beta_actions) by extensions ['ros']
[1.727s] Level 1:colcon.colcon_core.package_identification:_identify(src/hrdp_beta_actions) by extension 'ros'
[1.737s] DEBUG:colcon.colcon_core.package_identification:Package 'src/hrdp_beta_actions' with type 'ros.ament_cmake' and name 'hrdp_beta_actions'
[1.738s] Level 1:colcon.colcon_core.package_discovery:discover_packages(recursive) using defaults
[1.738s] Level 1:colcon.colcon_core.package_discovery:discover_packages(ignore) discover
[1.739s] Level 1:colcon.colcon_core.package_discovery:discover_packages(ignore) using defaults
[1.739s] Level 1:colcon.colcon_core.package_discovery:discover_packages(path) discover
[1.739s] Level 1:colcon.colcon_core.package_discovery:discover_packages(path) using defaults
[2.128s] Level 1:colcon.colcon_core.package_discovery:discover_packages(prefix_path) check parameters
[2.129s] Level 1:colcon.colcon_core.package_discovery:discover_packages(prefix_path) discover
[2.173s] DEBUG:colcon.colcon_installed_package_information.package_discovery:Found 9 installed packages in /home/r1mini/ros2_ws/install
[2.190s] DEBUG:colcon.colcon_installed_package_information.package_discovery:Found 270 installed packages in /opt/ros/foxy
[2.205s] Level 1:colcon.colcon_core.package_discovery:discover_packages(prefix_path) using defaults
[3.054s] Level 5:colcon.colcon_core.verb:set package 'hrdp_beta' build argument 'cmake_args' from command line to 'None'
[3.055s] Level 5:colcon.colcon_core.verb:set package 'hrdp_beta' build argument 'cmake_target' from command line to 'None'
[3.055s] Level 5:colcon.colcon_core.verb:set package 'hrdp_beta' build argument 'cmake_target_skip_unavailable' from command line to 'False'
[3.055s] Level 5:colcon.colcon_core.verb:set package 'hrdp_beta' build argument 'cmake_clean_cache' from command line to 'False'
[3.056s] Level 5:colcon.colcon_core.verb:set package 'hrdp_beta' build argument 'cmake_clean_first' from command line to 'False'
[3.056s] Level 5:colcon.colcon_core.verb:set package 'hrdp_beta' build argument 'cmake_force_configure' from command line to 'False'
[3.056s] Level 5:colcon.colcon_core.verb:set package 'hrdp_beta' build argument 'ament_cmake_args' from command line to 'None'
[3.056s] Level 5:colcon.colcon_core.verb:set package 'hrdp_beta' build argument 'catkin_cmake_args' from command line to 'None'
[3.056s] Level 5:colcon.colcon_core.verb:set package 'hrdp_beta' build argument 'catkin_skip_building_tests' from command line to 'False'
[3.057s] DEBUG:colcon.colcon_core.verb:Building package 'hrdp_beta' with the following arguments: {'ament_cmake_args': None, 'build_base': '/home/r1mini/sungsik_ws/build/hrdp_beta', 'catkin_cmake_args': None, 'catkin_skip_building_tests': False, 'cmake_args': None, 'cmake_clean_cache': False, 'cmake_clean_first': False, 'cmake_force_configure': False, 'cmake_target': None, 'cmake_target_skip_unavailable': False, 'install_base': '/home/r1mini/sungsik_ws/install/hrdp_beta', 'merge_install': False, 'path': '/home/r1mini/sungsik_ws/src/hrdp_beta', 'symlink_install': False, 'test_result_base': None}
[3.065s] Level 5:colcon.colcon_core.verb:set package 'hrdp_beta_actions' build argument 'cmake_args' from command line to 'None'
[3.065s] Level 5:colcon.colcon_core.verb:set package 'hrdp_beta_actions' build argument 'cmake_target' from command line to 'None'
[3.065s] Level 5:colcon.colcon_core.verb:set package 'hrdp_beta_actions' build argument 'cmake_target_skip_unavailable' from command line to 'False'
[3.066s] Level 5:colcon.colcon_core.verb:set package 'hrdp_beta_actions' build argument 'cmake_clean_cache' from command line to 'False'
[3.066s] Level 5:colcon.colcon_core.verb:set package 'hrdp_beta_actions' build argument 'cmake_clean_first' from command line to 'False'
[3.066s] Level 5:colcon.colcon_core.verb:set package 'hrdp_beta_actions' build argument 'cmake_force_configure' from command line to 'False'
[3.066s] Level 5:colcon.colcon_core.verb:set package 'hrdp_beta_actions' build argument 'ament_cmake_args' from command line to 'None'
[3.066s] Level 5:colcon.colcon_core.verb:set package 'hrdp_beta_actions' build argument 'catkin_cmake_args' from command line to 'None'
[3.067s] Level 5:colcon.colcon_core.verb:set package 'hrdp_beta_actions' build argument 'catkin_skip_building_tests' from command line to 'False'
[3.067s] DEBUG:colcon.colcon_core.verb:Building package 'hrdp_beta_actions' with the following arguments: {'ament_cmake_args': None, 'build_base': '/home/r1mini/sungsik_ws/build/hrdp_beta_actions', 'catkin_cmake_args': None, 'catkin_skip_building_tests': False, 'cmake_args': None, 'cmake_clean_cache': False, 'cmake_clean_first': False, 'cmake_force_configure': False, 'cmake_target': None, 'cmake_target_skip_unavailable': False, 'install_base': '/home/r1mini/sungsik_ws/install/hrdp_beta_actions', 'merge_install': False, 'path': '/home/r1mini/sungsik_ws/src/hrdp_beta_actions', 'symlink_install': False, 'test_result_base': None}
[3.073s] INFO:colcon.colcon_core.executor:Executing jobs using 'parallel' executor
[3.103s] DEBUG:colcon.colcon_parallel_executor.executor.parallel:run_until_complete
[3.107s] INFO:colcon.colcon_ros.task.ament_cmake.build:Building ROS package in '/home/r1mini/sungsik_ws/src/hrdp_beta' with build type 'ament_cmake'
[3.108s] INFO:colcon.colcon_cmake.task.cmake.build:Building CMake package in '/home/r1mini/sungsik_ws/src/hrdp_beta'
[3.193s] INFO:colcon.colcon_core.plugin_system:Skipping extension 'colcon_core.shell.bat': Not used on non-Windows systems
[3.195s] INFO:colcon.colcon_core.shell:Skip shell extension 'powershell' for command environment: Not usable outside of PowerShell
[3.195s] DEBUG:colcon.colcon_core.shell:Skip shell extension 'dsv' for command environment
[3.274s] INFO:colcon.colcon_ros.task.ament_cmake.build:Building ROS package in '/home/r1mini/sungsik_ws/src/hrdp_beta_actions' with build type 'ament_cmake'
[3.281s] INFO:colcon.colcon_cmake.task.cmake.build:Building CMake package in '/home/r1mini/sungsik_ws/src/hrdp_beta_actions'
[3.304s] INFO:colcon.colcon_core.shell:Skip shell extension 'powershell' for command environment: Not usable outside of PowerShell
[3.305s] DEBUG:colcon.colcon_core.shell:Skip shell extension 'dsv' for command environment
[3.494s] DEBUG:colcon.colcon_core.event_handler.log_command:Invoking command in '/home/r1mini/sungsik_ws/build/hrdp_beta': CMAKE_PREFIX_PATH=${CMAKE_PREFIX_PATH}:/home/r1mini/ros2_ws/install/omo_r1mini_teleop:/home/r1mini/ros2_ws/install/omo_r1mini_bringup:/opt/ros/foxy /usr/bin/cmake --build /home/r1mini/sungsik_ws/build/hrdp_beta -- -j4 -l4
[3.563s] DEBUG:colcon.colcon_core.event_handler.log_command:Invoking command in '/home/r1mini/sungsik_ws/build/hrdp_beta_actions': CMAKE_PREFIX_PATH=${CMAKE_PREFIX_PATH}:/home/r1mini/ros2_ws/install/omo_r1mini_teleop:/home/r1mini/ros2_ws/install/omo_r1mini_bringup:/opt/ros/foxy /usr/bin/cmake /home/r1mini/sungsik_ws/src/hrdp_beta_actions -DCMAKE_INSTALL_PREFIX=/home/r1mini/sungsik_ws/install/hrdp_beta_actions
[7.386s] DEBUG:colcon.colcon_core.event_handler.log_command:Invoked command in '/home/r1mini/sungsik_ws/build/hrdp_beta' returned '2': CMAKE_PREFIX_PATH=${CMAKE_PREFIX_PATH}:/home/r1mini/ros2_ws/install/omo_r1mini_teleop:/home/r1mini/ros2_ws/install/omo_r1mini_bringup:/opt/ros/foxy /usr/bin/cmake --build /home/r1mini/sungsik_ws/build/hrdp_beta -- -j4 -l4
[7.805s] Level 1:colcon.colcon_core.environment:create_environment_scripts_only(hrdp_beta)
[7.931s] Level 1:colcon.colcon_core.environment:checking '/home/r1mini/sungsik_ws/install/hrdp_beta' for CMake module files
[7.942s] Level 1:colcon.colcon_core.environment:checking '/home/r1mini/sungsik_ws/install/hrdp_beta' for CMake config files
[7.945s] Level 1:colcon.colcon_core.shell:create_environment_hook('hrdp_beta', 'cmake_prefix_path')
[7.962s] INFO:colcon.colcon_core.shell:Creating environment hook '/home/r1mini/sungsik_ws/install/hrdp_beta/share/hrdp_beta/hook/cmake_prefix_path.ps1'
[8.008s] INFO:colcon.colcon_core.shell:Creating environment descriptor '/home/r1mini/sungsik_ws/install/hrdp_beta/share/hrdp_beta/hook/cmake_prefix_path.dsv'
[8.017s] INFO:colcon.colcon_core.shell:Creating environment hook '/home/r1mini/sungsik_ws/install/hrdp_beta/share/hrdp_beta/hook/cmake_prefix_path.sh'
[8.030s] Level 1:colcon.colcon_core.environment:checking '/home/r1mini/sungsik_ws/install/hrdp_beta/bin'
[8.032s] Level 1:colcon.colcon_core.environment:checking '/home/r1mini/sungsik_ws/install/hrdp_beta/lib/pkgconfig/hrdp_beta.pc'
[8.034s] Level 1:colcon.colcon_core.environment:checking '/home/r1mini/sungsik_ws/install/hrdp_beta/lib/python3.8/site-packages'
[8.037s] Level 1:colcon.colcon_core.environment:checking '/home/r1mini/sungsik_ws/install/hrdp_beta/bin'
[8.057s] INFO:colcon.colcon_core.shell:Creating package script '/home/r1mini/sungsik_ws/install/hrdp_beta/share/hrdp_beta/package.ps1'
[8.068s] INFO:colcon.colcon_core.shell:Creating package descriptor '/home/r1mini/sungsik_ws/install/hrdp_beta/share/hrdp_beta/package.dsv'
[8.082s] INFO:colcon.colcon_core.shell:Creating package script '/home/r1mini/sungsik_ws/install/hrdp_beta/share/hrdp_beta/package.sh'
[8.098s] INFO:colcon.colcon_core.shell:Creating package script '/home/r1mini/sungsik_ws/install/hrdp_beta/share/hrdp_beta/package.bash'
[8.110s] INFO:colcon.colcon_core.shell:Creating package script '/home/r1mini/sungsik_ws/install/hrdp_beta/share/hrdp_beta/package.zsh'
[8.131s] Level 1:colcon.colcon_core.environment:create_file_with_runtime_dependencies(/home/r1mini/sungsik_ws/install/hrdp_beta/share/colcon-core/packages/hrdp_beta)
[10.675s] DEBUG:colcon.colcon_parallel_executor.executor.parallel:closing loop
[10.683s] DEBUG:colcon.colcon_parallel_executor.executor.parallel:loop closed
[10.685s] DEBUG:colcon.colcon_parallel_executor.executor.parallel:run_until_complete finished with '2'
[10.707s] DEBUG:colcon.colcon_core.event_reactor:joining thread
[10.868s] INFO:colcon.colcon_core.plugin_system:Skipping extension 'colcon_notification.desktop_notification.terminal_notifier': Not used on non-Darwin systems
[10.873s] INFO:colcon.colcon_core.plugin_system:Skipping extension 'colcon_notification.desktop_notification.win32': Not used on non-Windows systems
[10.877s] INFO:colcon.colcon_notification.desktop_notification:Sending desktop notification using 'notify2'
[10.986s] DEBUG:colcon.colcon_core.event_reactor:joined thread
[11.026s] INFO:colcon.colcon_core.shell:Creating prefix script '/home/r1mini/sungsik_ws/install/local_setup.ps1'
[11.045s] INFO:colcon.colcon_core.shell:Creating prefix util module '/home/r1mini/sungsik_ws/install/_local_setup_util_ps1.py'
[11.081s] INFO:colcon.colcon_core.shell:Creating prefix chain script '/home/r1mini/sungsik_ws/install/setup.ps1'
[11.108s] INFO:colcon.colcon_core.shell:Creating prefix script '/home/r1mini/sungsik_ws/install/local_setup.sh'
[11.117s] INFO:colcon.colcon_core.shell:Creating prefix util module '/home/r1mini/sungsik_ws/install/_local_setup_util_sh.py'
[11.128s] INFO:colcon.colcon_core.shell:Creating prefix chain script '/home/r1mini/sungsik_ws/install/setup.sh'
[11.151s] INFO:colcon.colcon_core.shell:Creating prefix script '/home/r1mini/sungsik_ws/install/local_setup.bash'
[11.158s] INFO:colcon.colcon_core.shell:Creating prefix chain script '/home/r1mini/sungsik_ws/install/setup.bash'
[11.181s] INFO:colcon.colcon_core.shell:Creating prefix script '/home/r1mini/sungsik_ws/install/local_setup.zsh'
[11.189s] INFO:colcon.colcon_core.shell:Creating prefix chain script '/home/r1mini/sungsik_ws/install/setup.zsh'
