[1.594s] DEBUG:colcon:Command line arguments: ['/usr/bin/colcon', 'build', '--symlink-install']
[1.595s] DEBUG:colcon:Parsed command line arguments: Namespace(allow_overriding=[], ament_cmake_args=None, base_paths=['.'], build_base='build', catkin_cmake_args=None, catkin_skip_building_tests=False, cmake_args=None, cmake_clean_cache=False, cmake_clean_first=False, cmake_force_configure=False, cmake_target=None, cmake_target_skip_unavailable=False, continue_on_error=False, event_handlers=None, executor='parallel', ignore_user_meta=False, install_base='install', log_base=None, log_level=None, main=<bound method BuildVerb.main of <colcon_core.verb.build.BuildVerb object at 0x7f8de598b0>>, merge_install=False, metas=['./colcon.meta'], packages_above=None, packages_above_and_dependencies=None, packages_above_depth=None, packages_end=None, packages_ignore=None, packages_ignore_regex=None, packages_select=None, packages_select_build_failed=False, packages_select_by_dep=None, packages_select_regex=None, packages_select_test_failures=False, packages_skip=None, packages_skip_build_finished=False, packages_skip_by_dep=None, packages_skip_regex=None, packages_skip_test_passed=False, packages_skip_up_to=None, packages_start=None, packages_up_to=None, packages_up_to_regex=None, parallel_workers=4, paths=None, symlink_install=True, test_result_base=None, verb_extension=<colcon_core.verb.build.BuildVerb object at 0x7f8de598b0>, verb_name='build', verb_parser=<colcon_defaults.argument_parser.defaults.DefaultArgumentsDecorator object at 0x7f8de59e20>)
[1.957s] Level 1:colcon.colcon_core.package_discovery:discover_packages(colcon_meta) check parameters
[1.958s] Level 1:colcon.colcon_core.package_discovery:discover_packages(recursive) check parameters
[1.959s] Level 1:colcon.colcon_core.package_discovery:discover_packages(ignore) check parameters
[1.959s] Level 1:colcon.colcon_core.package_discovery:discover_packages(path) check parameters
[1.960s] Level 1:colcon.colcon_core.package_discovery:discover_packages(colcon_meta) discover
[1.960s] Level 1:colcon.colcon_core.package_discovery:discover_packages(recursive) discover
[1.961s] INFO:colcon.colcon_core.package_discovery:Crawling recursively for packages in '/home/r1mini/sungsik_ws'
[1.962s] Level 1:colcon.colcon_core.package_identification:_identify(.) by extensions ['ignore', 'ignore_ament_install']
[1.963s] Level 1:colcon.colcon_core.package_identification:_identify(.) by extension 'ignore'
[1.964s] Level 1:colcon.colcon_core.package_identification:_identify(.) by extension 'ignore_ament_install'
[1.965s] Level 1:colcon.colcon_core.package_identification:_identify(.) by extensions ['colcon_pkg']
[1.965s] Level 1:colcon.colcon_core.package_identification:_identify(.) by extension 'colcon_pkg'
[1.966s] Level 1:colcon.colcon_core.package_identification:_identify(.) by extensions ['colcon_meta']
[1.966s] Level 1:colcon.colcon_core.package_identification:_identify(.) by extension 'colcon_meta'
[1.967s] Level 1:colcon.colcon_core.package_identification:_identify(.) by extensions ['ros']
[1.967s] Level 1:colcon.colcon_core.package_identification:_identify(.) by extension 'ros'
[2.073s] Level 1:colcon.colcon_core.package_identification:_identify(.) by extensions ['cmake', 'python']
[2.074s] Level 1:colcon.colcon_core.package_identification:_identify(.) by extension 'cmake'
[2.075s] Level 1:colcon.colcon_core.package_identification:_identify(.) by extension 'python'
[2.075s] Level 1:colcon.colcon_core.package_identification:_identify(.) by extensions ['python_setup_py']
[2.076s] Level 1:colcon.colcon_core.package_identification:_identify(.) by extension 'python_setup_py'
[2.077s] Level 1:colcon.colcon_core.package_identification:_identify(build) by extensions ['ignore', 'ignore_ament_install']
[2.078s] Level 1:colcon.colcon_core.package_identification:_identify(build) by extension 'ignore'
[2.079s] Level 1:colcon.colcon_core.package_identification:_identify(build) ignored
[2.081s] Level 1:colcon.colcon_core.package_identification:_identify(install) by extensions ['ignore', 'ignore_ament_install']
[2.082s] Level 1:colcon.colcon_core.package_identification:_identify(install) by extension 'ignore'
[2.083s] Level 1:colcon.colcon_core.package_identification:_identify(install) ignored
[2.085s] Level 1:colcon.colcon_core.package_identification:_identify(log) by extensions ['ignore', 'ignore_ament_install']
[2.086s] Level 1:colcon.colcon_core.package_identification:_identify(log) by extension 'ignore'
[2.086s] Level 1:colcon.colcon_core.package_identification:_identify(log) ignored
[2.087s] Level 1:colcon.colcon_core.package_identification:_identify(res) by extensions ['ignore', 'ignore_ament_install']
[2.088s] Level 1:colcon.colcon_core.package_identification:_identify(res) by extension 'ignore'
[2.088s] Level 1:colcon.colcon_core.package_identification:_identify(res) by extension 'ignore_ament_install'
[2.089s] Level 1:colcon.colcon_core.package_identification:_identify(res) by extensions ['colcon_pkg']
[2.090s] Level 1:colcon.colcon_core.package_identification:_identify(res) by extension 'colcon_pkg'
[2.090s] Level 1:colcon.colcon_core.package_identification:_identify(res) by extensions ['colcon_meta']
[2.090s] Level 1:colcon.colcon_core.package_identification:_identify(res) by extension 'colcon_meta'
[2.091s] Level 1:colcon.colcon_core.package_identification:_identify(res) by extensions ['ros']
[2.091s] Level 1:colcon.colcon_core.package_identification:_identify(res) by extension 'ros'
[2.092s] Level 1:colcon.colcon_core.package_identification:_identify(res) by extensions ['cmake', 'python']
[2.093s] Level 1:colcon.colcon_core.package_identification:_identify(res) by extension 'cmake'
[2.094s] Level 1:colcon.colcon_core.package_identification:_identify(res) by extension 'python'
[2.094s] Level 1:colcon.colcon_core.package_identification:_identify(res) by extensions ['python_setup_py']
[2.095s] Level 1:colcon.colcon_core.package_identification:_identify(res) by extension 'python_setup_py'
[2.096s] Level 1:colcon.colcon_core.package_identification:_identify(src) by extensions ['ignore', 'ignore_ament_install']
[2.097s] Level 1:colcon.colcon_core.package_identification:_identify(src) by extension 'ignore'
[2.098s] Level 1:colcon.colcon_core.package_identification:_identify(src) by extension 'ignore_ament_install'
[2.098s] Level 1:colcon.colcon_core.package_identification:_identify(src) by extensions ['colcon_pkg']
[2.099s] Level 1:colcon.colcon_core.package_identification:_identify(src) by extension 'colcon_pkg'
[2.099s] Level 1:colcon.colcon_core.package_identification:_identify(src) by extensions ['colcon_meta']
[2.100s] Level 1:colcon.colcon_core.package_identification:_identify(src) by extension 'colcon_meta'
[2.100s] Level 1:colcon.colcon_core.package_identification:_identify(src) by extensions ['ros']
[2.100s] Level 1:colcon.colcon_core.package_identification:_identify(src) by extension 'ros'
[2.101s] Level 1:colcon.colcon_core.package_identification:_identify(src) by extensions ['cmake', 'python']
[2.102s] Level 1:colcon.colcon_core.package_identification:_identify(src) by extension 'cmake'
[2.102s] Level 1:colcon.colcon_core.package_identification:_identify(src) by extension 'python'
[2.103s] Level 1:colcon.colcon_core.package_identification:_identify(src) by extensions ['python_setup_py']
[2.103s] Level 1:colcon.colcon_core.package_identification:_identify(src) by extension 'python_setup_py'
[2.104s] Level 1:colcon.colcon_core.package_identification:_identify(src/hrdp_actuators_beta) by extensions ['ignore', 'ignore_ament_install']
[2.106s] Level 1:colcon.colcon_core.package_identification:_identify(src/hrdp_actuators_beta) by extension 'ignore'
[2.106s] Level 1:colcon.colcon_core.package_identification:_identify(src/hrdp_actuators_beta) by extension 'ignore_ament_install'
[2.107s] Level 1:colcon.colcon_core.package_identification:_identify(src/hrdp_actuators_beta) by extensions ['colcon_pkg']
[2.107s] Level 1:colcon.colcon_core.package_identification:_identify(src/hrdp_actuators_beta) by extension 'colcon_pkg'
[2.108s] Level 1:colcon.colcon_core.package_identification:_identify(src/hrdp_actuators_beta) by extensions ['colcon_meta']
[2.108s] Level 1:colcon.colcon_core.package_identification:_identify(src/hrdp_actuators_beta) by extension 'colcon_meta'
[2.109s] Level 1:colcon.colcon_core.package_identification:_identify(src/hrdp_actuators_beta) by extensions ['ros']
[2.110s] Level 1:colcon.colcon_core.package_identification:_identify(src/hrdp_actuators_beta) by extension 'ros'
[2.137s] DEBUG:colcon.colcon_core.package_identification:Package 'src/hrdp_actuators_beta' with type 'ros.ament_python' and name 'hrdp_actuators_beta'
[2.140s] Level 1:colcon.colcon_core.package_identification:_identify(src/hrdp_human_interface_beta) by extensions ['ignore', 'ignore_ament_install']
[2.141s] Level 1:colcon.colcon_core.package_identification:_identify(src/hrdp_human_interface_beta) by extension 'ignore'
[2.142s] Level 1:colcon.colcon_core.package_identification:_identify(src/hrdp_human_interface_beta) by extension 'ignore_ament_install'
[2.143s] Level 1:colcon.colcon_core.package_identification:_identify(src/hrdp_human_interface_beta) by extensions ['colcon_pkg']
[2.143s] Level 1:colcon.colcon_core.package_identification:_identify(src/hrdp_human_interface_beta) by extension 'colcon_pkg'
[2.144s] Level 1:colcon.colcon_core.package_identification:_identify(src/hrdp_human_interface_beta) by extensions ['colcon_meta']
[2.144s] Level 1:colcon.colcon_core.package_identification:_identify(src/hrdp_human_interface_beta) by extension 'colcon_meta'
[2.145s] Level 1:colcon.colcon_core.package_identification:_identify(src/hrdp_human_interface_beta) by extensions ['ros']
[2.145s] Level 1:colcon.colcon_core.package_identification:_identify(src/hrdp_human_interface_beta) by extension 'ros'
[2.151s] DEBUG:colcon.colcon_core.package_identification:Package 'src/hrdp_human_interface_beta' with type 'ros.ament_python' and name 'hrdp_human_interface_beta'
[2.153s] Level 1:colcon.colcon_core.package_identification:_identify(src/hrdp_perception_beta) by extensions ['ignore', 'ignore_ament_install']
[2.154s] Level 1:colcon.colcon_core.package_identification:_identify(src/hrdp_perception_beta) by extension 'ignore'
[2.155s] Level 1:colcon.colcon_core.package_identification:_identify(src/hrdp_perception_beta) by extension 'ignore_ament_install'
[2.156s] Level 1:colcon.colcon_core.package_identification:_identify(src/hrdp_perception_beta) by extensions ['colcon_pkg']
[2.156s] Level 1:colcon.colcon_core.package_identification:_identify(src/hrdp_perception_beta) by extension 'colcon_pkg'
[2.158s] Level 1:colcon.colcon_core.package_identification:_identify(src/hrdp_perception_beta) by extensions ['colcon_meta']
[2.158s] Level 1:colcon.colcon_core.package_identification:_identify(src/hrdp_perception_beta) by extension 'colcon_meta'
[2.159s] Level 1:colcon.colcon_core.package_identification:_identify(src/hrdp_perception_beta) by extensions ['ros']
[2.160s] Level 1:colcon.colcon_core.package_identification:_identify(src/hrdp_perception_beta) by extension 'ros'
[2.167s] DEBUG:colcon.colcon_core.package_identification:Package 'src/hrdp_perception_beta' with type 'ros.ament_python' and name 'hrdp_perception_beta'
[2.169s] Level 1:colcon.colcon_core.package_identification:_identify(src/hrdp_sensors_beta) by extensions ['ignore', 'ignore_ament_install']
[2.170s] Level 1:colcon.colcon_core.package_identification:_identify(src/hrdp_sensors_beta) by extension 'ignore'
[2.171s] Level 1:colcon.colcon_core.package_identification:_identify(src/hrdp_sensors_beta) by extension 'ignore_ament_install'
[2.172s] Level 1:colcon.colcon_core.package_identification:_identify(src/hrdp_sensors_beta) by extensions ['colcon_pkg']
[2.173s] Level 1:colcon.colcon_core.package_identification:_identify(src/hrdp_sensors_beta) by extension 'colcon_pkg'
[2.174s] Level 1:colcon.colcon_core.package_identification:_identify(src/hrdp_sensors_beta) by extensions ['colcon_meta']
[2.174s] Level 1:colcon.colcon_core.package_identification:_identify(src/hrdp_sensors_beta) by extension 'colcon_meta'
[2.175s] Level 1:colcon.colcon_core.package_identification:_identify(src/hrdp_sensors_beta) by extensions ['ros']
[2.176s] Level 1:colcon.colcon_core.package_identification:_identify(src/hrdp_sensors_beta) by extension 'ros'
[2.183s] DEBUG:colcon.colcon_core.package_identification:Package 'src/hrdp_sensors_beta' with type 'ros.ament_python' and name 'hrdp_sensors_beta'
[2.184s] Level 1:colcon.colcon_core.package_discovery:discover_packages(recursive) using defaults
[2.185s] Level 1:colcon.colcon_core.package_discovery:discover_packages(ignore) discover
[2.185s] Level 1:colcon.colcon_core.package_discovery:discover_packages(ignore) using defaults
[2.186s] Level 1:colcon.colcon_core.package_discovery:discover_packages(path) discover
[2.186s] Level 1:colcon.colcon_core.package_discovery:discover_packages(path) using defaults
[2.523s] Level 1:colcon.colcon_core.package_discovery:discover_packages(prefix_path) check parameters
[2.524s] Level 1:colcon.colcon_core.package_discovery:discover_packages(prefix_path) discover
[2.577s] DEBUG:colcon.colcon_installed_package_information.package_discovery:Found 14 installed packages in /home/r1mini/sungsik_ws/install
[2.596s] DEBUG:colcon.colcon_installed_package_information.package_discovery:Found 9 installed packages in /home/r1mini/ros2_ws/install
[2.641s] DEBUG:colcon.colcon_installed_package_information.package_discovery:Found 309 installed packages in /opt/ros/foxy
[2.657s] Level 1:colcon.colcon_core.package_discovery:discover_packages(prefix_path) using defaults
[4.203s] Level 5:colcon.colcon_core.verb:set package 'hrdp_actuators_beta' build argument 'cmake_args' from command line to 'None'
[4.204s] Level 5:colcon.colcon_core.verb:set package 'hrdp_actuators_beta' build argument 'cmake_target' from command line to 'None'
[4.204s] Level 5:colcon.colcon_core.verb:set package 'hrdp_actuators_beta' build argument 'cmake_target_skip_unavailable' from command line to 'False'
[4.204s] Level 5:colcon.colcon_core.verb:set package 'hrdp_actuators_beta' build argument 'cmake_clean_cache' from command line to 'False'
[4.205s] Level 5:colcon.colcon_core.verb:set package 'hrdp_actuators_beta' build argument 'cmake_clean_first' from command line to 'False'
[4.205s] Level 5:colcon.colcon_core.verb:set package 'hrdp_actuators_beta' build argument 'cmake_force_configure' from command line to 'False'
[4.205s] Level 5:colcon.colcon_core.verb:set package 'hrdp_actuators_beta' build argument 'ament_cmake_args' from command line to 'None'
[4.205s] Level 5:colcon.colcon_core.verb:set package 'hrdp_actuators_beta' build argument 'catkin_cmake_args' from command line to 'None'
[4.205s] Level 5:colcon.colcon_core.verb:set package 'hrdp_actuators_beta' build argument 'catkin_skip_building_tests' from command line to 'False'
[4.206s] DEBUG:colcon.colcon_core.verb:Building package 'hrdp_actuators_beta' with the following arguments: {'ament_cmake_args': None, 'build_base': '/home/r1mini/sungsik_ws/build/hrdp_actuators_beta', 'catkin_cmake_args': None, 'catkin_skip_building_tests': False, 'cmake_args': None, 'cmake_clean_cache': False, 'cmake_clean_first': False, 'cmake_force_configure': False, 'cmake_target': None, 'cmake_target_skip_unavailable': False, 'install_base': '/home/r1mini/sungsik_ws/install/hrdp_actuators_beta', 'merge_install': False, 'path': '/home/r1mini/sungsik_ws/src/hrdp_actuators_beta', 'symlink_install': True, 'test_result_base': None}
[4.216s] Level 5:colcon.colcon_core.verb:set package 'hrdp_human_interface_beta' build argument 'cmake_args' from command line to 'None'
[4.217s] Level 5:colcon.colcon_core.verb:set package 'hrdp_human_interface_beta' build argument 'cmake_target' from command line to 'None'
[4.217s] Level 5:colcon.colcon_core.verb:set package 'hrdp_human_interface_beta' build argument 'cmake_target_skip_unavailable' from command line to 'False'
[4.218s] Level 5:colcon.colcon_core.verb:set package 'hrdp_human_interface_beta' build argument 'cmake_clean_cache' from command line to 'False'
[4.218s] Level 5:colcon.colcon_core.verb:set package 'hrdp_human_interface_beta' build argument 'cmake_clean_first' from command line to 'False'
[4.218s] Level 5:colcon.colcon_core.verb:set package 'hrdp_human_interface_beta' build argument 'cmake_force_configure' from command line to 'False'
[4.218s] Level 5:colcon.colcon_core.verb:set package 'hrdp_human_interface_beta' build argument 'ament_cmake_args' from command line to 'None'
[4.218s] Level 5:colcon.colcon_core.verb:set package 'hrdp_human_interface_beta' build argument 'catkin_cmake_args' from command line to 'None'
[4.218s] Level 5:colcon.colcon_core.verb:set package 'hrdp_human_interface_beta' build argument 'catkin_skip_building_tests' from command line to 'False'
[4.219s] DEBUG:colcon.colcon_core.verb:Building package 'hrdp_human_interface_beta' with the following arguments: {'ament_cmake_args': None, 'build_base': '/home/r1mini/sungsik_ws/build/hrdp_human_interface_beta', 'catkin_cmake_args': None, 'catkin_skip_building_tests': False, 'cmake_args': None, 'cmake_clean_cache': False, 'cmake_clean_first': False, 'cmake_force_configure': False, 'cmake_target': None, 'cmake_target_skip_unavailable': False, 'install_base': '/home/r1mini/sungsik_ws/install/hrdp_human_interface_beta', 'merge_install': False, 'path': '/home/r1mini/sungsik_ws/src/hrdp_human_interface_beta', 'symlink_install': True, 'test_result_base': None}
[4.229s] Level 5:colcon.colcon_core.verb:set package 'hrdp_perception_beta' build argument 'cmake_args' from command line to 'None'
[4.230s] Level 5:colcon.colcon_core.verb:set package 'hrdp_perception_beta' build argument 'cmake_target' from command line to 'None'
[4.230s] Level 5:colcon.colcon_core.verb:set package 'hrdp_perception_beta' build argument 'cmake_target_skip_unavailable' from command line to 'False'
[4.231s] Level 5:colcon.colcon_core.verb:set package 'hrdp_perception_beta' build argument 'cmake_clean_cache' from command line to 'False'
[4.231s] Level 5:colcon.colcon_core.verb:set package 'hrdp_perception_beta' build argument 'cmake_clean_first' from command line to 'False'
[4.231s] Level 5:colcon.colcon_core.verb:set package 'hrdp_perception_beta' build argument 'cmake_force_configure' from command line to 'False'
[4.231s] Level 5:colcon.colcon_core.verb:set package 'hrdp_perception_beta' build argument 'ament_cmake_args' from command line to 'None'
[4.231s] Level 5:colcon.colcon_core.verb:set package 'hrdp_perception_beta' build argument 'catkin_cmake_args' from command line to 'None'
[4.232s] Level 5:colcon.colcon_core.verb:set package 'hrdp_perception_beta' build argument 'catkin_skip_building_tests' from command line to 'False'
[4.232s] DEBUG:colcon.colcon_core.verb:Building package 'hrdp_perception_beta' with the following arguments: {'ament_cmake_args': None, 'build_base': '/home/r1mini/sungsik_ws/build/hrdp_perception_beta', 'catkin_cmake_args': None, 'catkin_skip_building_tests': False, 'cmake_args': None, 'cmake_clean_cache': False, 'cmake_clean_first': False, 'cmake_force_configure': False, 'cmake_target': None, 'cmake_target_skip_unavailable': False, 'install_base': '/home/r1mini/sungsik_ws/install/hrdp_perception_beta', 'merge_install': False, 'path': '/home/r1mini/sungsik_ws/src/hrdp_perception_beta', 'symlink_install': True, 'test_result_base': None}
[4.242s] Level 5:colcon.colcon_core.verb:set package 'hrdp_sensors_beta' build argument 'cmake_args' from command line to 'None'
[4.243s] Level 5:colcon.colcon_core.verb:set package 'hrdp_sensors_beta' build argument 'cmake_target' from command line to 'None'
[4.244s] Level 5:colcon.colcon_core.verb:set package 'hrdp_sensors_beta' build argument 'cmake_target_skip_unavailable' from command line to 'False'
[4.244s] Level 5:colcon.colcon_core.verb:set package 'hrdp_sensors_beta' build argument 'cmake_clean_cache' from command line to 'False'
[4.244s] Level 5:colcon.colcon_core.verb:set package 'hrdp_sensors_beta' build argument 'cmake_clean_first' from command line to 'False'
[4.244s] Level 5:colcon.colcon_core.verb:set package 'hrdp_sensors_beta' build argument 'cmake_force_configure' from command line to 'False'
[4.245s] Level 5:colcon.colcon_core.verb:set package 'hrdp_sensors_beta' build argument 'ament_cmake_args' from command line to 'None'
[4.245s] Level 5:colcon.colcon_core.verb:set package 'hrdp_sensors_beta' build argument 'catkin_cmake_args' from command line to 'None'
[4.245s] Level 5:colcon.colcon_core.verb:set package 'hrdp_sensors_beta' build argument 'catkin_skip_building_tests' from command line to 'False'
[4.246s] DEBUG:colcon.colcon_core.verb:Building package 'hrdp_sensors_beta' with the following arguments: {'ament_cmake_args': None, 'build_base': '/home/r1mini/sungsik_ws/build/hrdp_sensors_beta', 'catkin_cmake_args': None, 'catkin_skip_building_tests': False, 'cmake_args': None, 'cmake_clean_cache': False, 'cmake_clean_first': False, 'cmake_force_configure': False, 'cmake_target': None, 'cmake_target_skip_unavailable': False, 'install_base': '/home/r1mini/sungsik_ws/install/hrdp_sensors_beta', 'merge_install': False, 'path': '/home/r1mini/sungsik_ws/src/hrdp_sensors_beta', 'symlink_install': True, 'test_result_base': None}
[4.253s] INFO:colcon.colcon_core.executor:Executing jobs using 'parallel' executor
[4.295s] DEBUG:colcon.colcon_parallel_executor.executor.parallel:run_until_complete
[4.298s] INFO:colcon.colcon_ros.task.ament_python.build:Building ROS package in '/home/r1mini/sungsik_ws/src/hrdp_actuators_beta' with build type 'ament_python'
[4.300s] Level 1:colcon.colcon_core.shell:create_environment_hook('hrdp_actuators_beta', 'ament_prefix_path')
[4.380s] INFO:colcon.colcon_core.plugin_system:Skipping extension 'colcon_core.shell.bat': Not used on non-Windows systems
[4.382s] INFO:colcon.colcon_core.shell:Creating environment hook '/home/r1mini/sungsik_ws/install/hrdp_actuators_beta/share/hrdp_actuators_beta/hook/ament_prefix_path.ps1'
[4.390s] INFO:colcon.colcon_core.shell:Creating environment descriptor '/home/r1mini/sungsik_ws/install/hrdp_actuators_beta/share/hrdp_actuators_beta/hook/ament_prefix_path.dsv'
[4.398s] INFO:colcon.colcon_core.shell:Creating environment hook '/home/r1mini/sungsik_ws/install/hrdp_actuators_beta/share/hrdp_actuators_beta/hook/ament_prefix_path.sh'
[4.424s] INFO:colcon.colcon_core.shell:Skip shell extension 'powershell' for command environment: Not usable outside of PowerShell
[4.426s] DEBUG:colcon.colcon_core.shell:Skip shell extension 'dsv' for command environment
[4.576s] INFO:colcon.colcon_ros.task.ament_python.build:Building ROS package in '/home/r1mini/sungsik_ws/src/hrdp_human_interface_beta' with build type 'ament_python'
[4.579s] Level 1:colcon.colcon_core.shell:create_environment_hook('hrdp_human_interface_beta', 'ament_prefix_path')
[4.607s] INFO:colcon.colcon_core.shell:Creating environment hook '/home/r1mini/sungsik_ws/install/hrdp_human_interface_beta/share/hrdp_human_interface_beta/hook/ament_prefix_path.ps1'
[4.623s] INFO:colcon.colcon_core.shell:Creating environment descriptor '/home/r1mini/sungsik_ws/install/hrdp_human_interface_beta/share/hrdp_human_interface_beta/hook/ament_prefix_path.dsv'
[4.631s] INFO:colcon.colcon_core.shell:Creating environment hook '/home/r1mini/sungsik_ws/install/hrdp_human_interface_beta/share/hrdp_human_interface_beta/hook/ament_prefix_path.sh'
[4.667s] INFO:colcon.colcon_core.shell:Skip shell extension 'powershell' for command environment: Not usable outside of PowerShell
[4.669s] DEBUG:colcon.colcon_core.shell:Skip shell extension 'dsv' for command environment
[4.804s] INFO:colcon.colcon_ros.task.ament_python.build:Building ROS package in '/home/r1mini/sungsik_ws/src/hrdp_perception_beta' with build type 'ament_python'
[4.815s] Level 1:colcon.colcon_core.shell:create_environment_hook('hrdp_perception_beta', 'ament_prefix_path')
[4.852s] INFO:colcon.colcon_core.shell:Creating environment hook '/home/r1mini/sungsik_ws/install/hrdp_perception_beta/share/hrdp_perception_beta/hook/ament_prefix_path.ps1'
[4.860s] INFO:colcon.colcon_core.shell:Creating environment descriptor '/home/r1mini/sungsik_ws/install/hrdp_perception_beta/share/hrdp_perception_beta/hook/ament_prefix_path.dsv'
[4.872s] INFO:colcon.colcon_core.shell:Creating environment hook '/home/r1mini/sungsik_ws/install/hrdp_perception_beta/share/hrdp_perception_beta/hook/ament_prefix_path.sh'
[4.906s] INFO:colcon.colcon_core.shell:Skip shell extension 'powershell' for command environment: Not usable outside of PowerShell
[4.907s] DEBUG:colcon.colcon_core.shell:Skip shell extension 'dsv' for command environment
[5.023s] INFO:colcon.colcon_ros.task.ament_python.build:Building ROS package in '/home/r1mini/sungsik_ws/src/hrdp_sensors_beta' with build type 'ament_python'
[5.035s] Level 1:colcon.colcon_core.shell:create_environment_hook('hrdp_sensors_beta', 'ament_prefix_path')
[5.065s] INFO:colcon.colcon_core.shell:Creating environment hook '/home/r1mini/sungsik_ws/install/hrdp_sensors_beta/share/hrdp_sensors_beta/hook/ament_prefix_path.ps1'
[5.075s] INFO:colcon.colcon_core.shell:Creating environment descriptor '/home/r1mini/sungsik_ws/install/hrdp_sensors_beta/share/hrdp_sensors_beta/hook/ament_prefix_path.dsv'
[5.081s] INFO:colcon.colcon_core.shell:Creating environment hook '/home/r1mini/sungsik_ws/install/hrdp_sensors_beta/share/hrdp_sensors_beta/hook/ament_prefix_path.sh'
[5.108s] INFO:colcon.colcon_core.shell:Skip shell extension 'powershell' for command environment: Not usable outside of PowerShell
[5.110s] DEBUG:colcon.colcon_core.shell:Skip shell extension 'dsv' for command environment
[8.766s] INFO:colcon.colcon_core.task.python.build:Building Python package in '/home/r1mini/sungsik_ws/src/hrdp_actuators_beta'
[8.803s] INFO:colcon.colcon_core.shell:Skip shell extension 'powershell' for command environment: Not usable outside of PowerShell
[8.804s] DEBUG:colcon.colcon_core.shell:Skip shell extension 'dsv' for command environment
[12.025s] INFO:colcon.colcon_core.task.python.build:Building Python package in '/home/r1mini/sungsik_ws/src/hrdp_human_interface_beta'
[12.049s] INFO:colcon.colcon_core.shell:Skip shell extension 'powershell' for command environment: Not usable outside of PowerShell
[12.050s] DEBUG:colcon.colcon_core.shell:Skip shell extension 'dsv' for command environment
[15.294s] INFO:colcon.colcon_core.task.python.build:Building Python package in '/home/r1mini/sungsik_ws/src/hrdp_perception_beta'
[15.316s] INFO:colcon.colcon_core.shell:Skip shell extension 'powershell' for command environment: Not usable outside of PowerShell
[15.319s] DEBUG:colcon.colcon_core.shell:Skip shell extension 'dsv' for command environment
[18.796s] INFO:colcon.colcon_core.task.python.build:Building Python package in '/home/r1mini/sungsik_ws/src/hrdp_sensors_beta'
[18.813s] INFO:colcon.colcon_core.shell:Skip shell extension 'powershell' for command environment: Not usable outside of PowerShell
[18.815s] DEBUG:colcon.colcon_core.shell:Skip shell extension 'dsv' for command environment
[28.403s] DEBUG:colcon.colcon_core.event_handler.log_command:Invoking command in '/home/r1mini/sungsik_ws/build/hrdp_sensors_beta': PYTHONPATH=/home/r1mini/sungsik_ws/build/hrdp_sensors_beta/prefix_override:/home/r1mini/sungsik_ws/install/hrdp_sensors_beta/lib/python3.8/site-packages:${PYTHONPATH} /usr/bin/python3 setup.py develop --editable --build-directory /home/r1mini/sungsik_ws/build/hrdp_sensors_beta/build --no-deps install_data
[28.596s] DEBUG:colcon.colcon_core.event_handler.log_command:Invoking command in '/home/r1mini/sungsik_ws/build/hrdp_human_interface_beta': PYTHONPATH=/home/r1mini/sungsik_ws/build/hrdp_human_interface_beta/prefix_override:/home/r1mini/sungsik_ws/install/hrdp_human_interface_beta/lib/python3.8/site-packages:${PYTHONPATH} /usr/bin/python3 setup.py develop --editable --build-directory /home/r1mini/sungsik_ws/build/hrdp_human_interface_beta/build --no-deps install_data
[29.298s] DEBUG:colcon.colcon_core.event_handler.log_command:Invoking command in '/home/r1mini/sungsik_ws/build/hrdp_perception_beta': PYTHONPATH=/home/r1mini/sungsik_ws/build/hrdp_perception_beta/prefix_override:/home/r1mini/sungsik_ws/install/hrdp_perception_beta/lib/python3.8/site-packages:${PYTHONPATH} /usr/bin/python3 setup.py develop --editable --build-directory /home/r1mini/sungsik_ws/build/hrdp_perception_beta/build --no-deps install_data
[29.410s] DEBUG:colcon.colcon_core.event_handler.log_command:Invoking command in '/home/r1mini/sungsik_ws/build/hrdp_actuators_beta': PYTHONPATH=/home/r1mini/sungsik_ws/build/hrdp_actuators_beta/prefix_override:/home/r1mini/sungsik_ws/install/hrdp_actuators_beta/lib/python3.8/site-packages:${PYTHONPATH} /usr/bin/python3 setup.py develop --editable --build-directory /home/r1mini/sungsik_ws/build/hrdp_actuators_beta/build --no-deps install_data
[42.702s] Level 1:colcon.colcon_core.shell:create_environment_hook('hrdp_sensors_beta', 'pythonpath_develop')
[42.714s] DEBUG:colcon.colcon_core.event_handler.log_command:Invoked command in '/home/r1mini/sungsik_ws/build/hrdp_sensors_beta' returned '0': PYTHONPATH=/home/r1mini/sungsik_ws/build/hrdp_sensors_beta/prefix_override:/home/r1mini/sungsik_ws/install/hrdp_sensors_beta/lib/python3.8/site-packages:${PYTHONPATH} /usr/bin/python3 setup.py develop --editable --build-directory /home/r1mini/sungsik_ws/build/hrdp_sensors_beta/build --no-deps install_data
[42.748s] INFO:colcon.colcon_core.shell:Creating environment hook '/home/r1mini/sungsik_ws/build/hrdp_sensors_beta/share/hrdp_sensors_beta/hook/pythonpath_develop.ps1'
[42.760s] INFO:colcon.colcon_core.shell:Creating environment descriptor '/home/r1mini/sungsik_ws/build/hrdp_sensors_beta/share/hrdp_sensors_beta/hook/pythonpath_develop.dsv'
[42.766s] INFO:colcon.colcon_core.shell:Creating environment hook '/home/r1mini/sungsik_ws/build/hrdp_sensors_beta/share/hrdp_sensors_beta/hook/pythonpath_develop.sh'
[42.958s] Level 1:colcon.colcon_core.environment:checking '/home/r1mini/sungsik_ws/install/hrdp_sensors_beta' for CMake module files
[42.968s] Level 1:colcon.colcon_core.environment:checking '/home/r1mini/sungsik_ws/install/hrdp_sensors_beta' for CMake config files
[42.974s] Level 1:colcon.colcon_core.environment:checking '/home/r1mini/sungsik_ws/install/hrdp_sensors_beta/lib'
[42.977s] Level 1:colcon.colcon_core.environment:checking '/home/r1mini/sungsik_ws/install/hrdp_sensors_beta/bin'
[42.979s] Level 1:colcon.colcon_core.environment:checking '/home/r1mini/sungsik_ws/install/hrdp_sensors_beta/lib/pkgconfig/hrdp_sensors_beta.pc'
[42.983s] Level 1:colcon.colcon_core.environment:checking '/home/r1mini/sungsik_ws/install/hrdp_sensors_beta/lib/python3.8/site-packages'
[42.984s] Level 1:colcon.colcon_core.shell:create_environment_hook('hrdp_sensors_beta', 'pythonpath')
[43.013s] INFO:colcon.colcon_core.shell:Creating environment hook '/home/r1mini/sungsik_ws/install/hrdp_sensors_beta/share/hrdp_sensors_beta/hook/pythonpath.ps1'
[43.018s] INFO:colcon.colcon_core.shell:Creating environment descriptor '/home/r1mini/sungsik_ws/install/hrdp_sensors_beta/share/hrdp_sensors_beta/hook/pythonpath.dsv'
[43.023s] INFO:colcon.colcon_core.shell:Creating environment hook '/home/r1mini/sungsik_ws/install/hrdp_sensors_beta/share/hrdp_sensors_beta/hook/pythonpath.sh'
[43.029s] Level 1:colcon.colcon_core.environment:checking '/home/r1mini/sungsik_ws/install/hrdp_sensors_beta/bin'
[43.031s] Level 1:colcon.colcon_core.environment:create_environment_scripts_only(hrdp_sensors_beta)
[43.051s] INFO:colcon.colcon_core.shell:Creating package script '/home/r1mini/sungsik_ws/install/hrdp_sensors_beta/share/hrdp_sensors_beta/package.ps1'
[43.067s] INFO:colcon.colcon_core.shell:Creating package descriptor '/home/r1mini/sungsik_ws/install/hrdp_sensors_beta/share/hrdp_sensors_beta/package.dsv'
[43.080s] INFO:colcon.colcon_core.shell:Creating package script '/home/r1mini/sungsik_ws/install/hrdp_sensors_beta/share/hrdp_sensors_beta/package.sh'
[43.095s] INFO:colcon.colcon_core.shell:Creating package script '/home/r1mini/sungsik_ws/install/hrdp_sensors_beta/share/hrdp_sensors_beta/package.bash'
[43.115s] INFO:colcon.colcon_core.shell:Creating package script '/home/r1mini/sungsik_ws/install/hrdp_sensors_beta/share/hrdp_sensors_beta/package.zsh'
[43.133s] Level 1:colcon.colcon_core.environment:create_file_with_runtime_dependencies(/home/r1mini/sungsik_ws/install/hrdp_sensors_beta/share/colcon-core/packages/hrdp_sensors_beta)
[43.153s] Level 1:colcon.colcon_core.shell:create_environment_hook('hrdp_perception_beta', 'pythonpath_develop')
[43.182s] INFO:colcon.colcon_core.shell:Creating environment hook '/home/r1mini/sungsik_ws/build/hrdp_perception_beta/share/hrdp_perception_beta/hook/pythonpath_develop.ps1'
[43.193s] INFO:colcon.colcon_core.shell:Creating environment descriptor '/home/r1mini/sungsik_ws/build/hrdp_perception_beta/share/hrdp_perception_beta/hook/pythonpath_develop.dsv'
[43.200s] INFO:colcon.colcon_core.shell:Creating environment hook '/home/r1mini/sungsik_ws/build/hrdp_perception_beta/share/hrdp_perception_beta/hook/pythonpath_develop.sh'
[43.227s] DEBUG:colcon.colcon_core.event_handler.log_command:Invoked command in '/home/r1mini/sungsik_ws/build/hrdp_perception_beta' returned '0': PYTHONPATH=/home/r1mini/sungsik_ws/build/hrdp_perception_beta/prefix_override:/home/r1mini/sungsik_ws/install/hrdp_perception_beta/lib/python3.8/site-packages:${PYTHONPATH} /usr/bin/python3 setup.py develop --editable --build-directory /home/r1mini/sungsik_ws/build/hrdp_perception_beta/build --no-deps install_data
[43.262s] Level 1:colcon.colcon_core.environment:checking '/home/r1mini/sungsik_ws/install/hrdp_perception_beta' for CMake module files
[43.270s] Level 1:colcon.colcon_core.environment:checking '/home/r1mini/sungsik_ws/install/hrdp_perception_beta' for CMake config files
[43.279s] Level 1:colcon.colcon_core.environment:checking '/home/r1mini/sungsik_ws/install/hrdp_perception_beta/lib'
[43.281s] Level 1:colcon.colcon_core.environment:checking '/home/r1mini/sungsik_ws/install/hrdp_perception_beta/bin'
[43.283s] Level 1:colcon.colcon_core.environment:checking '/home/r1mini/sungsik_ws/install/hrdp_perception_beta/lib/pkgconfig/hrdp_perception_beta.pc'
[43.288s] Level 1:colcon.colcon_core.environment:checking '/home/r1mini/sungsik_ws/install/hrdp_perception_beta/lib/python3.8/site-packages'
[43.292s] Level 1:colcon.colcon_core.shell:create_environment_hook('hrdp_perception_beta', 'pythonpath')
[43.338s] INFO:colcon.colcon_core.shell:Creating environment hook '/home/r1mini/sungsik_ws/install/hrdp_perception_beta/share/hrdp_perception_beta/hook/pythonpath.ps1'
[43.351s] INFO:colcon.colcon_core.shell:Creating environment descriptor '/home/r1mini/sungsik_ws/install/hrdp_perception_beta/share/hrdp_perception_beta/hook/pythonpath.dsv'
[43.363s] INFO:colcon.colcon_core.shell:Creating environment hook '/home/r1mini/sungsik_ws/install/hrdp_perception_beta/share/hrdp_perception_beta/hook/pythonpath.sh'
[43.372s] Level 1:colcon.colcon_core.environment:checking '/home/r1mini/sungsik_ws/install/hrdp_perception_beta/bin'
[43.373s] Level 1:colcon.colcon_core.environment:create_environment_scripts_only(hrdp_perception_beta)
[43.409s] INFO:colcon.colcon_core.shell:Creating package script '/home/r1mini/sungsik_ws/install/hrdp_perception_beta/share/hrdp_perception_beta/package.ps1'
[43.424s] INFO:colcon.colcon_core.shell:Creating package descriptor '/home/r1mini/sungsik_ws/install/hrdp_perception_beta/share/hrdp_perception_beta/package.dsv'
[43.437s] INFO:colcon.colcon_core.shell:Creating package script '/home/r1mini/sungsik_ws/install/hrdp_perception_beta/share/hrdp_perception_beta/package.sh'
[43.446s] INFO:colcon.colcon_core.shell:Creating package script '/home/r1mini/sungsik_ws/install/hrdp_perception_beta/share/hrdp_perception_beta/package.bash'
[43.456s] INFO:colcon.colcon_core.shell:Creating package script '/home/r1mini/sungsik_ws/install/hrdp_perception_beta/share/hrdp_perception_beta/package.zsh'
[43.467s] Level 1:colcon.colcon_core.environment:create_file_with_runtime_dependencies(/home/r1mini/sungsik_ws/install/hrdp_perception_beta/share/colcon-core/packages/hrdp_perception_beta)
[43.487s] Level 1:colcon.colcon_core.shell:create_environment_hook('hrdp_human_interface_beta', 'pythonpath_develop')
[43.495s] DEBUG:colcon.colcon_core.event_handler.log_command:Invoked command in '/home/r1mini/sungsik_ws/build/hrdp_human_interface_beta' returned '0': PYTHONPATH=/home/r1mini/sungsik_ws/build/hrdp_human_interface_beta/prefix_override:/home/r1mini/sungsik_ws/install/hrdp_human_interface_beta/lib/python3.8/site-packages:${PYTHONPATH} /usr/bin/python3 setup.py develop --editable --build-directory /home/r1mini/sungsik_ws/build/hrdp_human_interface_beta/build --no-deps install_data
[43.540s] INFO:colcon.colcon_core.shell:Creating environment hook '/home/r1mini/sungsik_ws/build/hrdp_human_interface_beta/share/hrdp_human_interface_beta/hook/pythonpath_develop.ps1'
[43.552s] INFO:colcon.colcon_core.shell:Creating environment descriptor '/home/r1mini/sungsik_ws/build/hrdp_human_interface_beta/share/hrdp_human_interface_beta/hook/pythonpath_develop.dsv'
[43.561s] INFO:colcon.colcon_core.shell:Creating environment hook '/home/r1mini/sungsik_ws/build/hrdp_human_interface_beta/share/hrdp_human_interface_beta/hook/pythonpath_develop.sh'
[43.621s] Level 1:colcon.colcon_core.environment:checking '/home/r1mini/sungsik_ws/install/hrdp_human_interface_beta' for CMake module files
[43.647s] Level 1:colcon.colcon_core.environment:checking '/home/r1mini/sungsik_ws/install/hrdp_human_interface_beta' for CMake config files
[43.653s] Level 1:colcon.colcon_core.environment:checking '/home/r1mini/sungsik_ws/install/hrdp_human_interface_beta/lib'
[43.655s] Level 1:colcon.colcon_core.environment:checking '/home/r1mini/sungsik_ws/install/hrdp_human_interface_beta/bin'
[43.658s] Level 1:colcon.colcon_core.environment:checking '/home/r1mini/sungsik_ws/install/hrdp_human_interface_beta/lib/pkgconfig/hrdp_human_interface_beta.pc'
[43.663s] Level 1:colcon.colcon_core.environment:checking '/home/r1mini/sungsik_ws/install/hrdp_human_interface_beta/lib/python3.8/site-packages'
[43.664s] Level 1:colcon.colcon_core.shell:create_environment_hook('hrdp_human_interface_beta', 'pythonpath')
[43.695s] INFO:colcon.colcon_core.shell:Creating environment hook '/home/r1mini/sungsik_ws/install/hrdp_human_interface_beta/share/hrdp_human_interface_beta/hook/pythonpath.ps1'
[43.706s] INFO:colcon.colcon_core.shell:Creating environment descriptor '/home/r1mini/sungsik_ws/install/hrdp_human_interface_beta/share/hrdp_human_interface_beta/hook/pythonpath.dsv'
[43.717s] INFO:colcon.colcon_core.shell:Creating environment hook '/home/r1mini/sungsik_ws/install/hrdp_human_interface_beta/share/hrdp_human_interface_beta/hook/pythonpath.sh'
[43.730s] Level 1:colcon.colcon_core.environment:checking '/home/r1mini/sungsik_ws/install/hrdp_human_interface_beta/bin'
[43.734s] Level 1:colcon.colcon_core.environment:create_environment_scripts_only(hrdp_human_interface_beta)
[43.774s] INFO:colcon.colcon_core.shell:Creating package script '/home/r1mini/sungsik_ws/install/hrdp_human_interface_beta/share/hrdp_human_interface_beta/package.ps1'
[43.791s] INFO:colcon.colcon_core.shell:Creating package descriptor '/home/r1mini/sungsik_ws/install/hrdp_human_interface_beta/share/hrdp_human_interface_beta/package.dsv'
[43.800s] INFO:colcon.colcon_core.shell:Creating package script '/home/r1mini/sungsik_ws/install/hrdp_human_interface_beta/share/hrdp_human_interface_beta/package.sh'
[43.808s] INFO:colcon.colcon_core.shell:Creating package script '/home/r1mini/sungsik_ws/install/hrdp_human_interface_beta/share/hrdp_human_interface_beta/package.bash'
[43.815s] INFO:colcon.colcon_core.shell:Creating package script '/home/r1mini/sungsik_ws/install/hrdp_human_interface_beta/share/hrdp_human_interface_beta/package.zsh'
[43.823s] Level 1:colcon.colcon_core.environment:create_file_with_runtime_dependencies(/home/r1mini/sungsik_ws/install/hrdp_human_interface_beta/share/colcon-core/packages/hrdp_human_interface_beta)
[43.836s] Level 1:colcon.colcon_core.shell:create_environment_hook('hrdp_actuators_beta', 'pythonpath_develop')
[43.860s] INFO:colcon.colcon_core.shell:Creating environment hook '/home/r1mini/sungsik_ws/build/hrdp_actuators_beta/share/hrdp_actuators_beta/hook/pythonpath_develop.ps1'
[43.881s] INFO:colcon.colcon_core.shell:Creating environment descriptor '/home/r1mini/sungsik_ws/build/hrdp_actuators_beta/share/hrdp_actuators_beta/hook/pythonpath_develop.dsv'
[43.888s] DEBUG:colcon.colcon_core.event_handler.log_command:Invoked command in '/home/r1mini/sungsik_ws/build/hrdp_actuators_beta' returned '0': PYTHONPATH=/home/r1mini/sungsik_ws/build/hrdp_actuators_beta/prefix_override:/home/r1mini/sungsik_ws/install/hrdp_actuators_beta/lib/python3.8/site-packages:${PYTHONPATH} /usr/bin/python3 setup.py develop --editable --build-directory /home/r1mini/sungsik_ws/build/hrdp_actuators_beta/build --no-deps install_data
[43.890s] INFO:colcon.colcon_core.shell:Creating environment hook '/home/r1mini/sungsik_ws/build/hrdp_actuators_beta/share/hrdp_actuators_beta/hook/pythonpath_develop.sh'
[43.935s] Level 1:colcon.colcon_core.environment:checking '/home/r1mini/sungsik_ws/install/hrdp_actuators_beta' for CMake module files
[43.940s] Level 1:colcon.colcon_core.environment:checking '/home/r1mini/sungsik_ws/install/hrdp_actuators_beta' for CMake config files
[43.945s] Level 1:colcon.colcon_core.environment:checking '/home/r1mini/sungsik_ws/install/hrdp_actuators_beta/lib'
[43.947s] Level 1:colcon.colcon_core.environment:checking '/home/r1mini/sungsik_ws/install/hrdp_actuators_beta/bin'
[43.948s] Level 1:colcon.colcon_core.environment:checking '/home/r1mini/sungsik_ws/install/hrdp_actuators_beta/lib/pkgconfig/hrdp_actuators_beta.pc'
[43.950s] Level 1:colcon.colcon_core.environment:checking '/home/r1mini/sungsik_ws/install/hrdp_actuators_beta/lib/python3.8/site-packages'
[43.952s] Level 1:colcon.colcon_core.shell:create_environment_hook('hrdp_actuators_beta', 'pythonpath')
[43.979s] INFO:colcon.colcon_core.shell:Creating environment hook '/home/r1mini/sungsik_ws/install/hrdp_actuators_beta/share/hrdp_actuators_beta/hook/pythonpath.ps1'
[43.986s] INFO:colcon.colcon_core.shell:Creating environment descriptor '/home/r1mini/sungsik_ws/install/hrdp_actuators_beta/share/hrdp_actuators_beta/hook/pythonpath.dsv'
[43.991s] INFO:colcon.colcon_core.shell:Creating environment hook '/home/r1mini/sungsik_ws/install/hrdp_actuators_beta/share/hrdp_actuators_beta/hook/pythonpath.sh'
[44.000s] Level 1:colcon.colcon_core.environment:checking '/home/r1mini/sungsik_ws/install/hrdp_actuators_beta/bin'
[44.002s] Level 1:colcon.colcon_core.environment:create_environment_scripts_only(hrdp_actuators_beta)
[44.021s] INFO:colcon.colcon_core.shell:Creating package script '/home/r1mini/sungsik_ws/install/hrdp_actuators_beta/share/hrdp_actuators_beta/package.ps1'
[44.026s] INFO:colcon.colcon_core.shell:Creating package descriptor '/home/r1mini/sungsik_ws/install/hrdp_actuators_beta/share/hrdp_actuators_beta/package.dsv'
[44.036s] INFO:colcon.colcon_core.shell:Creating package script '/home/r1mini/sungsik_ws/install/hrdp_actuators_beta/share/hrdp_actuators_beta/package.sh'
[44.043s] INFO:colcon.colcon_core.shell:Creating package script '/home/r1mini/sungsik_ws/install/hrdp_actuators_beta/share/hrdp_actuators_beta/package.bash'
[44.047s] INFO:colcon.colcon_core.shell:Creating package script '/home/r1mini/sungsik_ws/install/hrdp_actuators_beta/share/hrdp_actuators_beta/package.zsh'
[44.050s] Level 1:colcon.colcon_core.environment:create_file_with_runtime_dependencies(/home/r1mini/sungsik_ws/install/hrdp_actuators_beta/share/colcon-core/packages/hrdp_actuators_beta)
[44.054s] DEBUG:colcon.colcon_parallel_executor.executor.parallel:closing loop
[44.056s] DEBUG:colcon.colcon_parallel_executor.executor.parallel:loop closed
[44.058s] DEBUG:colcon.colcon_parallel_executor.executor.parallel:run_until_complete finished with '0'
[44.060s] DEBUG:colcon.colcon_core.event_reactor:joining thread
[44.241s] INFO:colcon.colcon_core.plugin_system:Skipping extension 'colcon_notification.desktop_notification.terminal_notifier': Not used on non-Darwin systems
[44.243s] INFO:colcon.colcon_core.plugin_system:Skipping extension 'colcon_notification.desktop_notification.win32': Not used on non-Windows systems
[44.244s] INFO:colcon.colcon_notification.desktop_notification:Sending desktop notification using 'notify2'
[44.278s] DEBUG:colcon.colcon_core.event_reactor:joined thread
[44.298s] INFO:colcon.colcon_core.shell:Creating prefix script '/home/r1mini/sungsik_ws/install/local_setup.ps1'
[44.312s] INFO:colcon.colcon_core.shell:Creating prefix util module '/home/r1mini/sungsik_ws/install/_local_setup_util_ps1.py'
[44.345s] INFO:colcon.colcon_core.shell:Creating prefix chain script '/home/r1mini/sungsik_ws/install/setup.ps1'
[44.387s] INFO:colcon.colcon_core.shell:Creating prefix script '/home/r1mini/sungsik_ws/install/local_setup.sh'
[44.397s] INFO:colcon.colcon_core.shell:Creating prefix util module '/home/r1mini/sungsik_ws/install/_local_setup_util_sh.py'
[44.405s] INFO:colcon.colcon_core.shell:Creating prefix chain script '/home/r1mini/sungsik_ws/install/setup.sh'
[44.434s] INFO:colcon.colcon_core.shell:Creating prefix script '/home/r1mini/sungsik_ws/install/local_setup.bash'
[44.443s] INFO:colcon.colcon_core.shell:Creating prefix chain script '/home/r1mini/sungsik_ws/install/setup.bash'
[44.468s] INFO:colcon.colcon_core.shell:Creating prefix script '/home/r1mini/sungsik_ws/install/local_setup.zsh'
[44.475s] INFO:colcon.colcon_core.shell:Creating prefix chain script '/home/r1mini/sungsik_ws/install/setup.zsh'
