[0.524s] Invoking command in '/home/r1mini/sungsik_ws/build/my_cpp_py_pkg': CMAKE_PREFIX_PATH=${CMAKE_PREFIX_PATH}:/home/r1mini/sungsik_ws/install/hrdp_beta_perception:/home/r1mini/ros2_ws/install/omo_r1mini_teleop:/home/r1mini/ros2_ws/install/omo_r1mini_bringup:/opt/ros/foxy /usr/bin/cmake --build /home/r1mini/sungsik_ws/build/my_cpp_py_pkg -- -j4 -l4
[0.972s] -- Found ament_cmake: 0.9.11 (/opt/ros/foxy/share/ament_cmake/cmake)
[1.624s] -- Using PYTHON_EXECUTABLE: /usr/bin/python3
[5.499s] -- Override CMake install command with custom implementation using symlinks instead of copying resources
[5.676s] -- Found rclcpp: 2.4.2 (/opt/ros/foxy/share/rclcpp/cmake)
[6.645s] -- Using all available rosidl_typesupport_c: rosidl_typesupport_fastrtps_c;rosidl_typesupport_introspection_c
[6.750s] -- Found rosidl_adapter: 1.3.0 (/opt/ros/foxy/share/rosidl_adapter/cmake)
[7.997s] -- Found OpenSSL: /usr/lib/aarch64-linux-gnu/libcrypto.so (found version "1.1.1f")  
[8.497s] -- Found FastRTPS: /opt/ros/foxy/include  
[9.998s] -- Using all available rosidl_typesupport_cpp: rosidl_typesupport_fastrtps_cpp;rosidl_typesupport_introspection_cpp
[11.077s] -- Found rmw_implementation_cmake: 1.0.3 (/opt/ros/foxy/share/rmw_implementation_cmake/cmake)
[11.127s] -- Using RMW implementation 'rmw_fastrtps_cpp' as default
[11.155s] -- Looking for pthread.h
[12.960s] -- Looking for pthread.h - found
[12.966s] -- Performing Test CMAKE_HAVE_LIBC_PTHREAD
[13.842s] -- Performing Test CMAKE_HAVE_LIBC_PTHREAD - Failed
[13.844s] -- Looking for pthread_create in pthreads
[14.519s] -- Looking for pthread_create in pthreads - not found
[14.533s] -- Looking for pthread_create in pthread
[15.559s] -- Looking for pthread_create in pthread - found
[15.566s] -- Found Threads: TRUE  
[17.108s] -- Found rclpy: 1.0.11 (/opt/ros/foxy/share/rclpy/cmake)
[17.123s] CMake Error at CMakeLists.txt:35 (ament_python_install_packages):
[17.125s]   Unknown CMake command "ament_python_install_packages".
[17.139s] 
[17.152s] 
[17.155s] -- Configuring incomplete, errors occurred!
[17.157s] See also "/home/r1mini/sungsik_ws/build/my_cpp_py_pkg/CMakeFiles/CMakeOutput.log".
[17.159s] See also "/home/r1mini/sungsik_ws/build/my_cpp_py_pkg/CMakeFiles/CMakeError.log".
[17.309s] make: *** [Makefile:222: cmake_check_build_system] Error 1
[17.328s] Invoked command in '/home/r1mini/sungsik_ws/build/my_cpp_py_pkg' returned '2': CMAKE_PREFIX_PATH=${CMAKE_PREFIX_PATH}:/home/r1mini/sungsik_ws/install/hrdp_beta_perception:/home/r1mini/ros2_ws/install/omo_r1mini_teleop:/home/r1mini/ros2_ws/install/omo_r1mini_bringup:/opt/ros/foxy /usr/bin/cmake --build /home/r1mini/sungsik_ws/build/my_cpp_py_pkg -- -j4 -l4
