[0.380s] Invoking command in '/home/r1mini/sungsik_ws/build/my_cpp_py_pkg': CMAKE_PREFIX_PATH=${CMAKE_PREFIX_PATH}:/home/r1mini/sungsik_ws/install/hrdp_beta_perception:/home/r1mini/ros2_ws/install/omo_r1mini_teleop:/home/r1mini/ros2_ws/install/omo_r1mini_bringup:/opt/ros/foxy /usr/bin/cmake --build /home/r1mini/sungsik_ws/build/my_cpp_py_pkg -- -j4 -l4
[0.788s] -- Found ament_cmake: 0.9.11 (/opt/ros/foxy/share/ament_cmake/cmake)
[1.172s] -- Using PYTHON_EXECUTABLE: /usr/bin/python3
[3.885s] -- Override CMake install command with custom implementation using symlinks instead of copying resources
[4.052s] -- Found rclcpp: 2.4.2 (/opt/ros/foxy/share/rclcpp/cmake)
[4.650s] -- Using all available rosidl_typesupport_c: rosidl_typesupport_fastrtps_c;rosidl_typesupport_introspection_c
[4.687s] -- Found rosidl_adapter: 1.3.0 (/opt/ros/foxy/share/rosidl_adapter/cmake)
[6.136s] -- Using all available rosidl_typesupport_cpp: rosidl_typesupport_fastrtps_cpp;rosidl_typesupport_introspection_cpp
[6.697s] -- Found rmw_implementation_cmake: 1.0.3 (/opt/ros/foxy/share/rmw_implementation_cmake/cmake)
[6.727s] -- Using RMW implementation 'rmw_fastrtps_cpp' as default
[7.951s] -- Found rclpy: 1.0.11 (/opt/ros/foxy/share/rclpy/cmake)
[7.974s] -- Found ament_lint_auto: 0.9.7 (/opt/ros/foxy/share/ament_lint_auto/cmake)
[8.989s] -- Added test 'copyright' to check source files copyright and LICENSE
[8.999s] -- Added test 'cppcheck' to perform static code analysis on C / C++ code
[9.000s] -- Configured cppcheck include dirs: 
[9.001s] -- Configured cppcheck exclude dirs and/or files: 
[9.010s] -- Added test 'cpplint' to check C / C++ code against the Google style
[9.012s] -- Configured cpplint exclude dirs and/or files: 
[9.016s] -- Added test 'flake8' to check Python code syntax and style conventions
[9.021s] -- Added test 'lint_cmake' to check CMake code style
[9.026s] -- Added test 'pep257' to check Python code against some of the style conventions in PEP 257
[9.041s] -- Added test 'uncrustify' to check C / C++ code style
[9.048s] -- Configured uncrustify additional arguments: 
[9.051s] -- Added test 'xmllint' to check XML markup files
[9.095s] -- Configuring done
[9.127s] -- Generating done
[9.141s] -- Build files have been written to: /home/r1mini/sungsik_ws/build/my_cpp_py_pkg
[9.465s] Invoked command in '/home/r1mini/sungsik_ws/build/my_cpp_py_pkg' returned '0': CMAKE_PREFIX_PATH=${CMAKE_PREFIX_PATH}:/home/r1mini/sungsik_ws/install/hrdp_beta_perception:/home/r1mini/ros2_ws/install/omo_r1mini_teleop:/home/r1mini/ros2_ws/install/omo_r1mini_bringup:/opt/ros/foxy /usr/bin/cmake --build /home/r1mini/sungsik_ws/build/my_cpp_py_pkg -- -j4 -l4
[9.924s] Invoking command in '/home/r1mini/sungsik_ws/build/my_cpp_py_pkg': CMAKE_PREFIX_PATH=${CMAKE_PREFIX_PATH}:/home/r1mini/sungsik_ws/install/hrdp_beta_perception:/home/r1mini/ros2_ws/install/omo_r1mini_teleop:/home/r1mini/ros2_ws/install/omo_r1mini_bringup:/opt/ros/foxy /usr/bin/cmake --install /home/r1mini/sungsik_ws/build/my_cpp_py_pkg
[10.029s] -- Install configuration: ""
[10.033s] -- Execute custom install script
[10.034s] -- Symlinking: /home/r1mini/sungsik_ws/install/my_cpp_py_pkg/share/my_cpp_py_pkg/environment/pythonpath.sh
[10.142s] -- Symlinking: /home/r1mini/sungsik_ws/install/my_cpp_py_pkg/share/my_cpp_py_pkg/environment/pythonpath.dsv
[10.245s] -- Symlinking: /home/r1mini/sungsik_ws/install/my_cpp_py_pkg/lib/python3.8/site-packages/my_cpp_py_pkg/__init__.py
[10.346s] -- Symlinking: /home/r1mini/sungsik_ws/install/my_cpp_py_pkg/lib/python3.8/site-packages/my_cpp_py_pkg/module_to_import.py
[10.443s] -- Symlinking: /home/r1mini/sungsik_ws/install/my_cpp_py_pkg/lib//py_node.py
[10.540s] -- Up-to-date symlink: /home/r1mini/sungsik_ws/install/my_cpp_py_pkg/share/ament_index/resource_index/package_run_dependencies/my_cpp_py_pkg
[10.541s] -- Up-to-date symlink: /home/r1mini/sungsik_ws/install/my_cpp_py_pkg/share/ament_index/resource_index/parent_prefix_path/my_cpp_py_pkg
[10.542s] -- Up-to-date symlink: /home/r1mini/sungsik_ws/install/my_cpp_py_pkg/share/my_cpp_py_pkg/environment/ament_prefix_path.sh
[10.543s] -- Up-to-date symlink: /home/r1mini/sungsik_ws/install/my_cpp_py_pkg/share/my_cpp_py_pkg/environment/ament_prefix_path.dsv
[10.545s] -- Up-to-date symlink: /home/r1mini/sungsik_ws/install/my_cpp_py_pkg/share/my_cpp_py_pkg/environment/path.sh
[10.547s] -- Up-to-date symlink: /home/r1mini/sungsik_ws/install/my_cpp_py_pkg/share/my_cpp_py_pkg/environment/path.dsv
[10.549s] -- Up-to-date symlink: /home/r1mini/sungsik_ws/install/my_cpp_py_pkg/share/my_cpp_py_pkg/local_setup.bash
[10.550s] -- Up-to-date symlink: /home/r1mini/sungsik_ws/install/my_cpp_py_pkg/share/my_cpp_py_pkg/local_setup.sh
[10.551s] -- Up-to-date symlink: /home/r1mini/sungsik_ws/install/my_cpp_py_pkg/share/my_cpp_py_pkg/local_setup.zsh
[10.554s] -- Up-to-date symlink: /home/r1mini/sungsik_ws/install/my_cpp_py_pkg/share/my_cpp_py_pkg/local_setup.dsv
[10.555s] -- Symlinking: /home/r1mini/sungsik_ws/install/my_cpp_py_pkg/share/my_cpp_py_pkg/package.dsv
[10.639s] -- Up-to-date symlink: /home/r1mini/sungsik_ws/install/my_cpp_py_pkg/share/ament_index/resource_index/packages/my_cpp_py_pkg
[10.641s] -- Up-to-date symlink: /home/r1mini/sungsik_ws/install/my_cpp_py_pkg/share/my_cpp_py_pkg/cmake/my_cpp_py_pkgConfig.cmake
[10.642s] -- Up-to-date symlink: /home/r1mini/sungsik_ws/install/my_cpp_py_pkg/share/my_cpp_py_pkg/cmake/my_cpp_py_pkgConfig-version.cmake
[10.643s] -- Up-to-date symlink: /home/r1mini/sungsik_ws/install/my_cpp_py_pkg/share/my_cpp_py_pkg/package.xml
[10.974s] Listing '/home/r1mini/sungsik_ws/install/my_cpp_py_pkg/lib/python3.8/site-packages/my_cpp_py_pkg'...
[10.976s] Compiling '/home/r1mini/sungsik_ws/install/my_cpp_py_pkg/lib/python3.8/site-packages/my_cpp_py_pkg/__init__.py'...
[10.977s] Compiling '/home/r1mini/sungsik_ws/install/my_cpp_py_pkg/lib/python3.8/site-packages/my_cpp_py_pkg/module_to_import.py'...
[11.097s] Invoked command in '/home/r1mini/sungsik_ws/build/my_cpp_py_pkg' returned '0': CMAKE_PREFIX_PATH=${CMAKE_PREFIX_PATH}:/home/r1mini/sungsik_ws/install/hrdp_beta_perception:/home/r1mini/ros2_ws/install/omo_r1mini_teleop:/home/r1mini/ros2_ws/install/omo_r1mini_bringup:/opt/ros/foxy /usr/bin/cmake --install /home/r1mini/sungsik_ws/build/my_cpp_py_pkg
