[1.425s] Invoking command in '/home/r1mini/sungsik_ws/build/hrdp_beta': CMAKE_PREFIX_PATH=${CMAKE_PREFIX_PATH}:/home/r1mini/ros2_ws/install/omo_r1mini_teleop:/home/r1mini/ros2_ws/install/omo_r1mini_bringup:/opt/ros/foxy /usr/bin/cmake --build /home/r1mini/sungsik_ws/build/hrdp_beta -- -j4 -l4
[3.577s] Invoked command in '/home/r1mini/sungsik_ws/build/hrdp_beta' returned '0': CMAKE_PREFIX_PATH=${CMAKE_PREFIX_PATH}:/home/r1mini/ros2_ws/install/omo_r1mini_teleop:/home/r1mini/ros2_ws/install/omo_r1mini_bringup:/opt/ros/foxy /usr/bin/cmake --build /home/r1mini/sungsik_ws/build/hrdp_beta -- -j4 -l4
[5.292s] Invoking command in '/home/r1mini/sungsik_ws/build/hrdp_beta': CMAKE_PREFIX_PATH=${CMAKE_PREFIX_PATH}:/home/r1mini/ros2_ws/install/omo_r1mini_teleop:/home/r1mini/ros2_ws/install/omo_r1mini_bringup:/opt/ros/foxy /usr/bin/cmake --install /home/r1mini/sungsik_ws/build/hrdp_beta
[5.729s] -- Install configuration: ""
[5.732s] -- Up-to-date: /home/r1mini/sungsik_ws/install/hrdp_beta/share/ament_index/resource_index/package_run_dependencies/hrdp_beta
[5.782s] -- Up-to-date: /home/r1mini/sungsik_ws/install/hrdp_beta/share/ament_index/resource_index/parent_prefix_path/hrdp_beta
[5.823s] -- Up-to-date: /home/r1mini/sungsik_ws/install/hrdp_beta/share/hrdp_beta/environment/ament_prefix_path.sh
[5.827s] -- Up-to-date: /home/r1mini/sungsik_ws/install/hrdp_beta/share/hrdp_beta/environment/ament_prefix_path.dsv
[5.846s] -- Up-to-date: /home/r1mini/sungsik_ws/install/hrdp_beta/share/hrdp_beta/environment/path.sh
[5.849s] -- Up-to-date: /home/r1mini/sungsik_ws/install/hrdp_beta/share/hrdp_beta/environment/path.dsv
[5.850s] -- Up-to-date: /home/r1mini/sungsik_ws/install/hrdp_beta/share/hrdp_beta/local_setup.bash
[5.874s] -- Up-to-date: /home/r1mini/sungsik_ws/install/hrdp_beta/share/hrdp_beta/local_setup.sh
[5.878s] -- Up-to-date: /home/r1mini/sungsik_ws/install/hrdp_beta/share/hrdp_beta/local_setup.zsh
[5.942s] -- Up-to-date: /home/r1mini/sungsik_ws/install/hrdp_beta/share/hrdp_beta/local_setup.dsv
[5.947s] -- Installing: /home/r1mini/sungsik_ws/install/hrdp_beta/share/hrdp_beta/package.dsv
[5.952s] -- Up-to-date: /home/r1mini/sungsik_ws/install/hrdp_beta/share/ament_index/resource_index/packages/hrdp_beta
[5.986s] -- Up-to-date: /home/r1mini/sungsik_ws/install/hrdp_beta/share/hrdp_beta/cmake/hrdp_betaConfig.cmake
[5.989s] -- Up-to-date: /home/r1mini/sungsik_ws/install/hrdp_beta/share/hrdp_beta/cmake/hrdp_betaConfig-version.cmake
[6.007s] -- Up-to-date: /home/r1mini/sungsik_ws/install/hrdp_beta/share/hrdp_beta/package.xml
[6.926s] Invoked command in '/home/r1mini/sungsik_ws/build/hrdp_beta' returned '0': CMAKE_PREFIX_PATH=${CMAKE_PREFIX_PATH}:/home/r1mini/ros2_ws/install/omo_r1mini_teleop:/home/r1mini/ros2_ws/install/omo_r1mini_bringup:/opt/ros/foxy /usr/bin/cmake --install /home/r1mini/sungsik_ws/build/hrdp_beta
