[1.200s] Invoking command in '/home/r1mini/sungsik_ws/build/hrdp_human_interfaces': CMAKE_PREFIX_PATH=${CMAKE_PREFIX_PATH}:/home/r1mini/ros2_ws/install/omo_r1mini_teleop:/home/r1mini/ros2_ws/install/omo_r1mini_bringup:/opt/ros/foxy /usr/bin/cmake --build /home/r1mini/sungsik_ws/build/hrdp_human_interfaces -- -j4 -l4
[2.207s] -- Found ament_cmake: 0.9.11 (/opt/ros/foxy/share/ament_cmake/cmake)
[3.554s] -- Using PYTHON_EXECUTABLE: /usr/bin/python3
[14.561s] -- Found rclpy: 1.0.11 (/opt/ros/foxy/share/rclpy/cmake)
[14.573s] -- Found ament_lint_auto: 0.9.7 (/opt/ros/foxy/share/ament_lint_auto/cmake)
[17.500s] -- Added test 'copyright' to check source files copyright and LICENSE
[17.579s] -- Added test 'flake8' to check Python code syntax and style conventions
[17.593s] -- Added test 'lint_cmake' to check CMake code style
[17.604s] -- Added test 'pep257' to check Python code against some of the style conventions in PEP 257
[17.653s] -- Added test 'xmllint' to check XML markup files
[17.751s] -- Configuring done
[17.965s] -- Generating done
[18.051s] -- Build files have been written to: /home/r1mini/sungsik_ws/build/hrdp_human_interfaces
[18.806s] Invoked command in '/home/r1mini/sungsik_ws/build/hrdp_human_interfaces' returned '0': CMAKE_PREFIX_PATH=${CMAKE_PREFIX_PATH}:/home/r1mini/ros2_ws/install/omo_r1mini_teleop:/home/r1mini/ros2_ws/install/omo_r1mini_bringup:/opt/ros/foxy /usr/bin/cmake --build /home/r1mini/sungsik_ws/build/hrdp_human_interfaces -- -j4 -l4
[19.851s] Invoking command in '/home/r1mini/sungsik_ws/build/hrdp_human_interfaces': CMAKE_PREFIX_PATH=${CMAKE_PREFIX_PATH}:/home/r1mini/ros2_ws/install/omo_r1mini_teleop:/home/r1mini/ros2_ws/install/omo_r1mini_bringup:/opt/ros/foxy /usr/bin/cmake --install /home/r1mini/sungsik_ws/build/hrdp_human_interfaces
[20.394s] -- Install configuration: ""
[20.412s] -- Up-to-date: /home/r1mini/sungsik_ws/install/hrdp_human_interfaces/share/ament_index/resource_index/package_run_dependencies/hrdp_human_interfaces
[20.425s] -- Up-to-date: /home/r1mini/sungsik_ws/install/hrdp_human_interfaces/share/ament_index/resource_index/parent_prefix_path/hrdp_human_interfaces
[20.428s] -- Up-to-date: /home/r1mini/sungsik_ws/install/hrdp_human_interfaces/share/hrdp_human_interfaces/environment/ament_prefix_path.sh
[20.442s] -- Installing: /home/r1mini/sungsik_ws/install/hrdp_human_interfaces/share/hrdp_human_interfaces/environment/ament_prefix_path.dsv
[20.444s] -- Up-to-date: /home/r1mini/sungsik_ws/install/hrdp_human_interfaces/share/hrdp_human_interfaces/environment/path.sh
[20.447s] -- Installing: /home/r1mini/sungsik_ws/install/hrdp_human_interfaces/share/hrdp_human_interfaces/environment/path.dsv
[20.455s] -- Up-to-date: /home/r1mini/sungsik_ws/install/hrdp_human_interfaces/share/hrdp_human_interfaces/local_setup.bash
[20.460s] -- Up-to-date: /home/r1mini/sungsik_ws/install/hrdp_human_interfaces/share/hrdp_human_interfaces/local_setup.sh
[20.487s] -- Up-to-date: /home/r1mini/sungsik_ws/install/hrdp_human_interfaces/share/hrdp_human_interfaces/local_setup.zsh
[20.507s] -- Installing: /home/r1mini/sungsik_ws/install/hrdp_human_interfaces/share/hrdp_human_interfaces/local_setup.dsv
[20.528s] -- Installing: /home/r1mini/sungsik_ws/install/hrdp_human_interfaces/share/hrdp_human_interfaces/package.dsv
[20.530s] -- Up-to-date: /home/r1mini/sungsik_ws/install/hrdp_human_interfaces/share/ament_index/resource_index/packages/hrdp_human_interfaces
[20.532s] -- Up-to-date: /home/r1mini/sungsik_ws/install/hrdp_human_interfaces/share/hrdp_human_interfaces/cmake/hrdp_human_interfacesConfig.cmake
[20.543s] -- Up-to-date: /home/r1mini/sungsik_ws/install/hrdp_human_interfaces/share/hrdp_human_interfaces/cmake/hrdp_human_interfacesConfig-version.cmake
[20.548s] -- Up-to-date: /home/r1mini/sungsik_ws/install/hrdp_human_interfaces/share/hrdp_human_interfaces/package.xml
[20.564s] Invoked command in '/home/r1mini/sungsik_ws/build/hrdp_human_interfaces' returned '0': CMAKE_PREFIX_PATH=${CMAKE_PREFIX_PATH}:/home/r1mini/ros2_ws/install/omo_r1mini_teleop:/home/r1mini/ros2_ws/install/omo_r1mini_bringup:/opt/ros/foxy /usr/bin/cmake --install /home/r1mini/sungsik_ws/build/hrdp_human_interfaces
