[11.288s] Invoking command in '/home/r1mini/sungsik_ws/build/py_pubsub': PYTHONPATH=/home/r1mini/sungsik_ws/build/py_pubsub/prefix_override:/home/r1mini/sungsik_ws/install/py_pubsub/lib/python3.8/site-packages:${PYTHONPATH} /usr/bin/python3 setup.py develop --editable --build-directory /home/r1mini/sungsik_ws/build/py_pubsub/build --no-deps install_data
[15.333s] running develop
[16.753s] running egg_info
[16.754s] creating py_pubsub.egg-info
[16.755s] writing py_pubsub.egg-info/PKG-INFO
[16.756s] writing dependency_links to py_pubsub.egg-info/dependency_links.txt
[16.756s] writing entry points to py_pubsub.egg-info/entry_points.txt
[16.757s] writing requirements to py_pubsub.egg-info/requires.txt
[16.758s] writing top-level names to py_pubsub.egg-info/top_level.txt
[16.778s] writing manifest file 'py_pubsub.egg-info/SOURCES.txt'
[16.794s] reading manifest file 'py_pubsub.egg-info/SOURCES.txt'
[16.799s] writing manifest file 'py_pubsub.egg-info/SOURCES.txt'
[17.104s] running build_ext
[17.107s] Creating /home/r1mini/sungsik_ws/install/py_pubsub/lib/python3.8/site-packages/py-pubsub.egg-link (link to .)
[17.121s] Installing listener script to /home/r1mini/sungsik_ws/install/py_pubsub/lib/py_pubsub
[17.123s] Installing talker script to /home/r1mini/sungsik_ws/install/py_pubsub/lib/py_pubsub
[17.138s] 
[17.142s] Installed /home/r1mini/sungsik_ws/build/py_pubsub
[17.144s] running install_data
[17.146s] creating /home/r1mini/sungsik_ws/install/py_pubsub/share/ament_index
[17.147s] creating /home/r1mini/sungsik_ws/install/py_pubsub/share/ament_index/resource_index
[17.149s] creating /home/r1mini/sungsik_ws/install/py_pubsub/share/ament_index/resource_index/packages
[17.150s] copying resource/py_pubsub -> /home/r1mini/sungsik_ws/install/py_pubsub/share/ament_index/resource_index/packages
[17.151s] copying package.xml -> /home/r1mini/sungsik_ws/install/py_pubsub/share/py_pubsub
[17.702s] Invoked command in '/home/r1mini/sungsik_ws/build/py_pubsub' returned '0': PYTHONPATH=/home/r1mini/sungsik_ws/build/py_pubsub/prefix_override:/home/r1mini/sungsik_ws/install/py_pubsub/lib/python3.8/site-packages:${PYTHONPATH} /usr/bin/python3 setup.py develop --editable --build-directory /home/r1mini/sungsik_ws/build/py_pubsub/build --no-deps install_data
