[0.263s] Invoking command in '/home/r1mini/sungsik_ws/build/hrdp_beta_actions': CMAKE_PREFIX_PATH=${CMAKE_PREFIX_PATH}:/home/r1mini/sungsik_ws/install/py_pubsub:/home/r1mini/sungsik_ws/install/hrdp_sensors_beta:/home/r1mini/sungsik_ws/install/hrdp_perception_beta:/home/r1mini/sungsik_ws/install/hrdp_beta_perception:/home/r1mini/ros2_ws/install/omo_r1mini_teleop:/home/r1mini/ros2_ws/install/omo_r1mini_bringup:/opt/ros/foxy /usr/bin/cmake --build /home/r1mini/sungsik_ws/build/hrdp_beta_actions -- -j4 -l4
[0.865s] [ 10%] Built target hrdp_beta_actions__rosidl_generator_c
[0.883s] [ 12%] Built target hrdp_beta_actions__cpp
[1.293s] [ 23%] Built target hrdp_beta_actions__rosidl_typesupport_introspection_cpp
[1.341s] [ 33%] Built target hrdp_beta_actions__rosidl_typesupport_introspection_c
[1.407s] [ 43%] Built target hrdp_beta_actions__rosidl_typesupport_c
[1.543s] [ 53%] Built target hrdp_beta_actions__rosidl_typesupport_fastrtps_cpp
[1.652s] [ 64%] Built target hrdp_beta_actions__rosidl_typesupport_cpp
[1.841s] [ 74%] Built target hrdp_beta_actions__rosidl_typesupport_fastrtps_c
[2.037s] [ 74%] Built target hrdp_beta_actions
[2.308s] [ 76%] Built target hrdp_beta_actions__py
[2.615s] [ 84%] Built target hrdp_beta_actions__python
[2.885s] [ 89%] Built target hrdp_beta_actions__rosidl_typesupport_introspection_c__pyext
[3.139s] [ 94%] Built target hrdp_beta_actions__rosidl_typesupport_c__pyext
[3.416s] [100%] Built target hrdp_beta_actions__rosidl_typesupport_fastrtps_c__pyext
[3.528s] Invoked command in '/home/r1mini/sungsik_ws/build/hrdp_beta_actions' returned '0': CMAKE_PREFIX_PATH=${CMAKE_PREFIX_PATH}:/home/r1mini/sungsik_ws/install/py_pubsub:/home/r1mini/sungsik_ws/install/hrdp_sensors_beta:/home/r1mini/sungsik_ws/install/hrdp_perception_beta:/home/r1mini/sungsik_ws/install/hrdp_beta_perception:/home/r1mini/ros2_ws/install/omo_r1mini_teleop:/home/r1mini/ros2_ws/install/omo_r1mini_bringup:/opt/ros/foxy /usr/bin/cmake --build /home/r1mini/sungsik_ws/build/hrdp_beta_actions -- -j4 -l4
[4.313s] Invoking command in '/home/r1mini/sungsik_ws/build/hrdp_beta_actions': CMAKE_PREFIX_PATH=${CMAKE_PREFIX_PATH}:/home/r1mini/sungsik_ws/install/py_pubsub:/home/r1mini/sungsik_ws/install/hrdp_sensors_beta:/home/r1mini/sungsik_ws/install/hrdp_perception_beta:/home/r1mini/sungsik_ws/install/hrdp_beta_perception:/home/r1mini/ros2_ws/install/omo_r1mini_teleop:/home/r1mini/ros2_ws/install/omo_r1mini_bringup:/opt/ros/foxy /usr/bin/cmake --install /home/r1mini/sungsik_ws/build/hrdp_beta_actions
[4.403s] -- Install configuration: ""
[4.407s] -- Execute custom install script
[4.410s] -- Up-to-date symlink: /home/r1mini/sungsik_ws/install/hrdp_beta_actions/share/ament_index/resource_index/rosidl_interfaces/hrdp_beta_actions
[4.419s] -- Up-to-date symlink: /home/r1mini/sungsik_ws/install/hrdp_beta_actions/include/hrdp_beta_actions/action/camera_rgb.h
[4.428s] -- Up-to-date symlink: /home/r1mini/sungsik_ws/install/hrdp_beta_actions/include/hrdp_beta_actions/action/detail/camera_rgb__functions.h
[4.433s] -- Up-to-date symlink: /home/r1mini/sungsik_ws/install/hrdp_beta_actions/include/hrdp_beta_actions/action/detail/camera_rgb__struct.h
[4.437s] -- Up-to-date symlink: /home/r1mini/sungsik_ws/install/hrdp_beta_actions/include/hrdp_beta_actions/action/detail/camera_rgb__type_support.h
[4.440s] -- Up-to-date symlink: /home/r1mini/sungsik_ws/install/hrdp_beta_actions/include/hrdp_beta_actions/action/detail/face_detection__functions.h
[4.445s] -- Up-to-date symlink: /home/r1mini/sungsik_ws/install/hrdp_beta_actions/include/hrdp_beta_actions/action/detail/face_detection__struct.h
[4.458s] -- Up-to-date symlink: /home/r1mini/sungsik_ws/install/hrdp_beta_actions/include/hrdp_beta_actions/action/detail/face_detection__type_support.h
[4.468s] -- Up-to-date symlink: /home/r1mini/sungsik_ws/install/hrdp_beta_actions/include/hrdp_beta_actions/action/detail/rgb_frame__functions.h
[4.476s] -- Up-to-date symlink: /home/r1mini/sungsik_ws/install/hrdp_beta_actions/include/hrdp_beta_actions/action/detail/rgb_frame__struct.h
[4.480s] -- Up-to-date symlink: /home/r1mini/sungsik_ws/install/hrdp_beta_actions/include/hrdp_beta_actions/action/detail/rgb_frame__type_support.h
[4.486s] -- Up-to-date symlink: /home/r1mini/sungsik_ws/install/hrdp_beta_actions/include/hrdp_beta_actions/action/face_detection.h
[4.493s] -- Up-to-date symlink: /home/r1mini/sungsik_ws/install/hrdp_beta_actions/include/hrdp_beta_actions/action/rgb_frame.h
[4.500s] -- Up-to-date symlink: /home/r1mini/sungsik_ws/install/hrdp_beta_actions/include/hrdp_beta_actions/msg/rosidl_generator_c__visibility_control.h
[4.507s] -- Up-to-date symlink: /home/r1mini/sungsik_ws/install/hrdp_beta_actions/share/hrdp_beta_actions/environment/library_path.sh
[4.509s] -- Up-to-date symlink: /home/r1mini/sungsik_ws/install/hrdp_beta_actions/share/hrdp_beta_actions/environment/library_path.dsv
[4.524s] -- Up-to-date symlink: /home/r1mini/sungsik_ws/install/hrdp_beta_actions/include/hrdp_beta_actions/action/detail/camera_rgb__rosidl_typesupport_fastrtps_c.h
[4.529s] -- Up-to-date symlink: /home/r1mini/sungsik_ws/install/hrdp_beta_actions/include/hrdp_beta_actions/action/detail/face_detection__rosidl_typesupport_fastrtps_c.h
[4.539s] -- Up-to-date symlink: /home/r1mini/sungsik_ws/install/hrdp_beta_actions/include/hrdp_beta_actions/action/detail/rgb_frame__rosidl_typesupport_fastrtps_c.h
[4.548s] -- Up-to-date symlink: /home/r1mini/sungsik_ws/install/hrdp_beta_actions/include/hrdp_beta_actions/msg/rosidl_typesupport_fastrtps_c__visibility_control.h
[4.558s] -- Up-to-date symlink: /home/r1mini/sungsik_ws/install/hrdp_beta_actions/lib/libhrdp_beta_actions__rosidl_typesupport_fastrtps_c.so
[4.562s] -- Up-to-date symlink: /home/r1mini/sungsik_ws/install/hrdp_beta_actions/include/hrdp_beta_actions/action/detail/camera_rgb__rosidl_typesupport_fastrtps_cpp.hpp
[4.564s] -- Up-to-date symlink: /home/r1mini/sungsik_ws/install/hrdp_beta_actions/include/hrdp_beta_actions/action/detail/face_detection__rosidl_typesupport_fastrtps_cpp.hpp
[4.565s] -- Up-to-date symlink: /home/r1mini/sungsik_ws/install/hrdp_beta_actions/include/hrdp_beta_actions/action/detail/rgb_frame__rosidl_typesupport_fastrtps_cpp.hpp
[4.568s] -- Up-to-date symlink: /home/r1mini/sungsik_ws/install/hrdp_beta_actions/include/hrdp_beta_actions/msg/rosidl_typesupport_fastrtps_cpp__visibility_control.h
[4.574s] -- Up-to-date symlink: /home/r1mini/sungsik_ws/install/hrdp_beta_actions/lib/libhrdp_beta_actions__rosidl_typesupport_fastrtps_cpp.so
[4.578s] -- Up-to-date symlink: /home/r1mini/sungsik_ws/install/hrdp_beta_actions/include/hrdp_beta_actions/action/detail/camera_rgb__rosidl_typesupport_introspection_c.h
[4.582s] -- Up-to-date symlink: /home/r1mini/sungsik_ws/install/hrdp_beta_actions/include/hrdp_beta_actions/action/detail/face_detection__rosidl_typesupport_introspection_c.h
[4.590s] -- Up-to-date symlink: /home/r1mini/sungsik_ws/install/hrdp_beta_actions/include/hrdp_beta_actions/action/detail/rgb_frame__rosidl_typesupport_introspection_c.h
[4.594s] -- Up-to-date symlink: /home/r1mini/sungsik_ws/install/hrdp_beta_actions/include/hrdp_beta_actions/msg/rosidl_typesupport_introspection_c__visibility_control.h
[4.598s] -- Up-to-date symlink: /home/r1mini/sungsik_ws/install/hrdp_beta_actions/include/hrdp_beta_actions/action/camera_rgb.hpp
[4.602s] -- Up-to-date symlink: /home/r1mini/sungsik_ws/install/hrdp_beta_actions/include/hrdp_beta_actions/action/detail/camera_rgb__builder.hpp
[4.606s] -- Up-to-date symlink: /home/r1mini/sungsik_ws/install/hrdp_beta_actions/include/hrdp_beta_actions/action/detail/camera_rgb__struct.hpp
[4.610s] -- Up-to-date symlink: /home/r1mini/sungsik_ws/install/hrdp_beta_actions/include/hrdp_beta_actions/action/detail/camera_rgb__traits.hpp
[4.614s] -- Up-to-date symlink: /home/r1mini/sungsik_ws/install/hrdp_beta_actions/include/hrdp_beta_actions/action/detail/face_detection__builder.hpp
[4.618s] -- Up-to-date symlink: /home/r1mini/sungsik_ws/install/hrdp_beta_actions/include/hrdp_beta_actions/action/detail/face_detection__struct.hpp
[4.623s] -- Up-to-date symlink: /home/r1mini/sungsik_ws/install/hrdp_beta_actions/include/hrdp_beta_actions/action/detail/face_detection__traits.hpp
[4.652s] -- Up-to-date symlink: /home/r1mini/sungsik_ws/install/hrdp_beta_actions/include/hrdp_beta_actions/action/detail/rgb_frame__builder.hpp
[4.660s] -- Up-to-date symlink: /home/r1mini/sungsik_ws/install/hrdp_beta_actions/include/hrdp_beta_actions/action/detail/rgb_frame__struct.hpp
[4.672s] -- Up-to-date symlink: /home/r1mini/sungsik_ws/install/hrdp_beta_actions/include/hrdp_beta_actions/action/detail/rgb_frame__traits.hpp
[4.689s] -- Up-to-date symlink: /home/r1mini/sungsik_ws/install/hrdp_beta_actions/include/hrdp_beta_actions/action/face_detection.hpp
[4.707s] -- Up-to-date symlink: /home/r1mini/sungsik_ws/install/hrdp_beta_actions/include/hrdp_beta_actions/action/rgb_frame.hpp
[4.709s] -- Up-to-date symlink: /home/r1mini/sungsik_ws/install/hrdp_beta_actions/include/hrdp_beta_actions/action/detail/camera_rgb__rosidl_typesupport_introspection_cpp.hpp
[4.711s] -- Up-to-date symlink: /home/r1mini/sungsik_ws/install/hrdp_beta_actions/include/hrdp_beta_actions/action/detail/face_detection__rosidl_typesupport_introspection_cpp.hpp
[4.723s] -- Up-to-date symlink: /home/r1mini/sungsik_ws/install/hrdp_beta_actions/include/hrdp_beta_actions/action/detail/rgb_frame__rosidl_typesupport_introspection_cpp.hpp
[4.727s] -- Up-to-date symlink: /home/r1mini/sungsik_ws/install/hrdp_beta_actions/share/hrdp_beta_actions/environment/pythonpath.sh
[4.729s] -- Up-to-date symlink: /home/r1mini/sungsik_ws/install/hrdp_beta_actions/share/hrdp_beta_actions/environment/pythonpath.dsv
[4.735s] -- Up-to-date symlink: /home/r1mini/sungsik_ws/install/hrdp_beta_actions/lib/python3.8/site-packages/hrdp_beta_actions/__init__.py
[4.737s] -- Up-to-date symlink: /home/r1mini/sungsik_ws/install/hrdp_beta_actions/lib/python3.8/site-packages/hrdp_beta_actions/action/__init__.py
[4.740s] -- Up-to-date symlink: /home/r1mini/sungsik_ws/install/hrdp_beta_actions/lib/python3.8/site-packages/hrdp_beta_actions/action/_camera_rgb.py
[4.743s] -- Up-to-date symlink: /home/r1mini/sungsik_ws/install/hrdp_beta_actions/lib/python3.8/site-packages/hrdp_beta_actions/action/_face_detection.py
[4.746s] -- Up-to-date symlink: /home/r1mini/sungsik_ws/install/hrdp_beta_actions/lib/python3.8/site-packages/hrdp_beta_actions/action/_rgb_frame.py
[4.757s] -- Up-to-date symlink: /home/r1mini/sungsik_ws/install/hrdp_beta_actions/lib/python3.8/site-packages/hrdp_beta_actions/hrdp_beta_actions_s__rosidl_typesupport_fastrtps_c.cpython-38-aarch64-linux-gnu.so
[4.760s] -- Up-to-date symlink: /home/r1mini/sungsik_ws/install/hrdp_beta_actions/lib/python3.8/site-packages/hrdp_beta_actions/hrdp_beta_actions_s__rosidl_typesupport_introspection_c.cpython-38-aarch64-linux-gnu.so
[4.765s] -- Up-to-date symlink: /home/r1mini/sungsik_ws/install/hrdp_beta_actions/lib/python3.8/site-packages/hrdp_beta_actions/hrdp_beta_actions_s__rosidl_typesupport_c.cpython-38-aarch64-linux-gnu.so
[4.774s] -- Up-to-date symlink: /home/r1mini/sungsik_ws/install/hrdp_beta_actions/lib/libhrdp_beta_actions__python.so
[4.776s] -- Up-to-date symlink: /home/r1mini/sungsik_ws/install/hrdp_beta_actions/share/hrdp_beta_actions/action/RGBFrame.idl
[4.778s] -- Up-to-date symlink: /home/r1mini/sungsik_ws/install/hrdp_beta_actions/share/hrdp_beta_actions/action/FaceDetection.idl
[4.779s] -- Up-to-date symlink: /home/r1mini/sungsik_ws/install/hrdp_beta_actions/share/hrdp_beta_actions/action/RGBFrame.action
[4.782s] -- Up-to-date symlink: /home/r1mini/sungsik_ws/install/hrdp_beta_actions/share/hrdp_beta_actions/action/FaceDetection.action
[4.783s] -- Up-to-date symlink: /home/r1mini/sungsik_ws/install/hrdp_beta_actions/share/ament_index/resource_index/package_run_dependencies/hrdp_beta_actions
[4.784s] -- Up-to-date symlink: /home/r1mini/sungsik_ws/install/hrdp_beta_actions/share/ament_index/resource_index/parent_prefix_path/hrdp_beta_actions
[4.787s] -- Up-to-date symlink: /home/r1mini/sungsik_ws/install/hrdp_beta_actions/share/hrdp_beta_actions/environment/ament_prefix_path.sh
[4.793s] -- Up-to-date symlink: /home/r1mini/sungsik_ws/install/hrdp_beta_actions/share/hrdp_beta_actions/environment/ament_prefix_path.dsv
[4.799s] -- Up-to-date symlink: /home/r1mini/sungsik_ws/install/hrdp_beta_actions/share/hrdp_beta_actions/environment/path.sh
[4.803s] -- Up-to-date symlink: /home/r1mini/sungsik_ws/install/hrdp_beta_actions/share/hrdp_beta_actions/environment/path.dsv
[4.806s] -- Up-to-date symlink: /home/r1mini/sungsik_ws/install/hrdp_beta_actions/share/hrdp_beta_actions/local_setup.bash
[4.809s] -- Up-to-date symlink: /home/r1mini/sungsik_ws/install/hrdp_beta_actions/share/hrdp_beta_actions/local_setup.sh
[4.816s] -- Up-to-date symlink: /home/r1mini/sungsik_ws/install/hrdp_beta_actions/share/hrdp_beta_actions/local_setup.zsh
[4.820s] -- Up-to-date symlink: /home/r1mini/sungsik_ws/install/hrdp_beta_actions/share/hrdp_beta_actions/local_setup.dsv
[4.824s] -- Symlinking: /home/r1mini/sungsik_ws/install/hrdp_beta_actions/share/hrdp_beta_actions/package.dsv
[4.829s] -- Up-to-date symlink: /home/r1mini/sungsik_ws/install/hrdp_beta_actions/share/ament_index/resource_index/packages/hrdp_beta_actions
[4.833s] -- Up-to-date symlink: /home/r1mini/sungsik_ws/install/hrdp_beta_actions/share/hrdp_beta_actions/cmake/rosidl_cmake-extras.cmake
[4.837s] -- Up-to-date symlink: /home/r1mini/sungsik_ws/install/hrdp_beta_actions/share/hrdp_beta_actions/cmake/ament_cmake_export_dependencies-extras.cmake
[4.848s] -- Up-to-date symlink: /home/r1mini/sungsik_ws/install/hrdp_beta_actions/share/hrdp_beta_actions/cmake/ament_cmake_export_libraries-extras.cmake
[4.854s] -- Up-to-date symlink: /home/r1mini/sungsik_ws/install/hrdp_beta_actions/share/hrdp_beta_actions/cmake/ament_cmake_export_targets-extras.cmake
[4.860s] -- Up-to-date symlink: /home/r1mini/sungsik_ws/install/hrdp_beta_actions/share/hrdp_beta_actions/cmake/ament_cmake_export_include_directories-extras.cmake
[4.862s] -- Up-to-date symlink: /home/r1mini/sungsik_ws/install/hrdp_beta_actions/share/hrdp_beta_actions/cmake/rosidl_cmake_export_typesupport_libraries-extras.cmake
[4.866s] -- Up-to-date symlink: /home/r1mini/sungsik_ws/install/hrdp_beta_actions/share/hrdp_beta_actions/cmake/rosidl_cmake_export_typesupport_targets-extras.cmake
[4.868s] -- Up-to-date symlink: /home/r1mini/sungsik_ws/install/hrdp_beta_actions/share/hrdp_beta_actions/cmake/hrdp_beta_actionsConfig.cmake
[4.870s] -- Up-to-date symlink: /home/r1mini/sungsik_ws/install/hrdp_beta_actions/share/hrdp_beta_actions/cmake/hrdp_beta_actionsConfig-version.cmake
[4.875s] -- Up-to-date symlink: /home/r1mini/sungsik_ws/install/hrdp_beta_actions/share/hrdp_beta_actions/package.xml
[4.877s] -- Up-to-date: /home/r1mini/sungsik_ws/install/hrdp_beta_actions/lib/libhrdp_beta_actions__rosidl_generator_c.so
[4.884s] -- Up-to-date: /home/r1mini/sungsik_ws/install/hrdp_beta_actions/lib/libhrdp_beta_actions__rosidl_typesupport_introspection_c.so
[4.888s] -- Up-to-date: /home/r1mini/sungsik_ws/install/hrdp_beta_actions/lib/libhrdp_beta_actions__rosidl_typesupport_c.so
[4.890s] -- Up-to-date: /home/r1mini/sungsik_ws/install/hrdp_beta_actions/lib/libhrdp_beta_actions__rosidl_typesupport_introspection_cpp.so
[4.893s] -- Up-to-date: /home/r1mini/sungsik_ws/install/hrdp_beta_actions/lib/libhrdp_beta_actions__rosidl_typesupport_cpp.so
[5.431s] -- Up-to-date: /home/r1mini/sungsik_ws/install/hrdp_beta_actions/share/hrdp_beta_actions/cmake/hrdp_beta_actions__rosidl_generator_cExport.cmake
[5.436s] -- Up-to-date: /home/r1mini/sungsik_ws/install/hrdp_beta_actions/share/hrdp_beta_actions/cmake/hrdp_beta_actions__rosidl_generator_cExport-noconfig.cmake
[5.437s] -- Up-to-date: /home/r1mini/sungsik_ws/install/hrdp_beta_actions/share/hrdp_beta_actions/cmake/hrdp_beta_actions__rosidl_typesupport_introspection_cExport.cmake
[5.442s] -- Up-to-date: /home/r1mini/sungsik_ws/install/hrdp_beta_actions/share/hrdp_beta_actions/cmake/hrdp_beta_actions__rosidl_typesupport_introspection_cExport-noconfig.cmake
[5.444s] -- Up-to-date: /home/r1mini/sungsik_ws/install/hrdp_beta_actions/share/hrdp_beta_actions/cmake/hrdp_beta_actions__rosidl_typesupport_cExport.cmake
[5.445s] -- Up-to-date: /home/r1mini/sungsik_ws/install/hrdp_beta_actions/share/hrdp_beta_actions/cmake/hrdp_beta_actions__rosidl_typesupport_cExport-noconfig.cmake
[5.452s] -- Up-to-date: /home/r1mini/sungsik_ws/install/hrdp_beta_actions/share/hrdp_beta_actions/cmake/hrdp_beta_actions__rosidl_generator_cppExport.cmake
[5.454s] -- Up-to-date: /home/r1mini/sungsik_ws/install/hrdp_beta_actions/share/hrdp_beta_actions/cmake/hrdp_beta_actions__rosidl_typesupport_introspection_cppExport.cmake
[5.456s] -- Up-to-date: /home/r1mini/sungsik_ws/install/hrdp_beta_actions/share/hrdp_beta_actions/cmake/hrdp_beta_actions__rosidl_typesupport_introspection_cppExport-noconfig.cmake
[5.472s] -- Up-to-date: /home/r1mini/sungsik_ws/install/hrdp_beta_actions/share/hrdp_beta_actions/cmake/hrdp_beta_actions__rosidl_typesupport_cppExport.cmake
[5.486s] -- Up-to-date: /home/r1mini/sungsik_ws/install/hrdp_beta_actions/share/hrdp_beta_actions/cmake/hrdp_beta_actions__rosidl_typesupport_cppExport-noconfig.cmake
[5.498s] Invoked command in '/home/r1mini/sungsik_ws/build/hrdp_beta_actions' returned '0': CMAKE_PREFIX_PATH=${CMAKE_PREFIX_PATH}:/home/r1mini/sungsik_ws/install/py_pubsub:/home/r1mini/sungsik_ws/install/hrdp_sensors_beta:/home/r1mini/sungsik_ws/install/hrdp_perception_beta:/home/r1mini/sungsik_ws/install/hrdp_beta_perception:/home/r1mini/ros2_ws/install/omo_r1mini_teleop:/home/r1mini/ros2_ws/install/omo_r1mini_bringup:/opt/ros/foxy /usr/bin/cmake --install /home/r1mini/sungsik_ws/build/hrdp_beta_actions
