[1.583s] DEBUG:colcon:Command line arguments: ['/usr/bin/colcon', 'build', '--symlink-install']
[1.584s] DEBUG:colcon:Parsed command line arguments: Namespace(allow_overriding=[], ament_cmake_args=None, base_paths=['.'], build_base='build', catkin_cmake_args=None, catkin_skip_building_tests=False, cmake_args=None, cmake_clean_cache=False, cmake_clean_first=False, cmake_force_configure=False, cmake_target=None, cmake_target_skip_unavailable=False, continue_on_error=False, event_handlers=None, executor='parallel', ignore_user_meta=False, install_base='install', log_base=None, log_level=None, main=<bound method BuildVerb.main of <colcon_core.verb.build.BuildVerb object at 0x7fa61434f0>>, merge_install=False, metas=['./colcon.meta'], packages_above=None, packages_above_and_dependencies=None, packages_above_depth=None, packages_end=None, packages_ignore=None, packages_ignore_regex=None, packages_select=None, packages_select_build_failed=False, packages_select_by_dep=None, packages_select_regex=None, packages_select_test_failures=False, packages_skip=None, packages_skip_build_finished=False, packages_skip_by_dep=None, packages_skip_regex=None, packages_skip_test_passed=False, packages_skip_up_to=None, packages_start=None, packages_up_to=None, packages_up_to_regex=None, parallel_workers=4, paths=None, symlink_install=True, test_result_base=None, verb_extension=<colcon_core.verb.build.BuildVerb object at 0x7fa61434f0>, verb_name='build', verb_parser=<colcon_defaults.argument_parser.defaults.DefaultArgumentsDecorator object at 0x7fa6143a30>)
[2.053s] Level 1:colcon.colcon_core.package_discovery:discover_packages(colcon_meta) check parameters
[2.054s] Level 1:colcon.colcon_core.package_discovery:discover_packages(recursive) check parameters
[2.055s] Level 1:colcon.colcon_core.package_discovery:discover_packages(ignore) check parameters
[2.055s] Level 1:colcon.colcon_core.package_discovery:discover_packages(path) check parameters
[2.055s] Level 1:colcon.colcon_core.package_discovery:discover_packages(colcon_meta) discover
[2.056s] Level 1:colcon.colcon_core.package_discovery:discover_packages(recursive) discover
[2.056s] INFO:colcon.colcon_core.package_discovery:Crawling recursively for packages in '/home/r1mini/sungsik_ws'
[2.057s] Level 1:colcon.colcon_core.package_identification:_identify(.) by extensions ['ignore', 'ignore_ament_install']
[2.058s] Level 1:colcon.colcon_core.package_identification:_identify(.) by extension 'ignore'
[2.059s] Level 1:colcon.colcon_core.package_identification:_identify(.) by extension 'ignore_ament_install'
[2.059s] Level 1:colcon.colcon_core.package_identification:_identify(.) by extensions ['colcon_pkg']
[2.060s] Level 1:colcon.colcon_core.package_identification:_identify(.) by extension 'colcon_pkg'
[2.060s] Level 1:colcon.colcon_core.package_identification:_identify(.) by extensions ['colcon_meta']
[2.060s] Level 1:colcon.colcon_core.package_identification:_identify(.) by extension 'colcon_meta'
[2.060s] Level 1:colcon.colcon_core.package_identification:_identify(.) by extensions ['ros']
[2.061s] Level 1:colcon.colcon_core.package_identification:_identify(.) by extension 'ros'
[2.190s] Level 1:colcon.colcon_core.package_identification:_identify(.) by extensions ['cmake', 'python']
[2.192s] Level 1:colcon.colcon_core.package_identification:_identify(.) by extension 'cmake'
[2.193s] Level 1:colcon.colcon_core.package_identification:_identify(.) by extension 'python'
[2.194s] Level 1:colcon.colcon_core.package_identification:_identify(.) by extensions ['python_setup_py']
[2.195s] Level 1:colcon.colcon_core.package_identification:_identify(.) by extension 'python_setup_py'
[2.197s] Level 1:colcon.colcon_core.package_identification:_identify(build) by extensions ['ignore', 'ignore_ament_install']
[2.199s] Level 1:colcon.colcon_core.package_identification:_identify(build) by extension 'ignore'
[2.199s] Level 1:colcon.colcon_core.package_identification:_identify(build) ignored
[2.201s] Level 1:colcon.colcon_core.package_identification:_identify(install) by extensions ['ignore', 'ignore_ament_install']
[2.203s] Level 1:colcon.colcon_core.package_identification:_identify(install) by extension 'ignore'
[2.204s] Level 1:colcon.colcon_core.package_identification:_identify(install) ignored
[2.206s] Level 1:colcon.colcon_core.package_identification:_identify(log) by extensions ['ignore', 'ignore_ament_install']
[2.208s] Level 1:colcon.colcon_core.package_identification:_identify(log) by extension 'ignore'
[2.209s] Level 1:colcon.colcon_core.package_identification:_identify(log) ignored
[2.211s] Level 1:colcon.colcon_core.package_identification:_identify(res) by extensions ['ignore', 'ignore_ament_install']
[2.212s] Level 1:colcon.colcon_core.package_identification:_identify(res) by extension 'ignore'
[2.213s] Level 1:colcon.colcon_core.package_identification:_identify(res) by extension 'ignore_ament_install'
[2.214s] Level 1:colcon.colcon_core.package_identification:_identify(res) by extensions ['colcon_pkg']
[2.215s] Level 1:colcon.colcon_core.package_identification:_identify(res) by extension 'colcon_pkg'
[2.216s] Level 1:colcon.colcon_core.package_identification:_identify(res) by extensions ['colcon_meta']
[2.216s] Level 1:colcon.colcon_core.package_identification:_identify(res) by extension 'colcon_meta'
[2.217s] Level 1:colcon.colcon_core.package_identification:_identify(res) by extensions ['ros']
[2.218s] Level 1:colcon.colcon_core.package_identification:_identify(res) by extension 'ros'
[2.219s] Level 1:colcon.colcon_core.package_identification:_identify(res) by extensions ['cmake', 'python']
[2.220s] Level 1:colcon.colcon_core.package_identification:_identify(res) by extension 'cmake'
[2.220s] Level 1:colcon.colcon_core.package_identification:_identify(res) by extension 'python'
[2.221s] Level 1:colcon.colcon_core.package_identification:_identify(res) by extensions ['python_setup_py']
[2.222s] Level 1:colcon.colcon_core.package_identification:_identify(res) by extension 'python_setup_py'
[2.224s] Level 1:colcon.colcon_core.package_identification:_identify(src) by extensions ['ignore', 'ignore_ament_install']
[2.226s] Level 1:colcon.colcon_core.package_identification:_identify(src) by extension 'ignore'
[2.228s] Level 1:colcon.colcon_core.package_identification:_identify(src) by extension 'ignore_ament_install'
[2.230s] Level 1:colcon.colcon_core.package_identification:_identify(src) by extensions ['colcon_pkg']
[2.231s] Level 1:colcon.colcon_core.package_identification:_identify(src) by extension 'colcon_pkg'
[2.233s] Level 1:colcon.colcon_core.package_identification:_identify(src) by extensions ['colcon_meta']
[2.234s] Level 1:colcon.colcon_core.package_identification:_identify(src) by extension 'colcon_meta'
[2.235s] Level 1:colcon.colcon_core.package_identification:_identify(src) by extensions ['ros']
[2.236s] Level 1:colcon.colcon_core.package_identification:_identify(src) by extension 'ros'
[2.238s] Level 1:colcon.colcon_core.package_identification:_identify(src) by extensions ['cmake', 'python']
[2.239s] Level 1:colcon.colcon_core.package_identification:_identify(src) by extension 'cmake'
[2.240s] Level 1:colcon.colcon_core.package_identification:_identify(src) by extension 'python'
[2.241s] Level 1:colcon.colcon_core.package_identification:_identify(src) by extensions ['python_setup_py']
[2.242s] Level 1:colcon.colcon_core.package_identification:_identify(src) by extension 'python_setup_py'
[2.244s] Level 1:colcon.colcon_core.package_identification:_identify(src/hrdp_actuators_beta) by extensions ['ignore', 'ignore_ament_install']
[2.246s] Level 1:colcon.colcon_core.package_identification:_identify(src/hrdp_actuators_beta) by extension 'ignore'
[2.248s] Level 1:colcon.colcon_core.package_identification:_identify(src/hrdp_actuators_beta) by extension 'ignore_ament_install'
[2.249s] Level 1:colcon.colcon_core.package_identification:_identify(src/hrdp_actuators_beta) by extensions ['colcon_pkg']
[2.250s] Level 1:colcon.colcon_core.package_identification:_identify(src/hrdp_actuators_beta) by extension 'colcon_pkg'
[2.251s] Level 1:colcon.colcon_core.package_identification:_identify(src/hrdp_actuators_beta) by extensions ['colcon_meta']
[2.252s] Level 1:colcon.colcon_core.package_identification:_identify(src/hrdp_actuators_beta) by extension 'colcon_meta'
[2.253s] Level 1:colcon.colcon_core.package_identification:_identify(src/hrdp_actuators_beta) by extensions ['ros']
[2.254s] Level 1:colcon.colcon_core.package_identification:_identify(src/hrdp_actuators_beta) by extension 'ros'
[2.297s] DEBUG:colcon.colcon_core.package_identification:Package 'src/hrdp_actuators_beta' with type 'ros.ament_python' and name 'hrdp_actuators_beta'
[2.299s] Level 1:colcon.colcon_core.package_identification:_identify(src/hrdp_core_beta) by extensions ['ignore', 'ignore_ament_install']
[2.301s] Level 1:colcon.colcon_core.package_identification:_identify(src/hrdp_core_beta) by extension 'ignore'
[2.303s] Level 1:colcon.colcon_core.package_identification:_identify(src/hrdp_core_beta) by extension 'ignore_ament_install'
[2.304s] Level 1:colcon.colcon_core.package_identification:_identify(src/hrdp_core_beta) by extensions ['colcon_pkg']
[2.305s] Level 1:colcon.colcon_core.package_identification:_identify(src/hrdp_core_beta) by extension 'colcon_pkg'
[2.306s] Level 1:colcon.colcon_core.package_identification:_identify(src/hrdp_core_beta) by extensions ['colcon_meta']
[2.307s] Level 1:colcon.colcon_core.package_identification:_identify(src/hrdp_core_beta) by extension 'colcon_meta'
[2.308s] Level 1:colcon.colcon_core.package_identification:_identify(src/hrdp_core_beta) by extensions ['ros']
[2.308s] Level 1:colcon.colcon_core.package_identification:_identify(src/hrdp_core_beta) by extension 'ros'
[2.321s] DEBUG:colcon.colcon_core.package_identification:Package 'src/hrdp_core_beta' with type 'ros.ament_python' and name 'hrdp_core_beta'
[2.323s] Level 1:colcon.colcon_core.package_identification:_identify(src/hrdp_human_interface_beta) by extensions ['ignore', 'ignore_ament_install']
[2.325s] Level 1:colcon.colcon_core.package_identification:_identify(src/hrdp_human_interface_beta) by extension 'ignore'
[2.329s] Level 1:colcon.colcon_core.package_identification:_identify(src/hrdp_human_interface_beta) by extension 'ignore_ament_install'
[2.331s] Level 1:colcon.colcon_core.package_identification:_identify(src/hrdp_human_interface_beta) by extensions ['colcon_pkg']
[2.332s] Level 1:colcon.colcon_core.package_identification:_identify(src/hrdp_human_interface_beta) by extension 'colcon_pkg'
[2.334s] Level 1:colcon.colcon_core.package_identification:_identify(src/hrdp_human_interface_beta) by extensions ['colcon_meta']
[2.334s] Level 1:colcon.colcon_core.package_identification:_identify(src/hrdp_human_interface_beta) by extension 'colcon_meta'
[2.336s] Level 1:colcon.colcon_core.package_identification:_identify(src/hrdp_human_interface_beta) by extensions ['ros']
[2.336s] Level 1:colcon.colcon_core.package_identification:_identify(src/hrdp_human_interface_beta) by extension 'ros'
[2.348s] DEBUG:colcon.colcon_core.package_identification:Package 'src/hrdp_human_interface_beta' with type 'ros.ament_python' and name 'hrdp_human_interface_beta'
[2.350s] Level 1:colcon.colcon_core.package_identification:_identify(src/hrdp_perception_beta) by extensions ['ignore', 'ignore_ament_install']
[2.352s] Level 1:colcon.colcon_core.package_identification:_identify(src/hrdp_perception_beta) by extension 'ignore'
[2.354s] Level 1:colcon.colcon_core.package_identification:_identify(src/hrdp_perception_beta) by extension 'ignore_ament_install'
[2.355s] Level 1:colcon.colcon_core.package_identification:_identify(src/hrdp_perception_beta) by extensions ['colcon_pkg']
[2.356s] Level 1:colcon.colcon_core.package_identification:_identify(src/hrdp_perception_beta) by extension 'colcon_pkg'
[2.357s] Level 1:colcon.colcon_core.package_identification:_identify(src/hrdp_perception_beta) by extensions ['colcon_meta']
[2.358s] Level 1:colcon.colcon_core.package_identification:_identify(src/hrdp_perception_beta) by extension 'colcon_meta'
[2.359s] Level 1:colcon.colcon_core.package_identification:_identify(src/hrdp_perception_beta) by extensions ['ros']
[2.360s] Level 1:colcon.colcon_core.package_identification:_identify(src/hrdp_perception_beta) by extension 'ros'
[2.372s] DEBUG:colcon.colcon_core.package_identification:Package 'src/hrdp_perception_beta' with type 'ros.ament_python' and name 'hrdp_perception_beta'
[2.374s] Level 1:colcon.colcon_core.package_identification:_identify(src/hrdp_sensors_beta) by extensions ['ignore', 'ignore_ament_install']
[2.376s] Level 1:colcon.colcon_core.package_identification:_identify(src/hrdp_sensors_beta) by extension 'ignore'
[2.377s] Level 1:colcon.colcon_core.package_identification:_identify(src/hrdp_sensors_beta) by extension 'ignore_ament_install'
[2.378s] Level 1:colcon.colcon_core.package_identification:_identify(src/hrdp_sensors_beta) by extensions ['colcon_pkg']
[2.379s] Level 1:colcon.colcon_core.package_identification:_identify(src/hrdp_sensors_beta) by extension 'colcon_pkg'
[2.380s] Level 1:colcon.colcon_core.package_identification:_identify(src/hrdp_sensors_beta) by extensions ['colcon_meta']
[2.380s] Level 1:colcon.colcon_core.package_identification:_identify(src/hrdp_sensors_beta) by extension 'colcon_meta'
[2.381s] Level 1:colcon.colcon_core.package_identification:_identify(src/hrdp_sensors_beta) by extensions ['ros']
[2.383s] Level 1:colcon.colcon_core.package_identification:_identify(src/hrdp_sensors_beta) by extension 'ros'
[2.414s] DEBUG:colcon.colcon_core.package_identification:Package 'src/hrdp_sensors_beta' with type 'ros.ament_python' and name 'hrdp_sensors_beta'
[2.415s] Level 1:colcon.colcon_core.package_discovery:discover_packages(recursive) using defaults
[2.417s] Level 1:colcon.colcon_core.package_discovery:discover_packages(ignore) discover
[2.417s] Level 1:colcon.colcon_core.package_discovery:discover_packages(ignore) using defaults
[2.418s] Level 1:colcon.colcon_core.package_discovery:discover_packages(path) discover
[2.418s] Level 1:colcon.colcon_core.package_discovery:discover_packages(path) using defaults
[2.768s] Level 1:colcon.colcon_core.package_discovery:discover_packages(prefix_path) check parameters
[2.769s] Level 1:colcon.colcon_core.package_discovery:discover_packages(prefix_path) discover
[2.843s] DEBUG:colcon.colcon_installed_package_information.package_discovery:Found 13 installed packages in /home/r1mini/sungsik_ws/install
[2.879s] DEBUG:colcon.colcon_installed_package_information.package_discovery:Found 9 installed packages in /home/r1mini/ros2_ws/install
[2.912s] DEBUG:colcon.colcon_installed_package_information.package_discovery:Found 309 installed packages in /opt/ros/foxy
[2.931s] Level 1:colcon.colcon_core.package_discovery:discover_packages(prefix_path) using defaults
[4.450s] Level 5:colcon.colcon_core.verb:set package 'hrdp_actuators_beta' build argument 'cmake_args' from command line to 'None'
[4.451s] Level 5:colcon.colcon_core.verb:set package 'hrdp_actuators_beta' build argument 'cmake_target' from command line to 'None'
[4.451s] Level 5:colcon.colcon_core.verb:set package 'hrdp_actuators_beta' build argument 'cmake_target_skip_unavailable' from command line to 'False'
[4.452s] Level 5:colcon.colcon_core.verb:set package 'hrdp_actuators_beta' build argument 'cmake_clean_cache' from command line to 'False'
[4.452s] Level 5:colcon.colcon_core.verb:set package 'hrdp_actuators_beta' build argument 'cmake_clean_first' from command line to 'False'
[4.452s] Level 5:colcon.colcon_core.verb:set package 'hrdp_actuators_beta' build argument 'cmake_force_configure' from command line to 'False'
[4.452s] Level 5:colcon.colcon_core.verb:set package 'hrdp_actuators_beta' build argument 'ament_cmake_args' from command line to 'None'
[4.452s] Level 5:colcon.colcon_core.verb:set package 'hrdp_actuators_beta' build argument 'catkin_cmake_args' from command line to 'None'
[4.452s] Level 5:colcon.colcon_core.verb:set package 'hrdp_actuators_beta' build argument 'catkin_skip_building_tests' from command line to 'False'
[4.453s] DEBUG:colcon.colcon_core.verb:Building package 'hrdp_actuators_beta' with the following arguments: {'ament_cmake_args': None, 'build_base': '/home/r1mini/sungsik_ws/build/hrdp_actuators_beta', 'catkin_cmake_args': None, 'catkin_skip_building_tests': False, 'cmake_args': None, 'cmake_clean_cache': False, 'cmake_clean_first': False, 'cmake_force_configure': False, 'cmake_target': None, 'cmake_target_skip_unavailable': False, 'install_base': '/home/r1mini/sungsik_ws/install/hrdp_actuators_beta', 'merge_install': False, 'path': '/home/r1mini/sungsik_ws/src/hrdp_actuators_beta', 'symlink_install': True, 'test_result_base': None}
[4.462s] Level 5:colcon.colcon_core.verb:set package 'hrdp_core_beta' build argument 'cmake_args' from command line to 'None'
[4.463s] Level 5:colcon.colcon_core.verb:set package 'hrdp_core_beta' build argument 'cmake_target' from command line to 'None'
[4.463s] Level 5:colcon.colcon_core.verb:set package 'hrdp_core_beta' build argument 'cmake_target_skip_unavailable' from command line to 'False'
[4.463s] Level 5:colcon.colcon_core.verb:set package 'hrdp_core_beta' build argument 'cmake_clean_cache' from command line to 'False'
[4.464s] Level 5:colcon.colcon_core.verb:set package 'hrdp_core_beta' build argument 'cmake_clean_first' from command line to 'False'
[4.464s] Level 5:colcon.colcon_core.verb:set package 'hrdp_core_beta' build argument 'cmake_force_configure' from command line to 'False'
[4.465s] Level 5:colcon.colcon_core.verb:set package 'hrdp_core_beta' build argument 'ament_cmake_args' from command line to 'None'
[4.465s] Level 5:colcon.colcon_core.verb:set package 'hrdp_core_beta' build argument 'catkin_cmake_args' from command line to 'None'
[4.465s] Level 5:colcon.colcon_core.verb:set package 'hrdp_core_beta' build argument 'catkin_skip_building_tests' from command line to 'False'
[4.466s] DEBUG:colcon.colcon_core.verb:Building package 'hrdp_core_beta' with the following arguments: {'ament_cmake_args': None, 'build_base': '/home/r1mini/sungsik_ws/build/hrdp_core_beta', 'catkin_cmake_args': None, 'catkin_skip_building_tests': False, 'cmake_args': None, 'cmake_clean_cache': False, 'cmake_clean_first': False, 'cmake_force_configure': False, 'cmake_target': None, 'cmake_target_skip_unavailable': False, 'install_base': '/home/r1mini/sungsik_ws/install/hrdp_core_beta', 'merge_install': False, 'path': '/home/r1mini/sungsik_ws/src/hrdp_core_beta', 'symlink_install': True, 'test_result_base': None}
[4.478s] Level 5:colcon.colcon_core.verb:set package 'hrdp_human_interface_beta' build argument 'cmake_args' from command line to 'None'
[4.479s] Level 5:colcon.colcon_core.verb:set package 'hrdp_human_interface_beta' build argument 'cmake_target' from command line to 'None'
[4.479s] Level 5:colcon.colcon_core.verb:set package 'hrdp_human_interface_beta' build argument 'cmake_target_skip_unavailable' from command line to 'False'
[4.479s] Level 5:colcon.colcon_core.verb:set package 'hrdp_human_interface_beta' build argument 'cmake_clean_cache' from command line to 'False'
[4.480s] Level 5:colcon.colcon_core.verb:set package 'hrdp_human_interface_beta' build argument 'cmake_clean_first' from command line to 'False'
[4.480s] Level 5:colcon.colcon_core.verb:set package 'hrdp_human_interface_beta' build argument 'cmake_force_configure' from command line to 'False'
[4.480s] Level 5:colcon.colcon_core.verb:set package 'hrdp_human_interface_beta' build argument 'ament_cmake_args' from command line to 'None'
[4.481s] Level 5:colcon.colcon_core.verb:set package 'hrdp_human_interface_beta' build argument 'catkin_cmake_args' from command line to 'None'
[4.481s] Level 5:colcon.colcon_core.verb:set package 'hrdp_human_interface_beta' build argument 'catkin_skip_building_tests' from command line to 'False'
[4.482s] DEBUG:colcon.colcon_core.verb:Building package 'hrdp_human_interface_beta' with the following arguments: {'ament_cmake_args': None, 'build_base': '/home/r1mini/sungsik_ws/build/hrdp_human_interface_beta', 'catkin_cmake_args': None, 'catkin_skip_building_tests': False, 'cmake_args': None, 'cmake_clean_cache': False, 'cmake_clean_first': False, 'cmake_force_configure': False, 'cmake_target': None, 'cmake_target_skip_unavailable': False, 'install_base': '/home/r1mini/sungsik_ws/install/hrdp_human_interface_beta', 'merge_install': False, 'path': '/home/r1mini/sungsik_ws/src/hrdp_human_interface_beta', 'symlink_install': True, 'test_result_base': None}
[4.494s] Level 5:colcon.colcon_core.verb:set package 'hrdp_perception_beta' build argument 'cmake_args' from command line to 'None'
[4.495s] Level 5:colcon.colcon_core.verb:set package 'hrdp_perception_beta' build argument 'cmake_target' from command line to 'None'
[4.495s] Level 5:colcon.colcon_core.verb:set package 'hrdp_perception_beta' build argument 'cmake_target_skip_unavailable' from command line to 'False'
[4.496s] Level 5:colcon.colcon_core.verb:set package 'hrdp_perception_beta' build argument 'cmake_clean_cache' from command line to 'False'
[4.496s] Level 5:colcon.colcon_core.verb:set package 'hrdp_perception_beta' build argument 'cmake_clean_first' from command line to 'False'
[4.496s] Level 5:colcon.colcon_core.verb:set package 'hrdp_perception_beta' build argument 'cmake_force_configure' from command line to 'False'
[4.496s] Level 5:colcon.colcon_core.verb:set package 'hrdp_perception_beta' build argument 'ament_cmake_args' from command line to 'None'
[4.497s] Level 5:colcon.colcon_core.verb:set package 'hrdp_perception_beta' build argument 'catkin_cmake_args' from command line to 'None'
[4.497s] Level 5:colcon.colcon_core.verb:set package 'hrdp_perception_beta' build argument 'catkin_skip_building_tests' from command line to 'False'
[4.498s] DEBUG:colcon.colcon_core.verb:Building package 'hrdp_perception_beta' with the following arguments: {'ament_cmake_args': None, 'build_base': '/home/r1mini/sungsik_ws/build/hrdp_perception_beta', 'catkin_cmake_args': None, 'catkin_skip_building_tests': False, 'cmake_args': None, 'cmake_clean_cache': False, 'cmake_clean_first': False, 'cmake_force_configure': False, 'cmake_target': None, 'cmake_target_skip_unavailable': False, 'install_base': '/home/r1mini/sungsik_ws/install/hrdp_perception_beta', 'merge_install': False, 'path': '/home/r1mini/sungsik_ws/src/hrdp_perception_beta', 'symlink_install': True, 'test_result_base': None}
[4.510s] Level 5:colcon.colcon_core.verb:set package 'hrdp_sensors_beta' build argument 'cmake_args' from command line to 'None'
[4.511s] Level 5:colcon.colcon_core.verb:set package 'hrdp_sensors_beta' build argument 'cmake_target' from command line to 'None'
[4.512s] Level 5:colcon.colcon_core.verb:set package 'hrdp_sensors_beta' build argument 'cmake_target_skip_unavailable' from command line to 'False'
[4.512s] Level 5:colcon.colcon_core.verb:set package 'hrdp_sensors_beta' build argument 'cmake_clean_cache' from command line to 'False'
[4.513s] Level 5:colcon.colcon_core.verb:set package 'hrdp_sensors_beta' build argument 'cmake_clean_first' from command line to 'False'
[4.513s] Level 5:colcon.colcon_core.verb:set package 'hrdp_sensors_beta' build argument 'cmake_force_configure' from command line to 'False'
[4.513s] Level 5:colcon.colcon_core.verb:set package 'hrdp_sensors_beta' build argument 'ament_cmake_args' from command line to 'None'
[4.514s] Level 5:colcon.colcon_core.verb:set package 'hrdp_sensors_beta' build argument 'catkin_cmake_args' from command line to 'None'
[4.514s] Level 5:colcon.colcon_core.verb:set package 'hrdp_sensors_beta' build argument 'catkin_skip_building_tests' from command line to 'False'
[4.515s] DEBUG:colcon.colcon_core.verb:Building package 'hrdp_sensors_beta' with the following arguments: {'ament_cmake_args': None, 'build_base': '/home/r1mini/sungsik_ws/build/hrdp_sensors_beta', 'catkin_cmake_args': None, 'catkin_skip_building_tests': False, 'cmake_args': None, 'cmake_clean_cache': False, 'cmake_clean_first': False, 'cmake_force_configure': False, 'cmake_target': None, 'cmake_target_skip_unavailable': False, 'install_base': '/home/r1mini/sungsik_ws/install/hrdp_sensors_beta', 'merge_install': False, 'path': '/home/r1mini/sungsik_ws/src/hrdp_sensors_beta', 'symlink_install': True, 'test_result_base': None}
[4.524s] INFO:colcon.colcon_core.executor:Executing jobs using 'parallel' executor
[4.561s] DEBUG:colcon.colcon_parallel_executor.executor.parallel:run_until_complete
[4.565s] INFO:colcon.colcon_ros.task.ament_python.build:Building ROS package in '/home/r1mini/sungsik_ws/src/hrdp_actuators_beta' with build type 'ament_python'
[4.567s] Level 1:colcon.colcon_core.shell:create_environment_hook('hrdp_actuators_beta', 'ament_prefix_path')
[4.662s] INFO:colcon.colcon_core.plugin_system:Skipping extension 'colcon_core.shell.bat': Not used on non-Windows systems
[4.665s] INFO:colcon.colcon_core.shell:Creating environment hook '/home/r1mini/sungsik_ws/install/hrdp_actuators_beta/share/hrdp_actuators_beta/hook/ament_prefix_path.ps1'
[4.691s] INFO:colcon.colcon_core.shell:Creating environment descriptor '/home/r1mini/sungsik_ws/install/hrdp_actuators_beta/share/hrdp_actuators_beta/hook/ament_prefix_path.dsv'
[4.707s] INFO:colcon.colcon_core.shell:Creating environment hook '/home/r1mini/sungsik_ws/install/hrdp_actuators_beta/share/hrdp_actuators_beta/hook/ament_prefix_path.sh'
[4.745s] INFO:colcon.colcon_core.shell:Skip shell extension 'powershell' for command environment: Not usable outside of PowerShell
[4.747s] DEBUG:colcon.colcon_core.shell:Skip shell extension 'dsv' for command environment
[4.850s] INFO:colcon.colcon_ros.task.ament_python.build:Building ROS package in '/home/r1mini/sungsik_ws/src/hrdp_core_beta' with build type 'ament_python'
[4.853s] Level 1:colcon.colcon_core.shell:create_environment_hook('hrdp_core_beta', 'ament_prefix_path')
[4.881s] INFO:colcon.colcon_core.shell:Creating environment hook '/home/r1mini/sungsik_ws/install/hrdp_core_beta/share/hrdp_core_beta/hook/ament_prefix_path.ps1'
[4.892s] INFO:colcon.colcon_core.shell:Creating environment descriptor '/home/r1mini/sungsik_ws/install/hrdp_core_beta/share/hrdp_core_beta/hook/ament_prefix_path.dsv'
[4.904s] INFO:colcon.colcon_core.shell:Creating environment hook '/home/r1mini/sungsik_ws/install/hrdp_core_beta/share/hrdp_core_beta/hook/ament_prefix_path.sh'
[4.928s] INFO:colcon.colcon_core.shell:Skip shell extension 'powershell' for command environment: Not usable outside of PowerShell
[4.930s] DEBUG:colcon.colcon_core.shell:Skip shell extension 'dsv' for command environment
[5.063s] INFO:colcon.colcon_ros.task.ament_python.build:Building ROS package in '/home/r1mini/sungsik_ws/src/hrdp_human_interface_beta' with build type 'ament_python'
[5.073s] Level 1:colcon.colcon_core.shell:create_environment_hook('hrdp_human_interface_beta', 'ament_prefix_path')
[5.101s] INFO:colcon.colcon_core.shell:Creating environment hook '/home/r1mini/sungsik_ws/install/hrdp_human_interface_beta/share/hrdp_human_interface_beta/hook/ament_prefix_path.ps1'
[5.110s] INFO:colcon.colcon_core.shell:Creating environment descriptor '/home/r1mini/sungsik_ws/install/hrdp_human_interface_beta/share/hrdp_human_interface_beta/hook/ament_prefix_path.dsv'
[5.116s] INFO:colcon.colcon_core.shell:Creating environment hook '/home/r1mini/sungsik_ws/install/hrdp_human_interface_beta/share/hrdp_human_interface_beta/hook/ament_prefix_path.sh'
[5.143s] INFO:colcon.colcon_core.shell:Skip shell extension 'powershell' for command environment: Not usable outside of PowerShell
[5.144s] DEBUG:colcon.colcon_core.shell:Skip shell extension 'dsv' for command environment
[5.286s] INFO:colcon.colcon_ros.task.ament_python.build:Building ROS package in '/home/r1mini/sungsik_ws/src/hrdp_perception_beta' with build type 'ament_python'
[5.290s] Level 1:colcon.colcon_core.shell:create_environment_hook('hrdp_perception_beta', 'ament_prefix_path')
[5.344s] INFO:colcon.colcon_core.shell:Creating environment hook '/home/r1mini/sungsik_ws/install/hrdp_perception_beta/share/hrdp_perception_beta/hook/ament_prefix_path.ps1'
[5.371s] INFO:colcon.colcon_core.shell:Creating environment descriptor '/home/r1mini/sungsik_ws/install/hrdp_perception_beta/share/hrdp_perception_beta/hook/ament_prefix_path.dsv'
[5.380s] INFO:colcon.colcon_core.shell:Creating environment hook '/home/r1mini/sungsik_ws/install/hrdp_perception_beta/share/hrdp_perception_beta/hook/ament_prefix_path.sh'
[5.424s] INFO:colcon.colcon_core.shell:Skip shell extension 'powershell' for command environment: Not usable outside of PowerShell
[5.431s] DEBUG:colcon.colcon_core.shell:Skip shell extension 'dsv' for command environment
[10.841s] INFO:colcon.colcon_core.task.python.build:Building Python package in '/home/r1mini/sungsik_ws/src/hrdp_actuators_beta'
[10.906s] INFO:colcon.colcon_core.shell:Skip shell extension 'powershell' for command environment: Not usable outside of PowerShell
[10.907s] DEBUG:colcon.colcon_core.shell:Skip shell extension 'dsv' for command environment
[14.856s] INFO:colcon.colcon_core.task.python.build:Building Python package in '/home/r1mini/sungsik_ws/src/hrdp_core_beta'
[14.880s] INFO:colcon.colcon_core.shell:Skip shell extension 'powershell' for command environment: Not usable outside of PowerShell
[14.881s] DEBUG:colcon.colcon_core.shell:Skip shell extension 'dsv' for command environment
[18.147s] INFO:colcon.colcon_core.task.python.build:Building Python package in '/home/r1mini/sungsik_ws/src/hrdp_human_interface_beta'
[18.170s] INFO:colcon.colcon_core.shell:Skip shell extension 'powershell' for command environment: Not usable outside of PowerShell
[18.172s] DEBUG:colcon.colcon_core.shell:Skip shell extension 'dsv' for command environment
[21.823s] INFO:colcon.colcon_core.task.python.build:Building Python package in '/home/r1mini/sungsik_ws/src/hrdp_perception_beta'
[21.845s] INFO:colcon.colcon_core.shell:Skip shell extension 'powershell' for command environment: Not usable outside of PowerShell
[21.847s] DEBUG:colcon.colcon_core.shell:Skip shell extension 'dsv' for command environment
[31.812s] DEBUG:colcon.colcon_core.event_handler.log_command:Invoking command in '/home/r1mini/sungsik_ws/build/hrdp_perception_beta': PYTHONPATH=/home/r1mini/sungsik_ws/build/hrdp_perception_beta/prefix_override:/home/r1mini/sungsik_ws/install/hrdp_perception_beta/lib/python3.8/site-packages:${PYTHONPATH} /usr/bin/python3 setup.py develop --editable --build-directory /home/r1mini/sungsik_ws/build/hrdp_perception_beta/build --no-deps install_data
[32.052s] DEBUG:colcon.colcon_core.event_handler.log_command:Invoking command in '/home/r1mini/sungsik_ws/build/hrdp_human_interface_beta': PYTHONPATH=/home/r1mini/sungsik_ws/build/hrdp_human_interface_beta/prefix_override:/home/r1mini/sungsik_ws/install/hrdp_human_interface_beta/lib/python3.8/site-packages:${PYTHONPATH} /usr/bin/python3 setup.py develop --editable --build-directory /home/r1mini/sungsik_ws/build/hrdp_human_interface_beta/build --no-deps install_data
[32.180s] DEBUG:colcon.colcon_core.event_handler.log_command:Invoking command in '/home/r1mini/sungsik_ws/build/hrdp_core_beta': PYTHONPATH=/home/r1mini/sungsik_ws/build/hrdp_core_beta/prefix_override:/home/r1mini/sungsik_ws/install/hrdp_core_beta/lib/python3.8/site-packages:${PYTHONPATH} /usr/bin/python3 setup.py develop --editable --build-directory /home/r1mini/sungsik_ws/build/hrdp_core_beta/build --no-deps install_data
[32.312s] DEBUG:colcon.colcon_core.event_handler.log_command:Invoking command in '/home/r1mini/sungsik_ws/build/hrdp_actuators_beta': PYTHONPATH=/home/r1mini/sungsik_ws/build/hrdp_actuators_beta/prefix_override:/home/r1mini/sungsik_ws/install/hrdp_actuators_beta/lib/python3.8/site-packages:${PYTHONPATH} /usr/bin/python3 setup.py develop --editable --build-directory /home/r1mini/sungsik_ws/build/hrdp_actuators_beta/build --no-deps install_data
[42.248s] Level 1:colcon.colcon_core.shell:create_environment_hook('hrdp_human_interface_beta', 'pythonpath_develop')
[42.253s] DEBUG:colcon.colcon_core.event_handler.log_command:Invoked command in '/home/r1mini/sungsik_ws/build/hrdp_human_interface_beta' returned '0': PYTHONPATH=/home/r1mini/sungsik_ws/build/hrdp_human_interface_beta/prefix_override:/home/r1mini/sungsik_ws/install/hrdp_human_interface_beta/lib/python3.8/site-packages:${PYTHONPATH} /usr/bin/python3 setup.py develop --editable --build-directory /home/r1mini/sungsik_ws/build/hrdp_human_interface_beta/build --no-deps install_data
[42.304s] INFO:colcon.colcon_core.shell:Creating environment hook '/home/r1mini/sungsik_ws/build/hrdp_human_interface_beta/share/hrdp_human_interface_beta/hook/pythonpath_develop.ps1'
[42.313s] INFO:colcon.colcon_core.shell:Creating environment descriptor '/home/r1mini/sungsik_ws/build/hrdp_human_interface_beta/share/hrdp_human_interface_beta/hook/pythonpath_develop.dsv'
[42.331s] INFO:colcon.colcon_core.shell:Creating environment hook '/home/r1mini/sungsik_ws/build/hrdp_human_interface_beta/share/hrdp_human_interface_beta/hook/pythonpath_develop.sh'
[42.612s] Level 1:colcon.colcon_core.environment:checking '/home/r1mini/sungsik_ws/install/hrdp_human_interface_beta' for CMake module files
[42.620s] Level 1:colcon.colcon_core.environment:checking '/home/r1mini/sungsik_ws/install/hrdp_human_interface_beta' for CMake config files
[42.628s] Level 1:colcon.colcon_core.environment:checking '/home/r1mini/sungsik_ws/install/hrdp_human_interface_beta/lib'
[42.631s] Level 1:colcon.colcon_core.environment:checking '/home/r1mini/sungsik_ws/install/hrdp_human_interface_beta/bin'
[42.633s] Level 1:colcon.colcon_core.environment:checking '/home/r1mini/sungsik_ws/install/hrdp_human_interface_beta/lib/pkgconfig/hrdp_human_interface_beta.pc'
[42.636s] Level 1:colcon.colcon_core.environment:checking '/home/r1mini/sungsik_ws/install/hrdp_human_interface_beta/lib/python3.8/site-packages'
[42.641s] Level 1:colcon.colcon_core.shell:create_environment_hook('hrdp_human_interface_beta', 'pythonpath')
[42.662s] INFO:colcon.colcon_core.shell:Creating environment hook '/home/r1mini/sungsik_ws/install/hrdp_human_interface_beta/share/hrdp_human_interface_beta/hook/pythonpath.ps1'
[42.690s] INFO:colcon.colcon_core.shell:Creating environment descriptor '/home/r1mini/sungsik_ws/install/hrdp_human_interface_beta/share/hrdp_human_interface_beta/hook/pythonpath.dsv'
[42.700s] INFO:colcon.colcon_core.shell:Creating environment hook '/home/r1mini/sungsik_ws/install/hrdp_human_interface_beta/share/hrdp_human_interface_beta/hook/pythonpath.sh'
[42.708s] Level 1:colcon.colcon_core.environment:checking '/home/r1mini/sungsik_ws/install/hrdp_human_interface_beta/bin'
[42.710s] Level 1:colcon.colcon_core.environment:create_environment_scripts_only(hrdp_human_interface_beta)
[42.733s] INFO:colcon.colcon_core.shell:Creating package script '/home/r1mini/sungsik_ws/install/hrdp_human_interface_beta/share/hrdp_human_interface_beta/package.ps1'
[42.751s] INFO:colcon.colcon_core.shell:Creating package descriptor '/home/r1mini/sungsik_ws/install/hrdp_human_interface_beta/share/hrdp_human_interface_beta/package.dsv'
[42.767s] INFO:colcon.colcon_core.shell:Creating package script '/home/r1mini/sungsik_ws/install/hrdp_human_interface_beta/share/hrdp_human_interface_beta/package.sh'
[42.807s] INFO:colcon.colcon_core.shell:Creating package script '/home/r1mini/sungsik_ws/install/hrdp_human_interface_beta/share/hrdp_human_interface_beta/package.bash'
[42.823s] INFO:colcon.colcon_core.shell:Creating package script '/home/r1mini/sungsik_ws/install/hrdp_human_interface_beta/share/hrdp_human_interface_beta/package.zsh'
[42.834s] Level 1:colcon.colcon_core.environment:create_file_with_runtime_dependencies(/home/r1mini/sungsik_ws/install/hrdp_human_interface_beta/share/colcon-core/packages/hrdp_human_interface_beta)
[42.851s] INFO:colcon.colcon_ros.task.ament_python.build:Building ROS package in '/home/r1mini/sungsik_ws/src/hrdp_sensors_beta' with build type 'ament_python'
[42.856s] Level 1:colcon.colcon_core.shell:create_environment_hook('hrdp_sensors_beta', 'ament_prefix_path')
[42.890s] INFO:colcon.colcon_core.shell:Creating environment hook '/home/r1mini/sungsik_ws/install/hrdp_sensors_beta/share/hrdp_sensors_beta/hook/ament_prefix_path.ps1'
[42.897s] INFO:colcon.colcon_core.shell:Creating environment descriptor '/home/r1mini/sungsik_ws/install/hrdp_sensors_beta/share/hrdp_sensors_beta/hook/ament_prefix_path.dsv'
[42.912s] INFO:colcon.colcon_core.shell:Creating environment hook '/home/r1mini/sungsik_ws/install/hrdp_sensors_beta/share/hrdp_sensors_beta/hook/ament_prefix_path.sh'
[42.960s] INFO:colcon.colcon_core.shell:Skip shell extension 'powershell' for command environment: Not usable outside of PowerShell
[42.962s] DEBUG:colcon.colcon_core.shell:Skip shell extension 'dsv' for command environment
[43.297s] Level 1:colcon.colcon_core.shell:create_environment_hook('hrdp_perception_beta', 'pythonpath_develop')
[43.306s] DEBUG:colcon.colcon_core.event_handler.log_command:Invoked command in '/home/r1mini/sungsik_ws/build/hrdp_perception_beta' returned '0': PYTHONPATH=/home/r1mini/sungsik_ws/build/hrdp_perception_beta/prefix_override:/home/r1mini/sungsik_ws/install/hrdp_perception_beta/lib/python3.8/site-packages:${PYTHONPATH} /usr/bin/python3 setup.py develop --editable --build-directory /home/r1mini/sungsik_ws/build/hrdp_perception_beta/build --no-deps install_data
[43.362s] INFO:colcon.colcon_core.shell:Creating environment hook '/home/r1mini/sungsik_ws/build/hrdp_perception_beta/share/hrdp_perception_beta/hook/pythonpath_develop.ps1'
[43.374s] INFO:colcon.colcon_core.shell:Creating environment descriptor '/home/r1mini/sungsik_ws/build/hrdp_perception_beta/share/hrdp_perception_beta/hook/pythonpath_develop.dsv'
[43.381s] INFO:colcon.colcon_core.shell:Creating environment hook '/home/r1mini/sungsik_ws/build/hrdp_perception_beta/share/hrdp_perception_beta/hook/pythonpath_develop.sh'
[43.434s] Level 1:colcon.colcon_core.environment:checking '/home/r1mini/sungsik_ws/install/hrdp_perception_beta' for CMake module files
[43.440s] Level 1:colcon.colcon_core.environment:checking '/home/r1mini/sungsik_ws/install/hrdp_perception_beta' for CMake config files
[43.447s] Level 1:colcon.colcon_core.environment:checking '/home/r1mini/sungsik_ws/install/hrdp_perception_beta/lib'
[43.449s] Level 1:colcon.colcon_core.environment:checking '/home/r1mini/sungsik_ws/install/hrdp_perception_beta/bin'
[43.451s] Level 1:colcon.colcon_core.environment:checking '/home/r1mini/sungsik_ws/install/hrdp_perception_beta/lib/pkgconfig/hrdp_perception_beta.pc'
[43.454s] Level 1:colcon.colcon_core.environment:checking '/home/r1mini/sungsik_ws/install/hrdp_perception_beta/lib/python3.8/site-packages'
[43.455s] Level 1:colcon.colcon_core.shell:create_environment_hook('hrdp_perception_beta', 'pythonpath')
[43.484s] INFO:colcon.colcon_core.shell:Creating environment hook '/home/r1mini/sungsik_ws/install/hrdp_perception_beta/share/hrdp_perception_beta/hook/pythonpath.ps1'
[43.496s] INFO:colcon.colcon_core.shell:Creating environment descriptor '/home/r1mini/sungsik_ws/install/hrdp_perception_beta/share/hrdp_perception_beta/hook/pythonpath.dsv'
[43.502s] INFO:colcon.colcon_core.shell:Creating environment hook '/home/r1mini/sungsik_ws/install/hrdp_perception_beta/share/hrdp_perception_beta/hook/pythonpath.sh'
[43.514s] Level 1:colcon.colcon_core.environment:checking '/home/r1mini/sungsik_ws/install/hrdp_perception_beta/bin'
[43.516s] Level 1:colcon.colcon_core.environment:create_environment_scripts_only(hrdp_perception_beta)
[43.549s] INFO:colcon.colcon_core.shell:Creating package script '/home/r1mini/sungsik_ws/install/hrdp_perception_beta/share/hrdp_perception_beta/package.ps1'
[43.558s] INFO:colcon.colcon_core.shell:Creating package descriptor '/home/r1mini/sungsik_ws/install/hrdp_perception_beta/share/hrdp_perception_beta/package.dsv'
[43.566s] INFO:colcon.colcon_core.shell:Creating package script '/home/r1mini/sungsik_ws/install/hrdp_perception_beta/share/hrdp_perception_beta/package.sh'
[43.573s] INFO:colcon.colcon_core.shell:Creating package script '/home/r1mini/sungsik_ws/install/hrdp_perception_beta/share/hrdp_perception_beta/package.bash'
[43.579s] INFO:colcon.colcon_core.shell:Creating package script '/home/r1mini/sungsik_ws/install/hrdp_perception_beta/share/hrdp_perception_beta/package.zsh'
[43.589s] Level 1:colcon.colcon_core.environment:create_file_with_runtime_dependencies(/home/r1mini/sungsik_ws/install/hrdp_perception_beta/share/colcon-core/packages/hrdp_perception_beta)
[43.624s] Level 1:colcon.colcon_core.shell:create_environment_hook('hrdp_actuators_beta', 'pythonpath_develop')
[43.629s] DEBUG:colcon.colcon_core.event_handler.log_command:Invoked command in '/home/r1mini/sungsik_ws/build/hrdp_actuators_beta' returned '0': PYTHONPATH=/home/r1mini/sungsik_ws/build/hrdp_actuators_beta/prefix_override:/home/r1mini/sungsik_ws/install/hrdp_actuators_beta/lib/python3.8/site-packages:${PYTHONPATH} /usr/bin/python3 setup.py develop --editable --build-directory /home/r1mini/sungsik_ws/build/hrdp_actuators_beta/build --no-deps install_data
[43.670s] INFO:colcon.colcon_core.shell:Creating environment hook '/home/r1mini/sungsik_ws/build/hrdp_actuators_beta/share/hrdp_actuators_beta/hook/pythonpath_develop.ps1'
[43.676s] INFO:colcon.colcon_core.shell:Creating environment descriptor '/home/r1mini/sungsik_ws/build/hrdp_actuators_beta/share/hrdp_actuators_beta/hook/pythonpath_develop.dsv'
[43.685s] INFO:colcon.colcon_core.shell:Creating environment hook '/home/r1mini/sungsik_ws/build/hrdp_actuators_beta/share/hrdp_actuators_beta/hook/pythonpath_develop.sh'
[43.737s] Level 1:colcon.colcon_core.environment:checking '/home/r1mini/sungsik_ws/install/hrdp_actuators_beta' for CMake module files
[43.745s] Level 1:colcon.colcon_core.environment:checking '/home/r1mini/sungsik_ws/install/hrdp_actuators_beta' for CMake config files
[43.753s] Level 1:colcon.colcon_core.environment:checking '/home/r1mini/sungsik_ws/install/hrdp_actuators_beta/lib'
[43.755s] Level 1:colcon.colcon_core.environment:checking '/home/r1mini/sungsik_ws/install/hrdp_actuators_beta/bin'
[43.758s] Level 1:colcon.colcon_core.environment:checking '/home/r1mini/sungsik_ws/install/hrdp_actuators_beta/lib/pkgconfig/hrdp_actuators_beta.pc'
[43.762s] Level 1:colcon.colcon_core.environment:checking '/home/r1mini/sungsik_ws/install/hrdp_actuators_beta/lib/python3.8/site-packages'
[43.764s] Level 1:colcon.colcon_core.shell:create_environment_hook('hrdp_actuators_beta', 'pythonpath')
[43.788s] INFO:colcon.colcon_core.shell:Creating environment hook '/home/r1mini/sungsik_ws/install/hrdp_actuators_beta/share/hrdp_actuators_beta/hook/pythonpath.ps1'
[43.806s] INFO:colcon.colcon_core.shell:Creating environment descriptor '/home/r1mini/sungsik_ws/install/hrdp_actuators_beta/share/hrdp_actuators_beta/hook/pythonpath.dsv'
[43.813s] INFO:colcon.colcon_core.shell:Creating environment hook '/home/r1mini/sungsik_ws/install/hrdp_actuators_beta/share/hrdp_actuators_beta/hook/pythonpath.sh'
[43.822s] Level 1:colcon.colcon_core.environment:checking '/home/r1mini/sungsik_ws/install/hrdp_actuators_beta/bin'
[43.825s] Level 1:colcon.colcon_core.environment:create_environment_scripts_only(hrdp_actuators_beta)
[43.860s] INFO:colcon.colcon_core.shell:Creating package script '/home/r1mini/sungsik_ws/install/hrdp_actuators_beta/share/hrdp_actuators_beta/package.ps1'
[43.871s] INFO:colcon.colcon_core.shell:Creating package descriptor '/home/r1mini/sungsik_ws/install/hrdp_actuators_beta/share/hrdp_actuators_beta/package.dsv'
[43.879s] INFO:colcon.colcon_core.shell:Creating package script '/home/r1mini/sungsik_ws/install/hrdp_actuators_beta/share/hrdp_actuators_beta/package.sh'
[43.888s] INFO:colcon.colcon_core.shell:Creating package script '/home/r1mini/sungsik_ws/install/hrdp_actuators_beta/share/hrdp_actuators_beta/package.bash'
[43.902s] INFO:colcon.colcon_core.shell:Creating package script '/home/r1mini/sungsik_ws/install/hrdp_actuators_beta/share/hrdp_actuators_beta/package.zsh'
[43.908s] Level 1:colcon.colcon_core.environment:create_file_with_runtime_dependencies(/home/r1mini/sungsik_ws/install/hrdp_actuators_beta/share/colcon-core/packages/hrdp_actuators_beta)
[47.355s] INFO:colcon.colcon_core.task.python.build:Building Python package in '/home/r1mini/sungsik_ws/src/hrdp_sensors_beta'
[47.371s] INFO:colcon.colcon_core.shell:Skip shell extension 'powershell' for command environment: Not usable outside of PowerShell
[47.372s] DEBUG:colcon.colcon_core.shell:Skip shell extension 'dsv' for command environment
[47.466s] Level 1:colcon.colcon_core.shell:create_environment_hook('hrdp_core_beta', 'pythonpath_develop')
[47.488s] INFO:colcon.colcon_core.shell:Creating environment hook '/home/r1mini/sungsik_ws/build/hrdp_core_beta/share/hrdp_core_beta/hook/pythonpath_develop.ps1'
[47.491s] DEBUG:colcon.colcon_core.event_handler.log_command:Invoked command in '/home/r1mini/sungsik_ws/build/hrdp_core_beta' returned '0': PYTHONPATH=/home/r1mini/sungsik_ws/build/hrdp_core_beta/prefix_override:/home/r1mini/sungsik_ws/install/hrdp_core_beta/lib/python3.8/site-packages:${PYTHONPATH} /usr/bin/python3 setup.py develop --editable --build-directory /home/r1mini/sungsik_ws/build/hrdp_core_beta/build --no-deps install_data
[47.500s] INFO:colcon.colcon_core.shell:Creating environment descriptor '/home/r1mini/sungsik_ws/build/hrdp_core_beta/share/hrdp_core_beta/hook/pythonpath_develop.dsv'
[47.507s] INFO:colcon.colcon_core.shell:Creating environment hook '/home/r1mini/sungsik_ws/build/hrdp_core_beta/share/hrdp_core_beta/hook/pythonpath_develop.sh'
[47.535s] Level 1:colcon.colcon_core.environment:checking '/home/r1mini/sungsik_ws/install/hrdp_core_beta' for CMake module files
[47.542s] Level 1:colcon.colcon_core.environment:checking '/home/r1mini/sungsik_ws/install/hrdp_core_beta' for CMake config files
[47.548s] Level 1:colcon.colcon_core.environment:checking '/home/r1mini/sungsik_ws/install/hrdp_core_beta/lib'
[47.550s] Level 1:colcon.colcon_core.environment:checking '/home/r1mini/sungsik_ws/install/hrdp_core_beta/bin'
[47.550s] Level 1:colcon.colcon_core.environment:checking '/home/r1mini/sungsik_ws/install/hrdp_core_beta/lib/pkgconfig/hrdp_core_beta.pc'
[47.552s] Level 1:colcon.colcon_core.environment:checking '/home/r1mini/sungsik_ws/install/hrdp_core_beta/lib/python3.8/site-packages'
[47.553s] Level 1:colcon.colcon_core.shell:create_environment_hook('hrdp_core_beta', 'pythonpath')
[47.566s] INFO:colcon.colcon_core.shell:Creating environment hook '/home/r1mini/sungsik_ws/install/hrdp_core_beta/share/hrdp_core_beta/hook/pythonpath.ps1'
[47.571s] INFO:colcon.colcon_core.shell:Creating environment descriptor '/home/r1mini/sungsik_ws/install/hrdp_core_beta/share/hrdp_core_beta/hook/pythonpath.dsv'
[47.575s] INFO:colcon.colcon_core.shell:Creating environment hook '/home/r1mini/sungsik_ws/install/hrdp_core_beta/share/hrdp_core_beta/hook/pythonpath.sh'
[47.579s] Level 1:colcon.colcon_core.environment:checking '/home/r1mini/sungsik_ws/install/hrdp_core_beta/bin'
[47.580s] Level 1:colcon.colcon_core.environment:create_environment_scripts_only(hrdp_core_beta)
[47.595s] INFO:colcon.colcon_core.shell:Creating package script '/home/r1mini/sungsik_ws/install/hrdp_core_beta/share/hrdp_core_beta/package.ps1'
[47.600s] INFO:colcon.colcon_core.shell:Creating package descriptor '/home/r1mini/sungsik_ws/install/hrdp_core_beta/share/hrdp_core_beta/package.dsv'
[47.605s] INFO:colcon.colcon_core.shell:Creating package script '/home/r1mini/sungsik_ws/install/hrdp_core_beta/share/hrdp_core_beta/package.sh'
[47.611s] INFO:colcon.colcon_core.shell:Creating package script '/home/r1mini/sungsik_ws/install/hrdp_core_beta/share/hrdp_core_beta/package.bash'
[47.615s] INFO:colcon.colcon_core.shell:Creating package script '/home/r1mini/sungsik_ws/install/hrdp_core_beta/share/hrdp_core_beta/package.zsh'
[47.618s] Level 1:colcon.colcon_core.environment:create_file_with_runtime_dependencies(/home/r1mini/sungsik_ws/install/hrdp_core_beta/share/colcon-core/packages/hrdp_core_beta)
[52.933s] DEBUG:colcon.colcon_core.event_handler.log_command:Invoking command in '/home/r1mini/sungsik_ws/build/hrdp_sensors_beta': PYTHONPATH=/home/r1mini/sungsik_ws/build/hrdp_sensors_beta/prefix_override:/home/r1mini/sungsik_ws/install/hrdp_sensors_beta/lib/python3.8/site-packages:${PYTHONPATH} /usr/bin/python3 setup.py develop --editable --build-directory /home/r1mini/sungsik_ws/build/hrdp_sensors_beta/build --no-deps install_data
[58.968s] Level 1:colcon.colcon_core.shell:create_environment_hook('hrdp_sensors_beta', 'pythonpath_develop')
[58.982s] DEBUG:colcon.colcon_core.event_handler.log_command:Invoked command in '/home/r1mini/sungsik_ws/build/hrdp_sensors_beta' returned '0': PYTHONPATH=/home/r1mini/sungsik_ws/build/hrdp_sensors_beta/prefix_override:/home/r1mini/sungsik_ws/install/hrdp_sensors_beta/lib/python3.8/site-packages:${PYTHONPATH} /usr/bin/python3 setup.py develop --editable --build-directory /home/r1mini/sungsik_ws/build/hrdp_sensors_beta/build --no-deps install_data
[58.988s] INFO:colcon.colcon_core.shell:Creating environment hook '/home/r1mini/sungsik_ws/build/hrdp_sensors_beta/share/hrdp_sensors_beta/hook/pythonpath_develop.ps1'
[58.995s] INFO:colcon.colcon_core.shell:Creating environment descriptor '/home/r1mini/sungsik_ws/build/hrdp_sensors_beta/share/hrdp_sensors_beta/hook/pythonpath_develop.dsv'
[58.999s] INFO:colcon.colcon_core.shell:Creating environment hook '/home/r1mini/sungsik_ws/build/hrdp_sensors_beta/share/hrdp_sensors_beta/hook/pythonpath_develop.sh'
[59.029s] Level 1:colcon.colcon_core.environment:checking '/home/r1mini/sungsik_ws/install/hrdp_sensors_beta' for CMake module files
[59.038s] Level 1:colcon.colcon_core.environment:checking '/home/r1mini/sungsik_ws/install/hrdp_sensors_beta' for CMake config files
[59.045s] Level 1:colcon.colcon_core.environment:checking '/home/r1mini/sungsik_ws/install/hrdp_sensors_beta/lib'
[59.046s] Level 1:colcon.colcon_core.environment:checking '/home/r1mini/sungsik_ws/install/hrdp_sensors_beta/bin'
[59.047s] Level 1:colcon.colcon_core.environment:checking '/home/r1mini/sungsik_ws/install/hrdp_sensors_beta/lib/pkgconfig/hrdp_sensors_beta.pc'
[59.050s] Level 1:colcon.colcon_core.environment:checking '/home/r1mini/sungsik_ws/install/hrdp_sensors_beta/lib/python3.8/site-packages'
[59.051s] Level 1:colcon.colcon_core.shell:create_environment_hook('hrdp_sensors_beta', 'pythonpath')
[59.072s] INFO:colcon.colcon_core.shell:Creating environment hook '/home/r1mini/sungsik_ws/install/hrdp_sensors_beta/share/hrdp_sensors_beta/hook/pythonpath.ps1'
[59.079s] INFO:colcon.colcon_core.shell:Creating environment descriptor '/home/r1mini/sungsik_ws/install/hrdp_sensors_beta/share/hrdp_sensors_beta/hook/pythonpath.dsv'
[59.085s] INFO:colcon.colcon_core.shell:Creating environment hook '/home/r1mini/sungsik_ws/install/hrdp_sensors_beta/share/hrdp_sensors_beta/hook/pythonpath.sh'
[59.093s] Level 1:colcon.colcon_core.environment:checking '/home/r1mini/sungsik_ws/install/hrdp_sensors_beta/bin'
[59.097s] Level 1:colcon.colcon_core.environment:create_environment_scripts_only(hrdp_sensors_beta)
[59.126s] INFO:colcon.colcon_core.shell:Creating package script '/home/r1mini/sungsik_ws/install/hrdp_sensors_beta/share/hrdp_sensors_beta/package.ps1'
[59.135s] INFO:colcon.colcon_core.shell:Creating package descriptor '/home/r1mini/sungsik_ws/install/hrdp_sensors_beta/share/hrdp_sensors_beta/package.dsv'
[59.144s] INFO:colcon.colcon_core.shell:Creating package script '/home/r1mini/sungsik_ws/install/hrdp_sensors_beta/share/hrdp_sensors_beta/package.sh'
[59.155s] INFO:colcon.colcon_core.shell:Creating package script '/home/r1mini/sungsik_ws/install/hrdp_sensors_beta/share/hrdp_sensors_beta/package.bash'
[59.159s] INFO:colcon.colcon_core.shell:Creating package script '/home/r1mini/sungsik_ws/install/hrdp_sensors_beta/share/hrdp_sensors_beta/package.zsh'
[59.164s] Level 1:colcon.colcon_core.environment:create_file_with_runtime_dependencies(/home/r1mini/sungsik_ws/install/hrdp_sensors_beta/share/colcon-core/packages/hrdp_sensors_beta)
[59.168s] DEBUG:colcon.colcon_parallel_executor.executor.parallel:closing loop
[59.171s] DEBUG:colcon.colcon_parallel_executor.executor.parallel:loop closed
[59.172s] DEBUG:colcon.colcon_parallel_executor.executor.parallel:run_until_complete finished with '0'
[59.174s] DEBUG:colcon.colcon_core.event_reactor:joining thread
[59.370s] INFO:colcon.colcon_core.plugin_system:Skipping extension 'colcon_notification.desktop_notification.terminal_notifier': Not used on non-Darwin systems
[59.371s] INFO:colcon.colcon_core.plugin_system:Skipping extension 'colcon_notification.desktop_notification.win32': Not used on non-Windows systems
[59.372s] INFO:colcon.colcon_notification.desktop_notification:Sending desktop notification using 'notify2'
[59.416s] DEBUG:colcon.colcon_core.event_reactor:joined thread
[59.440s] INFO:colcon.colcon_core.shell:Creating prefix script '/home/r1mini/sungsik_ws/install/local_setup.ps1'
[59.460s] INFO:colcon.colcon_core.shell:Creating prefix util module '/home/r1mini/sungsik_ws/install/_local_setup_util_ps1.py'
[59.481s] INFO:colcon.colcon_core.shell:Creating prefix chain script '/home/r1mini/sungsik_ws/install/setup.ps1'
[59.520s] INFO:colcon.colcon_core.shell:Creating prefix script '/home/r1mini/sungsik_ws/install/local_setup.sh'
[59.527s] INFO:colcon.colcon_core.shell:Creating prefix util module '/home/r1mini/sungsik_ws/install/_local_setup_util_sh.py'
[59.531s] INFO:colcon.colcon_core.shell:Creating prefix chain script '/home/r1mini/sungsik_ws/install/setup.sh'
[59.552s] INFO:colcon.colcon_core.shell:Creating prefix script '/home/r1mini/sungsik_ws/install/local_setup.bash'
[59.560s] INFO:colcon.colcon_core.shell:Creating prefix chain script '/home/r1mini/sungsik_ws/install/setup.bash'
[59.581s] INFO:colcon.colcon_core.shell:Creating prefix script '/home/r1mini/sungsik_ws/install/local_setup.zsh'
[59.587s] INFO:colcon.colcon_core.shell:Creating prefix chain script '/home/r1mini/sungsik_ws/install/setup.zsh'
