[0.518s] Invoking command in '/home/r1mini/sungsik_ws/build/hrdp_perception': CMAKE_PREFIX_PATH=/home/r1mini/sungsik_ws/install/hrdp_beta_actions:/home/r1mini/sungsik_ws/install/hrdp_sensors:/home/r1mini/sungsik_ws/install/hrdp_perception:/home/r1mini/sungsik_ws/install/hrdp_human_interfaces:/home/r1mini/sungsik_ws/install/hrdp_beta:/home/r1mini/sungsik_ws/install/hrdp_actuators:/home/r1mini/ros2_ws/install/ydlidar_sdk:/home/r1mini/ros2_ws/install/ydlidar_ros2_driver:/home/r1mini/ros2_ws/install/omo_r1mini:/home/r1mini/ros2_ws/install/omo_r1mini_navigation2:/home/r1mini/ros2_ws/install/omo_r1mini_gazebo:/home/r1mini/ros2_ws/install/omo_r1mini_description:/home/r1mini/ros2_ws/install/omo_r1mini_cartographer:/home/r1mini/ros2_ws/install/omo_r1mini_teleop:/home/r1mini/ros2_ws/install/omo_r1mini_bringup:/opt/ros/foxy /usr/bin/cmake --build /home/r1mini/sungsik_ws/build/hrdp_perception -- -j4 -l4
[0.938s] Invoked command in '/home/r1mini/sungsik_ws/build/hrdp_perception' returned '0': CMAKE_PREFIX_PATH=/home/r1mini/sungsik_ws/install/hrdp_beta_actions:/home/r1mini/sungsik_ws/install/hrdp_sensors:/home/r1mini/sungsik_ws/install/hrdp_perception:/home/r1mini/sungsik_ws/install/hrdp_human_interfaces:/home/r1mini/sungsik_ws/install/hrdp_beta:/home/r1mini/sungsik_ws/install/hrdp_actuators:/home/r1mini/ros2_ws/install/ydlidar_sdk:/home/r1mini/ros2_ws/install/ydlidar_ros2_driver:/home/r1mini/ros2_ws/install/omo_r1mini:/home/r1mini/ros2_ws/install/omo_r1mini_navigation2:/home/r1mini/ros2_ws/install/omo_r1mini_gazebo:/home/r1mini/ros2_ws/install/omo_r1mini_description:/home/r1mini/ros2_ws/install/omo_r1mini_cartographer:/home/r1mini/ros2_ws/install/omo_r1mini_teleop:/home/r1mini/ros2_ws/install/omo_r1mini_bringup:/opt/ros/foxy /usr/bin/cmake --build /home/r1mini/sungsik_ws/build/hrdp_perception -- -j4 -l4
[1.282s] Invoking command in '/home/r1mini/sungsik_ws/build/hrdp_perception': CMAKE_PREFIX_PATH=/home/r1mini/sungsik_ws/install/hrdp_beta_actions:/home/r1mini/sungsik_ws/install/hrdp_sensors:/home/r1mini/sungsik_ws/install/hrdp_perception:/home/r1mini/sungsik_ws/install/hrdp_human_interfaces:/home/r1mini/sungsik_ws/install/hrdp_beta:/home/r1mini/sungsik_ws/install/hrdp_actuators:/home/r1mini/ros2_ws/install/ydlidar_sdk:/home/r1mini/ros2_ws/install/ydlidar_ros2_driver:/home/r1mini/ros2_ws/install/omo_r1mini:/home/r1mini/ros2_ws/install/omo_r1mini_navigation2:/home/r1mini/ros2_ws/install/omo_r1mini_gazebo:/home/r1mini/ros2_ws/install/omo_r1mini_description:/home/r1mini/ros2_ws/install/omo_r1mini_cartographer:/home/r1mini/ros2_ws/install/omo_r1mini_teleop:/home/r1mini/ros2_ws/install/omo_r1mini_bringup:/opt/ros/foxy /usr/bin/cmake --install /home/r1mini/sungsik_ws/build/hrdp_perception
[1.381s] -- Install configuration: ""
[1.385s] -- Up-to-date: /home/r1mini/sungsik_ws/install/hrdp_perception/share/hrdp_perception/environment/pythonpath.sh
[1.387s] -- Up-to-date: /home/r1mini/sungsik_ws/install/hrdp_perception/share/hrdp_perception/environment/pythonpath.dsv
[1.388s] -- Up-to-date: /home/r1mini/sungsik_ws/install/hrdp_perception/lib/python3.8/site-packages/hrdp_perception
[1.389s] -- Up-to-date: /home/r1mini/sungsik_ws/install/hrdp_perception/lib/python3.8/site-packages/hrdp_perception/__init__.py
[1.777s] Listing '/home/r1mini/sungsik_ws/install/hrdp_perception/lib/python3.8/site-packages/hrdp_perception'...
[1.874s] -- Installing: /home/r1mini/sungsik_ws/install/hrdp_perception/lib/hrdp_perception/face_detection.py
[1.879s] -- Up-to-date: /home/r1mini/sungsik_ws/install/hrdp_perception/share/ament_index/resource_index/package_run_dependencies/hrdp_perception
[1.882s] -- Up-to-date: /home/r1mini/sungsik_ws/install/hrdp_perception/share/ament_index/resource_index/parent_prefix_path/hrdp_perception
[1.887s] -- Up-to-date: /home/r1mini/sungsik_ws/install/hrdp_perception/share/hrdp_perception/environment/ament_prefix_path.sh
[1.889s] -- Up-to-date: /home/r1mini/sungsik_ws/install/hrdp_perception/share/hrdp_perception/environment/ament_prefix_path.dsv
[1.891s] -- Up-to-date: /home/r1mini/sungsik_ws/install/hrdp_perception/share/hrdp_perception/environment/path.sh
[1.894s] -- Up-to-date: /home/r1mini/sungsik_ws/install/hrdp_perception/share/hrdp_perception/environment/path.dsv
[1.897s] -- Up-to-date: /home/r1mini/sungsik_ws/install/hrdp_perception/share/hrdp_perception/local_setup.bash
[1.899s] -- Up-to-date: /home/r1mini/sungsik_ws/install/hrdp_perception/share/hrdp_perception/local_setup.sh
[1.913s] -- Up-to-date: /home/r1mini/sungsik_ws/install/hrdp_perception/share/hrdp_perception/local_setup.zsh
[1.916s] -- Up-to-date: /home/r1mini/sungsik_ws/install/hrdp_perception/share/hrdp_perception/local_setup.dsv
[1.919s] -- Installing: /home/r1mini/sungsik_ws/install/hrdp_perception/share/hrdp_perception/package.dsv
[1.925s] -- Up-to-date: /home/r1mini/sungsik_ws/install/hrdp_perception/share/ament_index/resource_index/packages/hrdp_perception
[1.927s] -- Up-to-date: /home/r1mini/sungsik_ws/install/hrdp_perception/share/hrdp_perception/cmake/hrdp_perceptionConfig.cmake
[1.940s] -- Up-to-date: /home/r1mini/sungsik_ws/install/hrdp_perception/share/hrdp_perception/cmake/hrdp_perceptionConfig-version.cmake
[1.945s] -- Up-to-date: /home/r1mini/sungsik_ws/install/hrdp_perception/share/hrdp_perception/package.xml
[1.954s] Invoked command in '/home/r1mini/sungsik_ws/build/hrdp_perception' returned '0': CMAKE_PREFIX_PATH=/home/r1mini/sungsik_ws/install/hrdp_beta_actions:/home/r1mini/sungsik_ws/install/hrdp_sensors:/home/r1mini/sungsik_ws/install/hrdp_perception:/home/r1mini/sungsik_ws/install/hrdp_human_interfaces:/home/r1mini/sungsik_ws/install/hrdp_beta:/home/r1mini/sungsik_ws/install/hrdp_actuators:/home/r1mini/ros2_ws/install/ydlidar_sdk:/home/r1mini/ros2_ws/install/ydlidar_ros2_driver:/home/r1mini/ros2_ws/install/omo_r1mini:/home/r1mini/ros2_ws/install/omo_r1mini_navigation2:/home/r1mini/ros2_ws/install/omo_r1mini_gazebo:/home/r1mini/ros2_ws/install/omo_r1mini_description:/home/r1mini/ros2_ws/install/omo_r1mini_cartographer:/home/r1mini/ros2_ws/install/omo_r1mini_teleop:/home/r1mini/ros2_ws/install/omo_r1mini_bringup:/opt/ros/foxy /usr/bin/cmake --install /home/r1mini/sungsik_ws/build/hrdp_perception
