[2.626s] DEBUG:colcon:Command line arguments: ['/usr/bin/colcon', 'build', '--packages-select', 'hrdp_perception']
[2.627s] DEBUG:colcon:Parsed command line arguments: Namespace(allow_overriding=[], ament_cmake_args=None, base_paths=['.'], build_base='build', catkin_cmake_args=None, catkin_skip_building_tests=False, cmake_args=None, cmake_clean_cache=False, cmake_clean_first=False, cmake_force_configure=False, cmake_target=None, cmake_target_skip_unavailable=False, continue_on_error=False, event_handlers=None, executor='parallel', ignore_user_meta=False, install_base='install', log_base=None, log_level=None, main=<bound method BuildVerb.main of <colcon_core.verb.build.BuildVerb object at 0x7f91ec6700>>, merge_install=False, metas=['./colcon.meta'], packages_above=None, packages_above_and_dependencies=None, packages_above_depth=None, packages_end=None, packages_ignore=None, packages_ignore_regex=None, packages_select=['hrdp_perception'], packages_select_build_failed=False, packages_select_by_dep=None, packages_select_regex=None, packages_select_test_failures=False, packages_skip=None, packages_skip_build_finished=False, packages_skip_by_dep=None, packages_skip_regex=None, packages_skip_test_passed=False, packages_skip_up_to=None, packages_start=None, packages_up_to=None, packages_up_to_regex=None, parallel_workers=4, paths=None, symlink_install=False, test_result_base=None, verb_extension=<colcon_core.verb.build.BuildVerb object at 0x7f91ec6700>, verb_name='build', verb_parser=<colcon_defaults.argument_parser.defaults.DefaultArgumentsDecorator object at 0x7f91dd5ca0>)
[3.130s] Level 1:colcon.colcon_core.package_discovery:discover_packages(colcon_meta) check parameters
[3.132s] Level 1:colcon.colcon_core.package_discovery:discover_packages(recursive) check parameters
[3.138s] Level 1:colcon.colcon_core.package_discovery:discover_packages(ignore) check parameters
[3.138s] Level 1:colcon.colcon_core.package_discovery:discover_packages(path) check parameters
[3.139s] Level 1:colcon.colcon_core.package_discovery:discover_packages(colcon_meta) discover
[3.140s] Level 1:colcon.colcon_core.package_discovery:discover_packages(recursive) discover
[3.140s] INFO:colcon.colcon_core.package_discovery:Crawling recursively for packages in '/home/r1mini/sungsik_ws'
[3.142s] Level 1:colcon.colcon_core.package_identification:_identify(.) by extensions ['ignore', 'ignore_ament_install']
[3.143s] Level 1:colcon.colcon_core.package_identification:_identify(.) by extension 'ignore'
[3.143s] Level 1:colcon.colcon_core.package_identification:_identify(.) by extension 'ignore_ament_install'
[3.144s] Level 1:colcon.colcon_core.package_identification:_identify(.) by extensions ['colcon_pkg']
[3.144s] Level 1:colcon.colcon_core.package_identification:_identify(.) by extension 'colcon_pkg'
[3.145s] Level 1:colcon.colcon_core.package_identification:_identify(.) by extensions ['colcon_meta']
[3.145s] Level 1:colcon.colcon_core.package_identification:_identify(.) by extension 'colcon_meta'
[3.145s] Level 1:colcon.colcon_core.package_identification:_identify(.) by extensions ['ros']
[3.145s] Level 1:colcon.colcon_core.package_identification:_identify(.) by extension 'ros'
[3.258s] Level 1:colcon.colcon_core.package_identification:_identify(.) by extensions ['cmake', 'python']
[3.259s] Level 1:colcon.colcon_core.package_identification:_identify(.) by extension 'cmake'
[3.260s] Level 1:colcon.colcon_core.package_identification:_identify(.) by extension 'python'
[3.260s] Level 1:colcon.colcon_core.package_identification:_identify(.) by extensions ['python_setup_py']
[3.260s] Level 1:colcon.colcon_core.package_identification:_identify(.) by extension 'python_setup_py'
[3.261s] Level 1:colcon.colcon_core.package_identification:_identify(build) by extensions ['ignore', 'ignore_ament_install']
[3.263s] Level 1:colcon.colcon_core.package_identification:_identify(build) by extension 'ignore'
[3.264s] Level 1:colcon.colcon_core.package_identification:_identify(build) ignored
[3.265s] Level 1:colcon.colcon_core.package_identification:_identify(install) by extensions ['ignore', 'ignore_ament_install']
[3.266s] Level 1:colcon.colcon_core.package_identification:_identify(install) by extension 'ignore'
[3.267s] Level 1:colcon.colcon_core.package_identification:_identify(install) ignored
[3.268s] Level 1:colcon.colcon_core.package_identification:_identify(log) by extensions ['ignore', 'ignore_ament_install']
[3.269s] Level 1:colcon.colcon_core.package_identification:_identify(log) by extension 'ignore'
[3.269s] Level 1:colcon.colcon_core.package_identification:_identify(log) ignored
[3.270s] Level 1:colcon.colcon_core.package_identification:_identify(src) by extensions ['ignore', 'ignore_ament_install']
[3.270s] Level 1:colcon.colcon_core.package_identification:_identify(src) by extension 'ignore'
[3.271s] Level 1:colcon.colcon_core.package_identification:_identify(src) by extension 'ignore_ament_install'
[3.271s] Level 1:colcon.colcon_core.package_identification:_identify(src) by extensions ['colcon_pkg']
[3.272s] Level 1:colcon.colcon_core.package_identification:_identify(src) by extension 'colcon_pkg'
[3.272s] Level 1:colcon.colcon_core.package_identification:_identify(src) by extensions ['colcon_meta']
[3.272s] Level 1:colcon.colcon_core.package_identification:_identify(src) by extension 'colcon_meta'
[3.273s] Level 1:colcon.colcon_core.package_identification:_identify(src) by extensions ['ros']
[3.273s] Level 1:colcon.colcon_core.package_identification:_identify(src) by extension 'ros'
[3.273s] Level 1:colcon.colcon_core.package_identification:_identify(src) by extensions ['cmake', 'python']
[3.274s] Level 1:colcon.colcon_core.package_identification:_identify(src) by extension 'cmake'
[3.274s] Level 1:colcon.colcon_core.package_identification:_identify(src) by extension 'python'
[3.274s] Level 1:colcon.colcon_core.package_identification:_identify(src) by extensions ['python_setup_py']
[3.274s] Level 1:colcon.colcon_core.package_identification:_identify(src) by extension 'python_setup_py'
[3.275s] Level 1:colcon.colcon_core.package_identification:_identify(src/hrdp_actuators) by extensions ['ignore', 'ignore_ament_install']
[3.276s] Level 1:colcon.colcon_core.package_identification:_identify(src/hrdp_actuators) by extension 'ignore'
[3.276s] Level 1:colcon.colcon_core.package_identification:_identify(src/hrdp_actuators) by extension 'ignore_ament_install'
[3.277s] Level 1:colcon.colcon_core.package_identification:_identify(src/hrdp_actuators) by extensions ['colcon_pkg']
[3.277s] Level 1:colcon.colcon_core.package_identification:_identify(src/hrdp_actuators) by extension 'colcon_pkg'
[3.277s] Level 1:colcon.colcon_core.package_identification:_identify(src/hrdp_actuators) by extensions ['colcon_meta']
[3.278s] Level 1:colcon.colcon_core.package_identification:_identify(src/hrdp_actuators) by extension 'colcon_meta'
[3.278s] Level 1:colcon.colcon_core.package_identification:_identify(src/hrdp_actuators) by extensions ['ros']
[3.278s] Level 1:colcon.colcon_core.package_identification:_identify(src/hrdp_actuators) by extension 'ros'
[3.299s] DEBUG:colcon.colcon_core.package_identification:Package 'src/hrdp_actuators' with type 'ros.ament_cmake' and name 'hrdp_actuators'
[3.301s] Level 1:colcon.colcon_core.package_identification:_identify(src/hrdp_beta) by extensions ['ignore', 'ignore_ament_install']
[3.302s] Level 1:colcon.colcon_core.package_identification:_identify(src/hrdp_beta) by extension 'ignore'
[3.303s] Level 1:colcon.colcon_core.package_identification:_identify(src/hrdp_beta) by extension 'ignore_ament_install'
[3.304s] Level 1:colcon.colcon_core.package_identification:_identify(src/hrdp_beta) by extensions ['colcon_pkg']
[3.305s] Level 1:colcon.colcon_core.package_identification:_identify(src/hrdp_beta) by extension 'colcon_pkg'
[3.305s] Level 1:colcon.colcon_core.package_identification:_identify(src/hrdp_beta) by extensions ['colcon_meta']
[3.305s] Level 1:colcon.colcon_core.package_identification:_identify(src/hrdp_beta) by extension 'colcon_meta'
[3.306s] Level 1:colcon.colcon_core.package_identification:_identify(src/hrdp_beta) by extensions ['ros']
[3.306s] Level 1:colcon.colcon_core.package_identification:_identify(src/hrdp_beta) by extension 'ros'
[3.307s] Level 1:colcon.colcon_core.package_identification:_identify(src/hrdp_beta) by extensions ['cmake', 'python']
[3.307s] Level 1:colcon.colcon_core.package_identification:_identify(src/hrdp_beta) by extension 'cmake'
[3.315s] Level 1:colcon.colcon_core.package_identification:_identify(src/hrdp_beta) by extension 'python'
[3.316s] DEBUG:colcon.colcon_core.package_identification:Package 'src/hrdp_beta' with type 'cmake' and name 'hrdp_beta'
[3.317s] Level 1:colcon.colcon_core.package_identification:_identify(src/hrdp_beta_actions) by extensions ['ignore', 'ignore_ament_install']
[3.318s] Level 1:colcon.colcon_core.package_identification:_identify(src/hrdp_beta_actions) by extension 'ignore'
[3.318s] Level 1:colcon.colcon_core.package_identification:_identify(src/hrdp_beta_actions) by extension 'ignore_ament_install'
[3.319s] Level 1:colcon.colcon_core.package_identification:_identify(src/hrdp_beta_actions) by extensions ['colcon_pkg']
[3.319s] Level 1:colcon.colcon_core.package_identification:_identify(src/hrdp_beta_actions) by extension 'colcon_pkg'
[3.319s] Level 1:colcon.colcon_core.package_identification:_identify(src/hrdp_beta_actions) by extensions ['colcon_meta']
[3.320s] Level 1:colcon.colcon_core.package_identification:_identify(src/hrdp_beta_actions) by extension 'colcon_meta'
[3.320s] Level 1:colcon.colcon_core.package_identification:_identify(src/hrdp_beta_actions) by extensions ['ros']
[3.320s] Level 1:colcon.colcon_core.package_identification:_identify(src/hrdp_beta_actions) by extension 'ros'
[3.326s] DEBUG:colcon.colcon_core.package_identification:Package 'src/hrdp_beta_actions' with type 'ros.ament_cmake' and name 'hrdp_beta_actions'
[3.328s] Level 1:colcon.colcon_core.package_identification:_identify(src/hrdp_human_interfaces) by extensions ['ignore', 'ignore_ament_install']
[3.329s] Level 1:colcon.colcon_core.package_identification:_identify(src/hrdp_human_interfaces) by extension 'ignore'
[3.329s] Level 1:colcon.colcon_core.package_identification:_identify(src/hrdp_human_interfaces) by extension 'ignore_ament_install'
[3.330s] Level 1:colcon.colcon_core.package_identification:_identify(src/hrdp_human_interfaces) by extensions ['colcon_pkg']
[3.331s] Level 1:colcon.colcon_core.package_identification:_identify(src/hrdp_human_interfaces) by extension 'colcon_pkg'
[3.331s] Level 1:colcon.colcon_core.package_identification:_identify(src/hrdp_human_interfaces) by extensions ['colcon_meta']
[3.331s] Level 1:colcon.colcon_core.package_identification:_identify(src/hrdp_human_interfaces) by extension 'colcon_meta'
[3.332s] Level 1:colcon.colcon_core.package_identification:_identify(src/hrdp_human_interfaces) by extensions ['ros']
[3.332s] Level 1:colcon.colcon_core.package_identification:_identify(src/hrdp_human_interfaces) by extension 'ros'
[3.336s] DEBUG:colcon.colcon_core.package_identification:Package 'src/hrdp_human_interfaces' with type 'ros.ament_cmake' and name 'hrdp_human_interfaces'
[3.338s] Level 1:colcon.colcon_core.package_identification:_identify(src/hrdp_perception) by extensions ['ignore', 'ignore_ament_install']
[3.338s] Level 1:colcon.colcon_core.package_identification:_identify(src/hrdp_perception) by extension 'ignore'
[3.339s] Level 1:colcon.colcon_core.package_identification:_identify(src/hrdp_perception) by extension 'ignore_ament_install'
[3.340s] Level 1:colcon.colcon_core.package_identification:_identify(src/hrdp_perception) by extensions ['colcon_pkg']
[3.340s] Level 1:colcon.colcon_core.package_identification:_identify(src/hrdp_perception) by extension 'colcon_pkg'
[3.340s] Level 1:colcon.colcon_core.package_identification:_identify(src/hrdp_perception) by extensions ['colcon_meta']
[3.341s] Level 1:colcon.colcon_core.package_identification:_identify(src/hrdp_perception) by extension 'colcon_meta'
[3.341s] Level 1:colcon.colcon_core.package_identification:_identify(src/hrdp_perception) by extensions ['ros']
[3.341s] Level 1:colcon.colcon_core.package_identification:_identify(src/hrdp_perception) by extension 'ros'
[3.347s] DEBUG:colcon.colcon_core.package_identification:Package 'src/hrdp_perception' with type 'ros.ament_cmake' and name 'hrdp_perception'
[3.348s] Level 1:colcon.colcon_core.package_identification:_identify(src/hrdp_sensors) by extensions ['ignore', 'ignore_ament_install']
[3.349s] Level 1:colcon.colcon_core.package_identification:_identify(src/hrdp_sensors) by extension 'ignore'
[3.350s] Level 1:colcon.colcon_core.package_identification:_identify(src/hrdp_sensors) by extension 'ignore_ament_install'
[3.350s] Level 1:colcon.colcon_core.package_identification:_identify(src/hrdp_sensors) by extensions ['colcon_pkg']
[3.351s] Level 1:colcon.colcon_core.package_identification:_identify(src/hrdp_sensors) by extension 'colcon_pkg'
[3.351s] Level 1:colcon.colcon_core.package_identification:_identify(src/hrdp_sensors) by extensions ['colcon_meta']
[3.351s] Level 1:colcon.colcon_core.package_identification:_identify(src/hrdp_sensors) by extension 'colcon_meta'
[3.351s] Level 1:colcon.colcon_core.package_identification:_identify(src/hrdp_sensors) by extensions ['ros']
[3.352s] Level 1:colcon.colcon_core.package_identification:_identify(src/hrdp_sensors) by extension 'ros'
[3.357s] DEBUG:colcon.colcon_core.package_identification:Package 'src/hrdp_sensors' with type 'ros.ament_cmake' and name 'hrdp_sensors'
[3.358s] Level 1:colcon.colcon_core.package_discovery:discover_packages(recursive) using defaults
[3.359s] Level 1:colcon.colcon_core.package_discovery:discover_packages(ignore) discover
[3.359s] Level 1:colcon.colcon_core.package_discovery:discover_packages(ignore) using defaults
[3.359s] Level 1:colcon.colcon_core.package_discovery:discover_packages(path) discover
[3.360s] Level 1:colcon.colcon_core.package_discovery:discover_packages(path) using defaults
[3.600s] INFO:colcon.colcon_core.package_selection:Skipping not selected package 'hrdp_actuators' in 'src/hrdp_actuators'
[3.601s] INFO:colcon.colcon_core.package_selection:Skipping not selected package 'hrdp_beta_actions' in 'src/hrdp_beta_actions'
[3.602s] INFO:colcon.colcon_core.package_selection:Skipping not selected package 'hrdp_human_interfaces' in 'src/hrdp_human_interfaces'
[3.602s] INFO:colcon.colcon_core.package_selection:Skipping not selected package 'hrdp_sensors' in 'src/hrdp_sensors'
[3.602s] INFO:colcon.colcon_core.package_selection:Skipping not selected package 'hrdp_beta' in 'src/hrdp_beta'
[3.609s] Level 1:colcon.colcon_core.package_discovery:discover_packages(prefix_path) check parameters
[3.610s] Level 1:colcon.colcon_core.package_discovery:discover_packages(prefix_path) discover
[3.642s] DEBUG:colcon.colcon_installed_package_information.package_discovery:Found 6 installed packages in /home/r1mini/sungsik_ws/install
[3.655s] DEBUG:colcon.colcon_installed_package_information.package_discovery:Found 9 installed packages in /home/r1mini/ros2_ws/install
[3.670s] DEBUG:colcon.colcon_installed_package_information.package_discovery:Found 270 installed packages in /opt/ros/foxy
[3.682s] Level 1:colcon.colcon_core.package_discovery:discover_packages(prefix_path) using defaults
[4.336s] Level 5:colcon.colcon_core.verb:set package 'hrdp_perception' build argument 'cmake_args' from command line to 'None'
[4.337s] Level 5:colcon.colcon_core.verb:set package 'hrdp_perception' build argument 'cmake_target' from command line to 'None'
[4.337s] Level 5:colcon.colcon_core.verb:set package 'hrdp_perception' build argument 'cmake_target_skip_unavailable' from command line to 'False'
[4.338s] Level 5:colcon.colcon_core.verb:set package 'hrdp_perception' build argument 'cmake_clean_cache' from command line to 'False'
[4.338s] Level 5:colcon.colcon_core.verb:set package 'hrdp_perception' build argument 'cmake_clean_first' from command line to 'False'
[4.338s] Level 5:colcon.colcon_core.verb:set package 'hrdp_perception' build argument 'cmake_force_configure' from command line to 'False'
[4.338s] Level 5:colcon.colcon_core.verb:set package 'hrdp_perception' build argument 'ament_cmake_args' from command line to 'None'
[4.339s] Level 5:colcon.colcon_core.verb:set package 'hrdp_perception' build argument 'catkin_cmake_args' from command line to 'None'
[4.339s] Level 5:colcon.colcon_core.verb:set package 'hrdp_perception' build argument 'catkin_skip_building_tests' from command line to 'False'
[4.339s] DEBUG:colcon.colcon_core.verb:Building package 'hrdp_perception' with the following arguments: {'ament_cmake_args': None, 'build_base': '/home/r1mini/sungsik_ws/build/hrdp_perception', 'catkin_cmake_args': None, 'catkin_skip_building_tests': False, 'cmake_args': None, 'cmake_clean_cache': False, 'cmake_clean_first': False, 'cmake_force_configure': False, 'cmake_target': None, 'cmake_target_skip_unavailable': False, 'install_base': '/home/r1mini/sungsik_ws/install/hrdp_perception', 'merge_install': False, 'path': '/home/r1mini/sungsik_ws/src/hrdp_perception', 'symlink_install': False, 'test_result_base': None}
[4.348s] INFO:colcon.colcon_core.executor:Executing jobs using 'parallel' executor
[4.391s] DEBUG:colcon.colcon_parallel_executor.executor.parallel:run_until_complete
[4.394s] INFO:colcon.colcon_ros.task.ament_cmake.build:Building ROS package in '/home/r1mini/sungsik_ws/src/hrdp_perception' with build type 'ament_cmake'
[4.396s] INFO:colcon.colcon_cmake.task.cmake.build:Building CMake package in '/home/r1mini/sungsik_ws/src/hrdp_perception'
[4.473s] INFO:colcon.colcon_core.plugin_system:Skipping extension 'colcon_core.shell.bat': Not used on non-Windows systems
[4.479s] INFO:colcon.colcon_core.shell:Skip shell extension 'powershell' for command environment: Not usable outside of PowerShell
[4.481s] DEBUG:colcon.colcon_core.shell:Skip shell extension 'dsv' for command environment
[4.672s] DEBUG:colcon.colcon_core.event_handler.log_command:Invoking command in '/home/r1mini/sungsik_ws/build/hrdp_perception': CMAKE_PREFIX_PATH=/home/r1mini/sungsik_ws/install/hrdp_beta_actions:/home/r1mini/sungsik_ws/install/hrdp_sensors:/home/r1mini/sungsik_ws/install/hrdp_perception:/home/r1mini/sungsik_ws/install/hrdp_human_interfaces:/home/r1mini/sungsik_ws/install/hrdp_beta:/home/r1mini/sungsik_ws/install/hrdp_actuators:/home/r1mini/ros2_ws/install/ydlidar_sdk:/home/r1mini/ros2_ws/install/ydlidar_ros2_driver:/home/r1mini/ros2_ws/install/omo_r1mini:/home/r1mini/ros2_ws/install/omo_r1mini_navigation2:/home/r1mini/ros2_ws/install/omo_r1mini_gazebo:/home/r1mini/ros2_ws/install/omo_r1mini_description:/home/r1mini/ros2_ws/install/omo_r1mini_cartographer:/home/r1mini/ros2_ws/install/omo_r1mini_teleop:/home/r1mini/ros2_ws/install/omo_r1mini_bringup:/opt/ros/foxy /usr/bin/cmake --build /home/r1mini/sungsik_ws/build/hrdp_perception -- -j4 -l4
[13.304s] DEBUG:colcon.colcon_core.event_handler.log_command:Invoked command in '/home/r1mini/sungsik_ws/build/hrdp_perception' returned '2': CMAKE_PREFIX_PATH=/home/r1mini/sungsik_ws/install/hrdp_beta_actions:/home/r1mini/sungsik_ws/install/hrdp_sensors:/home/r1mini/sungsik_ws/install/hrdp_perception:/home/r1mini/sungsik_ws/install/hrdp_human_interfaces:/home/r1mini/sungsik_ws/install/hrdp_beta:/home/r1mini/sungsik_ws/install/hrdp_actuators:/home/r1mini/ros2_ws/install/ydlidar_sdk:/home/r1mini/ros2_ws/install/ydlidar_ros2_driver:/home/r1mini/ros2_ws/install/omo_r1mini:/home/r1mini/ros2_ws/install/omo_r1mini_navigation2:/home/r1mini/ros2_ws/install/omo_r1mini_gazebo:/home/r1mini/ros2_ws/install/omo_r1mini_description:/home/r1mini/ros2_ws/install/omo_r1mini_cartographer:/home/r1mini/ros2_ws/install/omo_r1mini_teleop:/home/r1mini/ros2_ws/install/omo_r1mini_bringup:/opt/ros/foxy /usr/bin/cmake --build /home/r1mini/sungsik_ws/build/hrdp_perception -- -j4 -l4
[13.540s] Level 1:colcon.colcon_core.environment:create_environment_scripts_only(hrdp_perception)
[13.603s] Level 1:colcon.colcon_core.environment:checking '/home/r1mini/sungsik_ws/install/hrdp_perception' for CMake module files
[13.608s] Level 1:colcon.colcon_core.environment:checking '/home/r1mini/sungsik_ws/install/hrdp_perception' for CMake config files
[13.610s] Level 1:colcon.colcon_core.shell:create_environment_hook('hrdp_perception', 'cmake_prefix_path')
[13.625s] INFO:colcon.colcon_core.shell:Creating environment hook '/home/r1mini/sungsik_ws/install/hrdp_perception/share/hrdp_perception/hook/cmake_prefix_path.ps1'
[13.634s] INFO:colcon.colcon_core.shell:Creating environment descriptor '/home/r1mini/sungsik_ws/install/hrdp_perception/share/hrdp_perception/hook/cmake_prefix_path.dsv'
[13.640s] INFO:colcon.colcon_core.shell:Creating environment hook '/home/r1mini/sungsik_ws/install/hrdp_perception/share/hrdp_perception/hook/cmake_prefix_path.sh'
[13.649s] Level 1:colcon.colcon_core.environment:checking '/home/r1mini/sungsik_ws/install/hrdp_perception/bin'
[13.650s] Level 1:colcon.colcon_core.environment:checking '/home/r1mini/sungsik_ws/install/hrdp_perception/lib/pkgconfig/hrdp_perception.pc'
[13.652s] Level 1:colcon.colcon_core.environment:checking '/home/r1mini/sungsik_ws/install/hrdp_perception/lib/python3.8/site-packages'
[13.653s] Level 1:colcon.colcon_core.environment:checking '/home/r1mini/sungsik_ws/install/hrdp_perception/bin'
[13.672s] INFO:colcon.colcon_core.shell:Creating package script '/home/r1mini/sungsik_ws/install/hrdp_perception/share/hrdp_perception/package.ps1'
[13.685s] INFO:colcon.colcon_core.shell:Creating package descriptor '/home/r1mini/sungsik_ws/install/hrdp_perception/share/hrdp_perception/package.dsv'
[13.692s] INFO:colcon.colcon_core.shell:Creating package script '/home/r1mini/sungsik_ws/install/hrdp_perception/share/hrdp_perception/package.sh'
[13.699s] INFO:colcon.colcon_core.shell:Creating package script '/home/r1mini/sungsik_ws/install/hrdp_perception/share/hrdp_perception/package.bash'
[13.706s] INFO:colcon.colcon_core.shell:Creating package script '/home/r1mini/sungsik_ws/install/hrdp_perception/share/hrdp_perception/package.zsh'
[13.713s] Level 1:colcon.colcon_core.environment:create_file_with_runtime_dependencies(/home/r1mini/sungsik_ws/install/hrdp_perception/share/colcon-core/packages/hrdp_perception)
[13.719s] DEBUG:colcon.colcon_parallel_executor.executor.parallel:closing loop
[13.721s] DEBUG:colcon.colcon_parallel_executor.executor.parallel:loop closed
[13.722s] DEBUG:colcon.colcon_parallel_executor.executor.parallel:run_until_complete finished with '2'
[13.723s] DEBUG:colcon.colcon_core.event_reactor:joining thread
[13.831s] INFO:colcon.colcon_core.plugin_system:Skipping extension 'colcon_notification.desktop_notification.terminal_notifier': Not used on non-Darwin systems
[13.835s] INFO:colcon.colcon_core.plugin_system:Skipping extension 'colcon_notification.desktop_notification.win32': Not used on non-Windows systems
[13.837s] INFO:colcon.colcon_notification.desktop_notification:Sending desktop notification using 'notify2'
[13.894s] DEBUG:colcon.colcon_core.event_reactor:joined thread
[13.913s] INFO:colcon.colcon_core.shell:Creating prefix script '/home/r1mini/sungsik_ws/install/local_setup.ps1'
[13.928s] INFO:colcon.colcon_core.shell:Creating prefix util module '/home/r1mini/sungsik_ws/install/_local_setup_util_ps1.py'
[13.950s] INFO:colcon.colcon_core.shell:Creating prefix chain script '/home/r1mini/sungsik_ws/install/setup.ps1'
[13.977s] INFO:colcon.colcon_core.shell:Creating prefix script '/home/r1mini/sungsik_ws/install/local_setup.sh'
[13.982s] INFO:colcon.colcon_core.shell:Creating prefix util module '/home/r1mini/sungsik_ws/install/_local_setup_util_sh.py'
[13.988s] INFO:colcon.colcon_core.shell:Creating prefix chain script '/home/r1mini/sungsik_ws/install/setup.sh'
[14.009s] INFO:colcon.colcon_core.shell:Creating prefix script '/home/r1mini/sungsik_ws/install/local_setup.bash'
[14.016s] INFO:colcon.colcon_core.shell:Creating prefix chain script '/home/r1mini/sungsik_ws/install/setup.bash'
[14.040s] INFO:colcon.colcon_core.shell:Creating prefix script '/home/r1mini/sungsik_ws/install/local_setup.zsh'
[14.046s] INFO:colcon.colcon_core.shell:Creating prefix chain script '/home/r1mini/sungsik_ws/install/setup.zsh'
