/home/r1mini/.local/lib/python3.8/site-packages/setuptools/dist.py:717: UserWarning: Usage of dash-separated 'script-dir' will not be supported in future versions. Please use the underscore name 'script_dir' instead
  warnings.warn(
running egg_info
writing ../build/hrdp_beta_perception/hrdp_beta_perception.egg-info/PKG-INFO
writing dependency_links to ../build/hrdp_beta_perception/hrdp_beta_perception.egg-info/dependency_links.txt
writing entry points to ../build/hrdp_beta_perception/hrdp_beta_perception.egg-info/entry_points.txt
writing requirements to ../build/hrdp_beta_perception/hrdp_beta_perception.egg-info/requires.txt
writing top-level names to ../build/hrdp_beta_perception/hrdp_beta_perception.egg-info/top_level.txt
reading manifest file '../build/hrdp_beta_perception/hrdp_beta_perception.egg-info/SOURCES.txt'
writing manifest file '../build/hrdp_beta_perception/hrdp_beta_perception.egg-info/SOURCES.txt'
running build
running build_py
copying hrdp_beta_perception/__init__.py -> /home/r1mini/sungsik_ws/build/hrdp_beta_perception/build/lib/hrdp_beta_perception
running install
running install_lib
copying /home/r1mini/sungsik_ws/build/hrdp_beta_perception/build/lib/hrdp_beta_perception/__init__.py -> /home/r1mini/sungsik_ws/install/hrdp_beta_perception/lib/python3.8/site-packages/hrdp_beta_perception
byte-compiling /home/r1mini/sungsik_ws/install/hrdp_beta_perception/lib/python3.8/site-packages/hrdp_beta_perception/__init__.py to __init__.cpython-38.pyc
running install_data
copying resource/hrdp_beta_perception -> /home/r1mini/sungsik_ws/install/hrdp_beta_perception/share/ament_index/resource_index/packages
copying package.xml -> /home/r1mini/sungsik_ws/install/hrdp_beta_perception/share/hrdp_beta_perception
running install_egg_info
removing '/home/r1mini/sungsik_ws/install/hrdp_beta_perception/lib/python3.8/site-packages/hrdp_beta_perception-0.0.0-py3.8.egg-info' (and everything under it)
Copying ../build/hrdp_beta_perception/hrdp_beta_perception.egg-info to /home/r1mini/sungsik_ws/install/hrdp_beta_perception/lib/python3.8/site-packages/hrdp_beta_perception-0.0.0-py3.8.egg-info
running install_scripts
writing list of installed files to '/home/r1mini/sungsik_ws/build/hrdp_beta_perception/install.log'
