[0.911s] Invoking command in '/home/r1mini/sungsik_ws/build/hrdp_sensors': CMAKE_PREFIX_PATH=${CMAKE_PREFIX_PATH}:/home/r1mini/ros2_ws/install/omo_r1mini_teleop:/home/r1mini/ros2_ws/install/omo_r1mini_bringup:/opt/ros/foxy /usr/bin/cmake --build /home/r1mini/sungsik_ws/build/hrdp_sensors -- -j4 -l4
[2.710s] Invoked command in '/home/r1mini/sungsik_ws/build/hrdp_sensors' returned '0': CMAKE_PREFIX_PATH=${CMAKE_PREFIX_PATH}:/home/r1mini/ros2_ws/install/omo_r1mini_teleop:/home/r1mini/ros2_ws/install/omo_r1mini_bringup:/opt/ros/foxy /usr/bin/cmake --build /home/r1mini/sungsik_ws/build/hrdp_sensors -- -j4 -l4
[3.693s] Invoking command in '/home/r1mini/sungsik_ws/build/hrdp_sensors': CMAKE_PREFIX_PATH=${CMAKE_PREFIX_PATH}:/home/r1mini/ros2_ws/install/omo_r1mini_teleop:/home/r1mini/ros2_ws/install/omo_r1mini_bringup:/opt/ros/foxy /usr/bin/cmake --install /home/r1mini/sungsik_ws/build/hrdp_sensors
[4.221s] -- Install configuration: ""
[4.232s] -- Up-to-date: /home/r1mini/sungsik_ws/install/hrdp_sensors/share/ament_index/resource_index/package_run_dependencies/hrdp_sensors
[4.242s] -- Up-to-date: /home/r1mini/sungsik_ws/install/hrdp_sensors/share/ament_index/resource_index/parent_prefix_path/hrdp_sensors
[4.271s] -- Up-to-date: /home/r1mini/sungsik_ws/install/hrdp_sensors/share/hrdp_sensors/environment/ament_prefix_path.sh
[4.288s] -- Up-to-date: /home/r1mini/sungsik_ws/install/hrdp_sensors/share/hrdp_sensors/environment/ament_prefix_path.dsv
[4.291s] -- Up-to-date: /home/r1mini/sungsik_ws/install/hrdp_sensors/share/hrdp_sensors/environment/path.sh
[4.293s] -- Up-to-date: /home/r1mini/sungsik_ws/install/hrdp_sensors/share/hrdp_sensors/environment/path.dsv
[4.295s] -- Up-to-date: /home/r1mini/sungsik_ws/install/hrdp_sensors/share/hrdp_sensors/local_setup.bash
[4.321s] -- Up-to-date: /home/r1mini/sungsik_ws/install/hrdp_sensors/share/hrdp_sensors/local_setup.sh
[4.341s] -- Up-to-date: /home/r1mini/sungsik_ws/install/hrdp_sensors/share/hrdp_sensors/local_setup.zsh
[4.343s] -- Up-to-date: /home/r1mini/sungsik_ws/install/hrdp_sensors/share/hrdp_sensors/local_setup.dsv
[4.345s] -- Installing: /home/r1mini/sungsik_ws/install/hrdp_sensors/share/hrdp_sensors/package.dsv
[4.348s] -- Up-to-date: /home/r1mini/sungsik_ws/install/hrdp_sensors/share/ament_index/resource_index/packages/hrdp_sensors
[4.350s] -- Up-to-date: /home/r1mini/sungsik_ws/install/hrdp_sensors/share/hrdp_sensors/cmake/hrdp_sensorsConfig.cmake
[4.351s] -- Up-to-date: /home/r1mini/sungsik_ws/install/hrdp_sensors/share/hrdp_sensors/cmake/hrdp_sensorsConfig-version.cmake
[4.353s] -- Up-to-date: /home/r1mini/sungsik_ws/install/hrdp_sensors/share/hrdp_sensors/package.xml
[4.909s] Invoked command in '/home/r1mini/sungsik_ws/build/hrdp_sensors' returned '0': CMAKE_PREFIX_PATH=${CMAKE_PREFIX_PATH}:/home/r1mini/ros2_ws/install/omo_r1mini_teleop:/home/r1mini/ros2_ws/install/omo_r1mini_bringup:/opt/ros/foxy /usr/bin/cmake --install /home/r1mini/sungsik_ws/build/hrdp_sensors
