[0.853s] Invoking command in '/home/r1mini/sungsik_ws/build/hrdp_actuators': CMAKE_PREFIX_PATH=${CMAKE_PREFIX_PATH}:/home/r1mini/ros2_ws/install/omo_r1mini_teleop:/home/r1mini/ros2_ws/install/omo_r1mini_bringup:/opt/ros/foxy /usr/bin/cmake --build /home/r1mini/sungsik_ws/build/hrdp_actuators -- -j4 -l4
[3.638s] Invoked command in '/home/r1mini/sungsik_ws/build/hrdp_actuators' returned '0': CMAKE_PREFIX_PATH=${CMAKE_PREFIX_PATH}:/home/r1mini/ros2_ws/install/omo_r1mini_teleop:/home/r1mini/ros2_ws/install/omo_r1mini_bringup:/opt/ros/foxy /usr/bin/cmake --build /home/r1mini/sungsik_ws/build/hrdp_actuators -- -j4 -l4
[5.184s] Invoking command in '/home/r1mini/sungsik_ws/build/hrdp_actuators': CMAKE_PREFIX_PATH=${CMAKE_PREFIX_PATH}:/home/r1mini/ros2_ws/install/omo_r1mini_teleop:/home/r1mini/ros2_ws/install/omo_r1mini_bringup:/opt/ros/foxy /usr/bin/cmake --install /home/r1mini/sungsik_ws/build/hrdp_actuators
[5.672s] -- Install configuration: ""
[5.676s] -- Up-to-date: /home/r1mini/sungsik_ws/install/hrdp_actuators/share/ament_index/resource_index/package_run_dependencies/hrdp_actuators
[5.684s] -- Up-to-date: /home/r1mini/sungsik_ws/install/hrdp_actuators/share/ament_index/resource_index/parent_prefix_path/hrdp_actuators
[5.687s] -- Up-to-date: /home/r1mini/sungsik_ws/install/hrdp_actuators/share/hrdp_actuators/environment/ament_prefix_path.sh
[5.693s] -- Up-to-date: /home/r1mini/sungsik_ws/install/hrdp_actuators/share/hrdp_actuators/environment/ament_prefix_path.dsv
[5.707s] -- Up-to-date: /home/r1mini/sungsik_ws/install/hrdp_actuators/share/hrdp_actuators/environment/path.sh
[5.712s] -- Up-to-date: /home/r1mini/sungsik_ws/install/hrdp_actuators/share/hrdp_actuators/environment/path.dsv
[5.721s] -- Up-to-date: /home/r1mini/sungsik_ws/install/hrdp_actuators/share/hrdp_actuators/local_setup.bash
[5.741s] -- Up-to-date: /home/r1mini/sungsik_ws/install/hrdp_actuators/share/hrdp_actuators/local_setup.sh
[5.746s] -- Up-to-date: /home/r1mini/sungsik_ws/install/hrdp_actuators/share/hrdp_actuators/local_setup.zsh
[5.748s] -- Up-to-date: /home/r1mini/sungsik_ws/install/hrdp_actuators/share/hrdp_actuators/local_setup.dsv
[5.759s] -- Installing: /home/r1mini/sungsik_ws/install/hrdp_actuators/share/hrdp_actuators/package.dsv
[5.762s] -- Up-to-date: /home/r1mini/sungsik_ws/install/hrdp_actuators/share/ament_index/resource_index/packages/hrdp_actuators
[5.774s] -- Up-to-date: /home/r1mini/sungsik_ws/install/hrdp_actuators/share/hrdp_actuators/cmake/hrdp_actuatorsConfig.cmake
[5.776s] -- Up-to-date: /home/r1mini/sungsik_ws/install/hrdp_actuators/share/hrdp_actuators/cmake/hrdp_actuatorsConfig-version.cmake
[5.797s] -- Up-to-date: /home/r1mini/sungsik_ws/install/hrdp_actuators/share/hrdp_actuators/package.xml
[6.812s] Invoked command in '/home/r1mini/sungsik_ws/build/hrdp_actuators' returned '0': CMAKE_PREFIX_PATH=${CMAKE_PREFIX_PATH}:/home/r1mini/ros2_ws/install/omo_r1mini_teleop:/home/r1mini/ros2_ws/install/omo_r1mini_bringup:/opt/ros/foxy /usr/bin/cmake --install /home/r1mini/sungsik_ws/build/hrdp_actuators
