running egg_info
writing ../../build/hrdp_beta_perception/hrdp_beta_perception.egg-info/PKG-INFO
writing dependency_links to ../../build/hrdp_beta_perception/hrdp_beta_perception.egg-info/dependency_links.txt
writing entry points to ../../build/hrdp_beta_perception/hrdp_beta_perception.egg-info/entry_points.txt
writing requirements to ../../build/hrdp_beta_perception/hrdp_beta_perception.egg-info/requires.txt
writing top-level names to ../../build/hrdp_beta_perception/hrdp_beta_perception.egg-info/top_level.txt
reading manifest file '../../build/hrdp_beta_perception/hrdp_beta_perception.egg-info/SOURCES.txt'
writing manifest file '../../build/hrdp_beta_perception/hrdp_beta_perception.egg-info/SOURCES.txt'
running build
running build_py
copying hrdp_beta_perception/face_detection.py -> /home/r1mini/sungsik_ws/build/hrdp_beta_perception/build/lib/hrdp_beta_perception
running install
running install_lib
copying /home/r1mini/sungsik_ws/build/hrdp_beta_perception/build/lib/hrdp_beta_perception/face_detection.py -> /home/r1mini/sungsik_ws/install/hrdp_beta_perception/lib/python3.8/site-packages/hrdp_beta_perception
byte-compiling /home/r1mini/sungsik_ws/install/hrdp_beta_perception/lib/python3.8/site-packages/hrdp_beta_perception/face_detection.py to face_detection.cpython-38.pyc
running install_data
running install_egg_info
removing '/home/r1mini/sungsik_ws/install/hrdp_beta_perception/lib/python3.8/site-packages/hrdp_beta_perception-0.0.0-py3.8.egg-info' (and everything under it)
Copying ../../build/hrdp_beta_perception/hrdp_beta_perception.egg-info to /home/r1mini/sungsik_ws/install/hrdp_beta_perception/lib/python3.8/site-packages/hrdp_beta_perception-0.0.0-py3.8.egg-info
running install_scripts
Installing face_detection script to /home/r1mini/sungsik_ws/install/hrdp_beta_perception/lib/hrdp_beta_perception
writing list of installed files to '/home/r1mini/sungsik_ws/build/hrdp_beta_perception/install.log'
