[0.278s] Invoking command in '/home/r1mini/sungsik_ws/build/my_cpp_py_pkg': CMAKE_PREFIX_PATH=${CMAKE_PREFIX_PATH}:/home/r1mini/sungsik_ws/install/hrdp_beta_perception:/home/r1mini/ros2_ws/install/omo_r1mini_teleop:/home/r1mini/ros2_ws/install/omo_r1mini_bringup:/opt/ros/foxy /usr/bin/cmake /home/r1mini/sungsik_ws/src/my_cpp_py_pkg -DAMENT_CMAKE_SYMLINK_INSTALL=1 -DCMAKE_INSTALL_PREFIX=/home/r1mini/sungsik_ws/install/my_cpp_py_pkg
[1.772s] -- The C compiler identification is GNU 9.4.0
[2.633s] -- The CXX compiler identification is GNU 9.4.0
[2.675s] -- Check for working C compiler: /usr/bin/cc
[3.458s] -- Check for working C compiler: /usr/bin/cc -- works
[3.489s] -- Detecting C compiler ABI info
[4.233s] -- Detecting C compiler ABI info - done
[4.329s] -- Detecting C compile features
[4.331s] -- Detecting C compile features - done
[4.354s] -- Check for working CXX compiler: /usr/bin/c++
[5.249s] -- Check for working CXX compiler: /usr/bin/c++ -- works
[5.260s] -- Detecting CXX compiler ABI info
[6.077s] -- Detecting CXX compiler ABI info - done
[6.145s] -- Detecting CXX compile features
[6.147s] -- Detecting CXX compile features - done
[6.183s] -- Found ament_cmake: 0.9.11 (/opt/ros/foxy/share/ament_cmake/cmake)
[6.653s] -- Found PythonInterp: /usr/bin/python3 (found suitable version "3.8.10", minimum required is "3") 
[6.658s] -- Using PYTHON_EXECUTABLE: /usr/bin/python3
[9.799s] -- Override CMake install command with custom implementation using symlinks instead of copying resources
[10.168s] -- Found ament_lint_auto: 0.9.7 (/opt/ros/foxy/share/ament_lint_auto/cmake)
[11.281s] -- Added test 'copyright' to check source files copyright and LICENSE
[11.312s] -- Added test 'lint_cmake' to check CMake code style
[11.329s] -- Added test 'xmllint' to check XML markup files
[11.361s] -- Configuring done
[11.378s] -- Generating done
[11.387s] -- Build files have been written to: /home/r1mini/sungsik_ws/build/my_cpp_py_pkg
[11.452s] Invoked command in '/home/r1mini/sungsik_ws/build/my_cpp_py_pkg' returned '0': CMAKE_PREFIX_PATH=${CMAKE_PREFIX_PATH}:/home/r1mini/sungsik_ws/install/hrdp_beta_perception:/home/r1mini/ros2_ws/install/omo_r1mini_teleop:/home/r1mini/ros2_ws/install/omo_r1mini_bringup:/opt/ros/foxy /usr/bin/cmake /home/r1mini/sungsik_ws/src/my_cpp_py_pkg -DAMENT_CMAKE_SYMLINK_INSTALL=1 -DCMAKE_INSTALL_PREFIX=/home/r1mini/sungsik_ws/install/my_cpp_py_pkg
[11.488s] Invoking command in '/home/r1mini/sungsik_ws/build/my_cpp_py_pkg': CMAKE_PREFIX_PATH=${CMAKE_PREFIX_PATH}:/home/r1mini/sungsik_ws/install/hrdp_beta_perception:/home/r1mini/ros2_ws/install/omo_r1mini_teleop:/home/r1mini/ros2_ws/install/omo_r1mini_bringup:/opt/ros/foxy /usr/bin/cmake --build /home/r1mini/sungsik_ws/build/my_cpp_py_pkg -- -j4 -l4
[11.889s] Invoked command in '/home/r1mini/sungsik_ws/build/my_cpp_py_pkg' returned '0': CMAKE_PREFIX_PATH=${CMAKE_PREFIX_PATH}:/home/r1mini/sungsik_ws/install/hrdp_beta_perception:/home/r1mini/ros2_ws/install/omo_r1mini_teleop:/home/r1mini/ros2_ws/install/omo_r1mini_bringup:/opt/ros/foxy /usr/bin/cmake --build /home/r1mini/sungsik_ws/build/my_cpp_py_pkg -- -j4 -l4
[12.261s] Invoking command in '/home/r1mini/sungsik_ws/build/my_cpp_py_pkg': CMAKE_PREFIX_PATH=${CMAKE_PREFIX_PATH}:/home/r1mini/sungsik_ws/install/hrdp_beta_perception:/home/r1mini/ros2_ws/install/omo_r1mini_teleop:/home/r1mini/ros2_ws/install/omo_r1mini_bringup:/opt/ros/foxy /usr/bin/cmake --install /home/r1mini/sungsik_ws/build/my_cpp_py_pkg
[12.364s] -- Install configuration: ""
[12.379s] -- Execute custom install script
[12.383s] -- Symlinking: /home/r1mini/sungsik_ws/install/my_cpp_py_pkg/share/ament_index/resource_index/package_run_dependencies/my_cpp_py_pkg
[12.484s] -- Symlinking: /home/r1mini/sungsik_ws/install/my_cpp_py_pkg/share/ament_index/resource_index/parent_prefix_path/my_cpp_py_pkg
[12.648s] -- Symlinking: /home/r1mini/sungsik_ws/install/my_cpp_py_pkg/share/my_cpp_py_pkg/environment/ament_prefix_path.sh
[12.991s] -- Symlinking: /home/r1mini/sungsik_ws/install/my_cpp_py_pkg/share/my_cpp_py_pkg/environment/ament_prefix_path.dsv
[13.159s] -- Symlinking: /home/r1mini/sungsik_ws/install/my_cpp_py_pkg/share/my_cpp_py_pkg/environment/path.sh
[13.302s] -- Symlinking: /home/r1mini/sungsik_ws/install/my_cpp_py_pkg/share/my_cpp_py_pkg/environment/path.dsv
[13.462s] -- Symlinking: /home/r1mini/sungsik_ws/install/my_cpp_py_pkg/share/my_cpp_py_pkg/local_setup.bash
[13.637s] -- Symlinking: /home/r1mini/sungsik_ws/install/my_cpp_py_pkg/share/my_cpp_py_pkg/local_setup.sh
[13.725s] -- Symlinking: /home/r1mini/sungsik_ws/install/my_cpp_py_pkg/share/my_cpp_py_pkg/local_setup.zsh
[13.812s] -- Symlinking: /home/r1mini/sungsik_ws/install/my_cpp_py_pkg/share/my_cpp_py_pkg/local_setup.dsv
[13.901s] -- Symlinking: /home/r1mini/sungsik_ws/install/my_cpp_py_pkg/share/my_cpp_py_pkg/package.dsv
[14.004s] -- Symlinking: /home/r1mini/sungsik_ws/install/my_cpp_py_pkg/share/ament_index/resource_index/packages/my_cpp_py_pkg
[14.102s] -- Symlinking: /home/r1mini/sungsik_ws/install/my_cpp_py_pkg/share/my_cpp_py_pkg/cmake/my_cpp_py_pkgConfig.cmake
[14.178s] -- Symlinking: /home/r1mini/sungsik_ws/install/my_cpp_py_pkg/share/my_cpp_py_pkg/cmake/my_cpp_py_pkgConfig-version.cmake
[14.260s] -- Symlinking: /home/r1mini/sungsik_ws/install/my_cpp_py_pkg/share/my_cpp_py_pkg/package.xml
[14.365s] Invoked command in '/home/r1mini/sungsik_ws/build/my_cpp_py_pkg' returned '0': CMAKE_PREFIX_PATH=${CMAKE_PREFIX_PATH}:/home/r1mini/sungsik_ws/install/hrdp_beta_perception:/home/r1mini/ros2_ws/install/omo_r1mini_teleop:/home/r1mini/ros2_ws/install/omo_r1mini_bringup:/opt/ros/foxy /usr/bin/cmake --install /home/r1mini/sungsik_ws/build/my_cpp_py_pkg
