[16.782s] Invoking command in '/home/r1mini/sungsik_ws/build/hrdp_actuators_beta': PYTHONPATH=/home/r1mini/sungsik_ws/build/hrdp_actuators_beta/prefix_override:/home/r1mini/sungsik_ws/install/hrdp_actuators_beta/lib/python3.8/site-packages:${PYTHONPATH} /usr/bin/python3 setup.py develop --editable --build-directory /home/r1mini/sungsik_ws/build/hrdp_actuators_beta/build --no-deps install_data
[20.291s] running develop
[22.051s] running egg_info
[22.053s] creating hrdp_actuators_beta.egg-info
[22.056s] writing hrdp_actuators_beta.egg-info/PKG-INFO
[22.059s] writing dependency_links to hrdp_actuators_beta.egg-info/dependency_links.txt
[22.073s] writing entry points to hrdp_actuators_beta.egg-info/entry_points.txt
[22.075s] writing requirements to hrdp_actuators_beta.egg-info/requires.txt
[22.076s] writing top-level names to hrdp_actuators_beta.egg-info/top_level.txt
[22.084s] writing manifest file 'hrdp_actuators_beta.egg-info/SOURCES.txt'
[22.118s] reading manifest file 'hrdp_actuators_beta.egg-info/SOURCES.txt'
[22.130s] writing manifest file 'hrdp_actuators_beta.egg-info/SOURCES.txt'
[22.693s] running build_ext
[22.694s] Creating /home/r1mini/sungsik_ws/install/hrdp_actuators_beta/lib/python3.8/site-packages/hrdp-actuators-beta.egg-link (link to .)
[22.698s] Installing keyboard_control script to /home/r1mini/sungsik_ws/install/hrdp_actuators_beta/lib/hrdp_actuators_beta
[22.713s] Installing voice_control script to /home/r1mini/sungsik_ws/install/hrdp_actuators_beta/lib/hrdp_actuators_beta
[22.722s] 
[22.726s] Installed /home/r1mini/sungsik_ws/build/hrdp_actuators_beta
[22.730s] running install_data
[22.731s] creating /home/r1mini/sungsik_ws/install/hrdp_actuators_beta/share/ament_index
[22.733s] creating /home/r1mini/sungsik_ws/install/hrdp_actuators_beta/share/ament_index/resource_index
[22.735s] creating /home/r1mini/sungsik_ws/install/hrdp_actuators_beta/share/ament_index/resource_index/packages
[22.736s] copying resource/hrdp_actuators_beta -> /home/r1mini/sungsik_ws/install/hrdp_actuators_beta/share/ament_index/resource_index/packages
[22.737s] copying package.xml -> /home/r1mini/sungsik_ws/install/hrdp_actuators_beta/share/hrdp_actuators_beta
[23.669s] Invoked command in '/home/r1mini/sungsik_ws/build/hrdp_actuators_beta' returned '0': PYTHONPATH=/home/r1mini/sungsik_ws/build/hrdp_actuators_beta/prefix_override:/home/r1mini/sungsik_ws/install/hrdp_actuators_beta/lib/python3.8/site-packages:${PYTHONPATH} /usr/bin/python3 setup.py develop --editable --build-directory /home/r1mini/sungsik_ws/build/hrdp_actuators_beta/build --no-deps install_data
