[0.261s] Invoking command in '/home/r1mini/sungsik_ws/build/hrdp_sensors': CMAKE_PREFIX_PATH=${CMAKE_PREFIX_PATH}:/home/r1mini/ros2_ws/install/omo_r1mini_teleop:/home/r1mini/ros2_ws/install/omo_r1mini_bringup:/opt/ros/foxy /usr/bin/cmake --build /home/r1mini/sungsik_ws/build/hrdp_sensors -- -j4 -l4
[0.846s] -- Found ament_cmake: 0.9.11 (/opt/ros/foxy/share/ament_cmake/cmake)
[1.478s] -- Using PYTHON_EXECUTABLE: /usr/bin/python3
[5.988s] -- Found rclpy: 1.0.11 (/opt/ros/foxy/share/rclpy/cmake)
[6.037s] -- Found sensor_msgs: 2.0.5 (/opt/ros/foxy/share/sensor_msgs/cmake)
[6.663s] -- Using all available rosidl_typesupport_c: rosidl_typesupport_fastrtps_c;rosidl_typesupport_introspection_c
[6.756s] -- Found rosidl_adapter: 1.3.0 (/opt/ros/foxy/share/rosidl_adapter/cmake)
[8.009s] -- Found OpenSSL: /usr/lib/aarch64-linux-gnu/libcrypto.so (found version "1.1.1f")  
[8.392s] -- Found FastRTPS: /opt/ros/foxy/include  
[9.109s] -- Using all available rosidl_typesupport_cpp: rosidl_typesupport_fastrtps_cpp;rosidl_typesupport_introspection_cpp
[10.499s] -- Found ament_lint_auto: 0.9.7 (/opt/ros/foxy/share/ament_lint_auto/cmake)
[11.411s] -- Added test 'copyright' to check source files copyright and LICENSE
[11.479s] -- Added test 'flake8' to check Python code syntax and style conventions
[11.493s] -- Added test 'lint_cmake' to check CMake code style
[11.498s] -- Added test 'pep257' to check Python code against some of the style conventions in PEP 257
[11.500s] -- Added test 'xmllint' to check XML markup files
[11.502s] -- Configuring done
[11.534s] -- Generating done
[11.540s] -- Build files have been written to: /home/r1mini/sungsik_ws/build/hrdp_sensors
[11.967s] Invoked command in '/home/r1mini/sungsik_ws/build/hrdp_sensors' returned '0': CMAKE_PREFIX_PATH=${CMAKE_PREFIX_PATH}:/home/r1mini/ros2_ws/install/omo_r1mini_teleop:/home/r1mini/ros2_ws/install/omo_r1mini_bringup:/opt/ros/foxy /usr/bin/cmake --build /home/r1mini/sungsik_ws/build/hrdp_sensors -- -j4 -l4
[12.461s] Invoking command in '/home/r1mini/sungsik_ws/build/hrdp_sensors': CMAKE_PREFIX_PATH=${CMAKE_PREFIX_PATH}:/home/r1mini/ros2_ws/install/omo_r1mini_teleop:/home/r1mini/ros2_ws/install/omo_r1mini_bringup:/opt/ros/foxy /usr/bin/cmake --install /home/r1mini/sungsik_ws/build/hrdp_sensors
[12.560s] -- Install configuration: ""
[12.563s] -- Installing: /home/r1mini/sungsik_ws/install/hrdp_sensors/share/ament_index/resource_index/package_run_dependencies/hrdp_sensors
[12.564s] -- Up-to-date: /home/r1mini/sungsik_ws/install/hrdp_sensors/share/ament_index/resource_index/parent_prefix_path/hrdp_sensors
[12.565s] -- Up-to-date: /home/r1mini/sungsik_ws/install/hrdp_sensors/share/hrdp_sensors/environment/ament_prefix_path.sh
[12.566s] -- Installing: /home/r1mini/sungsik_ws/install/hrdp_sensors/share/hrdp_sensors/environment/ament_prefix_path.dsv
[12.574s] -- Up-to-date: /home/r1mini/sungsik_ws/install/hrdp_sensors/share/hrdp_sensors/environment/path.sh
[12.585s] -- Installing: /home/r1mini/sungsik_ws/install/hrdp_sensors/share/hrdp_sensors/environment/path.dsv
[12.587s] -- Up-to-date: /home/r1mini/sungsik_ws/install/hrdp_sensors/share/hrdp_sensors/local_setup.bash
[12.592s] -- Up-to-date: /home/r1mini/sungsik_ws/install/hrdp_sensors/share/hrdp_sensors/local_setup.sh
[12.596s] -- Up-to-date: /home/r1mini/sungsik_ws/install/hrdp_sensors/share/hrdp_sensors/local_setup.zsh
[12.642s] -- Installing: /home/r1mini/sungsik_ws/install/hrdp_sensors/share/hrdp_sensors/local_setup.dsv
[12.656s] -- Installing: /home/r1mini/sungsik_ws/install/hrdp_sensors/share/hrdp_sensors/package.dsv
[12.659s] -- Up-to-date: /home/r1mini/sungsik_ws/install/hrdp_sensors/share/ament_index/resource_index/packages/hrdp_sensors
[12.661s] -- Up-to-date: /home/r1mini/sungsik_ws/install/hrdp_sensors/share/hrdp_sensors/cmake/hrdp_sensorsConfig.cmake
[12.663s] -- Up-to-date: /home/r1mini/sungsik_ws/install/hrdp_sensors/share/hrdp_sensors/cmake/hrdp_sensorsConfig-version.cmake
[12.665s] -- Installing: /home/r1mini/sungsik_ws/install/hrdp_sensors/share/hrdp_sensors/package.xml
[12.669s] Invoked command in '/home/r1mini/sungsik_ws/build/hrdp_sensors' returned '0': CMAKE_PREFIX_PATH=${CMAKE_PREFIX_PATH}:/home/r1mini/ros2_ws/install/omo_r1mini_teleop:/home/r1mini/ros2_ws/install/omo_r1mini_bringup:/opt/ros/foxy /usr/bin/cmake --install /home/r1mini/sungsik_ws/build/hrdp_sensors
