[0.322s] Invoking command in '/home/r1mini/sungsik_ws/build/hrdp_perception': AMENT_PREFIX_PATH=/home/r1mini/sungsik_ws/install/hrdp_beta_actions:${AMENT_PREFIX_PATH} CMAKE_PREFIX_PATH=/home/r1mini/sungsik_ws/install/hrdp_beta_actions:/home/r1mini/ros2_ws/install/ydlidar_sdk:/home/r1mini/ros2_ws/install/ydlidar_ros2_driver:/home/r1mini/ros2_ws/install/omo_r1mini:/home/r1mini/ros2_ws/install/omo_r1mini_navigation2:/home/r1mini/ros2_ws/install/omo_r1mini_gazebo:/home/r1mini/ros2_ws/install/omo_r1mini_description:/home/r1mini/ros2_ws/install/omo_r1mini_cartographer:/home/r1mini/ros2_ws/install/omo_r1mini_teleop:/home/r1mini/ros2_ws/install/omo_r1mini_bringup:/opt/ros/foxy LD_LIBRARY_PATH=/home/r1mini/sungsik_ws/install/hrdp_beta_actions/lib:${LD_LIBRARY_PATH} PYTHONPATH=/home/r1mini/sungsik_ws/install/hrdp_beta_actions/lib/python3.8/site-packages:${PYTHONPATH} /usr/bin/cmake --build /home/r1mini/sungsik_ws/build/hrdp_perception -- -j4 -l4
[1.213s] Invoked command in '/home/r1mini/sungsik_ws/build/hrdp_perception' returned '0': AMENT_PREFIX_PATH=/home/r1mini/sungsik_ws/install/hrdp_beta_actions:${AMENT_PREFIX_PATH} CMAKE_PREFIX_PATH=/home/r1mini/sungsik_ws/install/hrdp_beta_actions:/home/r1mini/ros2_ws/install/ydlidar_sdk:/home/r1mini/ros2_ws/install/ydlidar_ros2_driver:/home/r1mini/ros2_ws/install/omo_r1mini:/home/r1mini/ros2_ws/install/omo_r1mini_navigation2:/home/r1mini/ros2_ws/install/omo_r1mini_gazebo:/home/r1mini/ros2_ws/install/omo_r1mini_description:/home/r1mini/ros2_ws/install/omo_r1mini_cartographer:/home/r1mini/ros2_ws/install/omo_r1mini_teleop:/home/r1mini/ros2_ws/install/omo_r1mini_bringup:/opt/ros/foxy LD_LIBRARY_PATH=/home/r1mini/sungsik_ws/install/hrdp_beta_actions/lib:${LD_LIBRARY_PATH} PYTHONPATH=/home/r1mini/sungsik_ws/install/hrdp_beta_actions/lib/python3.8/site-packages:${PYTHONPATH} /usr/bin/cmake --build /home/r1mini/sungsik_ws/build/hrdp_perception -- -j4 -l4
[1.596s] Invoking command in '/home/r1mini/sungsik_ws/build/hrdp_perception': AMENT_PREFIX_PATH=/home/r1mini/sungsik_ws/install/hrdp_beta_actions:${AMENT_PREFIX_PATH} CMAKE_PREFIX_PATH=/home/r1mini/sungsik_ws/install/hrdp_beta_actions:/home/r1mini/ros2_ws/install/ydlidar_sdk:/home/r1mini/ros2_ws/install/ydlidar_ros2_driver:/home/r1mini/ros2_ws/install/omo_r1mini:/home/r1mini/ros2_ws/install/omo_r1mini_navigation2:/home/r1mini/ros2_ws/install/omo_r1mini_gazebo:/home/r1mini/ros2_ws/install/omo_r1mini_description:/home/r1mini/ros2_ws/install/omo_r1mini_cartographer:/home/r1mini/ros2_ws/install/omo_r1mini_teleop:/home/r1mini/ros2_ws/install/omo_r1mini_bringup:/opt/ros/foxy LD_LIBRARY_PATH=/home/r1mini/sungsik_ws/install/hrdp_beta_actions/lib:${LD_LIBRARY_PATH} PYTHONPATH=/home/r1mini/sungsik_ws/install/hrdp_beta_actions/lib/python3.8/site-packages:${PYTHONPATH} /usr/bin/cmake --install /home/r1mini/sungsik_ws/build/hrdp_perception
[1.737s] -- Install configuration: ""
[1.755s] -- Up-to-date: /home/r1mini/sungsik_ws/install/hrdp_perception/share/ament_index/resource_index/package_run_dependencies/hrdp_perception
[1.771s] -- Up-to-date: /home/r1mini/sungsik_ws/install/hrdp_perception/share/ament_index/resource_index/parent_prefix_path/hrdp_perception
[1.801s] -- Up-to-date: /home/r1mini/sungsik_ws/install/hrdp_perception/share/hrdp_perception/environment/ament_prefix_path.sh
[1.804s] -- Up-to-date: /home/r1mini/sungsik_ws/install/hrdp_perception/share/hrdp_perception/environment/ament_prefix_path.dsv
[1.806s] -- Up-to-date: /home/r1mini/sungsik_ws/install/hrdp_perception/share/hrdp_perception/environment/path.sh
[1.822s] -- Up-to-date: /home/r1mini/sungsik_ws/install/hrdp_perception/share/hrdp_perception/environment/path.dsv
[1.824s] -- Up-to-date: /home/r1mini/sungsik_ws/install/hrdp_perception/share/hrdp_perception/local_setup.bash
[1.826s] -- Up-to-date: /home/r1mini/sungsik_ws/install/hrdp_perception/share/hrdp_perception/local_setup.sh
[1.827s] -- Up-to-date: /home/r1mini/sungsik_ws/install/hrdp_perception/share/hrdp_perception/local_setup.zsh
[1.829s] -- Up-to-date: /home/r1mini/sungsik_ws/install/hrdp_perception/share/hrdp_perception/local_setup.dsv
[1.830s] -- Installing: /home/r1mini/sungsik_ws/install/hrdp_perception/share/hrdp_perception/package.dsv
[1.831s] -- Up-to-date: /home/r1mini/sungsik_ws/install/hrdp_perception/share/ament_index/resource_index/packages/hrdp_perception
[1.835s] -- Up-to-date: /home/r1mini/sungsik_ws/install/hrdp_perception/share/hrdp_perception/cmake/hrdp_perceptionConfig.cmake
[1.847s] -- Up-to-date: /home/r1mini/sungsik_ws/install/hrdp_perception/share/hrdp_perception/cmake/hrdp_perceptionConfig-version.cmake
[1.849s] -- Up-to-date: /home/r1mini/sungsik_ws/install/hrdp_perception/share/hrdp_perception/package.xml
[1.858s] Invoked command in '/home/r1mini/sungsik_ws/build/hrdp_perception' returned '0': AMENT_PREFIX_PATH=/home/r1mini/sungsik_ws/install/hrdp_beta_actions:${AMENT_PREFIX_PATH} CMAKE_PREFIX_PATH=/home/r1mini/sungsik_ws/install/hrdp_beta_actions:/home/r1mini/ros2_ws/install/ydlidar_sdk:/home/r1mini/ros2_ws/install/ydlidar_ros2_driver:/home/r1mini/ros2_ws/install/omo_r1mini:/home/r1mini/ros2_ws/install/omo_r1mini_navigation2:/home/r1mini/ros2_ws/install/omo_r1mini_gazebo:/home/r1mini/ros2_ws/install/omo_r1mini_description:/home/r1mini/ros2_ws/install/omo_r1mini_cartographer:/home/r1mini/ros2_ws/install/omo_r1mini_teleop:/home/r1mini/ros2_ws/install/omo_r1mini_bringup:/opt/ros/foxy LD_LIBRARY_PATH=/home/r1mini/sungsik_ws/install/hrdp_beta_actions/lib:${LD_LIBRARY_PATH} PYTHONPATH=/home/r1mini/sungsik_ws/install/hrdp_beta_actions/lib/python3.8/site-packages:${PYTHONPATH} /usr/bin/cmake --install /home/r1mini/sungsik_ws/build/hrdp_perception
