[2.538s] DEBUG:colcon:Command line arguments: ['/usr/bin/colcon', 'build', '--packages-select', 'hrdp_perception']
[2.539s] DEBUG:colcon:Parsed command line arguments: Namespace(allow_overriding=[], ament_cmake_args=None, base_paths=['.'], build_base='build', catkin_cmake_args=None, catkin_skip_building_tests=False, cmake_args=None, cmake_clean_cache=False, cmake_clean_first=False, cmake_force_configure=False, cmake_target=None, cmake_target_skip_unavailable=False, continue_on_error=False, event_handlers=None, executor='parallel', ignore_user_meta=False, install_base='install', log_base=None, log_level=None, main=<bound method BuildVerb.main of <colcon_core.verb.build.BuildVerb object at 0x7fae0c1670>>, merge_install=False, metas=['./colcon.meta'], packages_above=None, packages_above_and_dependencies=None, packages_above_depth=None, packages_end=None, packages_ignore=None, packages_ignore_regex=None, packages_select=['hrdp_perception'], packages_select_build_failed=False, packages_select_by_dep=None, packages_select_regex=None, packages_select_test_failures=False, packages_skip=None, packages_skip_build_finished=False, packages_skip_by_dep=None, packages_skip_regex=None, packages_skip_test_passed=False, packages_skip_up_to=None, packages_start=None, packages_up_to=None, packages_up_to_regex=None, parallel_workers=4, paths=None, symlink_install=False, test_result_base=None, verb_extension=<colcon_core.verb.build.BuildVerb object at 0x7fae0c1670>, verb_name='build', verb_parser=<colcon_defaults.argument_parser.defaults.DefaultArgumentsDecorator object at 0x7fadfd1be0>)
[3.006s] Level 1:colcon.colcon_core.package_discovery:discover_packages(colcon_meta) check parameters
[3.008s] Level 1:colcon.colcon_core.package_discovery:discover_packages(recursive) check parameters
[3.009s] Level 1:colcon.colcon_core.package_discovery:discover_packages(ignore) check parameters
[3.009s] Level 1:colcon.colcon_core.package_discovery:discover_packages(path) check parameters
[3.009s] Level 1:colcon.colcon_core.package_discovery:discover_packages(colcon_meta) discover
[3.010s] Level 1:colcon.colcon_core.package_discovery:discover_packages(recursive) discover
[3.010s] INFO:colcon.colcon_core.package_discovery:Crawling recursively for packages in '/home/r1mini/sungsik_ws'
[3.011s] Level 1:colcon.colcon_core.package_identification:_identify(.) by extensions ['ignore', 'ignore_ament_install']
[3.012s] Level 1:colcon.colcon_core.package_identification:_identify(.) by extension 'ignore'
[3.013s] Level 1:colcon.colcon_core.package_identification:_identify(.) by extension 'ignore_ament_install'
[3.013s] Level 1:colcon.colcon_core.package_identification:_identify(.) by extensions ['colcon_pkg']
[3.013s] Level 1:colcon.colcon_core.package_identification:_identify(.) by extension 'colcon_pkg'
[3.014s] Level 1:colcon.colcon_core.package_identification:_identify(.) by extensions ['colcon_meta']
[3.014s] Level 1:colcon.colcon_core.package_identification:_identify(.) by extension 'colcon_meta'
[3.014s] Level 1:colcon.colcon_core.package_identification:_identify(.) by extensions ['ros']
[3.015s] Level 1:colcon.colcon_core.package_identification:_identify(.) by extension 'ros'
[3.147s] Level 1:colcon.colcon_core.package_identification:_identify(.) by extensions ['cmake', 'python']
[3.148s] Level 1:colcon.colcon_core.package_identification:_identify(.) by extension 'cmake'
[3.150s] Level 1:colcon.colcon_core.package_identification:_identify(.) by extension 'python'
[3.151s] Level 1:colcon.colcon_core.package_identification:_identify(.) by extensions ['python_setup_py']
[3.151s] Level 1:colcon.colcon_core.package_identification:_identify(.) by extension 'python_setup_py'
[3.153s] Level 1:colcon.colcon_core.package_identification:_identify(build) by extensions ['ignore', 'ignore_ament_install']
[3.154s] Level 1:colcon.colcon_core.package_identification:_identify(build) by extension 'ignore'
[3.155s] Level 1:colcon.colcon_core.package_identification:_identify(build) ignored
[3.157s] Level 1:colcon.colcon_core.package_identification:_identify(install) by extensions ['ignore', 'ignore_ament_install']
[3.159s] Level 1:colcon.colcon_core.package_identification:_identify(install) by extension 'ignore'
[3.160s] Level 1:colcon.colcon_core.package_identification:_identify(install) ignored
[3.162s] Level 1:colcon.colcon_core.package_identification:_identify(log) by extensions ['ignore', 'ignore_ament_install']
[3.164s] Level 1:colcon.colcon_core.package_identification:_identify(log) by extension 'ignore'
[3.164s] Level 1:colcon.colcon_core.package_identification:_identify(log) ignored
[3.166s] Level 1:colcon.colcon_core.package_identification:_identify(src) by extensions ['ignore', 'ignore_ament_install']
[3.168s] Level 1:colcon.colcon_core.package_identification:_identify(src) by extension 'ignore'
[3.169s] Level 1:colcon.colcon_core.package_identification:_identify(src) by extension 'ignore_ament_install'
[3.170s] Level 1:colcon.colcon_core.package_identification:_identify(src) by extensions ['colcon_pkg']
[3.171s] Level 1:colcon.colcon_core.package_identification:_identify(src) by extension 'colcon_pkg'
[3.172s] Level 1:colcon.colcon_core.package_identification:_identify(src) by extensions ['colcon_meta']
[3.173s] Level 1:colcon.colcon_core.package_identification:_identify(src) by extension 'colcon_meta'
[3.174s] Level 1:colcon.colcon_core.package_identification:_identify(src) by extensions ['ros']
[3.174s] Level 1:colcon.colcon_core.package_identification:_identify(src) by extension 'ros'
[3.175s] Level 1:colcon.colcon_core.package_identification:_identify(src) by extensions ['cmake', 'python']
[3.176s] Level 1:colcon.colcon_core.package_identification:_identify(src) by extension 'cmake'
[3.177s] Level 1:colcon.colcon_core.package_identification:_identify(src) by extension 'python'
[3.178s] Level 1:colcon.colcon_core.package_identification:_identify(src) by extensions ['python_setup_py']
[3.178s] Level 1:colcon.colcon_core.package_identification:_identify(src) by extension 'python_setup_py'
[3.179s] Level 1:colcon.colcon_core.package_identification:_identify(src/hrdp_actuators) by extensions ['ignore', 'ignore_ament_install']
[3.181s] Level 1:colcon.colcon_core.package_identification:_identify(src/hrdp_actuators) by extension 'ignore'
[3.182s] Level 1:colcon.colcon_core.package_identification:_identify(src/hrdp_actuators) by extension 'ignore_ament_install'
[3.183s] Level 1:colcon.colcon_core.package_identification:_identify(src/hrdp_actuators) by extensions ['colcon_pkg']
[3.184s] Level 1:colcon.colcon_core.package_identification:_identify(src/hrdp_actuators) by extension 'colcon_pkg'
[3.185s] Level 1:colcon.colcon_core.package_identification:_identify(src/hrdp_actuators) by extensions ['colcon_meta']
[3.186s] Level 1:colcon.colcon_core.package_identification:_identify(src/hrdp_actuators) by extension 'colcon_meta'
[3.187s] Level 1:colcon.colcon_core.package_identification:_identify(src/hrdp_actuators) by extensions ['ros']
[3.188s] Level 1:colcon.colcon_core.package_identification:_identify(src/hrdp_actuators) by extension 'ros'
[3.218s] DEBUG:colcon.colcon_core.package_identification:Package 'src/hrdp_actuators' with type 'ros.ament_cmake' and name 'hrdp_actuators'
[3.221s] Level 1:colcon.colcon_core.package_identification:_identify(src/hrdp_beta) by extensions ['ignore', 'ignore_ament_install']
[3.222s] Level 1:colcon.colcon_core.package_identification:_identify(src/hrdp_beta) by extension 'ignore'
[3.224s] Level 1:colcon.colcon_core.package_identification:_identify(src/hrdp_beta) by extension 'ignore_ament_install'
[3.225s] Level 1:colcon.colcon_core.package_identification:_identify(src/hrdp_beta) by extensions ['colcon_pkg']
[3.225s] Level 1:colcon.colcon_core.package_identification:_identify(src/hrdp_beta) by extension 'colcon_pkg'
[3.226s] Level 1:colcon.colcon_core.package_identification:_identify(src/hrdp_beta) by extensions ['colcon_meta']
[3.227s] Level 1:colcon.colcon_core.package_identification:_identify(src/hrdp_beta) by extension 'colcon_meta'
[3.228s] Level 1:colcon.colcon_core.package_identification:_identify(src/hrdp_beta) by extensions ['ros']
[3.228s] Level 1:colcon.colcon_core.package_identification:_identify(src/hrdp_beta) by extension 'ros'
[3.230s] Level 1:colcon.colcon_core.package_identification:_identify(src/hrdp_beta) by extensions ['cmake', 'python']
[3.231s] Level 1:colcon.colcon_core.package_identification:_identify(src/hrdp_beta) by extension 'cmake'
[3.244s] Level 1:colcon.colcon_core.package_identification:_identify(src/hrdp_beta) by extension 'python'
[3.246s] DEBUG:colcon.colcon_core.package_identification:Package 'src/hrdp_beta' with type 'cmake' and name 'hrdp_beta'
[3.247s] Level 1:colcon.colcon_core.package_identification:_identify(src/hrdp_beta_actions) by extensions ['ignore', 'ignore_ament_install']
[3.248s] Level 1:colcon.colcon_core.package_identification:_identify(src/hrdp_beta_actions) by extension 'ignore'
[3.250s] Level 1:colcon.colcon_core.package_identification:_identify(src/hrdp_beta_actions) by extension 'ignore_ament_install'
[3.251s] Level 1:colcon.colcon_core.package_identification:_identify(src/hrdp_beta_actions) by extensions ['colcon_pkg']
[3.251s] Level 1:colcon.colcon_core.package_identification:_identify(src/hrdp_beta_actions) by extension 'colcon_pkg'
[3.252s] Level 1:colcon.colcon_core.package_identification:_identify(src/hrdp_beta_actions) by extensions ['colcon_meta']
[3.253s] Level 1:colcon.colcon_core.package_identification:_identify(src/hrdp_beta_actions) by extension 'colcon_meta'
[3.254s] Level 1:colcon.colcon_core.package_identification:_identify(src/hrdp_beta_actions) by extensions ['ros']
[3.255s] Level 1:colcon.colcon_core.package_identification:_identify(src/hrdp_beta_actions) by extension 'ros'
[3.262s] DEBUG:colcon.colcon_core.package_identification:Package 'src/hrdp_beta_actions' with type 'ros.ament_cmake' and name 'hrdp_beta_actions'
[3.264s] Level 1:colcon.colcon_core.package_identification:_identify(src/hrdp_human_interfaces) by extensions ['ignore', 'ignore_ament_install']
[3.266s] Level 1:colcon.colcon_core.package_identification:_identify(src/hrdp_human_interfaces) by extension 'ignore'
[3.267s] Level 1:colcon.colcon_core.package_identification:_identify(src/hrdp_human_interfaces) by extension 'ignore_ament_install'
[3.268s] Level 1:colcon.colcon_core.package_identification:_identify(src/hrdp_human_interfaces) by extensions ['colcon_pkg']
[3.269s] Level 1:colcon.colcon_core.package_identification:_identify(src/hrdp_human_interfaces) by extension 'colcon_pkg'
[3.270s] Level 1:colcon.colcon_core.package_identification:_identify(src/hrdp_human_interfaces) by extensions ['colcon_meta']
[3.271s] Level 1:colcon.colcon_core.package_identification:_identify(src/hrdp_human_interfaces) by extension 'colcon_meta'
[3.272s] Level 1:colcon.colcon_core.package_identification:_identify(src/hrdp_human_interfaces) by extensions ['ros']
[3.273s] Level 1:colcon.colcon_core.package_identification:_identify(src/hrdp_human_interfaces) by extension 'ros'
[3.280s] DEBUG:colcon.colcon_core.package_identification:Package 'src/hrdp_human_interfaces' with type 'ros.ament_cmake' and name 'hrdp_human_interfaces'
[3.282s] Level 1:colcon.colcon_core.package_identification:_identify(src/hrdp_perception) by extensions ['ignore', 'ignore_ament_install']
[3.284s] Level 1:colcon.colcon_core.package_identification:_identify(src/hrdp_perception) by extension 'ignore'
[3.285s] Level 1:colcon.colcon_core.package_identification:_identify(src/hrdp_perception) by extension 'ignore_ament_install'
[3.286s] Level 1:colcon.colcon_core.package_identification:_identify(src/hrdp_perception) by extensions ['colcon_pkg']
[3.287s] Level 1:colcon.colcon_core.package_identification:_identify(src/hrdp_perception) by extension 'colcon_pkg'
[3.287s] Level 1:colcon.colcon_core.package_identification:_identify(src/hrdp_perception) by extensions ['colcon_meta']
[3.288s] Level 1:colcon.colcon_core.package_identification:_identify(src/hrdp_perception) by extension 'colcon_meta'
[3.289s] Level 1:colcon.colcon_core.package_identification:_identify(src/hrdp_perception) by extensions ['ros']
[3.290s] Level 1:colcon.colcon_core.package_identification:_identify(src/hrdp_perception) by extension 'ros'
[3.297s] DEBUG:colcon.colcon_core.package_identification:Package 'src/hrdp_perception' with type 'ros.ament_cmake' and name 'hrdp_perception'
[3.299s] Level 1:colcon.colcon_core.package_identification:_identify(src/hrdp_sensors) by extensions ['ignore', 'ignore_ament_install']
[3.301s] Level 1:colcon.colcon_core.package_identification:_identify(src/hrdp_sensors) by extension 'ignore'
[3.302s] Level 1:colcon.colcon_core.package_identification:_identify(src/hrdp_sensors) by extension 'ignore_ament_install'
[3.303s] Level 1:colcon.colcon_core.package_identification:_identify(src/hrdp_sensors) by extensions ['colcon_pkg']
[3.303s] Level 1:colcon.colcon_core.package_identification:_identify(src/hrdp_sensors) by extension 'colcon_pkg'
[3.304s] Level 1:colcon.colcon_core.package_identification:_identify(src/hrdp_sensors) by extensions ['colcon_meta']
[3.305s] Level 1:colcon.colcon_core.package_identification:_identify(src/hrdp_sensors) by extension 'colcon_meta'
[3.306s] Level 1:colcon.colcon_core.package_identification:_identify(src/hrdp_sensors) by extensions ['ros']
[3.306s] Level 1:colcon.colcon_core.package_identification:_identify(src/hrdp_sensors) by extension 'ros'
[3.314s] DEBUG:colcon.colcon_core.package_identification:Package 'src/hrdp_sensors' with type 'ros.ament_cmake' and name 'hrdp_sensors'
[3.315s] Level 1:colcon.colcon_core.package_discovery:discover_packages(recursive) using defaults
[3.316s] Level 1:colcon.colcon_core.package_discovery:discover_packages(ignore) discover
[3.316s] Level 1:colcon.colcon_core.package_discovery:discover_packages(ignore) using defaults
[3.317s] Level 1:colcon.colcon_core.package_discovery:discover_packages(path) discover
[3.317s] Level 1:colcon.colcon_core.package_discovery:discover_packages(path) using defaults
[3.598s] INFO:colcon.colcon_core.package_selection:Skipping not selected package 'hrdp_actuators' in 'src/hrdp_actuators'
[3.599s] INFO:colcon.colcon_core.package_selection:Skipping not selected package 'hrdp_beta_actions' in 'src/hrdp_beta_actions'
[3.600s] INFO:colcon.colcon_core.package_selection:Skipping not selected package 'hrdp_human_interfaces' in 'src/hrdp_human_interfaces'
[3.601s] INFO:colcon.colcon_core.package_selection:Skipping not selected package 'hrdp_sensors' in 'src/hrdp_sensors'
[3.602s] INFO:colcon.colcon_core.package_selection:Skipping not selected package 'hrdp_beta' in 'src/hrdp_beta'
[3.613s] Level 1:colcon.colcon_core.package_discovery:discover_packages(prefix_path) check parameters
[3.614s] Level 1:colcon.colcon_core.package_discovery:discover_packages(prefix_path) discover
[3.679s] DEBUG:colcon.colcon_installed_package_information.package_discovery:Found 6 installed packages in /home/r1mini/sungsik_ws/install
[3.707s] DEBUG:colcon.colcon_installed_package_information.package_discovery:Found 9 installed packages in /home/r1mini/ros2_ws/install
[3.730s] DEBUG:colcon.colcon_installed_package_information.package_discovery:Found 270 installed packages in /opt/ros/foxy
[3.747s] Level 1:colcon.colcon_core.package_discovery:discover_packages(prefix_path) using defaults
[4.498s] Level 5:colcon.colcon_core.verb:set package 'hrdp_perception' build argument 'cmake_args' from command line to 'None'
[4.499s] Level 5:colcon.colcon_core.verb:set package 'hrdp_perception' build argument 'cmake_target' from command line to 'None'
[4.500s] Level 5:colcon.colcon_core.verb:set package 'hrdp_perception' build argument 'cmake_target_skip_unavailable' from command line to 'False'
[4.500s] Level 5:colcon.colcon_core.verb:set package 'hrdp_perception' build argument 'cmake_clean_cache' from command line to 'False'
[4.500s] Level 5:colcon.colcon_core.verb:set package 'hrdp_perception' build argument 'cmake_clean_first' from command line to 'False'
[4.501s] Level 5:colcon.colcon_core.verb:set package 'hrdp_perception' build argument 'cmake_force_configure' from command line to 'False'
[4.501s] Level 5:colcon.colcon_core.verb:set package 'hrdp_perception' build argument 'ament_cmake_args' from command line to 'None'
[4.501s] Level 5:colcon.colcon_core.verb:set package 'hrdp_perception' build argument 'catkin_cmake_args' from command line to 'None'
[4.502s] Level 5:colcon.colcon_core.verb:set package 'hrdp_perception' build argument 'catkin_skip_building_tests' from command line to 'False'
[4.502s] DEBUG:colcon.colcon_core.verb:Building package 'hrdp_perception' with the following arguments: {'ament_cmake_args': None, 'build_base': '/home/r1mini/sungsik_ws/build/hrdp_perception', 'catkin_cmake_args': None, 'catkin_skip_building_tests': False, 'cmake_args': None, 'cmake_clean_cache': False, 'cmake_clean_first': False, 'cmake_force_configure': False, 'cmake_target': None, 'cmake_target_skip_unavailable': False, 'install_base': '/home/r1mini/sungsik_ws/install/hrdp_perception', 'merge_install': False, 'path': '/home/r1mini/sungsik_ws/src/hrdp_perception', 'symlink_install': False, 'test_result_base': None}
[4.510s] INFO:colcon.colcon_core.executor:Executing jobs using 'parallel' executor
[4.546s] DEBUG:colcon.colcon_parallel_executor.executor.parallel:run_until_complete
[4.549s] INFO:colcon.colcon_ros.task.ament_cmake.build:Building ROS package in '/home/r1mini/sungsik_ws/src/hrdp_perception' with build type 'ament_cmake'
[4.550s] INFO:colcon.colcon_cmake.task.cmake.build:Building CMake package in '/home/r1mini/sungsik_ws/src/hrdp_perception'
[4.615s] INFO:colcon.colcon_core.plugin_system:Skipping extension 'colcon_core.shell.bat': Not used on non-Windows systems
[4.622s] INFO:colcon.colcon_core.shell:Skip shell extension 'powershell' for command environment: Not usable outside of PowerShell
[4.624s] DEBUG:colcon.colcon_core.shell:Skip shell extension 'dsv' for command environment
[4.854s] DEBUG:colcon.colcon_core.event_handler.log_command:Invoking command in '/home/r1mini/sungsik_ws/build/hrdp_perception': CMAKE_PREFIX_PATH=/home/r1mini/sungsik_ws/install/hrdp_beta_actions:/home/r1mini/sungsik_ws/install/hrdp_sensors:/home/r1mini/sungsik_ws/install/hrdp_perception:/home/r1mini/sungsik_ws/install/hrdp_human_interfaces:/home/r1mini/sungsik_ws/install/hrdp_beta:/home/r1mini/sungsik_ws/install/hrdp_actuators:/home/r1mini/ros2_ws/install/ydlidar_sdk:/home/r1mini/ros2_ws/install/ydlidar_ros2_driver:/home/r1mini/ros2_ws/install/omo_r1mini:/home/r1mini/ros2_ws/install/omo_r1mini_navigation2:/home/r1mini/ros2_ws/install/omo_r1mini_gazebo:/home/r1mini/ros2_ws/install/omo_r1mini_description:/home/r1mini/ros2_ws/install/omo_r1mini_cartographer:/home/r1mini/ros2_ws/install/omo_r1mini_teleop:/home/r1mini/ros2_ws/install/omo_r1mini_bringup:/opt/ros/foxy /usr/bin/cmake --build /home/r1mini/sungsik_ws/build/hrdp_perception -- -j4 -l4
[13.296s] DEBUG:colcon.colcon_core.event_handler.log_command:Invoked command in '/home/r1mini/sungsik_ws/build/hrdp_perception' returned '0': CMAKE_PREFIX_PATH=/home/r1mini/sungsik_ws/install/hrdp_beta_actions:/home/r1mini/sungsik_ws/install/hrdp_sensors:/home/r1mini/sungsik_ws/install/hrdp_perception:/home/r1mini/sungsik_ws/install/hrdp_human_interfaces:/home/r1mini/sungsik_ws/install/hrdp_beta:/home/r1mini/sungsik_ws/install/hrdp_actuators:/home/r1mini/ros2_ws/install/ydlidar_sdk:/home/r1mini/ros2_ws/install/ydlidar_ros2_driver:/home/r1mini/ros2_ws/install/omo_r1mini:/home/r1mini/ros2_ws/install/omo_r1mini_navigation2:/home/r1mini/ros2_ws/install/omo_r1mini_gazebo:/home/r1mini/ros2_ws/install/omo_r1mini_description:/home/r1mini/ros2_ws/install/omo_r1mini_cartographer:/home/r1mini/ros2_ws/install/omo_r1mini_teleop:/home/r1mini/ros2_ws/install/omo_r1mini_bringup:/opt/ros/foxy /usr/bin/cmake --build /home/r1mini/sungsik_ws/build/hrdp_perception -- -j4 -l4
[13.630s] DEBUG:colcon.colcon_core.event_handler.log_command:Invoking command in '/home/r1mini/sungsik_ws/build/hrdp_perception': CMAKE_PREFIX_PATH=/home/r1mini/sungsik_ws/install/hrdp_beta_actions:/home/r1mini/sungsik_ws/install/hrdp_sensors:/home/r1mini/sungsik_ws/install/hrdp_perception:/home/r1mini/sungsik_ws/install/hrdp_human_interfaces:/home/r1mini/sungsik_ws/install/hrdp_beta:/home/r1mini/sungsik_ws/install/hrdp_actuators:/home/r1mini/ros2_ws/install/ydlidar_sdk:/home/r1mini/ros2_ws/install/ydlidar_ros2_driver:/home/r1mini/ros2_ws/install/omo_r1mini:/home/r1mini/ros2_ws/install/omo_r1mini_navigation2:/home/r1mini/ros2_ws/install/omo_r1mini_gazebo:/home/r1mini/ros2_ws/install/omo_r1mini_description:/home/r1mini/ros2_ws/install/omo_r1mini_cartographer:/home/r1mini/ros2_ws/install/omo_r1mini_teleop:/home/r1mini/ros2_ws/install/omo_r1mini_bringup:/opt/ros/foxy /usr/bin/cmake --install /home/r1mini/sungsik_ws/build/hrdp_perception
[14.255s] DEBUG:colcon.colcon_core.event_handler.log_command:Invoked command in '/home/r1mini/sungsik_ws/build/hrdp_perception' returned '1': CMAKE_PREFIX_PATH=/home/r1mini/sungsik_ws/install/hrdp_beta_actions:/home/r1mini/sungsik_ws/install/hrdp_sensors:/home/r1mini/sungsik_ws/install/hrdp_perception:/home/r1mini/sungsik_ws/install/hrdp_human_interfaces:/home/r1mini/sungsik_ws/install/hrdp_beta:/home/r1mini/sungsik_ws/install/hrdp_actuators:/home/r1mini/ros2_ws/install/ydlidar_sdk:/home/r1mini/ros2_ws/install/ydlidar_ros2_driver:/home/r1mini/ros2_ws/install/omo_r1mini:/home/r1mini/ros2_ws/install/omo_r1mini_navigation2:/home/r1mini/ros2_ws/install/omo_r1mini_gazebo:/home/r1mini/ros2_ws/install/omo_r1mini_description:/home/r1mini/ros2_ws/install/omo_r1mini_cartographer:/home/r1mini/ros2_ws/install/omo_r1mini_teleop:/home/r1mini/ros2_ws/install/omo_r1mini_bringup:/opt/ros/foxy /usr/bin/cmake --install /home/r1mini/sungsik_ws/build/hrdp_perception
[14.450s] Level 1:colcon.colcon_core.environment:create_environment_scripts_only(hrdp_perception)
[14.512s] Level 1:colcon.colcon_core.environment:checking '/home/r1mini/sungsik_ws/install/hrdp_perception' for CMake module files
[14.518s] Level 1:colcon.colcon_core.environment:checking '/home/r1mini/sungsik_ws/install/hrdp_perception' for CMake config files
[14.523s] Level 1:colcon.colcon_core.shell:create_environment_hook('hrdp_perception', 'cmake_prefix_path')
[14.546s] INFO:colcon.colcon_core.shell:Creating environment hook '/home/r1mini/sungsik_ws/install/hrdp_perception/share/hrdp_perception/hook/cmake_prefix_path.ps1'
[14.554s] INFO:colcon.colcon_core.shell:Creating environment descriptor '/home/r1mini/sungsik_ws/install/hrdp_perception/share/hrdp_perception/hook/cmake_prefix_path.dsv'
[14.558s] INFO:colcon.colcon_core.shell:Creating environment hook '/home/r1mini/sungsik_ws/install/hrdp_perception/share/hrdp_perception/hook/cmake_prefix_path.sh'
[14.567s] Level 1:colcon.colcon_core.environment:checking '/home/r1mini/sungsik_ws/install/hrdp_perception/lib'
[14.569s] Level 1:colcon.colcon_core.environment:checking '/home/r1mini/sungsik_ws/install/hrdp_perception/bin'
[14.570s] Level 1:colcon.colcon_core.environment:checking '/home/r1mini/sungsik_ws/install/hrdp_perception/lib/pkgconfig/hrdp_perception.pc'
[14.572s] Level 1:colcon.colcon_core.environment:checking '/home/r1mini/sungsik_ws/install/hrdp_perception/lib/python3.8/site-packages'
[14.574s] Level 1:colcon.colcon_core.shell:create_environment_hook('hrdp_perception', 'pythonpath')
[14.591s] INFO:colcon.colcon_core.shell:Creating environment hook '/home/r1mini/sungsik_ws/install/hrdp_perception/share/hrdp_perception/hook/pythonpath.ps1'
[14.596s] INFO:colcon.colcon_core.shell:Creating environment descriptor '/home/r1mini/sungsik_ws/install/hrdp_perception/share/hrdp_perception/hook/pythonpath.dsv'
[14.599s] INFO:colcon.colcon_core.shell:Creating environment hook '/home/r1mini/sungsik_ws/install/hrdp_perception/share/hrdp_perception/hook/pythonpath.sh'
[14.605s] Level 1:colcon.colcon_core.environment:checking '/home/r1mini/sungsik_ws/install/hrdp_perception/bin'
[14.623s] INFO:colcon.colcon_core.shell:Creating package script '/home/r1mini/sungsik_ws/install/hrdp_perception/share/hrdp_perception/package.ps1'
[14.633s] INFO:colcon.colcon_core.shell:Creating package descriptor '/home/r1mini/sungsik_ws/install/hrdp_perception/share/hrdp_perception/package.dsv'
[14.645s] INFO:colcon.colcon_core.shell:Creating package script '/home/r1mini/sungsik_ws/install/hrdp_perception/share/hrdp_perception/package.sh'
[14.658s] INFO:colcon.colcon_core.shell:Creating package script '/home/r1mini/sungsik_ws/install/hrdp_perception/share/hrdp_perception/package.bash'
[14.667s] INFO:colcon.colcon_core.shell:Creating package script '/home/r1mini/sungsik_ws/install/hrdp_perception/share/hrdp_perception/package.zsh'
[14.674s] Level 1:colcon.colcon_core.environment:create_file_with_runtime_dependencies(/home/r1mini/sungsik_ws/install/hrdp_perception/share/colcon-core/packages/hrdp_perception)
[14.680s] DEBUG:colcon.colcon_parallel_executor.executor.parallel:closing loop
[14.683s] DEBUG:colcon.colcon_parallel_executor.executor.parallel:loop closed
[14.686s] DEBUG:colcon.colcon_parallel_executor.executor.parallel:run_until_complete finished with '1'
[14.687s] DEBUG:colcon.colcon_core.event_reactor:joining thread
[14.866s] INFO:colcon.colcon_core.plugin_system:Skipping extension 'colcon_notification.desktop_notification.terminal_notifier': Not used on non-Darwin systems
[14.868s] INFO:colcon.colcon_core.plugin_system:Skipping extension 'colcon_notification.desktop_notification.win32': Not used on non-Windows systems
[14.869s] INFO:colcon.colcon_notification.desktop_notification:Sending desktop notification using 'notify2'
[14.939s] DEBUG:colcon.colcon_core.event_reactor:joined thread
[15.010s] INFO:colcon.colcon_core.shell:Creating prefix script '/home/r1mini/sungsik_ws/install/local_setup.ps1'
[15.035s] INFO:colcon.colcon_core.shell:Creating prefix util module '/home/r1mini/sungsik_ws/install/_local_setup_util_ps1.py'
[15.048s] INFO:colcon.colcon_core.shell:Creating prefix chain script '/home/r1mini/sungsik_ws/install/setup.ps1'
[15.071s] INFO:colcon.colcon_core.shell:Creating prefix script '/home/r1mini/sungsik_ws/install/local_setup.sh'
[15.079s] INFO:colcon.colcon_core.shell:Creating prefix util module '/home/r1mini/sungsik_ws/install/_local_setup_util_sh.py'
[15.086s] INFO:colcon.colcon_core.shell:Creating prefix chain script '/home/r1mini/sungsik_ws/install/setup.sh'
[15.110s] INFO:colcon.colcon_core.shell:Creating prefix script '/home/r1mini/sungsik_ws/install/local_setup.bash'
[15.116s] INFO:colcon.colcon_core.shell:Creating prefix chain script '/home/r1mini/sungsik_ws/install/setup.bash'
[15.140s] INFO:colcon.colcon_core.shell:Creating prefix script '/home/r1mini/sungsik_ws/install/local_setup.zsh'
[15.149s] INFO:colcon.colcon_core.shell:Creating prefix chain script '/home/r1mini/sungsik_ws/install/setup.zsh'
