[1.279s] Invoking command in '/home/r1mini/sungsik_ws/build/hrdp_sensors': CMAKE_PREFIX_PATH=${CMAKE_PREFIX_PATH}:/home/r1mini/ros2_ws/install/omo_r1mini_teleop:/home/r1mini/ros2_ws/install/omo_r1mini_bringup:/opt/ros/foxy /usr/bin/cmake --build /home/r1mini/sungsik_ws/build/hrdp_sensors -- -j4 -l4
[2.896s] Invoked command in '/home/r1mini/sungsik_ws/build/hrdp_sensors' returned '0': CMAKE_PREFIX_PATH=${CMAKE_PREFIX_PATH}:/home/r1mini/ros2_ws/install/omo_r1mini_teleop:/home/r1mini/ros2_ws/install/omo_r1mini_bringup:/opt/ros/foxy /usr/bin/cmake --build /home/r1mini/sungsik_ws/build/hrdp_sensors -- -j4 -l4
[3.872s] Invoking command in '/home/r1mini/sungsik_ws/build/hrdp_sensors': CMAKE_PREFIX_PATH=${CMAKE_PREFIX_PATH}:/home/r1mini/ros2_ws/install/omo_r1mini_teleop:/home/r1mini/ros2_ws/install/omo_r1mini_bringup:/opt/ros/foxy /usr/bin/cmake --install /home/r1mini/sungsik_ws/build/hrdp_sensors
[4.372s] -- Install configuration: ""
[4.383s] -- Up-to-date: /home/r1mini/sungsik_ws/install/hrdp_sensors/share/ament_index/resource_index/package_run_dependencies/hrdp_sensors
[4.401s] -- Up-to-date: /home/r1mini/sungsik_ws/install/hrdp_sensors/share/ament_index/resource_index/parent_prefix_path/hrdp_sensors
[4.412s] -- Up-to-date: /home/r1mini/sungsik_ws/install/hrdp_sensors/share/hrdp_sensors/environment/ament_prefix_path.sh
[4.456s] -- Up-to-date: /home/r1mini/sungsik_ws/install/hrdp_sensors/share/hrdp_sensors/environment/ament_prefix_path.dsv
[4.471s] -- Up-to-date: /home/r1mini/sungsik_ws/install/hrdp_sensors/share/hrdp_sensors/environment/path.sh
[4.474s] -- Up-to-date: /home/r1mini/sungsik_ws/install/hrdp_sensors/share/hrdp_sensors/environment/path.dsv
[4.485s] -- Up-to-date: /home/r1mini/sungsik_ws/install/hrdp_sensors/share/hrdp_sensors/local_setup.bash
[4.493s] -- Up-to-date: /home/r1mini/sungsik_ws/install/hrdp_sensors/share/hrdp_sensors/local_setup.sh
[4.530s] -- Up-to-date: /home/r1mini/sungsik_ws/install/hrdp_sensors/share/hrdp_sensors/local_setup.zsh
[4.536s] -- Up-to-date: /home/r1mini/sungsik_ws/install/hrdp_sensors/share/hrdp_sensors/local_setup.dsv
[4.540s] -- Installing: /home/r1mini/sungsik_ws/install/hrdp_sensors/share/hrdp_sensors/package.dsv
[4.542s] -- Up-to-date: /home/r1mini/sungsik_ws/install/hrdp_sensors/share/ament_index/resource_index/packages/hrdp_sensors
[4.578s] -- Up-to-date: /home/r1mini/sungsik_ws/install/hrdp_sensors/share/hrdp_sensors/cmake/hrdp_sensorsConfig.cmake
[4.580s] -- Up-to-date: /home/r1mini/sungsik_ws/install/hrdp_sensors/share/hrdp_sensors/cmake/hrdp_sensorsConfig-version.cmake
[4.582s] -- Up-to-date: /home/r1mini/sungsik_ws/install/hrdp_sensors/share/hrdp_sensors/package.xml
[4.606s] Invoked command in '/home/r1mini/sungsik_ws/build/hrdp_sensors' returned '0': CMAKE_PREFIX_PATH=${CMAKE_PREFIX_PATH}:/home/r1mini/ros2_ws/install/omo_r1mini_teleop:/home/r1mini/ros2_ws/install/omo_r1mini_bringup:/opt/ros/foxy /usr/bin/cmake --install /home/r1mini/sungsik_ws/build/hrdp_sensors
