[4.313s] DEBUG:colcon:Command line arguments: ['/usr/bin/colcon', 'build', '--symlink-install', '--packages-select', 'hrdp_launch']
[4.315s] DEBUG:colcon:Parsed command line arguments: Namespace(allow_overriding=[], ament_cmake_args=None, base_paths=['.'], build_base='build', catkin_cmake_args=None, catkin_skip_building_tests=False, cmake_args=None, cmake_clean_cache=False, cmake_clean_first=False, cmake_force_configure=False, cmake_target=None, cmake_target_skip_unavailable=False, continue_on_error=False, event_handlers=None, executor='parallel', ignore_user_meta=False, install_base='install', log_base=None, log_level=None, main=<bound method BuildVerb.main of <colcon_core.verb.build.BuildVerb object at 0x7fa3f951f0>>, merge_install=False, metas=['./colcon.meta'], packages_above=None, packages_above_and_dependencies=None, packages_above_depth=None, packages_end=None, packages_ignore=None, packages_ignore_regex=None, packages_select=['hrdp_launch'], packages_select_build_failed=False, packages_select_by_dep=None, packages_select_regex=None, packages_select_test_failures=False, packages_skip=None, packages_skip_build_finished=False, packages_skip_by_dep=None, packages_skip_regex=None, packages_skip_test_passed=False, packages_skip_up_to=None, packages_start=None, packages_up_to=None, packages_up_to_regex=None, parallel_workers=4, paths=None, symlink_install=True, test_result_base=None, verb_extension=<colcon_core.verb.build.BuildVerb object at 0x7fa3f951f0>, verb_name='build', verb_parser=<colcon_defaults.argument_parser.defaults.DefaultArgumentsDecorator object at 0x7fa3f95730>)
[5.807s] Level 1:colcon.colcon_core.package_discovery:discover_packages(colcon_meta) check parameters
[5.820s] Level 1:colcon.colcon_core.package_discovery:discover_packages(recursive) check parameters
[5.821s] Level 1:colcon.colcon_core.package_discovery:discover_packages(ignore) check parameters
[5.824s] Level 1:colcon.colcon_core.package_discovery:discover_packages(path) check parameters
[5.834s] Level 1:colcon.colcon_core.package_discovery:discover_packages(colcon_meta) discover
[5.840s] Level 1:colcon.colcon_core.package_discovery:discover_packages(recursive) discover
[5.845s] INFO:colcon.colcon_core.package_discovery:Crawling recursively for packages in '/home/r1mini/sungsik_ws'
[5.867s] Level 1:colcon.colcon_core.package_identification:_identify(.) by extensions ['ignore', 'ignore_ament_install']
[5.870s] Level 1:colcon.colcon_core.package_identification:_identify(.) by extension 'ignore'
[5.873s] Level 1:colcon.colcon_core.package_identification:_identify(.) by extension 'ignore_ament_install'
[5.878s] Level 1:colcon.colcon_core.package_identification:_identify(.) by extensions ['colcon_pkg']
[5.880s] Level 1:colcon.colcon_core.package_identification:_identify(.) by extension 'colcon_pkg'
[5.884s] Level 1:colcon.colcon_core.package_identification:_identify(.) by extensions ['colcon_meta']
[5.898s] Level 1:colcon.colcon_core.package_identification:_identify(.) by extension 'colcon_meta'
[5.913s] Level 1:colcon.colcon_core.package_identification:_identify(.) by extensions ['ros']
[5.923s] Level 1:colcon.colcon_core.package_identification:_identify(.) by extension 'ros'
[6.507s] Level 1:colcon.colcon_core.package_identification:_identify(.) by extensions ['cmake', 'python']
[6.508s] Level 1:colcon.colcon_core.package_identification:_identify(.) by extension 'cmake'
[6.512s] Level 1:colcon.colcon_core.package_identification:_identify(.) by extension 'python'
[6.515s] Level 1:colcon.colcon_core.package_identification:_identify(.) by extensions ['python_setup_py']
[6.517s] Level 1:colcon.colcon_core.package_identification:_identify(.) by extension 'python_setup_py'
[6.523s] Level 1:colcon.colcon_core.package_identification:_identify(build) by extensions ['ignore', 'ignore_ament_install']
[6.534s] Level 1:colcon.colcon_core.package_identification:_identify(build) by extension 'ignore'
[6.541s] Level 1:colcon.colcon_core.package_identification:_identify(build) ignored
[6.553s] Level 1:colcon.colcon_core.package_identification:_identify(install) by extensions ['ignore', 'ignore_ament_install']
[6.556s] Level 1:colcon.colcon_core.package_identification:_identify(install) by extension 'ignore'
[6.562s] Level 1:colcon.colcon_core.package_identification:_identify(install) ignored
[6.565s] Level 1:colcon.colcon_core.package_identification:_identify(log) by extensions ['ignore', 'ignore_ament_install']
[6.568s] Level 1:colcon.colcon_core.package_identification:_identify(log) by extension 'ignore'
[6.572s] Level 1:colcon.colcon_core.package_identification:_identify(log) ignored
[6.595s] Level 1:colcon.colcon_core.package_identification:_identify(res) by extensions ['ignore', 'ignore_ament_install']
[6.598s] Level 1:colcon.colcon_core.package_identification:_identify(res) by extension 'ignore'
[6.599s] Level 1:colcon.colcon_core.package_identification:_identify(res) by extension 'ignore_ament_install'
[6.601s] Level 1:colcon.colcon_core.package_identification:_identify(res) by extensions ['colcon_pkg']
[6.602s] Level 1:colcon.colcon_core.package_identification:_identify(res) by extension 'colcon_pkg'
[6.604s] Level 1:colcon.colcon_core.package_identification:_identify(res) by extensions ['colcon_meta']
[6.605s] Level 1:colcon.colcon_core.package_identification:_identify(res) by extension 'colcon_meta'
[6.608s] Level 1:colcon.colcon_core.package_identification:_identify(res) by extensions ['ros']
[6.614s] Level 1:colcon.colcon_core.package_identification:_identify(res) by extension 'ros'
[6.619s] Level 1:colcon.colcon_core.package_identification:_identify(res) by extensions ['cmake', 'python']
[6.622s] Level 1:colcon.colcon_core.package_identification:_identify(res) by extension 'cmake'
[6.624s] Level 1:colcon.colcon_core.package_identification:_identify(res) by extension 'python'
[6.631s] Level 1:colcon.colcon_core.package_identification:_identify(res) by extensions ['python_setup_py']
[6.633s] Level 1:colcon.colcon_core.package_identification:_identify(res) by extension 'python_setup_py'
[6.635s] Level 1:colcon.colcon_core.package_identification:_identify(src) by extensions ['ignore', 'ignore_ament_install']
[6.637s] Level 1:colcon.colcon_core.package_identification:_identify(src) by extension 'ignore'
[6.640s] Level 1:colcon.colcon_core.package_identification:_identify(src) by extension 'ignore_ament_install'
[6.642s] Level 1:colcon.colcon_core.package_identification:_identify(src) by extensions ['colcon_pkg']
[6.649s] Level 1:colcon.colcon_core.package_identification:_identify(src) by extension 'colcon_pkg'
[6.653s] Level 1:colcon.colcon_core.package_identification:_identify(src) by extensions ['colcon_meta']
[6.657s] Level 1:colcon.colcon_core.package_identification:_identify(src) by extension 'colcon_meta'
[6.672s] Level 1:colcon.colcon_core.package_identification:_identify(src) by extensions ['ros']
[6.676s] Level 1:colcon.colcon_core.package_identification:_identify(src) by extension 'ros'
[6.680s] Level 1:colcon.colcon_core.package_identification:_identify(src) by extensions ['cmake', 'python']
[6.682s] Level 1:colcon.colcon_core.package_identification:_identify(src) by extension 'cmake'
[6.684s] Level 1:colcon.colcon_core.package_identification:_identify(src) by extension 'python'
[6.686s] Level 1:colcon.colcon_core.package_identification:_identify(src) by extensions ['python_setup_py']
[6.687s] Level 1:colcon.colcon_core.package_identification:_identify(src) by extension 'python_setup_py'
[6.692s] Level 1:colcon.colcon_core.package_identification:_identify(src/build) by extensions ['ignore', 'ignore_ament_install']
[6.698s] Level 1:colcon.colcon_core.package_identification:_identify(src/build) by extension 'ignore'
[6.703s] Level 1:colcon.colcon_core.package_identification:_identify(src/build) ignored
[6.717s] Level 1:colcon.colcon_core.package_identification:_identify(src/hrdp_actuators_beta) by extensions ['ignore', 'ignore_ament_install']
[6.720s] Level 1:colcon.colcon_core.package_identification:_identify(src/hrdp_actuators_beta) by extension 'ignore'
[6.723s] Level 1:colcon.colcon_core.package_identification:_identify(src/hrdp_actuators_beta) by extension 'ignore_ament_install'
[6.734s] Level 1:colcon.colcon_core.package_identification:_identify(src/hrdp_actuators_beta) by extensions ['colcon_pkg']
[6.737s] Level 1:colcon.colcon_core.package_identification:_identify(src/hrdp_actuators_beta) by extension 'colcon_pkg'
[6.739s] Level 1:colcon.colcon_core.package_identification:_identify(src/hrdp_actuators_beta) by extensions ['colcon_meta']
[6.741s] Level 1:colcon.colcon_core.package_identification:_identify(src/hrdp_actuators_beta) by extension 'colcon_meta'
[6.745s] Level 1:colcon.colcon_core.package_identification:_identify(src/hrdp_actuators_beta) by extensions ['ros']
[6.748s] Level 1:colcon.colcon_core.package_identification:_identify(src/hrdp_actuators_beta) by extension 'ros'
[6.918s] DEBUG:colcon.colcon_core.package_identification:Package 'src/hrdp_actuators_beta' with type 'ros.ament_python' and name 'hrdp_actuators_beta'
[6.937s] Level 1:colcon.colcon_core.package_identification:_identify(src/hrdp_human_interface_beta) by extensions ['ignore', 'ignore_ament_install']
[6.943s] Level 1:colcon.colcon_core.package_identification:_identify(src/hrdp_human_interface_beta) by extension 'ignore'
[6.949s] Level 1:colcon.colcon_core.package_identification:_identify(src/hrdp_human_interface_beta) by extension 'ignore_ament_install'
[6.955s] Level 1:colcon.colcon_core.package_identification:_identify(src/hrdp_human_interface_beta) by extensions ['colcon_pkg']
[6.957s] Level 1:colcon.colcon_core.package_identification:_identify(src/hrdp_human_interface_beta) by extension 'colcon_pkg'
[6.968s] Level 1:colcon.colcon_core.package_identification:_identify(src/hrdp_human_interface_beta) by extensions ['colcon_meta']
[6.970s] Level 1:colcon.colcon_core.package_identification:_identify(src/hrdp_human_interface_beta) by extension 'colcon_meta'
[6.972s] Level 1:colcon.colcon_core.package_identification:_identify(src/hrdp_human_interface_beta) by extensions ['ros']
[6.973s] Level 1:colcon.colcon_core.package_identification:_identify(src/hrdp_human_interface_beta) by extension 'ros'
[7.017s] DEBUG:colcon.colcon_core.package_identification:Package 'src/hrdp_human_interface_beta' with type 'ros.ament_python' and name 'hrdp_human_interface_beta'
[7.024s] Level 1:colcon.colcon_core.package_identification:_identify(src/hrdp_launch) by extensions ['ignore', 'ignore_ament_install']
[7.029s] Level 1:colcon.colcon_core.package_identification:_identify(src/hrdp_launch) by extension 'ignore'
[7.045s] Level 1:colcon.colcon_core.package_identification:_identify(src/hrdp_launch) by extension 'ignore_ament_install'
[7.050s] Level 1:colcon.colcon_core.package_identification:_identify(src/hrdp_launch) by extensions ['colcon_pkg']
[7.052s] Level 1:colcon.colcon_core.package_identification:_identify(src/hrdp_launch) by extension 'colcon_pkg'
[7.055s] Level 1:colcon.colcon_core.package_identification:_identify(src/hrdp_launch) by extensions ['colcon_meta']
[7.059s] Level 1:colcon.colcon_core.package_identification:_identify(src/hrdp_launch) by extension 'colcon_meta'
[7.072s] Level 1:colcon.colcon_core.package_identification:_identify(src/hrdp_launch) by extensions ['ros']
[7.081s] Level 1:colcon.colcon_core.package_identification:_identify(src/hrdp_launch) by extension 'ros'
[7.121s] DEBUG:colcon.colcon_core.package_identification:Package 'src/hrdp_launch' with type 'ros.ament_python' and name 'hrdp_launch'
[7.124s] Level 1:colcon.colcon_core.package_identification:_identify(src/hrdp_perception_beta) by extensions ['ignore', 'ignore_ament_install']
[7.128s] Level 1:colcon.colcon_core.package_identification:_identify(src/hrdp_perception_beta) by extension 'ignore'
[7.130s] Level 1:colcon.colcon_core.package_identification:_identify(src/hrdp_perception_beta) by extension 'ignore_ament_install'
[7.131s] Level 1:colcon.colcon_core.package_identification:_identify(src/hrdp_perception_beta) by extensions ['colcon_pkg']
[7.133s] Level 1:colcon.colcon_core.package_identification:_identify(src/hrdp_perception_beta) by extension 'colcon_pkg'
[7.134s] Level 1:colcon.colcon_core.package_identification:_identify(src/hrdp_perception_beta) by extensions ['colcon_meta']
[7.136s] Level 1:colcon.colcon_core.package_identification:_identify(src/hrdp_perception_beta) by extension 'colcon_meta'
[7.137s] Level 1:colcon.colcon_core.package_identification:_identify(src/hrdp_perception_beta) by extensions ['ros']
[7.138s] Level 1:colcon.colcon_core.package_identification:_identify(src/hrdp_perception_beta) by extension 'ros'
[7.213s] DEBUG:colcon.colcon_core.package_identification:Package 'src/hrdp_perception_beta' with type 'ros.ament_python' and name 'hrdp_perception_beta'
[7.220s] Level 1:colcon.colcon_core.package_identification:_identify(src/hrdp_sensors_beta) by extensions ['ignore', 'ignore_ament_install']
[7.223s] Level 1:colcon.colcon_core.package_identification:_identify(src/hrdp_sensors_beta) by extension 'ignore'
[7.226s] Level 1:colcon.colcon_core.package_identification:_identify(src/hrdp_sensors_beta) by extension 'ignore_ament_install'
[7.228s] Level 1:colcon.colcon_core.package_identification:_identify(src/hrdp_sensors_beta) by extensions ['colcon_pkg']
[7.229s] Level 1:colcon.colcon_core.package_identification:_identify(src/hrdp_sensors_beta) by extension 'colcon_pkg'
[7.231s] Level 1:colcon.colcon_core.package_identification:_identify(src/hrdp_sensors_beta) by extensions ['colcon_meta']
[7.232s] Level 1:colcon.colcon_core.package_identification:_identify(src/hrdp_sensors_beta) by extension 'colcon_meta'
[7.234s] Level 1:colcon.colcon_core.package_identification:_identify(src/hrdp_sensors_beta) by extensions ['ros']
[7.235s] Level 1:colcon.colcon_core.package_identification:_identify(src/hrdp_sensors_beta) by extension 'ros'
[7.252s] DEBUG:colcon.colcon_core.package_identification:Package 'src/hrdp_sensors_beta' with type 'ros.ament_python' and name 'hrdp_sensors_beta'
[7.260s] Level 1:colcon.colcon_core.package_identification:_identify(src/install) by extensions ['ignore', 'ignore_ament_install']
[7.264s] Level 1:colcon.colcon_core.package_identification:_identify(src/install) by extension 'ignore'
[7.267s] Level 1:colcon.colcon_core.package_identification:_identify(src/install) ignored
[7.273s] Level 1:colcon.colcon_core.package_identification:_identify(src/log) by extensions ['ignore', 'ignore_ament_install']
[7.277s] Level 1:colcon.colcon_core.package_identification:_identify(src/log) by extension 'ignore'
[7.278s] Level 1:colcon.colcon_core.package_identification:_identify(src/log) ignored
[7.279s] Level 1:colcon.colcon_core.package_discovery:discover_packages(recursive) using defaults
[7.281s] Level 1:colcon.colcon_core.package_discovery:discover_packages(ignore) discover
[7.282s] Level 1:colcon.colcon_core.package_discovery:discover_packages(ignore) using defaults
[7.284s] Level 1:colcon.colcon_core.package_discovery:discover_packages(path) discover
[7.285s] Level 1:colcon.colcon_core.package_discovery:discover_packages(path) using defaults
[8.082s] INFO:colcon.colcon_core.package_selection:Skipping not selected package 'hrdp_actuators_beta' in 'src/hrdp_actuators_beta'
[8.083s] INFO:colcon.colcon_core.package_selection:Skipping not selected package 'hrdp_human_interface_beta' in 'src/hrdp_human_interface_beta'
[8.084s] INFO:colcon.colcon_core.package_selection:Skipping not selected package 'hrdp_perception_beta' in 'src/hrdp_perception_beta'
[8.085s] INFO:colcon.colcon_core.package_selection:Skipping not selected package 'hrdp_sensors_beta' in 'src/hrdp_sensors_beta'
[8.107s] Level 1:colcon.colcon_core.package_discovery:discover_packages(prefix_path) check parameters
[8.109s] Level 1:colcon.colcon_core.package_discovery:discover_packages(prefix_path) discover
[8.225s] DEBUG:colcon.colcon_installed_package_information.package_discovery:Found 8 installed packages in /home/r1mini/turtlebot3_ws/install
[8.255s] DEBUG:colcon.colcon_installed_package_information.package_discovery:Found 5 installed packages in /home/r1mini/sungsik_ws/install
[8.285s] DEBUG:colcon.colcon_installed_package_information.package_discovery:Found 9 installed packages in /home/r1mini/ros2_ws/install
[8.311s] DEBUG:colcon.colcon_installed_package_information.package_discovery:Found 310 installed packages in /opt/ros/foxy
[8.370s] Level 1:colcon.colcon_core.package_discovery:discover_packages(prefix_path) using defaults
[11.406s] Level 5:colcon.colcon_core.verb:set package 'hrdp_launch' build argument 'cmake_args' from command line to 'None'
[11.408s] Level 5:colcon.colcon_core.verb:set package 'hrdp_launch' build argument 'cmake_target' from command line to 'None'
[11.410s] Level 5:colcon.colcon_core.verb:set package 'hrdp_launch' build argument 'cmake_target_skip_unavailable' from command line to 'False'
[11.411s] Level 5:colcon.colcon_core.verb:set package 'hrdp_launch' build argument 'cmake_clean_cache' from command line to 'False'
[11.412s] Level 5:colcon.colcon_core.verb:set package 'hrdp_launch' build argument 'cmake_clean_first' from command line to 'False'
[11.414s] Level 5:colcon.colcon_core.verb:set package 'hrdp_launch' build argument 'cmake_force_configure' from command line to 'False'
[11.415s] Level 5:colcon.colcon_core.verb:set package 'hrdp_launch' build argument 'ament_cmake_args' from command line to 'None'
[11.416s] Level 5:colcon.colcon_core.verb:set package 'hrdp_launch' build argument 'catkin_cmake_args' from command line to 'None'
[11.417s] Level 5:colcon.colcon_core.verb:set package 'hrdp_launch' build argument 'catkin_skip_building_tests' from command line to 'False'
[11.418s] DEBUG:colcon.colcon_core.verb:Building package 'hrdp_launch' with the following arguments: {'ament_cmake_args': None, 'build_base': '/home/r1mini/sungsik_ws/build/hrdp_launch', 'catkin_cmake_args': None, 'catkin_skip_building_tests': False, 'cmake_args': None, 'cmake_clean_cache': False, 'cmake_clean_first': False, 'cmake_force_configure': False, 'cmake_target': None, 'cmake_target_skip_unavailable': False, 'install_base': '/home/r1mini/sungsik_ws/install/hrdp_launch', 'merge_install': False, 'path': '/home/r1mini/sungsik_ws/src/hrdp_launch', 'symlink_install': True, 'test_result_base': None}
[11.433s] INFO:colcon.colcon_core.executor:Executing jobs using 'parallel' executor
[11.547s] DEBUG:colcon.colcon_parallel_executor.executor.parallel:run_until_complete
[11.554s] INFO:colcon.colcon_ros.task.ament_python.build:Building ROS package in '/home/r1mini/sungsik_ws/src/hrdp_launch' with build type 'ament_python'
[11.557s] Level 1:colcon.colcon_core.shell:create_environment_hook('hrdp_launch', 'ament_prefix_path')
[11.884s] INFO:colcon.colcon_core.plugin_system:Skipping extension 'colcon_core.shell.bat': Not used on non-Windows systems
[11.888s] INFO:colcon.colcon_core.shell:Creating environment hook '/home/r1mini/sungsik_ws/install/hrdp_launch/share/hrdp_launch/hook/ament_prefix_path.ps1'
[11.928s] INFO:colcon.colcon_core.shell:Creating environment descriptor '/home/r1mini/sungsik_ws/install/hrdp_launch/share/hrdp_launch/hook/ament_prefix_path.dsv'
[11.945s] INFO:colcon.colcon_core.shell:Creating environment hook '/home/r1mini/sungsik_ws/install/hrdp_launch/share/hrdp_launch/hook/ament_prefix_path.sh'
[12.095s] INFO:colcon.colcon_core.shell:Skip shell extension 'powershell' for command environment: Not usable outside of PowerShell
[12.099s] DEBUG:colcon.colcon_core.shell:Skip shell extension 'dsv' for command environment
[21.568s] INFO:colcon.colcon_core.task.python.build:Building Python package in '/home/r1mini/sungsik_ws/src/hrdp_launch'
[21.661s] INFO:colcon.colcon_core.shell:Skip shell extension 'powershell' for command environment: Not usable outside of PowerShell
[21.665s] DEBUG:colcon.colcon_core.shell:Skip shell extension 'dsv' for command environment
[36.991s] DEBUG:colcon.colcon_core.event_handler.log_command:Invoking command in '/home/r1mini/sungsik_ws/build/hrdp_launch': PYTHONPATH=/home/r1mini/sungsik_ws/build/hrdp_launch/prefix_override:/home/r1mini/sungsik_ws/install/hrdp_launch/lib/python3.8/site-packages:${PYTHONPATH} /usr/bin/python3 setup.py develop --editable --build-directory /home/r1mini/sungsik_ws/build/hrdp_launch/build --no-deps install_data
[54.767s] DEBUG:colcon.colcon_core.event_handler.log_command:Invoked command in '/home/r1mini/sungsik_ws/build/hrdp_launch' returned '1': PYTHONPATH=/home/r1mini/sungsik_ws/build/hrdp_launch/prefix_override:/home/r1mini/sungsik_ws/install/hrdp_launch/lib/python3.8/site-packages:${PYTHONPATH} /usr/bin/python3 setup.py develop --editable --build-directory /home/r1mini/sungsik_ws/build/hrdp_launch/build --no-deps install_data
[54.799s] DEBUG:colcon.colcon_parallel_executor.executor.parallel:closing loop
[54.807s] DEBUG:colcon.colcon_parallel_executor.executor.parallel:loop closed
[54.810s] DEBUG:colcon.colcon_parallel_executor.executor.parallel:run_until_complete finished with '1'
[54.813s] DEBUG:colcon.colcon_core.event_reactor:joining thread
[55.094s] INFO:colcon.colcon_core.plugin_system:Skipping extension 'colcon_notification.desktop_notification.terminal_notifier': Not used on non-Darwin systems
[55.099s] INFO:colcon.colcon_core.plugin_system:Skipping extension 'colcon_notification.desktop_notification.win32': Not used on non-Windows systems
[55.101s] INFO:colcon.colcon_notification.desktop_notification:Sending desktop notification using 'notify2'
[55.194s] DEBUG:colcon.colcon_core.event_reactor:joined thread
[55.289s] INFO:colcon.colcon_core.shell:Creating prefix script '/home/r1mini/sungsik_ws/install/local_setup.ps1'
[55.313s] INFO:colcon.colcon_core.shell:Creating prefix util module '/home/r1mini/sungsik_ws/install/_local_setup_util_ps1.py'
[55.332s] INFO:colcon.colcon_core.shell:Creating prefix chain script '/home/r1mini/sungsik_ws/install/setup.ps1'
[55.372s] INFO:colcon.colcon_core.shell:Creating prefix script '/home/r1mini/sungsik_ws/install/local_setup.sh'
[55.383s] INFO:colcon.colcon_core.shell:Creating prefix util module '/home/r1mini/sungsik_ws/install/_local_setup_util_sh.py'
[55.398s] INFO:colcon.colcon_core.shell:Creating prefix chain script '/home/r1mini/sungsik_ws/install/setup.sh'
[55.435s] INFO:colcon.colcon_core.shell:Creating prefix script '/home/r1mini/sungsik_ws/install/local_setup.bash'
[55.444s] INFO:colcon.colcon_core.shell:Creating prefix chain script '/home/r1mini/sungsik_ws/install/setup.bash'
[55.487s] INFO:colcon.colcon_core.shell:Creating prefix script '/home/r1mini/sungsik_ws/install/local_setup.zsh'
[55.495s] INFO:colcon.colcon_core.shell:Creating prefix chain script '/home/r1mini/sungsik_ws/install/setup.zsh'
