[9.799s] Invoking command in '/home/r1mini/sungsik_ws/src/hrdp_beta_perception': PYTHONPATH=/home/r1mini/sungsik_ws/build/hrdp_beta_perception/prefix_override:/home/r1mini/sungsik_ws/install/hrdp_beta_perception/lib/python3.8/site-packages:${PYTHONPATH} /usr/bin/python3 setup.py egg_info --egg-base ../../build/hrdp_beta_perception build --build-base /home/r1mini/sungsik_ws/build/hrdp_beta_perception/build install --record /home/r1mini/sungsik_ws/build/hrdp_beta_perception/install.log --install-scripts $base/lib/hrdp_beta_perception --single-version-externally-managed
[12.026s] /usr/local/lib/python3.8/dist-packages/setuptools/dist.py:771: UserWarning: Usage of dash-separated 'script-dir' will not be supported in future versions. Please use the underscore name 'script_dir' instead
[12.028s]   warnings.warn(
[12.633s] running egg_info
[12.639s] creating ../../build/hrdp_beta_perception/hrdp_beta_perception.egg-info
[12.736s] writing ../../build/hrdp_beta_perception/hrdp_beta_perception.egg-info/PKG-INFO
[12.739s] writing dependency_links to ../../build/hrdp_beta_perception/hrdp_beta_perception.egg-info/dependency_links.txt
[12.741s] writing requirements to ../../build/hrdp_beta_perception/hrdp_beta_perception.egg-info/requires.txt
[12.742s] writing top-level names to ../../build/hrdp_beta_perception/hrdp_beta_perception.egg-info/top_level.txt
[12.761s] writing manifest file '../../build/hrdp_beta_perception/hrdp_beta_perception.egg-info/SOURCES.txt'
[12.955s] reading manifest file '../../build/hrdp_beta_perception/hrdp_beta_perception.egg-info/SOURCES.txt'
[12.961s] writing manifest file '../../build/hrdp_beta_perception/hrdp_beta_perception.egg-info/SOURCES.txt'
[12.962s] running build
[12.964s] running build_py
[12.965s] creating /home/r1mini/sungsik_ws/build/hrdp_beta_perception/build
[12.966s] creating /home/r1mini/sungsik_ws/build/hrdp_beta_perception/build/lib
[12.966s] creating /home/r1mini/sungsik_ws/build/hrdp_beta_perception/build/lib/hrdp_beta_perception
[12.967s] copying hrdp_beta_perception/__init__.py -> /home/r1mini/sungsik_ws/build/hrdp_beta_perception/build/lib/hrdp_beta_perception
[12.968s] running install
[12.971s] /usr/local/lib/python3.8/dist-packages/setuptools/command/install.py:34: SetuptoolsDeprecationWarning: setup.py install is deprecated. Use build and pip and other standards-based tools.
[12.972s]   warnings.warn(
[13.015s] running install_lib
[13.103s] creating /home/r1mini/sungsik_ws/install/hrdp_beta_perception/lib/python3.8/site-packages/hrdp_beta_perception
[13.105s] copying /home/r1mini/sungsik_ws/build/hrdp_beta_perception/build/lib/hrdp_beta_perception/__init__.py -> /home/r1mini/sungsik_ws/install/hrdp_beta_perception/lib/python3.8/site-packages/hrdp_beta_perception
[13.110s] byte-compiling /home/r1mini/sungsik_ws/install/hrdp_beta_perception/lib/python3.8/site-packages/hrdp_beta_perception/__init__.py to __init__.cpython-38.pyc
[13.113s] running install_data
[13.206s] creating /home/r1mini/sungsik_ws/install/hrdp_beta_perception/share/ament_index
[13.208s] creating /home/r1mini/sungsik_ws/install/hrdp_beta_perception/share/ament_index/resource_index
[13.210s] creating /home/r1mini/sungsik_ws/install/hrdp_beta_perception/share/ament_index/resource_index/packages
[13.213s] copying resource/hrdp_beta_perception -> /home/r1mini/sungsik_ws/install/hrdp_beta_perception/share/ament_index/resource_index/packages
[13.215s] copying package.xml -> /home/r1mini/sungsik_ws/install/hrdp_beta_perception/share/hrdp_beta_perception
[13.217s] running install_egg_info
[13.309s] Copying ../../build/hrdp_beta_perception/hrdp_beta_perception.egg-info to /home/r1mini/sungsik_ws/install/hrdp_beta_perception/lib/python3.8/site-packages/hrdp_beta_perception-0.0.0-py3.8.egg-info
[13.314s] running install_scripts
[13.912s] writing list of installed files to '/home/r1mini/sungsik_ws/build/hrdp_beta_perception/install.log'
[14.686s] Invoked command in '/home/r1mini/sungsik_ws/src/hrdp_beta_perception' returned '0': PYTHONPATH=/home/r1mini/sungsik_ws/build/hrdp_beta_perception/prefix_override:/home/r1mini/sungsik_ws/install/hrdp_beta_perception/lib/python3.8/site-packages:${PYTHONPATH} /usr/bin/python3 setup.py egg_info --egg-base ../../build/hrdp_beta_perception build --build-base /home/r1mini/sungsik_ws/build/hrdp_beta_perception/build install --record /home/r1mini/sungsik_ws/build/hrdp_beta_perception/install.log --install-scripts $base/lib/hrdp_beta_perception --single-version-externally-managed
