[0.300s] Invoking command in '/home/r1mini/sungsik_ws/build/my_cpp_py_pkg': CMAKE_PREFIX_PATH=${CMAKE_PREFIX_PATH}:/home/r1mini/sungsik_ws/install/hrdp_beta_perception:/home/r1mini/ros2_ws/install/omo_r1mini_teleop:/home/r1mini/ros2_ws/install/omo_r1mini_bringup:/opt/ros/foxy /usr/bin/cmake /home/r1mini/sungsik_ws/src/my_cpp_py_pkg -DCMAKE_INSTALL_PREFIX=/home/r1mini/sungsik_ws/install/my_cpp_py_pkg
[0.588s] -- Found ament_cmake: 0.9.11 (/opt/ros/foxy/share/ament_cmake/cmake)
[1.065s] -- Using PYTHON_EXECUTABLE: /usr/bin/python3
[4.310s] -- Override CMake install command with custom implementation using symlinks instead of copying resources
[4.469s] -- Found rclcpp: 2.4.2 (/opt/ros/foxy/share/rclcpp/cmake)
[5.025s] -- Using all available rosidl_typesupport_c: rosidl_typesupport_fastrtps_c;rosidl_typesupport_introspection_c
[5.074s] -- Found rosidl_adapter: 1.3.0 (/opt/ros/foxy/share/rosidl_adapter/cmake)
[6.484s] -- Using all available rosidl_typesupport_cpp: rosidl_typesupport_fastrtps_cpp;rosidl_typesupport_introspection_cpp
[7.047s] -- Found rmw_implementation_cmake: 1.0.3 (/opt/ros/foxy/share/rmw_implementation_cmake/cmake)
[7.072s] -- Using RMW implementation 'rmw_fastrtps_cpp' as default
[8.469s] -- Found rclpy: 1.0.11 (/opt/ros/foxy/share/rclpy/cmake)
[8.499s] -- Found ament_lint_auto: 0.9.7 (/opt/ros/foxy/share/ament_lint_auto/cmake)
[9.590s] -- Added test 'copyright' to check source files copyright and LICENSE
[9.601s] -- Added test 'cppcheck' to perform static code analysis on C / C++ code
[9.607s] -- Configured cppcheck include dirs: /home/r1mini/sungsik_ws/src/my_cpp_py_pkg/include
[9.616s] -- Configured cppcheck exclude dirs and/or files: 
[9.621s] -- Added test 'cpplint' to check C / C++ code against the Google style
[9.627s] -- Configured cpplint exclude dirs and/or files: 
[9.630s] -- Added test 'flake8' to check Python code syntax and style conventions
[9.714s] -- Added test 'lint_cmake' to check CMake code style
[9.720s] -- Added test 'pep257' to check Python code against some of the style conventions in PEP 257
[9.723s] -- Added test 'uncrustify' to check C / C++ code style
[9.726s] -- Configured uncrustify additional arguments: 
[9.728s] -- Added test 'xmllint' to check XML markup files
[9.752s] -- Configuring done
[9.830s] -- Generating done
[9.844s] -- Build files have been written to: /home/r1mini/sungsik_ws/build/my_cpp_py_pkg
[9.946s] Invoked command in '/home/r1mini/sungsik_ws/build/my_cpp_py_pkg' returned '0': CMAKE_PREFIX_PATH=${CMAKE_PREFIX_PATH}:/home/r1mini/sungsik_ws/install/hrdp_beta_perception:/home/r1mini/ros2_ws/install/omo_r1mini_teleop:/home/r1mini/ros2_ws/install/omo_r1mini_bringup:/opt/ros/foxy /usr/bin/cmake /home/r1mini/sungsik_ws/src/my_cpp_py_pkg -DCMAKE_INSTALL_PREFIX=/home/r1mini/sungsik_ws/install/my_cpp_py_pkg
[9.979s] Invoking command in '/home/r1mini/sungsik_ws/build/my_cpp_py_pkg': CMAKE_PREFIX_PATH=${CMAKE_PREFIX_PATH}:/home/r1mini/sungsik_ws/install/hrdp_beta_perception:/home/r1mini/ros2_ws/install/omo_r1mini_teleop:/home/r1mini/ros2_ws/install/omo_r1mini_bringup:/opt/ros/foxy /usr/bin/cmake --build /home/r1mini/sungsik_ws/build/my_cpp_py_pkg -- -j4 -l4
[10.553s] [35m[1mScanning dependencies of target cpp_executable[0m
[10.670s] [ 50%] [32mBuilding CXX object CMakeFiles/cpp_executable.dir/src/cpp_node.cpp.o[0m
[11.083s] [01m[K/home/r1mini/sungsik_ws/src/my_cpp_py_pkg/src/cpp_node.cpp:1:10:[m[K [01;31m[Kfatal error: [m[Krclcpp/rclcpp.hpp: No such file or directory
[11.085s]     1 | #include [01;31m[K"rclcpp/rclcpp.hpp"[m[K
[11.086s]       |          [01;31m[K^~~~~~~~~~~~~~~~~~~[m[K
[11.089s] compilation terminated.
[11.126s] make[2]: *** [CMakeFiles/cpp_executable.dir/build.make:63: CMakeFiles/cpp_executable.dir/src/cpp_node.cpp.o] Error 1
[11.128s] make[1]: *** [CMakeFiles/Makefile2:78: CMakeFiles/cpp_executable.dir/all] Error 2
[11.129s] make: *** [Makefile:141: all] Error 2
[11.169s] Invoked command in '/home/r1mini/sungsik_ws/build/my_cpp_py_pkg' returned '2': CMAKE_PREFIX_PATH=${CMAKE_PREFIX_PATH}:/home/r1mini/sungsik_ws/install/hrdp_beta_perception:/home/r1mini/ros2_ws/install/omo_r1mini_teleop:/home/r1mini/ros2_ws/install/omo_r1mini_bringup:/opt/ros/foxy /usr/bin/cmake --build /home/r1mini/sungsik_ws/build/my_cpp_py_pkg -- -j4 -l4
