[0.354s] Invoking command in '/home/r1mini/sungsik_ws/build/hrdp_perception': CMAKE_PREFIX_PATH=/home/r1mini/sungsik_ws/install/hrdp_beta_actions:/home/r1mini/sungsik_ws/install/hrdp_sensors:/home/r1mini/sungsik_ws/install/hrdp_perception:/home/r1mini/sungsik_ws/install/hrdp_human_interfaces:/home/r1mini/sungsik_ws/install/hrdp_beta:/home/r1mini/sungsik_ws/install/hrdp_actuators:/home/r1mini/ros2_ws/install/ydlidar_sdk:/home/r1mini/ros2_ws/install/ydlidar_ros2_driver:/home/r1mini/ros2_ws/install/omo_r1mini:/home/r1mini/ros2_ws/install/omo_r1mini_navigation2:/home/r1mini/ros2_ws/install/omo_r1mini_gazebo:/home/r1mini/ros2_ws/install/omo_r1mini_description:/home/r1mini/ros2_ws/install/omo_r1mini_cartographer:/home/r1mini/sungsik_ws/install/hrdp_beta_perception:/home/r1mini/ros2_ws/install/omo_r1mini_teleop:/home/r1mini/ros2_ws/install/omo_r1mini_bringup:/opt/ros/foxy LD_LIBRARY_PATH=/home/r1mini/sungsik_ws/install/hrdp_beta_actions/lib:/usr/local/cuda/lib64:/usr/lib/aarch64-linux-gnu/gazebo-11/plugins:/opt/ros/foxy/opt/yaml_cpp_vendor/lib:/opt/ros/foxy/opt/rviz_ogre_vendor/lib:/opt/ros/foxy/lib/aarch64-linux-gnu:/opt/ros/foxy/lib PYTHONPATH=/home/r1mini/sungsik_ws/install/hrdp_beta_actions/lib/python3.8/site-packages:/home/r1mini/sungsik_ws/install/hrdp_perception/lib/python3.8/site-packages:/home/r1mini/sungsik_ws/install/hrdp_beta_perception/lib/python3.8/site-packages:/home/r1mini/ros2_ws/build/omo_r1mini_teleop:/home/r1mini/ros2_ws/install/omo_r1mini_teleop/lib/python3.8/site-packages:/home/r1mini/ros2_ws/build/omo_r1mini_bringup:/home/r1mini/ros2_ws/install/omo_r1mini_bringup/lib/python3.8/site-packages:/opt/ros/foxy/lib/python3.8/site-packages /usr/bin/cmake --build /home/r1mini/sungsik_ws/build/hrdp_perception -- -j4 -l4
[0.637s] -- Found ament_cmake: 0.9.11 (/opt/ros/foxy/share/ament_cmake/cmake)
[1.039s] -- Using PYTHON_EXECUTABLE: /usr/bin/python3
[3.790s] -- Override CMake install command with custom implementation using symlinks instead of copying resources
[3.852s] -- Found rclpy: 1.0.11 (/opt/ros/foxy/share/rclpy/cmake)
[3.854s] -- Found hrdp_beta_actions: 0.0.0 (/home/r1mini/sungsik_ws/install/hrdp_beta_actions/share/hrdp_beta_actions/cmake)
[4.055s] -- Using all available rosidl_typesupport_c: rosidl_typesupport_fastrtps_c;rosidl_typesupport_introspection_c
[4.083s] -- Found rosidl_adapter: 1.3.0 (/opt/ros/foxy/share/rosidl_adapter/cmake)
[5.287s] -- Using all available rosidl_typesupport_cpp: rosidl_typesupport_fastrtps_cpp;rosidl_typesupport_introspection_cpp
[6.255s] -- Found sensor_msgs: 2.0.5 (/opt/ros/foxy/share/sensor_msgs/cmake)
[7.450s] -- Found ament_lint_auto: 0.9.7 (/opt/ros/foxy/share/ament_lint_auto/cmake)
[8.517s] -- Added test 'copyright' to check source files copyright and LICENSE
[8.551s] -- Added test 'flake8' to check Python code syntax and style conventions
[8.566s] -- Added test 'lint_cmake' to check CMake code style
[8.570s] -- Added test 'pep257' to check Python code against some of the style conventions in PEP 257
[8.586s] -- Added test 'xmllint' to check XML markup files
[8.609s] -- Configuring done
[8.645s] CMake Error: Cannot determine link language for target "face_detection.py".
[8.647s] CMake Error: CMake can not determine linker language for target: face_detection.py
[8.666s] -- Generating done
[8.676s] CMake Generate step failed.  Build files cannot be regenerated correctly.
[8.794s] make: *** [Makefile:236: cmake_check_build_system] Error 1
[8.819s] Invoked command in '/home/r1mini/sungsik_ws/build/hrdp_perception' returned '2': CMAKE_PREFIX_PATH=/home/r1mini/sungsik_ws/install/hrdp_beta_actions:/home/r1mini/sungsik_ws/install/hrdp_sensors:/home/r1mini/sungsik_ws/install/hrdp_perception:/home/r1mini/sungsik_ws/install/hrdp_human_interfaces:/home/r1mini/sungsik_ws/install/hrdp_beta:/home/r1mini/sungsik_ws/install/hrdp_actuators:/home/r1mini/ros2_ws/install/ydlidar_sdk:/home/r1mini/ros2_ws/install/ydlidar_ros2_driver:/home/r1mini/ros2_ws/install/omo_r1mini:/home/r1mini/ros2_ws/install/omo_r1mini_navigation2:/home/r1mini/ros2_ws/install/omo_r1mini_gazebo:/home/r1mini/ros2_ws/install/omo_r1mini_description:/home/r1mini/ros2_ws/install/omo_r1mini_cartographer:/home/r1mini/sungsik_ws/install/hrdp_beta_perception:/home/r1mini/ros2_ws/install/omo_r1mini_teleop:/home/r1mini/ros2_ws/install/omo_r1mini_bringup:/opt/ros/foxy LD_LIBRARY_PATH=/home/r1mini/sungsik_ws/install/hrdp_beta_actions/lib:/usr/local/cuda/lib64:/usr/lib/aarch64-linux-gnu/gazebo-11/plugins:/opt/ros/foxy/opt/yaml_cpp_vendor/lib:/opt/ros/foxy/opt/rviz_ogre_vendor/lib:/opt/ros/foxy/lib/aarch64-linux-gnu:/opt/ros/foxy/lib PYTHONPATH=/home/r1mini/sungsik_ws/install/hrdp_beta_actions/lib/python3.8/site-packages:/home/r1mini/sungsik_ws/install/hrdp_perception/lib/python3.8/site-packages:/home/r1mini/sungsik_ws/install/hrdp_beta_perception/lib/python3.8/site-packages:/home/r1mini/ros2_ws/build/omo_r1mini_teleop:/home/r1mini/ros2_ws/install/omo_r1mini_teleop/lib/python3.8/site-packages:/home/r1mini/ros2_ws/build/omo_r1mini_bringup:/home/r1mini/ros2_ws/install/omo_r1mini_bringup/lib/python3.8/site-packages:/opt/ros/foxy/lib/python3.8/site-packages /usr/bin/cmake --build /home/r1mini/sungsik_ws/build/hrdp_perception -- -j4 -l4
