[1.931s] DEBUG:colcon:Command line arguments: ['/usr/bin/colcon', 'build', '--symlink-install', '--packages-select', 'py_pubsub']
[1.934s] DEBUG:colcon:Parsed command line arguments: Namespace(allow_overriding=[], ament_cmake_args=None, base_paths=['.'], build_base='build', catkin_cmake_args=None, catkin_skip_building_tests=False, cmake_args=None, cmake_clean_cache=False, cmake_clean_first=False, cmake_force_configure=False, cmake_target=None, cmake_target_skip_unavailable=False, continue_on_error=False, event_handlers=None, executor='parallel', ignore_user_meta=False, install_base='install', log_base=None, log_level=None, main=<bound method BuildVerb.main of <colcon_core.verb.build.BuildVerb object at 0x7f7d84ec10>>, merge_install=False, metas=['./colcon.meta'], packages_above=None, packages_above_and_dependencies=None, packages_above_depth=None, packages_end=None, packages_ignore=None, packages_ignore_regex=None, packages_select=['py_pubsub'], packages_select_build_failed=False, packages_select_by_dep=None, packages_select_regex=None, packages_select_test_failures=False, packages_skip=None, packages_skip_build_finished=False, packages_skip_by_dep=None, packages_skip_regex=None, packages_skip_test_passed=False, packages_skip_up_to=None, packages_start=None, packages_up_to=None, packages_up_to_regex=None, parallel_workers=4, paths=None, symlink_install=True, test_result_base=None, verb_extension=<colcon_core.verb.build.BuildVerb object at 0x7f7d84ec10>, verb_name='build', verb_parser=<colcon_defaults.argument_parser.defaults.DefaultArgumentsDecorator object at 0x7f7d8561c0>)
[2.667s] Level 1:colcon.colcon_core.package_discovery:discover_packages(colcon_meta) check parameters
[2.670s] Level 1:colcon.colcon_core.package_discovery:discover_packages(recursive) check parameters
[2.671s] Level 1:colcon.colcon_core.package_discovery:discover_packages(ignore) check parameters
[2.671s] Level 1:colcon.colcon_core.package_discovery:discover_packages(path) check parameters
[2.672s] Level 1:colcon.colcon_core.package_discovery:discover_packages(colcon_meta) discover
[2.673s] Level 1:colcon.colcon_core.package_discovery:discover_packages(recursive) discover
[2.674s] INFO:colcon.colcon_core.package_discovery:Crawling recursively for packages in '/home/r1mini/sungsik_ws'
[2.677s] Level 1:colcon.colcon_core.package_identification:_identify(.) by extensions ['ignore', 'ignore_ament_install']
[2.679s] Level 1:colcon.colcon_core.package_identification:_identify(.) by extension 'ignore'
[2.680s] Level 1:colcon.colcon_core.package_identification:_identify(.) by extension 'ignore_ament_install'
[2.682s] Level 1:colcon.colcon_core.package_identification:_identify(.) by extensions ['colcon_pkg']
[2.683s] Level 1:colcon.colcon_core.package_identification:_identify(.) by extension 'colcon_pkg'
[2.684s] Level 1:colcon.colcon_core.package_identification:_identify(.) by extensions ['colcon_meta']
[2.686s] Level 1:colcon.colcon_core.package_identification:_identify(.) by extension 'colcon_meta'
[2.688s] Level 1:colcon.colcon_core.package_identification:_identify(.) by extensions ['ros']
[2.689s] Level 1:colcon.colcon_core.package_identification:_identify(.) by extension 'ros'
[2.837s] Level 1:colcon.colcon_core.package_identification:_identify(.) by extensions ['cmake', 'python']
[2.838s] Level 1:colcon.colcon_core.package_identification:_identify(.) by extension 'cmake'
[2.838s] Level 1:colcon.colcon_core.package_identification:_identify(.) by extension 'python'
[2.839s] Level 1:colcon.colcon_core.package_identification:_identify(.) by extensions ['python_setup_py']
[2.839s] Level 1:colcon.colcon_core.package_identification:_identify(.) by extension 'python_setup_py'
[2.840s] Level 1:colcon.colcon_core.package_identification:_identify(build) by extensions ['ignore', 'ignore_ament_install']
[2.842s] Level 1:colcon.colcon_core.package_identification:_identify(build) by extension 'ignore'
[2.843s] Level 1:colcon.colcon_core.package_identification:_identify(build) ignored
[2.845s] Level 1:colcon.colcon_core.package_identification:_identify(install) by extensions ['ignore', 'ignore_ament_install']
[2.846s] Level 1:colcon.colcon_core.package_identification:_identify(install) by extension 'ignore'
[2.847s] Level 1:colcon.colcon_core.package_identification:_identify(install) ignored
[2.849s] Level 1:colcon.colcon_core.package_identification:_identify(log) by extensions ['ignore', 'ignore_ament_install']
[2.851s] Level 1:colcon.colcon_core.package_identification:_identify(log) by extension 'ignore'
[2.852s] Level 1:colcon.colcon_core.package_identification:_identify(log) ignored
[2.854s] Level 1:colcon.colcon_core.package_identification:_identify(src) by extensions ['ignore', 'ignore_ament_install']
[2.855s] Level 1:colcon.colcon_core.package_identification:_identify(src) by extension 'ignore'
[2.856s] Level 1:colcon.colcon_core.package_identification:_identify(src) by extension 'ignore_ament_install'
[2.857s] Level 1:colcon.colcon_core.package_identification:_identify(src) by extensions ['colcon_pkg']
[2.858s] Level 1:colcon.colcon_core.package_identification:_identify(src) by extension 'colcon_pkg'
[2.858s] Level 1:colcon.colcon_core.package_identification:_identify(src) by extensions ['colcon_meta']
[2.860s] Level 1:colcon.colcon_core.package_identification:_identify(src) by extension 'colcon_meta'
[2.861s] Level 1:colcon.colcon_core.package_identification:_identify(src) by extensions ['ros']
[2.861s] Level 1:colcon.colcon_core.package_identification:_identify(src) by extension 'ros'
[2.862s] Level 1:colcon.colcon_core.package_identification:_identify(src) by extensions ['cmake', 'python']
[2.863s] Level 1:colcon.colcon_core.package_identification:_identify(src) by extension 'cmake'
[2.864s] Level 1:colcon.colcon_core.package_identification:_identify(src) by extension 'python'
[2.864s] Level 1:colcon.colcon_core.package_identification:_identify(src) by extensions ['python_setup_py']
[2.865s] Level 1:colcon.colcon_core.package_identification:_identify(src) by extension 'python_setup_py'
[2.866s] Level 1:colcon.colcon_core.package_identification:_identify(src/hrdp_actuators) by extensions ['ignore', 'ignore_ament_install']
[2.868s] Level 1:colcon.colcon_core.package_identification:_identify(src/hrdp_actuators) by extension 'ignore'
[2.869s] Level 1:colcon.colcon_core.package_identification:_identify(src/hrdp_actuators) by extension 'ignore_ament_install'
[2.870s] Level 1:colcon.colcon_core.package_identification:_identify(src/hrdp_actuators) by extensions ['colcon_pkg']
[2.871s] Level 1:colcon.colcon_core.package_identification:_identify(src/hrdp_actuators) by extension 'colcon_pkg'
[2.872s] Level 1:colcon.colcon_core.package_identification:_identify(src/hrdp_actuators) by extensions ['colcon_meta']
[2.872s] Level 1:colcon.colcon_core.package_identification:_identify(src/hrdp_actuators) by extension 'colcon_meta'
[2.873s] Level 1:colcon.colcon_core.package_identification:_identify(src/hrdp_actuators) by extensions ['ros']
[2.873s] Level 1:colcon.colcon_core.package_identification:_identify(src/hrdp_actuators) by extension 'ros'
[2.902s] DEBUG:colcon.colcon_core.package_identification:Package 'src/hrdp_actuators' with type 'ros.ament_cmake' and name 'hrdp_actuators'
[2.905s] Level 1:colcon.colcon_core.package_identification:_identify(src/hrdp_beta_actions) by extensions ['ignore', 'ignore_ament_install']
[2.906s] Level 1:colcon.colcon_core.package_identification:_identify(src/hrdp_beta_actions) by extension 'ignore'
[2.907s] Level 1:colcon.colcon_core.package_identification:_identify(src/hrdp_beta_actions) by extension 'ignore_ament_install'
[2.908s] Level 1:colcon.colcon_core.package_identification:_identify(src/hrdp_beta_actions) by extensions ['colcon_pkg']
[2.909s] Level 1:colcon.colcon_core.package_identification:_identify(src/hrdp_beta_actions) by extension 'colcon_pkg'
[2.909s] Level 1:colcon.colcon_core.package_identification:_identify(src/hrdp_beta_actions) by extensions ['colcon_meta']
[2.910s] Level 1:colcon.colcon_core.package_identification:_identify(src/hrdp_beta_actions) by extension 'colcon_meta'
[2.910s] Level 1:colcon.colcon_core.package_identification:_identify(src/hrdp_beta_actions) by extensions ['ros']
[2.911s] Level 1:colcon.colcon_core.package_identification:_identify(src/hrdp_beta_actions) by extension 'ros'
[2.919s] DEBUG:colcon.colcon_core.package_identification:Package 'src/hrdp_beta_actions' with type 'ros.ament_cmake' and name 'hrdp_beta_actions'
[2.921s] Level 1:colcon.colcon_core.package_identification:_identify(src/hrdp_beta_perception) by extensions ['ignore', 'ignore_ament_install']
[2.922s] Level 1:colcon.colcon_core.package_identification:_identify(src/hrdp_beta_perception) by extension 'ignore'
[2.923s] Level 1:colcon.colcon_core.package_identification:_identify(src/hrdp_beta_perception) by extension 'ignore_ament_install'
[2.924s] Level 1:colcon.colcon_core.package_identification:_identify(src/hrdp_beta_perception) by extensions ['colcon_pkg']
[2.924s] Level 1:colcon.colcon_core.package_identification:_identify(src/hrdp_beta_perception) by extension 'colcon_pkg'
[2.926s] Level 1:colcon.colcon_core.package_identification:_identify(src/hrdp_beta_perception) by extensions ['colcon_meta']
[2.926s] Level 1:colcon.colcon_core.package_identification:_identify(src/hrdp_beta_perception) by extension 'colcon_meta'
[2.927s] Level 1:colcon.colcon_core.package_identification:_identify(src/hrdp_beta_perception) by extensions ['ros']
[2.928s] Level 1:colcon.colcon_core.package_identification:_identify(src/hrdp_beta_perception) by extension 'ros'
[2.956s] DEBUG:colcon.colcon_core.package_identification:Package 'src/hrdp_beta_perception' with type 'ros.ament_python' and name 'hrdp_beta_perception'
[2.959s] Level 1:colcon.colcon_core.package_identification:_identify(src/hrdp_human_interfaces) by extensions ['ignore', 'ignore_ament_install']
[2.960s] Level 1:colcon.colcon_core.package_identification:_identify(src/hrdp_human_interfaces) by extension 'ignore'
[2.961s] Level 1:colcon.colcon_core.package_identification:_identify(src/hrdp_human_interfaces) by extension 'ignore_ament_install'
[2.962s] Level 1:colcon.colcon_core.package_identification:_identify(src/hrdp_human_interfaces) by extensions ['colcon_pkg']
[2.963s] Level 1:colcon.colcon_core.package_identification:_identify(src/hrdp_human_interfaces) by extension 'colcon_pkg'
[2.963s] Level 1:colcon.colcon_core.package_identification:_identify(src/hrdp_human_interfaces) by extensions ['colcon_meta']
[2.964s] Level 1:colcon.colcon_core.package_identification:_identify(src/hrdp_human_interfaces) by extension 'colcon_meta'
[2.964s] Level 1:colcon.colcon_core.package_identification:_identify(src/hrdp_human_interfaces) by extensions ['ros']
[2.965s] Level 1:colcon.colcon_core.package_identification:_identify(src/hrdp_human_interfaces) by extension 'ros'
[2.971s] DEBUG:colcon.colcon_core.package_identification:Package 'src/hrdp_human_interfaces' with type 'ros.ament_cmake' and name 'hrdp_human_interfaces'
[2.973s] Level 1:colcon.colcon_core.package_identification:_identify(src/hrdp_perception) by extensions ['ignore', 'ignore_ament_install']
[2.976s] Level 1:colcon.colcon_core.package_identification:_identify(src/hrdp_perception) by extension 'ignore'
[2.977s] Level 1:colcon.colcon_core.package_identification:_identify(src/hrdp_perception) by extension 'ignore_ament_install'
[2.977s] Level 1:colcon.colcon_core.package_identification:_identify(src/hrdp_perception) by extensions ['colcon_pkg']
[2.978s] Level 1:colcon.colcon_core.package_identification:_identify(src/hrdp_perception) by extension 'colcon_pkg'
[2.979s] Level 1:colcon.colcon_core.package_identification:_identify(src/hrdp_perception) by extensions ['colcon_meta']
[2.979s] Level 1:colcon.colcon_core.package_identification:_identify(src/hrdp_perception) by extension 'colcon_meta'
[2.980s] Level 1:colcon.colcon_core.package_identification:_identify(src/hrdp_perception) by extensions ['ros']
[2.981s] Level 1:colcon.colcon_core.package_identification:_identify(src/hrdp_perception) by extension 'ros'
[2.988s] DEBUG:colcon.colcon_core.package_identification:Package 'src/hrdp_perception' with type 'ros.ament_cmake' and name 'hrdp_perception'
[2.990s] Level 1:colcon.colcon_core.package_identification:_identify(src/hrdp_sensors) by extensions ['ignore', 'ignore_ament_install']
[2.993s] Level 1:colcon.colcon_core.package_identification:_identify(src/hrdp_sensors) by extension 'ignore'
[2.994s] Level 1:colcon.colcon_core.package_identification:_identify(src/hrdp_sensors) by extension 'ignore_ament_install'
[2.995s] Level 1:colcon.colcon_core.package_identification:_identify(src/hrdp_sensors) by extensions ['colcon_pkg']
[2.996s] Level 1:colcon.colcon_core.package_identification:_identify(src/hrdp_sensors) by extension 'colcon_pkg'
[2.997s] Level 1:colcon.colcon_core.package_identification:_identify(src/hrdp_sensors) by extensions ['colcon_meta']
[2.997s] Level 1:colcon.colcon_core.package_identification:_identify(src/hrdp_sensors) by extension 'colcon_meta'
[2.998s] Level 1:colcon.colcon_core.package_identification:_identify(src/hrdp_sensors) by extensions ['ros']
[2.998s] Level 1:colcon.colcon_core.package_identification:_identify(src/hrdp_sensors) by extension 'ros'
[3.006s] DEBUG:colcon.colcon_core.package_identification:Package 'src/hrdp_sensors' with type 'ros.ament_cmake' and name 'hrdp_sensors'
[3.009s] Level 1:colcon.colcon_core.package_identification:_identify(src/my_cpp_py_pkg) by extensions ['ignore', 'ignore_ament_install']
[3.011s] Level 1:colcon.colcon_core.package_identification:_identify(src/my_cpp_py_pkg) by extension 'ignore'
[3.012s] Level 1:colcon.colcon_core.package_identification:_identify(src/my_cpp_py_pkg) by extension 'ignore_ament_install'
[3.013s] Level 1:colcon.colcon_core.package_identification:_identify(src/my_cpp_py_pkg) by extensions ['colcon_pkg']
[3.014s] Level 1:colcon.colcon_core.package_identification:_identify(src/my_cpp_py_pkg) by extension 'colcon_pkg'
[3.015s] Level 1:colcon.colcon_core.package_identification:_identify(src/my_cpp_py_pkg) by extensions ['colcon_meta']
[3.016s] Level 1:colcon.colcon_core.package_identification:_identify(src/my_cpp_py_pkg) by extension 'colcon_meta'
[3.017s] Level 1:colcon.colcon_core.package_identification:_identify(src/my_cpp_py_pkg) by extensions ['ros']
[3.018s] Level 1:colcon.colcon_core.package_identification:_identify(src/my_cpp_py_pkg) by extension 'ros'
[3.027s] DEBUG:colcon.colcon_core.package_identification:Package 'src/my_cpp_py_pkg' with type 'ros.ament_cmake' and name 'my_cpp_py_pkg'
[3.029s] Level 1:colcon.colcon_core.package_identification:_identify(src/py_pubsub) by extensions ['ignore', 'ignore_ament_install']
[3.031s] Level 1:colcon.colcon_core.package_identification:_identify(src/py_pubsub) by extension 'ignore'
[3.033s] Level 1:colcon.colcon_core.package_identification:_identify(src/py_pubsub) by extension 'ignore_ament_install'
[3.034s] Level 1:colcon.colcon_core.package_identification:_identify(src/py_pubsub) by extensions ['colcon_pkg']
[3.035s] Level 1:colcon.colcon_core.package_identification:_identify(src/py_pubsub) by extension 'colcon_pkg'
[3.036s] Level 1:colcon.colcon_core.package_identification:_identify(src/py_pubsub) by extensions ['colcon_meta']
[3.036s] Level 1:colcon.colcon_core.package_identification:_identify(src/py_pubsub) by extension 'colcon_meta'
[3.037s] Level 1:colcon.colcon_core.package_identification:_identify(src/py_pubsub) by extensions ['ros']
[3.038s] Level 1:colcon.colcon_core.package_identification:_identify(src/py_pubsub) by extension 'ros'
[3.044s] DEBUG:colcon.colcon_core.package_identification:Package 'src/py_pubsub' with type 'ros.ament_python' and name 'py_pubsub'
[3.045s] Level 1:colcon.colcon_core.package_discovery:discover_packages(recursive) using defaults
[3.046s] Level 1:colcon.colcon_core.package_discovery:discover_packages(ignore) discover
[3.046s] Level 1:colcon.colcon_core.package_discovery:discover_packages(ignore) using defaults
[3.046s] Level 1:colcon.colcon_core.package_discovery:discover_packages(path) discover
[3.046s] Level 1:colcon.colcon_core.package_discovery:discover_packages(path) using defaults
[3.420s] INFO:colcon.colcon_core.package_selection:Skipping not selected package 'hrdp_actuators' in 'src/hrdp_actuators'
[3.424s] INFO:colcon.colcon_core.package_selection:Skipping not selected package 'hrdp_beta_actions' in 'src/hrdp_beta_actions'
[3.425s] INFO:colcon.colcon_core.package_selection:Skipping not selected package 'hrdp_human_interfaces' in 'src/hrdp_human_interfaces'
[3.426s] INFO:colcon.colcon_core.package_selection:Skipping not selected package 'hrdp_sensors' in 'src/hrdp_sensors'
[3.427s] INFO:colcon.colcon_core.package_selection:Skipping not selected package 'my_cpp_py_pkg' in 'src/my_cpp_py_pkg'
[3.428s] INFO:colcon.colcon_core.package_selection:Skipping not selected package 'hrdp_beta_perception' in 'src/hrdp_beta_perception'
[3.428s] INFO:colcon.colcon_core.package_selection:Skipping not selected package 'hrdp_perception' in 'src/hrdp_perception'
[3.448s] Level 1:colcon.colcon_core.package_discovery:discover_packages(prefix_path) check parameters
[3.450s] Level 1:colcon.colcon_core.package_discovery:discover_packages(prefix_path) discover
[3.580s] DEBUG:colcon.colcon_installed_package_information.package_discovery:Found 8 installed packages in /home/r1mini/sungsik_ws/install
[3.624s] DEBUG:colcon.colcon_installed_package_information.package_discovery:Found 9 installed packages in /home/r1mini/ros2_ws/install
[3.655s] DEBUG:colcon.colcon_installed_package_information.package_discovery:Found 270 installed packages in /opt/ros/foxy
[3.670s] Level 1:colcon.colcon_core.package_discovery:discover_packages(prefix_path) using defaults
[5.685s] Level 5:colcon.colcon_core.verb:set package 'py_pubsub' build argument 'cmake_args' from command line to 'None'
[5.686s] Level 5:colcon.colcon_core.verb:set package 'py_pubsub' build argument 'cmake_target' from command line to 'None'
[5.686s] Level 5:colcon.colcon_core.verb:set package 'py_pubsub' build argument 'cmake_target_skip_unavailable' from command line to 'False'
[5.687s] Level 5:colcon.colcon_core.verb:set package 'py_pubsub' build argument 'cmake_clean_cache' from command line to 'False'
[5.687s] Level 5:colcon.colcon_core.verb:set package 'py_pubsub' build argument 'cmake_clean_first' from command line to 'False'
[5.687s] Level 5:colcon.colcon_core.verb:set package 'py_pubsub' build argument 'cmake_force_configure' from command line to 'False'
[5.687s] Level 5:colcon.colcon_core.verb:set package 'py_pubsub' build argument 'ament_cmake_args' from command line to 'None'
[5.687s] Level 5:colcon.colcon_core.verb:set package 'py_pubsub' build argument 'catkin_cmake_args' from command line to 'None'
[5.688s] Level 5:colcon.colcon_core.verb:set package 'py_pubsub' build argument 'catkin_skip_building_tests' from command line to 'False'
[5.688s] DEBUG:colcon.colcon_core.verb:Building package 'py_pubsub' with the following arguments: {'ament_cmake_args': None, 'build_base': '/home/r1mini/sungsik_ws/build/py_pubsub', 'catkin_cmake_args': None, 'catkin_skip_building_tests': False, 'cmake_args': None, 'cmake_clean_cache': False, 'cmake_clean_first': False, 'cmake_force_configure': False, 'cmake_target': None, 'cmake_target_skip_unavailable': False, 'install_base': '/home/r1mini/sungsik_ws/install/py_pubsub', 'merge_install': False, 'path': '/home/r1mini/sungsik_ws/src/py_pubsub', 'symlink_install': True, 'test_result_base': None}
[5.699s] INFO:colcon.colcon_core.executor:Executing jobs using 'parallel' executor
[5.738s] DEBUG:colcon.colcon_parallel_executor.executor.parallel:run_until_complete
[5.742s] INFO:colcon.colcon_ros.task.ament_python.build:Building ROS package in '/home/r1mini/sungsik_ws/src/py_pubsub' with build type 'ament_python'
[5.744s] Level 1:colcon.colcon_core.shell:create_environment_hook('py_pubsub', 'ament_prefix_path')
[5.811s] INFO:colcon.colcon_core.plugin_system:Skipping extension 'colcon_core.shell.bat': Not used on non-Windows systems
[5.817s] INFO:colcon.colcon_core.shell:Creating environment hook '/home/r1mini/sungsik_ws/install/py_pubsub/share/py_pubsub/hook/ament_prefix_path.ps1'
[5.832s] INFO:colcon.colcon_core.shell:Creating environment descriptor '/home/r1mini/sungsik_ws/install/py_pubsub/share/py_pubsub/hook/ament_prefix_path.dsv'
[5.844s] INFO:colcon.colcon_core.shell:Creating environment hook '/home/r1mini/sungsik_ws/install/py_pubsub/share/py_pubsub/hook/ament_prefix_path.sh'
[5.884s] INFO:colcon.colcon_core.shell:Skip shell extension 'powershell' for command environment: Not usable outside of PowerShell
[5.885s] DEBUG:colcon.colcon_core.shell:Skip shell extension 'dsv' for command environment
[10.481s] INFO:colcon.colcon_core.task.python.build:Building Python package in '/home/r1mini/sungsik_ws/src/py_pubsub'
[10.505s] INFO:colcon.colcon_core.shell:Skip shell extension 'powershell' for command environment: Not usable outside of PowerShell
[10.507s] DEBUG:colcon.colcon_core.shell:Skip shell extension 'dsv' for command environment
[17.049s] DEBUG:colcon.colcon_core.event_handler.log_command:Invoking command in '/home/r1mini/sungsik_ws/build/py_pubsub': PYTHONPATH=/home/r1mini/sungsik_ws/build/py_pubsub/prefix_override:/home/r1mini/sungsik_ws/install/py_pubsub/lib/python3.8/site-packages:${PYTHONPATH} /usr/bin/python3 setup.py develop --editable --build-directory /home/r1mini/sungsik_ws/build/py_pubsub/build --no-deps install_data
[23.448s] Level 1:colcon.colcon_core.shell:create_environment_hook('py_pubsub', 'pythonpath_develop')
[23.466s] INFO:colcon.colcon_core.shell:Creating environment hook '/home/r1mini/sungsik_ws/build/py_pubsub/share/py_pubsub/hook/pythonpath_develop.ps1'
[23.468s] DEBUG:colcon.colcon_core.event_handler.log_command:Invoked command in '/home/r1mini/sungsik_ws/build/py_pubsub' returned '0': PYTHONPATH=/home/r1mini/sungsik_ws/build/py_pubsub/prefix_override:/home/r1mini/sungsik_ws/install/py_pubsub/lib/python3.8/site-packages:${PYTHONPATH} /usr/bin/python3 setup.py develop --editable --build-directory /home/r1mini/sungsik_ws/build/py_pubsub/build --no-deps install_data
[23.475s] INFO:colcon.colcon_core.shell:Creating environment descriptor '/home/r1mini/sungsik_ws/build/py_pubsub/share/py_pubsub/hook/pythonpath_develop.dsv'
[23.480s] INFO:colcon.colcon_core.shell:Creating environment hook '/home/r1mini/sungsik_ws/build/py_pubsub/share/py_pubsub/hook/pythonpath_develop.sh'
[23.536s] Level 1:colcon.colcon_core.environment:checking '/home/r1mini/sungsik_ws/install/py_pubsub' for CMake module files
[23.540s] Level 1:colcon.colcon_core.environment:checking '/home/r1mini/sungsik_ws/install/py_pubsub' for CMake config files
[23.546s] Level 1:colcon.colcon_core.environment:checking '/home/r1mini/sungsik_ws/install/py_pubsub/lib'
[23.548s] Level 1:colcon.colcon_core.environment:checking '/home/r1mini/sungsik_ws/install/py_pubsub/bin'
[23.548s] Level 1:colcon.colcon_core.environment:checking '/home/r1mini/sungsik_ws/install/py_pubsub/lib/pkgconfig/py_pubsub.pc'
[23.550s] Level 1:colcon.colcon_core.environment:checking '/home/r1mini/sungsik_ws/install/py_pubsub/lib/python3.8/site-packages'
[23.551s] Level 1:colcon.colcon_core.shell:create_environment_hook('py_pubsub', 'pythonpath')
[23.563s] INFO:colcon.colcon_core.shell:Creating environment hook '/home/r1mini/sungsik_ws/install/py_pubsub/share/py_pubsub/hook/pythonpath.ps1'
[23.567s] INFO:colcon.colcon_core.shell:Creating environment descriptor '/home/r1mini/sungsik_ws/install/py_pubsub/share/py_pubsub/hook/pythonpath.dsv'
[23.570s] INFO:colcon.colcon_core.shell:Creating environment hook '/home/r1mini/sungsik_ws/install/py_pubsub/share/py_pubsub/hook/pythonpath.sh'
[23.577s] Level 1:colcon.colcon_core.environment:checking '/home/r1mini/sungsik_ws/install/py_pubsub/bin'
[23.578s] Level 1:colcon.colcon_core.environment:create_environment_scripts_only(py_pubsub)
[23.598s] INFO:colcon.colcon_core.shell:Creating package script '/home/r1mini/sungsik_ws/install/py_pubsub/share/py_pubsub/package.ps1'
[23.608s] INFO:colcon.colcon_core.shell:Creating package descriptor '/home/r1mini/sungsik_ws/install/py_pubsub/share/py_pubsub/package.dsv'
[23.613s] INFO:colcon.colcon_core.shell:Creating package script '/home/r1mini/sungsik_ws/install/py_pubsub/share/py_pubsub/package.sh'
[23.619s] INFO:colcon.colcon_core.shell:Creating package script '/home/r1mini/sungsik_ws/install/py_pubsub/share/py_pubsub/package.bash'
[23.626s] INFO:colcon.colcon_core.shell:Creating package script '/home/r1mini/sungsik_ws/install/py_pubsub/share/py_pubsub/package.zsh'
[23.633s] Level 1:colcon.colcon_core.environment:create_file_with_runtime_dependencies(/home/r1mini/sungsik_ws/install/py_pubsub/share/colcon-core/packages/py_pubsub)
[23.639s] DEBUG:colcon.colcon_parallel_executor.executor.parallel:closing loop
[23.642s] DEBUG:colcon.colcon_parallel_executor.executor.parallel:loop closed
[23.643s] DEBUG:colcon.colcon_parallel_executor.executor.parallel:run_until_complete finished with '0'
[23.644s] DEBUG:colcon.colcon_core.event_reactor:joining thread
[23.760s] INFO:colcon.colcon_core.plugin_system:Skipping extension 'colcon_notification.desktop_notification.terminal_notifier': Not used on non-Darwin systems
[23.762s] INFO:colcon.colcon_core.plugin_system:Skipping extension 'colcon_notification.desktop_notification.win32': Not used on non-Windows systems
[23.763s] INFO:colcon.colcon_notification.desktop_notification:Sending desktop notification using 'notify2'
[23.814s] DEBUG:colcon.colcon_core.event_reactor:joined thread
[23.842s] INFO:colcon.colcon_core.shell:Creating prefix script '/home/r1mini/sungsik_ws/install/local_setup.ps1'
[23.857s] INFO:colcon.colcon_core.shell:Creating prefix util module '/home/r1mini/sungsik_ws/install/_local_setup_util_ps1.py'
[23.874s] INFO:colcon.colcon_core.shell:Creating prefix chain script '/home/r1mini/sungsik_ws/install/setup.ps1'
[23.898s] INFO:colcon.colcon_core.shell:Creating prefix script '/home/r1mini/sungsik_ws/install/local_setup.sh'
[23.903s] INFO:colcon.colcon_core.shell:Creating prefix util module '/home/r1mini/sungsik_ws/install/_local_setup_util_sh.py'
[23.909s] INFO:colcon.colcon_core.shell:Creating prefix chain script '/home/r1mini/sungsik_ws/install/setup.sh'
[23.926s] INFO:colcon.colcon_core.shell:Creating prefix script '/home/r1mini/sungsik_ws/install/local_setup.bash'
[23.931s] INFO:colcon.colcon_core.shell:Creating prefix chain script '/home/r1mini/sungsik_ws/install/setup.bash'
[23.947s] INFO:colcon.colcon_core.shell:Creating prefix script '/home/r1mini/sungsik_ws/install/local_setup.zsh'
[23.952s] INFO:colcon.colcon_core.shell:Creating prefix chain script '/home/r1mini/sungsik_ws/install/setup.zsh'
