[0.286s] Invoking command in '/home/r1mini/sungsik_ws/build/hrdp_beta': CMAKE_PREFIX_PATH=${CMAKE_PREFIX_PATH}:/home/r1mini/ros2_ws/install/omo_r1mini_teleop:/home/r1mini/ros2_ws/install/omo_r1mini_bringup:/opt/ros/foxy /usr/bin/cmake --build /home/r1mini/sungsik_ws/build/hrdp_beta -- -j4 -l4
[0.517s] -- Found ament_cmake: 0.9.11 (/opt/ros/foxy/share/ament_cmake/cmake)
[0.828s] -- Using PYTHON_EXECUTABLE: /usr/bin/python3
[2.492s] -- Found rclpy: 1.0.11 (/opt/ros/foxy/share/rclpy/cmake)
[2.609s] CMake Error at CMakeLists.txt:21 (find_package):
[2.611s]   By not providing "Findhrdp_beta_actions.cmake" in CMAKE_MODULE_PATH this
[2.612s]   project has asked CMake to find a package configuration file provided by
[2.614s]   "hrdp_beta_actions", but CMake did not find one.
[2.617s] 
[2.619s]   Could not find a package configuration file provided by "hrdp_beta_actions"
[2.620s]   with any of the following names:
[2.621s] 
[2.622s]     hrdp_beta_actionsConfig.cmake
[2.623s]     hrdp_beta_actions-config.cmake
[2.624s] 
[2.625s]   Add the installation prefix of "hrdp_beta_actions" to CMAKE_PREFIX_PATH or
[2.625s]   set "hrdp_beta_actions_DIR" to a directory containing one of the above
[2.626s]   files.  If "hrdp_beta_actions" provides a separate development package or
[2.627s]   SDK, be sure it has been installed.
[2.629s] 
[2.631s] 
[2.632s] -- Configuring incomplete, errors occurred!
[2.633s] See also "/home/r1mini/sungsik_ws/build/hrdp_beta/CMakeFiles/CMakeOutput.log".
[2.633s] make: *** [Makefile:222: cmake_check_build_system] Error 1
[2.646s] Invoked command in '/home/r1mini/sungsik_ws/build/hrdp_beta' returned '2': CMAKE_PREFIX_PATH=${CMAKE_PREFIX_PATH}:/home/r1mini/ros2_ws/install/omo_r1mini_teleop:/home/r1mini/ros2_ws/install/omo_r1mini_bringup:/opt/ros/foxy /usr/bin/cmake --build /home/r1mini/sungsik_ws/build/hrdp_beta -- -j4 -l4
