[1.543s] DEBUG:colcon:Command line arguments: ['/usr/bin/colcon', 'build']
[1.544s] DEBUG:colcon:Parsed command line arguments: Namespace(allow_overriding=[], ament_cmake_args=None, base_paths=['.'], build_base='build', catkin_cmake_args=None, catkin_skip_building_tests=False, cmake_args=None, cmake_clean_cache=False, cmake_clean_first=False, cmake_force_configure=False, cmake_target=None, cmake_target_skip_unavailable=False, continue_on_error=False, event_handlers=None, executor='parallel', ignore_user_meta=False, install_base='install', log_base=None, log_level=None, main=<bound method BuildVerb.main of <colcon_core.verb.build.BuildVerb object at 0x7fb2ec2910>>, merge_install=False, metas=['./colcon.meta'], packages_above=None, packages_above_and_dependencies=None, packages_above_depth=None, packages_end=None, packages_ignore=None, packages_ignore_regex=None, packages_select=None, packages_select_build_failed=False, packages_select_by_dep=None, packages_select_regex=None, packages_select_test_failures=False, packages_skip=None, packages_skip_build_finished=False, packages_skip_by_dep=None, packages_skip_regex=None, packages_skip_test_passed=False, packages_skip_up_to=None, packages_start=None, packages_up_to=None, packages_up_to_regex=None, parallel_workers=4, paths=None, symlink_install=False, test_result_base=None, verb_extension=<colcon_core.verb.build.BuildVerb object at 0x7fb2ec2910>, verb_name='build', verb_parser=<colcon_defaults.argument_parser.defaults.DefaultArgumentsDecorator object at 0x7fb2ec2e80>)
[1.848s] Level 1:colcon.colcon_core.package_discovery:discover_packages(colcon_meta) check parameters
[1.849s] Level 1:colcon.colcon_core.package_discovery:discover_packages(recursive) check parameters
[1.849s] Level 1:colcon.colcon_core.package_discovery:discover_packages(ignore) check parameters
[1.849s] Level 1:colcon.colcon_core.package_discovery:discover_packages(path) check parameters
[1.850s] Level 1:colcon.colcon_core.package_discovery:discover_packages(colcon_meta) discover
[1.850s] Level 1:colcon.colcon_core.package_discovery:discover_packages(recursive) discover
[1.851s] INFO:colcon.colcon_core.package_discovery:Crawling recursively for packages in '/home/r1mini/sungsik_ws'
[1.851s] Level 1:colcon.colcon_core.package_identification:_identify(.) by extensions ['ignore', 'ignore_ament_install']
[1.852s] Level 1:colcon.colcon_core.package_identification:_identify(.) by extension 'ignore'
[1.852s] Level 1:colcon.colcon_core.package_identification:_identify(.) by extension 'ignore_ament_install'
[1.853s] Level 1:colcon.colcon_core.package_identification:_identify(.) by extensions ['colcon_pkg']
[1.853s] Level 1:colcon.colcon_core.package_identification:_identify(.) by extension 'colcon_pkg'
[1.853s] Level 1:colcon.colcon_core.package_identification:_identify(.) by extensions ['colcon_meta']
[1.853s] Level 1:colcon.colcon_core.package_identification:_identify(.) by extension 'colcon_meta'
[1.854s] Level 1:colcon.colcon_core.package_identification:_identify(.) by extensions ['ros']
[1.854s] Level 1:colcon.colcon_core.package_identification:_identify(.) by extension 'ros'
[1.973s] Level 1:colcon.colcon_core.package_identification:_identify(.) by extensions ['cmake', 'python']
[1.974s] Level 1:colcon.colcon_core.package_identification:_identify(.) by extension 'cmake'
[1.975s] Level 1:colcon.colcon_core.package_identification:_identify(.) by extension 'python'
[1.975s] Level 1:colcon.colcon_core.package_identification:_identify(.) by extensions ['python_setup_py']
[1.975s] Level 1:colcon.colcon_core.package_identification:_identify(.) by extension 'python_setup_py'
[1.976s] Level 1:colcon.colcon_core.package_identification:_identify(build) by extensions ['ignore', 'ignore_ament_install']
[1.977s] Level 1:colcon.colcon_core.package_identification:_identify(build) by extension 'ignore'
[1.978s] Level 1:colcon.colcon_core.package_identification:_identify(build) ignored
[1.979s] Level 1:colcon.colcon_core.package_identification:_identify(install) by extensions ['ignore', 'ignore_ament_install']
[1.980s] Level 1:colcon.colcon_core.package_identification:_identify(install) by extension 'ignore'
[1.980s] Level 1:colcon.colcon_core.package_identification:_identify(install) ignored
[1.981s] Level 1:colcon.colcon_core.package_identification:_identify(log) by extensions ['ignore', 'ignore_ament_install']
[1.982s] Level 1:colcon.colcon_core.package_identification:_identify(log) by extension 'ignore'
[1.982s] Level 1:colcon.colcon_core.package_identification:_identify(log) ignored
[1.983s] Level 1:colcon.colcon_core.package_identification:_identify(src) by extensions ['ignore', 'ignore_ament_install']
[1.983s] Level 1:colcon.colcon_core.package_identification:_identify(src) by extension 'ignore'
[1.984s] Level 1:colcon.colcon_core.package_identification:_identify(src) by extension 'ignore_ament_install'
[1.984s] Level 1:colcon.colcon_core.package_identification:_identify(src) by extensions ['colcon_pkg']
[1.984s] Level 1:colcon.colcon_core.package_identification:_identify(src) by extension 'colcon_pkg'
[1.985s] Level 1:colcon.colcon_core.package_identification:_identify(src) by extensions ['colcon_meta']
[1.985s] Level 1:colcon.colcon_core.package_identification:_identify(src) by extension 'colcon_meta'
[1.985s] Level 1:colcon.colcon_core.package_identification:_identify(src) by extensions ['ros']
[1.985s] Level 1:colcon.colcon_core.package_identification:_identify(src) by extension 'ros'
[1.986s] Level 1:colcon.colcon_core.package_identification:_identify(src) by extensions ['cmake', 'python']
[1.986s] Level 1:colcon.colcon_core.package_identification:_identify(src) by extension 'cmake'
[1.986s] Level 1:colcon.colcon_core.package_identification:_identify(src) by extension 'python'
[1.987s] Level 1:colcon.colcon_core.package_identification:_identify(src) by extensions ['python_setup_py']
[1.987s] Level 1:colcon.colcon_core.package_identification:_identify(src) by extension 'python_setup_py'
[1.988s] Level 1:colcon.colcon_core.package_identification:_identify(src/hrdp_beta) by extensions ['ignore', 'ignore_ament_install']
[1.989s] Level 1:colcon.colcon_core.package_identification:_identify(src/hrdp_beta) by extension 'ignore'
[1.989s] Level 1:colcon.colcon_core.package_identification:_identify(src/hrdp_beta) by extension 'ignore_ament_install'
[1.990s] Level 1:colcon.colcon_core.package_identification:_identify(src/hrdp_beta) by extensions ['colcon_pkg']
[1.990s] Level 1:colcon.colcon_core.package_identification:_identify(src/hrdp_beta) by extension 'colcon_pkg'
[1.991s] Level 1:colcon.colcon_core.package_identification:_identify(src/hrdp_beta) by extensions ['colcon_meta']
[1.991s] Level 1:colcon.colcon_core.package_identification:_identify(src/hrdp_beta) by extension 'colcon_meta'
[1.991s] Level 1:colcon.colcon_core.package_identification:_identify(src/hrdp_beta) by extensions ['ros']
[1.992s] Level 1:colcon.colcon_core.package_identification:_identify(src/hrdp_beta) by extension 'ros'
[2.022s] DEBUG:colcon.colcon_core.package_identification:Package 'src/hrdp_beta' with type 'ros.ament_cmake' and name 'hrdp_beta'
[2.024s] Level 1:colcon.colcon_core.package_identification:_identify(src/hrdp_beta_actions) by extensions ['ignore', 'ignore_ament_install']
[2.025s] Level 1:colcon.colcon_core.package_identification:_identify(src/hrdp_beta_actions) by extension 'ignore'
[2.025s] Level 1:colcon.colcon_core.package_identification:_identify(src/hrdp_beta_actions) by extension 'ignore_ament_install'
[2.026s] Level 1:colcon.colcon_core.package_identification:_identify(src/hrdp_beta_actions) by extensions ['colcon_pkg']
[2.026s] Level 1:colcon.colcon_core.package_identification:_identify(src/hrdp_beta_actions) by extension 'colcon_pkg'
[2.027s] Level 1:colcon.colcon_core.package_identification:_identify(src/hrdp_beta_actions) by extensions ['colcon_meta']
[2.027s] Level 1:colcon.colcon_core.package_identification:_identify(src/hrdp_beta_actions) by extension 'colcon_meta'
[2.027s] Level 1:colcon.colcon_core.package_identification:_identify(src/hrdp_beta_actions) by extensions ['ros']
[2.028s] Level 1:colcon.colcon_core.package_identification:_identify(src/hrdp_beta_actions) by extension 'ros'
[2.037s] DEBUG:colcon.colcon_core.package_identification:Package 'src/hrdp_beta_actions' with type 'ros.ament_cmake' and name 'hrdp_beta_actions'
[2.038s] Level 1:colcon.colcon_core.package_discovery:discover_packages(recursive) using defaults
[2.038s] Level 1:colcon.colcon_core.package_discovery:discover_packages(ignore) discover
[2.039s] Level 1:colcon.colcon_core.package_discovery:discover_packages(ignore) using defaults
[2.039s] Level 1:colcon.colcon_core.package_discovery:discover_packages(path) discover
[2.040s] Level 1:colcon.colcon_core.package_discovery:discover_packages(path) using defaults
[2.483s] Level 1:colcon.colcon_core.package_discovery:discover_packages(prefix_path) check parameters
[2.484s] Level 1:colcon.colcon_core.package_discovery:discover_packages(prefix_path) discover
[2.518s] DEBUG:colcon.colcon_installed_package_information.package_discovery:Found 9 installed packages in /home/r1mini/ros2_ws/install
[2.533s] DEBUG:colcon.colcon_installed_package_information.package_discovery:Found 270 installed packages in /opt/ros/foxy
[2.543s] Level 1:colcon.colcon_core.package_discovery:discover_packages(prefix_path) using defaults
[3.729s] Level 5:colcon.colcon_core.verb:set package 'hrdp_beta' build argument 'cmake_args' from command line to 'None'
[3.730s] Level 5:colcon.colcon_core.verb:set package 'hrdp_beta' build argument 'cmake_target' from command line to 'None'
[3.731s] Level 5:colcon.colcon_core.verb:set package 'hrdp_beta' build argument 'cmake_target_skip_unavailable' from command line to 'False'
[3.731s] Level 5:colcon.colcon_core.verb:set package 'hrdp_beta' build argument 'cmake_clean_cache' from command line to 'False'
[3.731s] Level 5:colcon.colcon_core.verb:set package 'hrdp_beta' build argument 'cmake_clean_first' from command line to 'False'
[3.732s] Level 5:colcon.colcon_core.verb:set package 'hrdp_beta' build argument 'cmake_force_configure' from command line to 'False'
[3.732s] Level 5:colcon.colcon_core.verb:set package 'hrdp_beta' build argument 'ament_cmake_args' from command line to 'None'
[3.732s] Level 5:colcon.colcon_core.verb:set package 'hrdp_beta' build argument 'catkin_cmake_args' from command line to 'None'
[3.732s] Level 5:colcon.colcon_core.verb:set package 'hrdp_beta' build argument 'catkin_skip_building_tests' from command line to 'False'
[3.733s] DEBUG:colcon.colcon_core.verb:Building package 'hrdp_beta' with the following arguments: {'ament_cmake_args': None, 'build_base': '/home/r1mini/sungsik_ws/build/hrdp_beta', 'catkin_cmake_args': None, 'catkin_skip_building_tests': False, 'cmake_args': None, 'cmake_clean_cache': False, 'cmake_clean_first': False, 'cmake_force_configure': False, 'cmake_target': None, 'cmake_target_skip_unavailable': False, 'install_base': '/home/r1mini/sungsik_ws/install/hrdp_beta', 'merge_install': False, 'path': '/home/r1mini/sungsik_ws/src/hrdp_beta', 'symlink_install': False, 'test_result_base': None}
[3.744s] Level 5:colcon.colcon_core.verb:set package 'hrdp_beta_actions' build argument 'cmake_args' from command line to 'None'
[3.745s] Level 5:colcon.colcon_core.verb:set package 'hrdp_beta_actions' build argument 'cmake_target' from command line to 'None'
[3.745s] Level 5:colcon.colcon_core.verb:set package 'hrdp_beta_actions' build argument 'cmake_target_skip_unavailable' from command line to 'False'
[3.745s] Level 5:colcon.colcon_core.verb:set package 'hrdp_beta_actions' build argument 'cmake_clean_cache' from command line to 'False'
[3.746s] Level 5:colcon.colcon_core.verb:set package 'hrdp_beta_actions' build argument 'cmake_clean_first' from command line to 'False'
[3.746s] Level 5:colcon.colcon_core.verb:set package 'hrdp_beta_actions' build argument 'cmake_force_configure' from command line to 'False'
[3.746s] Level 5:colcon.colcon_core.verb:set package 'hrdp_beta_actions' build argument 'ament_cmake_args' from command line to 'None'
[3.747s] Level 5:colcon.colcon_core.verb:set package 'hrdp_beta_actions' build argument 'catkin_cmake_args' from command line to 'None'
[3.747s] Level 5:colcon.colcon_core.verb:set package 'hrdp_beta_actions' build argument 'catkin_skip_building_tests' from command line to 'False'
[3.748s] DEBUG:colcon.colcon_core.verb:Building package 'hrdp_beta_actions' with the following arguments: {'ament_cmake_args': None, 'build_base': '/home/r1mini/sungsik_ws/build/hrdp_beta_actions', 'catkin_cmake_args': None, 'catkin_skip_building_tests': False, 'cmake_args': None, 'cmake_clean_cache': False, 'cmake_clean_first': False, 'cmake_force_configure': False, 'cmake_target': None, 'cmake_target_skip_unavailable': False, 'install_base': '/home/r1mini/sungsik_ws/install/hrdp_beta_actions', 'merge_install': False, 'path': '/home/r1mini/sungsik_ws/src/hrdp_beta_actions', 'symlink_install': False, 'test_result_base': None}
[3.756s] INFO:colcon.colcon_core.executor:Executing jobs using 'parallel' executor
[3.803s] DEBUG:colcon.colcon_parallel_executor.executor.parallel:run_until_complete
[3.806s] INFO:colcon.colcon_ros.task.ament_cmake.build:Building ROS package in '/home/r1mini/sungsik_ws/src/hrdp_beta' with build type 'ament_cmake'
[3.808s] INFO:colcon.colcon_cmake.task.cmake.build:Building CMake package in '/home/r1mini/sungsik_ws/src/hrdp_beta'
[4.006s] INFO:colcon.colcon_core.plugin_system:Skipping extension 'colcon_core.shell.bat': Not used on non-Windows systems
[4.009s] INFO:colcon.colcon_core.shell:Skip shell extension 'powershell' for command environment: Not usable outside of PowerShell
[4.011s] DEBUG:colcon.colcon_core.shell:Skip shell extension 'dsv' for command environment
[4.217s] INFO:colcon.colcon_ros.task.ament_cmake.build:Building ROS package in '/home/r1mini/sungsik_ws/src/hrdp_beta_actions' with build type 'ament_cmake'
[4.220s] INFO:colcon.colcon_cmake.task.cmake.build:Building CMake package in '/home/r1mini/sungsik_ws/src/hrdp_beta_actions'
[4.332s] INFO:colcon.colcon_core.shell:Skip shell extension 'powershell' for command environment: Not usable outside of PowerShell
[4.342s] DEBUG:colcon.colcon_core.shell:Skip shell extension 'dsv' for command environment
[4.587s] DEBUG:colcon.colcon_core.event_handler.log_command:Invoking command in '/home/r1mini/sungsik_ws/build/hrdp_beta': CMAKE_PREFIX_PATH=${CMAKE_PREFIX_PATH}:/home/r1mini/ros2_ws/install/omo_r1mini_teleop:/home/r1mini/ros2_ws/install/omo_r1mini_bringup:/opt/ros/foxy /usr/bin/cmake --build /home/r1mini/sungsik_ws/build/hrdp_beta -- -j4 -l4
[4.777s] DEBUG:colcon.colcon_core.event_handler.log_command:Invoking command in '/home/r1mini/sungsik_ws/build/hrdp_beta_actions': CMAKE_PREFIX_PATH=${CMAKE_PREFIX_PATH}:/home/r1mini/ros2_ws/install/omo_r1mini_teleop:/home/r1mini/ros2_ws/install/omo_r1mini_bringup:/opt/ros/foxy /usr/bin/cmake --build /home/r1mini/sungsik_ws/build/hrdp_beta_actions -- -j4 -l4
[5.630s] DEBUG:colcon.colcon_core.event_handler.log_command:Invoked command in '/home/r1mini/sungsik_ws/build/hrdp_beta' returned '0': CMAKE_PREFIX_PATH=${CMAKE_PREFIX_PATH}:/home/r1mini/ros2_ws/install/omo_r1mini_teleop:/home/r1mini/ros2_ws/install/omo_r1mini_bringup:/opt/ros/foxy /usr/bin/cmake --build /home/r1mini/sungsik_ws/build/hrdp_beta -- -j4 -l4
[6.214s] DEBUG:colcon.colcon_core.event_handler.log_command:Invoking command in '/home/r1mini/sungsik_ws/build/hrdp_beta': CMAKE_PREFIX_PATH=${CMAKE_PREFIX_PATH}:/home/r1mini/ros2_ws/install/omo_r1mini_teleop:/home/r1mini/ros2_ws/install/omo_r1mini_bringup:/opt/ros/foxy /usr/bin/cmake --install /home/r1mini/sungsik_ws/build/hrdp_beta
[6.480s] Level 1:colcon.colcon_core.environment:create_environment_scripts_only(hrdp_beta)
[6.501s] DEBUG:colcon.colcon_core.event_handler.log_command:Invoked command in '/home/r1mini/sungsik_ws/build/hrdp_beta' returned '0': CMAKE_PREFIX_PATH=${CMAKE_PREFIX_PATH}:/home/r1mini/ros2_ws/install/omo_r1mini_teleop:/home/r1mini/ros2_ws/install/omo_r1mini_bringup:/opt/ros/foxy /usr/bin/cmake --install /home/r1mini/sungsik_ws/build/hrdp_beta
[6.694s] Level 1:colcon.colcon_core.environment:checking '/home/r1mini/sungsik_ws/install/hrdp_beta' for CMake module files
[6.710s] Level 1:colcon.colcon_core.environment:checking '/home/r1mini/sungsik_ws/install/hrdp_beta' for CMake config files
[6.713s] Level 1:colcon.colcon_core.shell:create_environment_hook('hrdp_beta', 'cmake_prefix_path')
[6.737s] INFO:colcon.colcon_core.shell:Creating environment hook '/home/r1mini/sungsik_ws/install/hrdp_beta/share/hrdp_beta/hook/cmake_prefix_path.ps1'
[6.746s] INFO:colcon.colcon_core.shell:Creating environment descriptor '/home/r1mini/sungsik_ws/install/hrdp_beta/share/hrdp_beta/hook/cmake_prefix_path.dsv'
[6.756s] INFO:colcon.colcon_core.shell:Creating environment hook '/home/r1mini/sungsik_ws/install/hrdp_beta/share/hrdp_beta/hook/cmake_prefix_path.sh'
[6.770s] Level 1:colcon.colcon_core.environment:checking '/home/r1mini/sungsik_ws/install/hrdp_beta/bin'
[6.772s] Level 1:colcon.colcon_core.environment:checking '/home/r1mini/sungsik_ws/install/hrdp_beta/lib/pkgconfig/hrdp_beta.pc'
[6.778s] Level 1:colcon.colcon_core.environment:checking '/home/r1mini/sungsik_ws/install/hrdp_beta/lib/python3.8/site-packages'
[6.781s] Level 1:colcon.colcon_core.environment:checking '/home/r1mini/sungsik_ws/install/hrdp_beta/bin'
[6.805s] INFO:colcon.colcon_core.shell:Creating package script '/home/r1mini/sungsik_ws/install/hrdp_beta/share/hrdp_beta/package.ps1'
[6.821s] INFO:colcon.colcon_core.shell:Creating package descriptor '/home/r1mini/sungsik_ws/install/hrdp_beta/share/hrdp_beta/package.dsv'
[6.832s] INFO:colcon.colcon_core.shell:Creating package script '/home/r1mini/sungsik_ws/install/hrdp_beta/share/hrdp_beta/package.sh'
[6.850s] INFO:colcon.colcon_core.shell:Creating package script '/home/r1mini/sungsik_ws/install/hrdp_beta/share/hrdp_beta/package.bash'
[6.861s] INFO:colcon.colcon_core.shell:Creating package script '/home/r1mini/sungsik_ws/install/hrdp_beta/share/hrdp_beta/package.zsh'
[6.873s] Level 1:colcon.colcon_core.environment:create_file_with_runtime_dependencies(/home/r1mini/sungsik_ws/install/hrdp_beta/share/colcon-core/packages/hrdp_beta)
[7.166s] Level 1:colcon.colcon_core.environment:create_environment_scripts_only(hrdp_beta)
[7.206s] Level 1:colcon.colcon_core.environment:checking '/home/r1mini/sungsik_ws/install/hrdp_beta' for CMake module files
[7.212s] Level 1:colcon.colcon_core.environment:checking '/home/r1mini/sungsik_ws/install/hrdp_beta' for CMake config files
[7.215s] Level 1:colcon.colcon_core.shell:create_environment_hook('hrdp_beta', 'cmake_prefix_path')
[7.233s] INFO:colcon.colcon_core.shell:Creating environment hook '/home/r1mini/sungsik_ws/install/hrdp_beta/share/hrdp_beta/hook/cmake_prefix_path.ps1'
[7.240s] INFO:colcon.colcon_core.shell:Creating environment descriptor '/home/r1mini/sungsik_ws/install/hrdp_beta/share/hrdp_beta/hook/cmake_prefix_path.dsv'
[7.248s] INFO:colcon.colcon_core.shell:Creating environment hook '/home/r1mini/sungsik_ws/install/hrdp_beta/share/hrdp_beta/hook/cmake_prefix_path.sh'
[7.257s] Level 1:colcon.colcon_core.environment:checking '/home/r1mini/sungsik_ws/install/hrdp_beta/bin'
[7.258s] Level 1:colcon.colcon_core.environment:checking '/home/r1mini/sungsik_ws/install/hrdp_beta/lib/pkgconfig/hrdp_beta.pc'
[7.261s] Level 1:colcon.colcon_core.environment:checking '/home/r1mini/sungsik_ws/install/hrdp_beta/lib/python3.8/site-packages'
[7.264s] Level 1:colcon.colcon_core.environment:checking '/home/r1mini/sungsik_ws/install/hrdp_beta/bin'
[7.286s] INFO:colcon.colcon_core.shell:Creating package script '/home/r1mini/sungsik_ws/install/hrdp_beta/share/hrdp_beta/package.ps1'
[7.302s] INFO:colcon.colcon_core.shell:Creating package descriptor '/home/r1mini/sungsik_ws/install/hrdp_beta/share/hrdp_beta/package.dsv'
[7.313s] INFO:colcon.colcon_core.shell:Creating package script '/home/r1mini/sungsik_ws/install/hrdp_beta/share/hrdp_beta/package.sh'
[7.320s] INFO:colcon.colcon_core.shell:Creating package script '/home/r1mini/sungsik_ws/install/hrdp_beta/share/hrdp_beta/package.bash'
[7.327s] INFO:colcon.colcon_core.shell:Creating package script '/home/r1mini/sungsik_ws/install/hrdp_beta/share/hrdp_beta/package.zsh'
[7.334s] Level 1:colcon.colcon_core.environment:create_file_with_runtime_dependencies(/home/r1mini/sungsik_ws/install/hrdp_beta/share/colcon-core/packages/hrdp_beta)
[8.682s] DEBUG:colcon.colcon_core.event_handler.log_command:Invoked command in '/home/r1mini/sungsik_ws/build/hrdp_beta_actions' returned '0': CMAKE_PREFIX_PATH=${CMAKE_PREFIX_PATH}:/home/r1mini/ros2_ws/install/omo_r1mini_teleop:/home/r1mini/ros2_ws/install/omo_r1mini_bringup:/opt/ros/foxy /usr/bin/cmake --build /home/r1mini/sungsik_ws/build/hrdp_beta_actions -- -j4 -l4
[9.212s] DEBUG:colcon.colcon_core.event_handler.log_command:Invoking command in '/home/r1mini/sungsik_ws/build/hrdp_beta_actions': CMAKE_PREFIX_PATH=${CMAKE_PREFIX_PATH}:/home/r1mini/ros2_ws/install/omo_r1mini_teleop:/home/r1mini/ros2_ws/install/omo_r1mini_bringup:/opt/ros/foxy /usr/bin/cmake --install /home/r1mini/sungsik_ws/build/hrdp_beta_actions
[10.088s] Level 1:colcon.colcon_core.environment:create_environment_scripts_only(hrdp_beta_actions)
[10.128s] Level 1:colcon.colcon_core.environment:checking '/home/r1mini/sungsik_ws/install/hrdp_beta_actions' for CMake module files
[10.148s] DEBUG:colcon.colcon_core.event_handler.log_command:Invoked command in '/home/r1mini/sungsik_ws/build/hrdp_beta_actions' returned '0': CMAKE_PREFIX_PATH=${CMAKE_PREFIX_PATH}:/home/r1mini/ros2_ws/install/omo_r1mini_teleop:/home/r1mini/ros2_ws/install/omo_r1mini_bringup:/opt/ros/foxy /usr/bin/cmake --install /home/r1mini/sungsik_ws/build/hrdp_beta_actions
[10.150s] Level 1:colcon.colcon_core.environment:checking '/home/r1mini/sungsik_ws/install/hrdp_beta_actions' for CMake config files
[10.181s] Level 1:colcon.colcon_core.shell:create_environment_hook('hrdp_beta_actions', 'cmake_prefix_path')
[10.203s] INFO:colcon.colcon_core.shell:Creating environment hook '/home/r1mini/sungsik_ws/install/hrdp_beta_actions/share/hrdp_beta_actions/hook/cmake_prefix_path.ps1'
[10.211s] INFO:colcon.colcon_core.shell:Creating environment descriptor '/home/r1mini/sungsik_ws/install/hrdp_beta_actions/share/hrdp_beta_actions/hook/cmake_prefix_path.dsv'
[10.218s] INFO:colcon.colcon_core.shell:Creating environment hook '/home/r1mini/sungsik_ws/install/hrdp_beta_actions/share/hrdp_beta_actions/hook/cmake_prefix_path.sh'
[10.231s] Level 1:colcon.colcon_core.environment:checking '/home/r1mini/sungsik_ws/install/hrdp_beta_actions/lib'
[10.234s] Level 1:colcon.colcon_core.shell:create_environment_hook('hrdp_beta_actions', 'ld_library_path_lib')
[10.254s] INFO:colcon.colcon_core.shell:Creating environment hook '/home/r1mini/sungsik_ws/install/hrdp_beta_actions/share/hrdp_beta_actions/hook/ld_library_path_lib.ps1'
[10.267s] INFO:colcon.colcon_core.shell:Creating environment descriptor '/home/r1mini/sungsik_ws/install/hrdp_beta_actions/share/hrdp_beta_actions/hook/ld_library_path_lib.dsv'
[10.280s] INFO:colcon.colcon_core.shell:Creating environment hook '/home/r1mini/sungsik_ws/install/hrdp_beta_actions/share/hrdp_beta_actions/hook/ld_library_path_lib.sh'
[10.292s] Level 1:colcon.colcon_core.environment:checking '/home/r1mini/sungsik_ws/install/hrdp_beta_actions/bin'
[10.294s] Level 1:colcon.colcon_core.environment:checking '/home/r1mini/sungsik_ws/install/hrdp_beta_actions/lib/pkgconfig/hrdp_beta_actions.pc'
[10.297s] Level 1:colcon.colcon_core.environment:checking '/home/r1mini/sungsik_ws/install/hrdp_beta_actions/lib/python3.8/site-packages'
[10.298s] Level 1:colcon.colcon_core.shell:create_environment_hook('hrdp_beta_actions', 'pythonpath')
[10.317s] INFO:colcon.colcon_core.shell:Creating environment hook '/home/r1mini/sungsik_ws/install/hrdp_beta_actions/share/hrdp_beta_actions/hook/pythonpath.ps1'
[10.324s] INFO:colcon.colcon_core.shell:Creating environment descriptor '/home/r1mini/sungsik_ws/install/hrdp_beta_actions/share/hrdp_beta_actions/hook/pythonpath.dsv'
[10.330s] INFO:colcon.colcon_core.shell:Creating environment hook '/home/r1mini/sungsik_ws/install/hrdp_beta_actions/share/hrdp_beta_actions/hook/pythonpath.sh'
[10.338s] Level 1:colcon.colcon_core.environment:checking '/home/r1mini/sungsik_ws/install/hrdp_beta_actions/bin'
[10.356s] INFO:colcon.colcon_core.shell:Creating package script '/home/r1mini/sungsik_ws/install/hrdp_beta_actions/share/hrdp_beta_actions/package.ps1'
[10.366s] INFO:colcon.colcon_core.shell:Creating package descriptor '/home/r1mini/sungsik_ws/install/hrdp_beta_actions/share/hrdp_beta_actions/package.dsv'
[10.377s] INFO:colcon.colcon_core.shell:Creating package script '/home/r1mini/sungsik_ws/install/hrdp_beta_actions/share/hrdp_beta_actions/package.sh'
[10.394s] INFO:colcon.colcon_core.shell:Creating package script '/home/r1mini/sungsik_ws/install/hrdp_beta_actions/share/hrdp_beta_actions/package.bash'
[10.402s] INFO:colcon.colcon_core.shell:Creating package script '/home/r1mini/sungsik_ws/install/hrdp_beta_actions/share/hrdp_beta_actions/package.zsh'
[10.408s] Level 1:colcon.colcon_core.environment:create_file_with_runtime_dependencies(/home/r1mini/sungsik_ws/install/hrdp_beta_actions/share/colcon-core/packages/hrdp_beta_actions)
[11.301s] Level 1:colcon.colcon_core.environment:create_environment_scripts_only(hrdp_beta_actions)
[11.326s] Level 1:colcon.colcon_core.environment:checking '/home/r1mini/sungsik_ws/install/hrdp_beta_actions' for CMake module files
[11.331s] Level 1:colcon.colcon_core.environment:checking '/home/r1mini/sungsik_ws/install/hrdp_beta_actions' for CMake config files
[11.336s] Level 1:colcon.colcon_core.shell:create_environment_hook('hrdp_beta_actions', 'cmake_prefix_path')
[11.349s] INFO:colcon.colcon_core.shell:Creating environment hook '/home/r1mini/sungsik_ws/install/hrdp_beta_actions/share/hrdp_beta_actions/hook/cmake_prefix_path.ps1'
[11.355s] INFO:colcon.colcon_core.shell:Creating environment descriptor '/home/r1mini/sungsik_ws/install/hrdp_beta_actions/share/hrdp_beta_actions/hook/cmake_prefix_path.dsv'
[11.359s] INFO:colcon.colcon_core.shell:Creating environment hook '/home/r1mini/sungsik_ws/install/hrdp_beta_actions/share/hrdp_beta_actions/hook/cmake_prefix_path.sh'
[11.365s] Level 1:colcon.colcon_core.environment:checking '/home/r1mini/sungsik_ws/install/hrdp_beta_actions/lib'
[11.366s] Level 1:colcon.colcon_core.shell:create_environment_hook('hrdp_beta_actions', 'ld_library_path_lib')
[11.378s] INFO:colcon.colcon_core.shell:Creating environment hook '/home/r1mini/sungsik_ws/install/hrdp_beta_actions/share/hrdp_beta_actions/hook/ld_library_path_lib.ps1'
[11.385s] INFO:colcon.colcon_core.shell:Creating environment descriptor '/home/r1mini/sungsik_ws/install/hrdp_beta_actions/share/hrdp_beta_actions/hook/ld_library_path_lib.dsv'
[11.390s] INFO:colcon.colcon_core.shell:Creating environment hook '/home/r1mini/sungsik_ws/install/hrdp_beta_actions/share/hrdp_beta_actions/hook/ld_library_path_lib.sh'
[11.395s] Level 1:colcon.colcon_core.environment:checking '/home/r1mini/sungsik_ws/install/hrdp_beta_actions/bin'
[11.396s] Level 1:colcon.colcon_core.environment:checking '/home/r1mini/sungsik_ws/install/hrdp_beta_actions/lib/pkgconfig/hrdp_beta_actions.pc'
[11.398s] Level 1:colcon.colcon_core.environment:checking '/home/r1mini/sungsik_ws/install/hrdp_beta_actions/lib/python3.8/site-packages'
[11.399s] Level 1:colcon.colcon_core.shell:create_environment_hook('hrdp_beta_actions', 'pythonpath')
[11.414s] INFO:colcon.colcon_core.shell:Creating environment hook '/home/r1mini/sungsik_ws/install/hrdp_beta_actions/share/hrdp_beta_actions/hook/pythonpath.ps1'
[11.426s] INFO:colcon.colcon_core.shell:Creating environment descriptor '/home/r1mini/sungsik_ws/install/hrdp_beta_actions/share/hrdp_beta_actions/hook/pythonpath.dsv'
[11.436s] INFO:colcon.colcon_core.shell:Creating environment hook '/home/r1mini/sungsik_ws/install/hrdp_beta_actions/share/hrdp_beta_actions/hook/pythonpath.sh'
[11.443s] Level 1:colcon.colcon_core.environment:checking '/home/r1mini/sungsik_ws/install/hrdp_beta_actions/bin'
[11.459s] INFO:colcon.colcon_core.shell:Creating package script '/home/r1mini/sungsik_ws/install/hrdp_beta_actions/share/hrdp_beta_actions/package.ps1'
[11.468s] INFO:colcon.colcon_core.shell:Creating package descriptor '/home/r1mini/sungsik_ws/install/hrdp_beta_actions/share/hrdp_beta_actions/package.dsv'
[11.475s] INFO:colcon.colcon_core.shell:Creating package script '/home/r1mini/sungsik_ws/install/hrdp_beta_actions/share/hrdp_beta_actions/package.sh'
[11.482s] INFO:colcon.colcon_core.shell:Creating package script '/home/r1mini/sungsik_ws/install/hrdp_beta_actions/share/hrdp_beta_actions/package.bash'
[11.490s] INFO:colcon.colcon_core.shell:Creating package script '/home/r1mini/sungsik_ws/install/hrdp_beta_actions/share/hrdp_beta_actions/package.zsh'
[11.497s] Level 1:colcon.colcon_core.environment:create_file_with_runtime_dependencies(/home/r1mini/sungsik_ws/install/hrdp_beta_actions/share/colcon-core/packages/hrdp_beta_actions)
[11.502s] DEBUG:colcon.colcon_parallel_executor.executor.parallel:closing loop
[11.506s] DEBUG:colcon.colcon_parallel_executor.executor.parallel:loop closed
[11.507s] DEBUG:colcon.colcon_parallel_executor.executor.parallel:run_until_complete finished with '0'
[11.510s] DEBUG:colcon.colcon_core.event_reactor:joining thread
[11.766s] INFO:colcon.colcon_core.plugin_system:Skipping extension 'colcon_notification.desktop_notification.terminal_notifier': Not used on non-Darwin systems
[11.769s] INFO:colcon.colcon_core.plugin_system:Skipping extension 'colcon_notification.desktop_notification.win32': Not used on non-Windows systems
[11.770s] INFO:colcon.colcon_notification.desktop_notification:Sending desktop notification using 'notify2'
[12.209s] DEBUG:colcon.colcon_core.event_reactor:joined thread
[12.225s] INFO:colcon.colcon_core.shell:Creating prefix script '/home/r1mini/sungsik_ws/install/local_setup.ps1'
[12.243s] INFO:colcon.colcon_core.shell:Creating prefix util module '/home/r1mini/sungsik_ws/install/_local_setup_util_ps1.py'
[12.260s] INFO:colcon.colcon_core.shell:Creating prefix chain script '/home/r1mini/sungsik_ws/install/setup.ps1'
[12.286s] INFO:colcon.colcon_core.shell:Creating prefix script '/home/r1mini/sungsik_ws/install/local_setup.sh'
[12.294s] INFO:colcon.colcon_core.shell:Creating prefix util module '/home/r1mini/sungsik_ws/install/_local_setup_util_sh.py'
[12.299s] INFO:colcon.colcon_core.shell:Creating prefix chain script '/home/r1mini/sungsik_ws/install/setup.sh'
[12.317s] INFO:colcon.colcon_core.shell:Creating prefix script '/home/r1mini/sungsik_ws/install/local_setup.bash'
[12.339s] INFO:colcon.colcon_core.shell:Creating prefix chain script '/home/r1mini/sungsik_ws/install/setup.bash'
[12.355s] INFO:colcon.colcon_core.shell:Creating prefix script '/home/r1mini/sungsik_ws/install/local_setup.zsh'
[12.360s] INFO:colcon.colcon_core.shell:Creating prefix chain script '/home/r1mini/sungsik_ws/install/setup.zsh'
